[0.159s] Invoking command in '/home/sarah/sb_ros2_ws/src/build/my_cpp_py_pkg': CMAKE_PREFIX_PATH=/opt/ros/humble /usr/bin/cmake --build /home/sarah/sb_ros2_ws/src/build/my_cpp_py_pkg -- -j32 -l32
[0.502s] [100%] Built target cpp_executable
[0.505s] [100%] Built target ament_cmake_python_copy_my_cpp_py_pkg
[0.641s] running egg_info
[0.642s] writing my_cpp_py_pkg.egg-info/PKG-INFO
[0.642s] writing dependency_links to my_cpp_py_pkg.egg-info/dependency_links.txt
[0.642s] writing top-level names to my_cpp_py_pkg.egg-info/top_level.txt
[0.646s] reading manifest file 'my_cpp_py_pkg.egg-info/SOURCES.txt'
[0.648s] writing manifest file 'my_cpp_py_pkg.egg-info/SOURCES.txt'
[0.662s] [100%] Built target ament_cmake_python_build_my_cpp_py_pkg_egg
[0.669s] Invoked command in '/home/sarah/sb_ros2_ws/src/build/my_cpp_py_pkg' returned '0': CMAKE_PREFIX_PATH=/opt/ros/humble /usr/bin/cmake --build /home/sarah/sb_ros2_ws/src/build/my_cpp_py_pkg -- -j32 -l32
[0.677s] Invoking command in '/home/sarah/sb_ros2_ws/src/build/my_cpp_py_pkg': CMAKE_PREFIX_PATH=/opt/ros/humble /usr/bin/cmake --install /home/sarah/sb_ros2_ws/src/build/my_cpp_py_pkg
[0.684s] -- Install configuration: ""
[0.690s] -- Up-to-date: /home/sarah/sb_ros2_ws/src/install/my_cpp_py_pkg/lib/my_cpp_py_pkg/cpp_executable
[0.690s] -- Up-to-date: /home/sarah/sb_ros2_ws/src/install/my_cpp_py_pkg/share/my_cpp_py_pkg/environment/pythonpath.sh
[0.690s] -- Up-to-date: /home/sarah/sb_ros2_ws/src/install/my_cpp_py_pkg/share/my_cpp_py_pkg/environment/pythonpath.dsv
[0.690s] -- Up-to-date: /home/sarah/sb_ros2_ws/src/install/my_cpp_py_pkg/local/lib/python3.10/dist-packages/my_cpp_py_pkg-0.0.0-py3.10.egg-info
[0.690s] -- Installing: /home/sarah/sb_ros2_ws/src/install/my_cpp_py_pkg/local/lib/python3.10/dist-packages/my_cpp_py_pkg-0.0.0-py3.10.egg-info/SOURCES.txt
[0.690s] -- Installing: /home/sarah/sb_ros2_ws/src/install/my_cpp_py_pkg/local/lib/python3.10/dist-packages/my_cpp_py_pkg-0.0.0-py3.10.egg-info/top_level.txt
[0.690s] -- Installing: /home/sarah/sb_ros2_ws/src/install/my_cpp_py_pkg/local/lib/python3.10/dist-packages/my_cpp_py_pkg-0.0.0-py3.10.egg-info/PKG-INFO
[0.690s] -- Installing: /home/sarah/sb_ros2_ws/src/install/my_cpp_py_pkg/local/lib/python3.10/dist-packages/my_cpp_py_pkg-0.0.0-py3.10.egg-info/dependency_links.txt
[0.690s] -- Up-to-date: /home/sarah/sb_ros2_ws/src/install/my_cpp_py_pkg/local/lib/python3.10/dist-packages/my_cpp_py_pkg
[0.690s] -- Up-to-date: /home/sarah/sb_ros2_ws/src/install/my_cpp_py_pkg/local/lib/python3.10/dist-packages/my_cpp_py_pkg/module_to_import.py
[0.690s] -- Up-to-date: /home/sarah/sb_ros2_ws/src/install/my_cpp_py_pkg/local/lib/python3.10/dist-packages/my_cpp_py_pkg/__init__.py
[0.718s] Listing '/home/sarah/sb_ros2_ws/src/install/my_cpp_py_pkg/local/lib/python3.10/dist-packages/my_cpp_py_pkg'...
[0.720s] -- Up-to-date: /home/sarah/sb_ros2_ws/src/install/my_cpp_py_pkg/lib/my_cpp_py_pkg/py_node.py
[0.720s] -- Up-to-date: /home/sarah/sb_ros2_ws/src/install/my_cpp_py_pkg/share/ament_index/resource_index/package_run_dependencies/my_cpp_py_pkg
[0.720s] -- Up-to-date: /home/sarah/sb_ros2_ws/src/install/my_cpp_py_pkg/share/ament_index/resource_index/parent_prefix_path/my_cpp_py_pkg
[0.720s] -- Up-to-date: /home/sarah/sb_ros2_ws/src/install/my_cpp_py_pkg/share/my_cpp_py_pkg/environment/ament_prefix_path.sh
[0.720s] -- Up-to-date: /home/sarah/sb_ros2_ws/src/install/my_cpp_py_pkg/share/my_cpp_py_pkg/environment/ament_prefix_path.dsv
[0.720s] -- Up-to-date: /home/sarah/sb_ros2_ws/src/install/my_cpp_py_pkg/share/my_cpp_py_pkg/environment/path.sh
[0.720s] -- Up-to-date: /home/sarah/sb_ros2_ws/src/install/my_cpp_py_pkg/share/my_cpp_py_pkg/environment/path.dsv
[0.720s] -- Up-to-date: /home/sarah/sb_ros2_ws/src/install/my_cpp_py_pkg/share/my_cpp_py_pkg/local_setup.bash
[0.720s] -- Up-to-date: /home/sarah/sb_ros2_ws/src/install/my_cpp_py_pkg/share/my_cpp_py_pkg/local_setup.sh
[0.720s] -- Up-to-date: /home/sarah/sb_ros2_ws/src/install/my_cpp_py_pkg/share/my_cpp_py_pkg/local_setup.zsh
[0.720s] -- Up-to-date: /home/sarah/sb_ros2_ws/src/install/my_cpp_py_pkg/share/my_cpp_py_pkg/local_setup.dsv
[0.720s] -- Installing: /home/sarah/sb_ros2_ws/src/install/my_cpp_py_pkg/share/my_cpp_py_pkg/package.dsv
[0.721s] -- Up-to-date: /home/sarah/sb_ros2_ws/src/install/my_cpp_py_pkg/share/ament_index/resource_index/packages/my_cpp_py_pkg
[0.721s] -- Up-to-date: /home/sarah/sb_ros2_ws/src/install/my_cpp_py_pkg/share/my_cpp_py_pkg/cmake/my_cpp_py_pkgConfig.cmake
[0.721s] -- Up-to-date: /home/sarah/sb_ros2_ws/src/install/my_cpp_py_pkg/share/my_cpp_py_pkg/cmake/my_cpp_py_pkgConfig-version.cmake
[0.721s] -- Up-to-date: /home/sarah/sb_ros2_ws/src/install/my_cpp_py_pkg/share/my_cpp_py_pkg/package.xml
[0.722s] Invoked command in '/home/sarah/sb_ros2_ws/src/build/my_cpp_py_pkg' returned '0': CMAKE_PREFIX_PATH=/opt/ros/humble /usr/bin/cmake --install /home/sarah/sb_ros2_ws/src/build/my_cpp_py_pkg
