[0.054s] DEBUG:colcon:Command line arguments: ['/usr/bin/colcon', 'build']
[0.054s] DEBUG:colcon:Parsed command line arguments: Namespace(log_base=None, log_level=None, verb_name='build', build_base='build', install_base='install', merge_install=False, symlink_install=False, test_result_base=None, continue_on_error=False, executor='parallel', parallel_workers=32, event_handlers=None, ignore_user_meta=False, metas=['./colcon.meta'], base_paths=['.'], packages_ignore=None, packages_ignore_regex=None, paths=None, packages_up_to=None, packages_up_to_regex=None, packages_above=None, packages_above_and_dependencies=None, packages_above_depth=None, packages_select_by_dep=None, packages_skip_by_dep=None, packages_skip_up_to=None, packages_select_build_failed=False, packages_skip_build_finished=False, packages_select_test_failures=False, packages_skip_test_passed=False, packages_select=None, packages_skip=None, packages_select_regex=None, packages_skip_regex=None, packages_start=None, packages_end=None, allow_overriding=[], cmake_args=None, cmake_target=None, cmake_target_skip_unavailable=False, cmake_clean_cache=False, cmake_clean_first=False, cmake_force_configure=False, ament_cmake_args=None, catkin_cmake_args=None, catkin_skip_building_tests=False, mixin_files=None, mixin=None, verb_parser=<colcon_mixin.mixin.mixin_argument.MixinArgumentDecorator object at 0x7178af2829e0>, verb_extension=<colcon_core.verb.build.BuildVerb object at 0x7178af3c8370>, main=<bound method BuildVerb.main of <colcon_core.verb.build.BuildVerb object at 0x7178af3c8370>>, mixin_verb=('build',))
[0.141s] Level 1:colcon.colcon_core.package_discovery:discover_packages(colcon_meta) check parameters
[0.141s] Level 1:colcon.colcon_core.package_discovery:discover_packages(recursive) check parameters
[0.141s] Level 1:colcon.colcon_core.package_discovery:discover_packages(ignore) check parameters
[0.141s] Level 1:colcon.colcon_core.package_discovery:discover_packages(path) check parameters
[0.141s] Level 1:colcon.colcon_core.package_discovery:discover_packages(colcon_meta) discover
[0.141s] Level 1:colcon.colcon_core.package_discovery:discover_packages(recursive) discover
[0.141s] INFO:colcon.colcon_core.package_discovery:Crawling recursively for packages in '/home/sarah/sb_ros2_ws/src'
[0.141s] Level 1:colcon.colcon_core.package_identification:_identify(.) by extensions ['ignore', 'ignore_ament_install']
[0.141s] Level 1:colcon.colcon_core.package_identification:_identify(.) by extension 'ignore'
[0.141s] Level 1:colcon.colcon_core.package_identification:_identify(.) by extension 'ignore_ament_install'
[0.141s] Level 1:colcon.colcon_core.package_identification:_identify(.) by extensions ['colcon_pkg']
[0.141s] Level 1:colcon.colcon_core.package_identification:_identify(.) by extension 'colcon_pkg'
[0.141s] Level 1:colcon.colcon_core.package_identification:_identify(.) by extensions ['colcon_meta']
[0.141s] Level 1:colcon.colcon_core.package_identification:_identify(.) by extension 'colcon_meta'
[0.141s] Level 1:colcon.colcon_core.package_identification:_identify(.) by extensions ['ros']
[0.141s] Level 1:colcon.colcon_core.package_identification:_identify(.) by extension 'ros'
[0.147s] Level 1:colcon.colcon_core.package_identification:_identify(.) by extensions ['cmake', 'python']
[0.147s] Level 1:colcon.colcon_core.package_identification:_identify(.) by extension 'cmake'
[0.147s] Level 1:colcon.colcon_core.package_identification:_identify(.) by extension 'python'
[0.147s] Level 1:colcon.colcon_core.package_identification:_identify(.) by extensions ['python_setup_py']
[0.147s] Level 1:colcon.colcon_core.package_identification:_identify(.) by extension 'python_setup_py'
[0.147s] Level 1:colcon.colcon_core.package_identification:_identify(action_interfaces) by extensions ['ignore', 'ignore_ament_install']
[0.147s] Level 1:colcon.colcon_core.package_identification:_identify(action_interfaces) by extension 'ignore'
[0.147s] Level 1:colcon.colcon_core.package_identification:_identify(action_interfaces) by extension 'ignore_ament_install'
[0.147s] Level 1:colcon.colcon_core.package_identification:_identify(action_interfaces) by extensions ['colcon_pkg']
[0.147s] Level 1:colcon.colcon_core.package_identification:_identify(action_interfaces) by extension 'colcon_pkg'
[0.147s] Level 1:colcon.colcon_core.package_identification:_identify(action_interfaces) by extensions ['colcon_meta']
[0.147s] Level 1:colcon.colcon_core.package_identification:_identify(action_interfaces) by extension 'colcon_meta'
[0.147s] Level 1:colcon.colcon_core.package_identification:_identify(action_interfaces) by extensions ['ros']
[0.147s] Level 1:colcon.colcon_core.package_identification:_identify(action_interfaces) by extension 'ros'
[0.148s] DEBUG:colcon.colcon_core.package_identification:Package 'action_interfaces' with type 'ros.ament_cmake' and name 'action_interfaces'
[0.149s] Level 1:colcon.colcon_core.package_identification:_identify(build) by extensions ['ignore', 'ignore_ament_install']
[0.149s] Level 1:colcon.colcon_core.package_identification:_identify(build) by extension 'ignore'
[0.149s] Level 1:colcon.colcon_core.package_identification:_identify(build) ignored
[0.149s] Level 1:colcon.colcon_core.package_identification:_identify(install) by extensions ['ignore', 'ignore_ament_install']
[0.149s] Level 1:colcon.colcon_core.package_identification:_identify(install) by extension 'ignore'
[0.149s] Level 1:colcon.colcon_core.package_identification:_identify(install) ignored
[0.149s] Level 1:colcon.colcon_core.package_identification:_identify(log) by extensions ['ignore', 'ignore_ament_install']
[0.149s] Level 1:colcon.colcon_core.package_identification:_identify(log) by extension 'ignore'
[0.149s] Level 1:colcon.colcon_core.package_identification:_identify(log) ignored
[0.149s] Level 1:colcon.colcon_core.package_identification:_identify(sb_controller) by extensions ['ignore', 'ignore_ament_install']
[0.149s] Level 1:colcon.colcon_core.package_identification:_identify(sb_controller) by extension 'ignore'
[0.149s] Level 1:colcon.colcon_core.package_identification:_identify(sb_controller) by extension 'ignore_ament_install'
[0.149s] Level 1:colcon.colcon_core.package_identification:_identify(sb_controller) by extensions ['colcon_pkg']
[0.149s] Level 1:colcon.colcon_core.package_identification:_identify(sb_controller) by extension 'colcon_pkg'
[0.149s] Level 1:colcon.colcon_core.package_identification:_identify(sb_controller) by extensions ['colcon_meta']
[0.149s] Level 1:colcon.colcon_core.package_identification:_identify(sb_controller) by extension 'colcon_meta'
[0.149s] Level 1:colcon.colcon_core.package_identification:_identify(sb_controller) by extensions ['ros']
[0.149s] Level 1:colcon.colcon_core.package_identification:_identify(sb_controller) by extension 'ros'
[0.150s] DEBUG:colcon.colcon_core.package_identification:Package 'sb_controller' with type 'ros.ament_python' and name 'sb_controller'
[0.150s] Level 1:colcon.colcon_core.package_identification:_identify(standard_bot_bringup) by extensions ['ignore', 'ignore_ament_install']
[0.150s] Level 1:colcon.colcon_core.package_identification:_identify(standard_bot_bringup) by extension 'ignore'
[0.150s] Level 1:colcon.colcon_core.package_identification:_identify(standard_bot_bringup) by extension 'ignore_ament_install'
[0.150s] Level 1:colcon.colcon_core.package_identification:_identify(standard_bot_bringup) by extensions ['colcon_pkg']
[0.150s] Level 1:colcon.colcon_core.package_identification:_identify(standard_bot_bringup) by extension 'colcon_pkg'
[0.150s] Level 1:colcon.colcon_core.package_identification:_identify(standard_bot_bringup) by extensions ['colcon_meta']
[0.150s] Level 1:colcon.colcon_core.package_identification:_identify(standard_bot_bringup) by extension 'colcon_meta'
[0.150s] Level 1:colcon.colcon_core.package_identification:_identify(standard_bot_bringup) by extensions ['ros']
[0.150s] Level 1:colcon.colcon_core.package_identification:_identify(standard_bot_bringup) by extension 'ros'
[0.151s] DEBUG:colcon.colcon_core.package_identification:Package 'standard_bot_bringup' with type 'ros.ament_cmake' and name 'standard_bot_bringup'
[0.151s] Level 1:colcon.colcon_core.package_discovery:discover_packages(recursive) using defaults
[0.151s] Level 1:colcon.colcon_core.package_discovery:discover_packages(ignore) discover
[0.151s] Level 1:colcon.colcon_core.package_discovery:discover_packages(ignore) using defaults
[0.151s] Level 1:colcon.colcon_core.package_discovery:discover_packages(path) discover
[0.151s] Level 1:colcon.colcon_core.package_discovery:discover_packages(path) using defaults
[0.164s] Level 1:colcon.colcon_core.package_discovery:discover_packages(prefix_path) check parameters
[0.164s] Level 1:colcon.colcon_core.package_discovery:discover_packages(prefix_path) discover
[0.165s] WARNING:colcon.colcon_core.prefix_path.colcon:The path '/home/sarah/sb_ros2_ws/install' in the environment variable COLCON_PREFIX_PATH doesn't exist
[0.165s] WARNING:colcon.colcon_ros.prefix_path.ament:The path '/home/sarah/sb_ros2_ws/src/install/standard_bot_bringup' in the environment variable AMENT_PREFIX_PATH doesn't exist
[0.165s] WARNING:colcon.colcon_ros.prefix_path.ament:The path '/home/sarah/sb_ros2_ws/src/install/sb_controller' in the environment variable AMENT_PREFIX_PATH doesn't exist
[0.165s] WARNING:colcon.colcon_ros.prefix_path.ament:The path '/home/sarah/sb_ros2_ws/src/install/my_cpp_py_pkg' in the environment variable AMENT_PREFIX_PATH doesn't exist
[0.165s] WARNING:colcon.colcon_ros.prefix_path.ament:The path '/home/sarah/sb_ros2_ws/src/install/action_interfaces' in the environment variable AMENT_PREFIX_PATH doesn't exist
[0.165s] WARNING:colcon.colcon_ros.prefix_path.ament:The path '/home/sarah/sb_ros2_ws/install/standard_bot_bringup' in the environment variable AMENT_PREFIX_PATH doesn't exist
[0.165s] WARNING:colcon.colcon_ros.prefix_path.ament:The path '/home/sarah/sb_ros2_ws/install/sb_controller' in the environment variable AMENT_PREFIX_PATH doesn't exist
[0.165s] WARNING:colcon.colcon_ros.prefix_path.ament:The path '/home/sarah/sb_ros2_ws/install/my_cpp_py_pkg' in the environment variable AMENT_PREFIX_PATH doesn't exist
[0.165s] WARNING:colcon.colcon_ros.prefix_path.ament:The path '/home/sarah/sb_ros2_ws/install/action_interfaces' in the environment variable AMENT_PREFIX_PATH doesn't exist
[0.165s] WARNING:colcon.colcon_ros.prefix_path.catkin:The path '/home/sarah/sb_ros2_ws/src/install/standard_bot_bringup' in the environment variable CMAKE_PREFIX_PATH doesn't exist
[0.165s] WARNING:colcon.colcon_ros.prefix_path.catkin:The path '/home/sarah/sb_ros2_ws/src/install/my_cpp_py_pkg' in the environment variable CMAKE_PREFIX_PATH doesn't exist
[0.165s] WARNING:colcon.colcon_ros.prefix_path.catkin:The path '/home/sarah/sb_ros2_ws/src/install/action_interfaces' in the environment variable CMAKE_PREFIX_PATH doesn't exist
[0.165s] WARNING:colcon.colcon_ros.prefix_path.catkin:The path '/home/sarah/sb_ros2_ws/install/standard_bot_bringup' in the environment variable CMAKE_PREFIX_PATH doesn't exist
[0.165s] WARNING:colcon.colcon_ros.prefix_path.catkin:The path '/home/sarah/sb_ros2_ws/install/my_cpp_py_pkg' in the environment variable CMAKE_PREFIX_PATH doesn't exist
[0.165s] WARNING:colcon.colcon_ros.prefix_path.catkin:The path '/home/sarah/sb_ros2_ws/install/action_interfaces' in the environment variable CMAKE_PREFIX_PATH doesn't exist
[0.165s] DEBUG:colcon.colcon_installed_package_information.package_discovery:Found 0 installed packages in /home/sarah/sb_ros2_ws/src/install
[0.166s] DEBUG:colcon.colcon_installed_package_information.package_discovery:Found 185 installed packages in /opt/ros/humble
[0.166s] Level 1:colcon.colcon_core.package_discovery:discover_packages(prefix_path) using defaults
[0.178s] Level 5:colcon.colcon_core.verb:set package 'action_interfaces' build argument 'cmake_args' from command line to 'None'
[0.178s] Level 5:colcon.colcon_core.verb:set package 'action_interfaces' build argument 'cmake_target' from command line to 'None'
[0.178s] Level 5:colcon.colcon_core.verb:set package 'action_interfaces' build argument 'cmake_target_skip_unavailable' from command line to 'False'
[0.178s] Level 5:colcon.colcon_core.verb:set package 'action_interfaces' build argument 'cmake_clean_cache' from command line to 'False'
[0.178s] Level 5:colcon.colcon_core.verb:set package 'action_interfaces' build argument 'cmake_clean_first' from command line to 'False'
[0.178s] Level 5:colcon.colcon_core.verb:set package 'action_interfaces' build argument 'cmake_force_configure' from command line to 'False'
[0.178s] Level 5:colcon.colcon_core.verb:set package 'action_interfaces' build argument 'ament_cmake_args' from command line to 'None'
[0.178s] Level 5:colcon.colcon_core.verb:set package 'action_interfaces' build argument 'catkin_cmake_args' from command line to 'None'
[0.178s] Level 5:colcon.colcon_core.verb:set package 'action_interfaces' build argument 'catkin_skip_building_tests' from command line to 'False'
[0.178s] DEBUG:colcon.colcon_core.verb:Building package 'action_interfaces' with the following arguments: {'ament_cmake_args': None, 'build_base': '/home/sarah/sb_ros2_ws/src/build/action_interfaces', 'catkin_cmake_args': None, 'catkin_skip_building_tests': False, 'cmake_args': None, 'cmake_clean_cache': False, 'cmake_clean_first': False, 'cmake_force_configure': False, 'cmake_target': None, 'cmake_target_skip_unavailable': False, 'install_base': '/home/sarah/sb_ros2_ws/src/install/action_interfaces', 'merge_install': False, 'path': '/home/sarah/sb_ros2_ws/src/action_interfaces', 'symlink_install': False, 'test_result_base': None}
[0.178s] Level 5:colcon.colcon_core.verb:set package 'sb_controller' build argument 'cmake_args' from command line to 'None'
[0.178s] Level 5:colcon.colcon_core.verb:set package 'sb_controller' build argument 'cmake_target' from command line to 'None'
[0.178s] Level 5:colcon.colcon_core.verb:set package 'sb_controller' build argument 'cmake_target_skip_unavailable' from command line to 'False'
[0.178s] Level 5:colcon.colcon_core.verb:set package 'sb_controller' build argument 'cmake_clean_cache' from command line to 'False'
[0.178s] Level 5:colcon.colcon_core.verb:set package 'sb_controller' build argument 'cmake_clean_first' from command line to 'False'
[0.178s] Level 5:colcon.colcon_core.verb:set package 'sb_controller' build argument 'cmake_force_configure' from command line to 'False'
[0.178s] Level 5:colcon.colcon_core.verb:set package 'sb_controller' build argument 'ament_cmake_args' from command line to 'None'
[0.178s] Level 5:colcon.colcon_core.verb:set package 'sb_controller' build argument 'catkin_cmake_args' from command line to 'None'
[0.178s] Level 5:colcon.colcon_core.verb:set package 'sb_controller' build argument 'catkin_skip_building_tests' from command line to 'False'
[0.178s] DEBUG:colcon.colcon_core.verb:Building package 'sb_controller' with the following arguments: {'ament_cmake_args': None, 'build_base': '/home/sarah/sb_ros2_ws/src/build/sb_controller', 'catkin_cmake_args': None, 'catkin_skip_building_tests': False, 'cmake_args': None, 'cmake_clean_cache': False, 'cmake_clean_first': False, 'cmake_force_configure': False, 'cmake_target': None, 'cmake_target_skip_unavailable': False, 'install_base': '/home/sarah/sb_ros2_ws/src/install/sb_controller', 'merge_install': False, 'path': '/home/sarah/sb_ros2_ws/src/sb_controller', 'symlink_install': False, 'test_result_base': None}
[0.178s] Level 5:colcon.colcon_core.verb:set package 'standard_bot_bringup' build argument 'cmake_args' from command line to 'None'
[0.178s] Level 5:colcon.colcon_core.verb:set package 'standard_bot_bringup' build argument 'cmake_target' from command line to 'None'
[0.178s] Level 5:colcon.colcon_core.verb:set package 'standard_bot_bringup' build argument 'cmake_target_skip_unavailable' from command line to 'False'
[0.178s] Level 5:colcon.colcon_core.verb:set package 'standard_bot_bringup' build argument 'cmake_clean_cache' from command line to 'False'
[0.178s] Level 5:colcon.colcon_core.verb:set package 'standard_bot_bringup' build argument 'cmake_clean_first' from command line to 'False'
[0.178s] Level 5:colcon.colcon_core.verb:set package 'standard_bot_bringup' build argument 'cmake_force_configure' from command line to 'False'
[0.178s] Level 5:colcon.colcon_core.verb:set package 'standard_bot_bringup' build argument 'ament_cmake_args' from command line to 'None'
[0.178s] Level 5:colcon.colcon_core.verb:set package 'standard_bot_bringup' build argument 'catkin_cmake_args' from command line to 'None'
[0.178s] Level 5:colcon.colcon_core.verb:set package 'standard_bot_bringup' build argument 'catkin_skip_building_tests' from command line to 'False'
[0.178s] DEBUG:colcon.colcon_core.verb:Building package 'standard_bot_bringup' with the following arguments: {'ament_cmake_args': None, 'build_base': '/home/sarah/sb_ros2_ws/src/build/standard_bot_bringup', 'catkin_cmake_args': None, 'catkin_skip_building_tests': False, 'cmake_args': None, 'cmake_clean_cache': False, 'cmake_clean_first': False, 'cmake_force_configure': False, 'cmake_target': None, 'cmake_target_skip_unavailable': False, 'install_base': '/home/sarah/sb_ros2_ws/src/install/standard_bot_bringup', 'merge_install': False, 'path': '/home/sarah/sb_ros2_ws/src/standard_bot_bringup', 'symlink_install': False, 'test_result_base': None}
[0.178s] INFO:colcon.colcon_core.executor:Executing jobs using 'parallel' executor
[0.179s] DEBUG:colcon.colcon_parallel_executor.executor.parallel:run_until_complete
[0.179s] INFO:colcon.colcon_ros.task.ament_python.build:Building ROS package in '/home/sarah/sb_ros2_ws/src/sb_controller' with build type 'ament_python'
[0.179s] Level 1:colcon.colcon_core.shell:create_environment_hook('sb_controller', 'ament_prefix_path')
[0.180s] INFO:colcon.colcon_core.plugin_system:Skipping extension 'colcon_core.shell.bat': Not used on non-Windows systems
[0.180s] INFO:colcon.colcon_core.shell:Creating environment hook '/home/sarah/sb_ros2_ws/src/install/sb_controller/share/sb_controller/hook/ament_prefix_path.ps1'
[0.181s] INFO:colcon.colcon_core.shell:Creating environment descriptor '/home/sarah/sb_ros2_ws/src/install/sb_controller/share/sb_controller/hook/ament_prefix_path.dsv'
[0.181s] INFO:colcon.colcon_core.shell:Creating environment hook '/home/sarah/sb_ros2_ws/src/install/sb_controller/share/sb_controller/hook/ament_prefix_path.sh'
[0.181s] INFO:colcon.colcon_core.shell:Skip shell extension 'powershell' for command environment: Not usable outside of PowerShell
[0.181s] DEBUG:colcon.colcon_core.shell:Skip shell extension 'dsv' for command environment
[0.183s] INFO:colcon.colcon_ros.task.ament_cmake.build:Building ROS package in '/home/sarah/sb_ros2_ws/src/action_interfaces' with build type 'ament_cmake'
[0.183s] INFO:colcon.colcon_cmake.task.cmake.build:Building CMake package in '/home/sarah/sb_ros2_ws/src/action_interfaces'
[0.183s] INFO:colcon.colcon_core.shell:Skip shell extension 'powershell' for command environment: Not usable outside of PowerShell
[0.183s] DEBUG:colcon.colcon_core.shell:Skip shell extension 'dsv' for command environment
[0.315s] INFO:colcon.colcon_core.task.python.build:Building Python package in '/home/sarah/sb_ros2_ws/src/sb_controller'
[0.315s] INFO:colcon.colcon_core.shell:Skip shell extension 'powershell' for command environment: Not usable outside of PowerShell
[0.315s] DEBUG:colcon.colcon_core.shell:Skip shell extension 'dsv' for command environment
[0.319s] DEBUG:colcon.colcon_core.event_handler.log_command:Invoking command in '/home/sarah/sb_ros2_ws/src/build/action_interfaces': CMAKE_PREFIX_PATH=${CMAKE_PREFIX_PATH}:/home/sarah/sb_ros2_ws/src/install/sb_controller:/home/sarah/sb_ros2_ws/install/sb_controller:/opt/ros/humble /usr/bin/cmake /home/sarah/sb_ros2_ws/src/action_interfaces -DCMAKE_INSTALL_PREFIX=/home/sarah/sb_ros2_ws/src/install/action_interfaces
[0.493s] DEBUG:colcon.colcon_core.event_handler.log_command:Invoking command in '/home/sarah/sb_ros2_ws/src/sb_controller': PYTHONPATH=/home/sarah/sb_ros2_ws/src/build/sb_controller/prefix_override:/usr/lib/python3/dist-packages/colcon_core/task/python/colcon_distutils_commands:/home/sarah/sb_ros2_ws/src/install/sb_controller/lib/python3.10/site-packages:${PYTHONPATH} /usr/bin/python3 -W ignore:setup.py install is deprecated -W ignore:easy_install command is deprecated setup.py egg_info --egg-base ../build/sb_controller build --build-base /home/sarah/sb_ros2_ws/src/build/sb_controller/build install --record /home/sarah/sb_ros2_ws/src/build/sb_controller/install.log --single-version-externally-managed install_data
[0.637s] DEBUG:colcon.colcon_core.event_handler.log_command:Invoked command in '/home/sarah/sb_ros2_ws/src/sb_controller' returned '0': PYTHONPATH=/home/sarah/sb_ros2_ws/src/build/sb_controller/prefix_override:/usr/lib/python3/dist-packages/colcon_core/task/python/colcon_distutils_commands:/home/sarah/sb_ros2_ws/src/install/sb_controller/lib/python3.10/site-packages:${PYTHONPATH} /usr/bin/python3 -W ignore:setup.py install is deprecated -W ignore:easy_install command is deprecated setup.py egg_info --egg-base ../build/sb_controller build --build-base /home/sarah/sb_ros2_ws/src/build/sb_controller/build install --record /home/sarah/sb_ros2_ws/src/build/sb_controller/install.log --single-version-externally-managed install_data
[0.637s] Level 1:colcon.colcon_core.environment:checking '/home/sarah/sb_ros2_ws/src/install/sb_controller' for CMake module files
[0.637s] Level 1:colcon.colcon_core.environment:checking '/home/sarah/sb_ros2_ws/src/install/sb_controller' for CMake config files
[0.638s] Level 1:colcon.colcon_core.environment:checking '/home/sarah/sb_ros2_ws/src/install/sb_controller/lib'
[0.638s] Level 1:colcon.colcon_core.environment:checking '/home/sarah/sb_ros2_ws/src/install/sb_controller/bin'
[0.638s] Level 1:colcon.colcon_core.environment:checking '/home/sarah/sb_ros2_ws/src/install/sb_controller/lib/pkgconfig/sb_controller.pc'
[0.638s] Level 1:colcon.colcon_core.environment:checking '/home/sarah/sb_ros2_ws/src/install/sb_controller/lib/python3.10/site-packages'
[0.638s] Level 1:colcon.colcon_core.shell:create_environment_hook('sb_controller', 'pythonpath')
[0.638s] INFO:colcon.colcon_core.shell:Creating environment hook '/home/sarah/sb_ros2_ws/src/install/sb_controller/share/sb_controller/hook/pythonpath.ps1'
[0.638s] INFO:colcon.colcon_core.shell:Creating environment descriptor '/home/sarah/sb_ros2_ws/src/install/sb_controller/share/sb_controller/hook/pythonpath.dsv'
[0.638s] INFO:colcon.colcon_core.shell:Creating environment hook '/home/sarah/sb_ros2_ws/src/install/sb_controller/share/sb_controller/hook/pythonpath.sh'
[0.639s] Level 1:colcon.colcon_core.environment:checking '/home/sarah/sb_ros2_ws/src/install/sb_controller/bin'
[0.639s] Level 1:colcon.colcon_core.environment:create_environment_scripts_only(sb_controller)
[0.639s] INFO:colcon.colcon_core.shell:Creating package script '/home/sarah/sb_ros2_ws/src/install/sb_controller/share/sb_controller/package.ps1'
[0.639s] INFO:colcon.colcon_core.shell:Creating package descriptor '/home/sarah/sb_ros2_ws/src/install/sb_controller/share/sb_controller/package.dsv'
[0.639s] INFO:colcon.colcon_core.shell:Creating package script '/home/sarah/sb_ros2_ws/src/install/sb_controller/share/sb_controller/package.sh'
[0.640s] INFO:colcon.colcon_core.shell:Creating package script '/home/sarah/sb_ros2_ws/src/install/sb_controller/share/sb_controller/package.bash'
[0.640s] INFO:colcon.colcon_core.shell:Creating package script '/home/sarah/sb_ros2_ws/src/install/sb_controller/share/sb_controller/package.zsh'
[0.640s] Level 1:colcon.colcon_core.environment:create_file_with_runtime_dependencies(/home/sarah/sb_ros2_ws/src/install/sb_controller/share/colcon-core/packages/sb_controller)
[0.640s] INFO:colcon.colcon_ros.task.ament_cmake.build:Building ROS package in '/home/sarah/sb_ros2_ws/src/standard_bot_bringup' with build type 'ament_cmake'
[0.640s] INFO:colcon.colcon_cmake.task.cmake.build:Building CMake package in '/home/sarah/sb_ros2_ws/src/standard_bot_bringup'
[0.640s] INFO:colcon.colcon_core.shell:Skip shell extension 'powershell' for command environment: Not usable outside of PowerShell
[0.640s] DEBUG:colcon.colcon_core.shell:Skip shell extension 'dsv' for command environment
[0.645s] DEBUG:colcon.colcon_core.event_handler.log_command:Invoking command in '/home/sarah/sb_ros2_ws/src/build/standard_bot_bringup': AMENT_PREFIX_PATH=/home/sarah/sb_ros2_ws/src/install/sb_controller:/home/sarah/sb_ros2_ws/src/install/standard_bot_bringup:/home/sarah/sb_ros2_ws/src/install/my_cpp_py_pkg:/home/sarah/sb_ros2_ws/src/install/action_interfaces:/home/sarah/sb_ros2_ws/install/standard_bot_bringup:/home/sarah/sb_ros2_ws/install/sb_controller:/home/sarah/sb_ros2_ws/install/my_cpp_py_pkg:/home/sarah/sb_ros2_ws/install/action_interfaces:/opt/ros/humble CMAKE_PREFIX_PATH=${CMAKE_PREFIX_PATH}:/home/sarah/sb_ros2_ws/src/install/sb_controller:/home/sarah/sb_ros2_ws/install/sb_controller:/opt/ros/humble /usr/bin/cmake /home/sarah/sb_ros2_ws/src/standard_bot_bringup -DCMAKE_INSTALL_PREFIX=/home/sarah/sb_ros2_ws/src/install/standard_bot_bringup
[1.008s] DEBUG:colcon.colcon_core.event_handler.log_command:Invoked command in '/home/sarah/sb_ros2_ws/src/build/standard_bot_bringup' returned '0': AMENT_PREFIX_PATH=/home/sarah/sb_ros2_ws/src/install/sb_controller:/home/sarah/sb_ros2_ws/src/install/standard_bot_bringup:/home/sarah/sb_ros2_ws/src/install/my_cpp_py_pkg:/home/sarah/sb_ros2_ws/src/install/action_interfaces:/home/sarah/sb_ros2_ws/install/standard_bot_bringup:/home/sarah/sb_ros2_ws/install/sb_controller:/home/sarah/sb_ros2_ws/install/my_cpp_py_pkg:/home/sarah/sb_ros2_ws/install/action_interfaces:/opt/ros/humble CMAKE_PREFIX_PATH=${CMAKE_PREFIX_PATH}:/home/sarah/sb_ros2_ws/src/install/sb_controller:/home/sarah/sb_ros2_ws/install/sb_controller:/opt/ros/humble /usr/bin/cmake /home/sarah/sb_ros2_ws/src/standard_bot_bringup -DCMAKE_INSTALL_PREFIX=/home/sarah/sb_ros2_ws/src/install/standard_bot_bringup
[1.009s] DEBUG:colcon.colcon_core.event_handler.log_command:Invoking command in '/home/sarah/sb_ros2_ws/src/build/standard_bot_bringup': AMENT_PREFIX_PATH=/home/sarah/sb_ros2_ws/src/install/sb_controller:/home/sarah/sb_ros2_ws/src/install/standard_bot_bringup:/home/sarah/sb_ros2_ws/src/install/my_cpp_py_pkg:/home/sarah/sb_ros2_ws/src/install/action_interfaces:/home/sarah/sb_ros2_ws/install/standard_bot_bringup:/home/sarah/sb_ros2_ws/install/sb_controller:/home/sarah/sb_ros2_ws/install/my_cpp_py_pkg:/home/sarah/sb_ros2_ws/install/action_interfaces:/opt/ros/humble CMAKE_PREFIX_PATH=${CMAKE_PREFIX_PATH}:/home/sarah/sb_ros2_ws/src/install/sb_controller:/home/sarah/sb_ros2_ws/install/sb_controller:/opt/ros/humble /usr/bin/cmake --build /home/sarah/sb_ros2_ws/src/build/standard_bot_bringup -- -j32 -l32
[1.034s] DEBUG:colcon.colcon_core.event_handler.log_command:Invoked command in '/home/sarah/sb_ros2_ws/src/build/standard_bot_bringup' returned '0': AMENT_PREFIX_PATH=/home/sarah/sb_ros2_ws/src/install/sb_controller:/home/sarah/sb_ros2_ws/src/install/standard_bot_bringup:/home/sarah/sb_ros2_ws/src/install/my_cpp_py_pkg:/home/sarah/sb_ros2_ws/src/install/action_interfaces:/home/sarah/sb_ros2_ws/install/standard_bot_bringup:/home/sarah/sb_ros2_ws/install/sb_controller:/home/sarah/sb_ros2_ws/install/my_cpp_py_pkg:/home/sarah/sb_ros2_ws/install/action_interfaces:/opt/ros/humble CMAKE_PREFIX_PATH=${CMAKE_PREFIX_PATH}:/home/sarah/sb_ros2_ws/src/install/sb_controller:/home/sarah/sb_ros2_ws/install/sb_controller:/opt/ros/humble /usr/bin/cmake --build /home/sarah/sb_ros2_ws/src/build/standard_bot_bringup -- -j32 -l32
[1.040s] DEBUG:colcon.colcon_core.event_handler.log_command:Invoking command in '/home/sarah/sb_ros2_ws/src/build/standard_bot_bringup': AMENT_PREFIX_PATH=/home/sarah/sb_ros2_ws/src/install/sb_controller:/home/sarah/sb_ros2_ws/src/install/standard_bot_bringup:/home/sarah/sb_ros2_ws/src/install/my_cpp_py_pkg:/home/sarah/sb_ros2_ws/src/install/action_interfaces:/home/sarah/sb_ros2_ws/install/standard_bot_bringup:/home/sarah/sb_ros2_ws/install/sb_controller:/home/sarah/sb_ros2_ws/install/my_cpp_py_pkg:/home/sarah/sb_ros2_ws/install/action_interfaces:/opt/ros/humble CMAKE_PREFIX_PATH=${CMAKE_PREFIX_PATH}:/home/sarah/sb_ros2_ws/src/install/sb_controller:/home/sarah/sb_ros2_ws/install/sb_controller:/opt/ros/humble /usr/bin/cmake --install /home/sarah/sb_ros2_ws/src/build/standard_bot_bringup
[1.048s] Level 1:colcon.colcon_core.environment:create_environment_scripts_only(standard_bot_bringup)
[1.048s] Level 1:colcon.colcon_core.environment:checking '/home/sarah/sb_ros2_ws/src/install/standard_bot_bringup' for CMake module files
[1.048s] DEBUG:colcon.colcon_core.event_handler.log_command:Invoked command in '/home/sarah/sb_ros2_ws/src/build/standard_bot_bringup' returned '0': AMENT_PREFIX_PATH=/home/sarah/sb_ros2_ws/src/install/sb_controller:/home/sarah/sb_ros2_ws/src/install/standard_bot_bringup:/home/sarah/sb_ros2_ws/src/install/my_cpp_py_pkg:/home/sarah/sb_ros2_ws/src/install/action_interfaces:/home/sarah/sb_ros2_ws/install/standard_bot_bringup:/home/sarah/sb_ros2_ws/install/sb_controller:/home/sarah/sb_ros2_ws/install/my_cpp_py_pkg:/home/sarah/sb_ros2_ws/install/action_interfaces:/opt/ros/humble CMAKE_PREFIX_PATH=${CMAKE_PREFIX_PATH}:/home/sarah/sb_ros2_ws/src/install/sb_controller:/home/sarah/sb_ros2_ws/install/sb_controller:/opt/ros/humble /usr/bin/cmake --install /home/sarah/sb_ros2_ws/src/build/standard_bot_bringup
[1.049s] Level 1:colcon.colcon_core.environment:checking '/home/sarah/sb_ros2_ws/src/install/standard_bot_bringup' for CMake config files
[1.049s] Level 1:colcon.colcon_core.shell:create_environment_hook('standard_bot_bringup', 'cmake_prefix_path')
[1.049s] INFO:colcon.colcon_core.shell:Creating environment hook '/home/sarah/sb_ros2_ws/src/install/standard_bot_bringup/share/standard_bot_bringup/hook/cmake_prefix_path.ps1'
[1.049s] INFO:colcon.colcon_core.shell:Creating environment descriptor '/home/sarah/sb_ros2_ws/src/install/standard_bot_bringup/share/standard_bot_bringup/hook/cmake_prefix_path.dsv'
[1.050s] INFO:colcon.colcon_core.shell:Creating environment hook '/home/sarah/sb_ros2_ws/src/install/standard_bot_bringup/share/standard_bot_bringup/hook/cmake_prefix_path.sh'
[1.050s] Level 1:colcon.colcon_core.environment:checking '/home/sarah/sb_ros2_ws/src/install/standard_bot_bringup/bin'
[1.050s] Level 1:colcon.colcon_core.environment:checking '/home/sarah/sb_ros2_ws/src/install/standard_bot_bringup/lib/pkgconfig/standard_bot_bringup.pc'
[1.050s] Level 1:colcon.colcon_core.environment:checking '/home/sarah/sb_ros2_ws/src/install/standard_bot_bringup/lib/python3.10/site-packages'
[1.050s] Level 1:colcon.colcon_core.environment:checking '/home/sarah/sb_ros2_ws/src/install/standard_bot_bringup/bin'
[1.051s] INFO:colcon.colcon_core.shell:Creating package script '/home/sarah/sb_ros2_ws/src/install/standard_bot_bringup/share/standard_bot_bringup/package.ps1'
[1.051s] INFO:colcon.colcon_core.shell:Creating package descriptor '/home/sarah/sb_ros2_ws/src/install/standard_bot_bringup/share/standard_bot_bringup/package.dsv'
[1.051s] INFO:colcon.colcon_core.shell:Creating package script '/home/sarah/sb_ros2_ws/src/install/standard_bot_bringup/share/standard_bot_bringup/package.sh'
[1.051s] INFO:colcon.colcon_core.shell:Creating package script '/home/sarah/sb_ros2_ws/src/install/standard_bot_bringup/share/standard_bot_bringup/package.bash'
[1.052s] INFO:colcon.colcon_core.shell:Creating package script '/home/sarah/sb_ros2_ws/src/install/standard_bot_bringup/share/standard_bot_bringup/package.zsh'
[1.052s] Level 1:colcon.colcon_core.environment:create_file_with_runtime_dependencies(/home/sarah/sb_ros2_ws/src/install/standard_bot_bringup/share/colcon-core/packages/standard_bot_bringup)
[1.052s] Level 1:colcon.colcon_core.environment:create_environment_scripts_only(standard_bot_bringup)
[1.052s] Level 1:colcon.colcon_core.environment:checking '/home/sarah/sb_ros2_ws/src/install/standard_bot_bringup' for CMake module files
[1.052s] Level 1:colcon.colcon_core.environment:checking '/home/sarah/sb_ros2_ws/src/install/standard_bot_bringup' for CMake config files
[1.052s] Level 1:colcon.colcon_core.shell:create_environment_hook('standard_bot_bringup', 'cmake_prefix_path')
[1.053s] INFO:colcon.colcon_core.shell:Creating environment hook '/home/sarah/sb_ros2_ws/src/install/standard_bot_bringup/share/standard_bot_bringup/hook/cmake_prefix_path.ps1'
[1.053s] INFO:colcon.colcon_core.shell:Creating environment descriptor '/home/sarah/sb_ros2_ws/src/install/standard_bot_bringup/share/standard_bot_bringup/hook/cmake_prefix_path.dsv'
[1.053s] INFO:colcon.colcon_core.shell:Creating environment hook '/home/sarah/sb_ros2_ws/src/install/standard_bot_bringup/share/standard_bot_bringup/hook/cmake_prefix_path.sh'
[1.053s] Level 1:colcon.colcon_core.environment:checking '/home/sarah/sb_ros2_ws/src/install/standard_bot_bringup/bin'
[1.053s] Level 1:colcon.colcon_core.environment:checking '/home/sarah/sb_ros2_ws/src/install/standard_bot_bringup/lib/pkgconfig/standard_bot_bringup.pc'
[1.053s] Level 1:colcon.colcon_core.environment:checking '/home/sarah/sb_ros2_ws/src/install/standard_bot_bringup/lib/python3.10/site-packages'
[1.054s] Level 1:colcon.colcon_core.environment:checking '/home/sarah/sb_ros2_ws/src/install/standard_bot_bringup/bin'
[1.054s] INFO:colcon.colcon_core.shell:Creating package script '/home/sarah/sb_ros2_ws/src/install/standard_bot_bringup/share/standard_bot_bringup/package.ps1'
[1.054s] INFO:colcon.colcon_core.shell:Creating package descriptor '/home/sarah/sb_ros2_ws/src/install/standard_bot_bringup/share/standard_bot_bringup/package.dsv'
[1.054s] INFO:colcon.colcon_core.shell:Creating package script '/home/sarah/sb_ros2_ws/src/install/standard_bot_bringup/share/standard_bot_bringup/package.sh'
[1.054s] INFO:colcon.colcon_core.shell:Creating package script '/home/sarah/sb_ros2_ws/src/install/standard_bot_bringup/share/standard_bot_bringup/package.bash'
[1.055s] INFO:colcon.colcon_core.shell:Creating package script '/home/sarah/sb_ros2_ws/src/install/standard_bot_bringup/share/standard_bot_bringup/package.zsh'
[1.055s] Level 1:colcon.colcon_core.environment:create_file_with_runtime_dependencies(/home/sarah/sb_ros2_ws/src/install/standard_bot_bringup/share/colcon-core/packages/standard_bot_bringup)
[1.236s] DEBUG:colcon.colcon_core.event_handler.log_command:Invoked command in '/home/sarah/sb_ros2_ws/src/build/action_interfaces' returned '0': CMAKE_PREFIX_PATH=${CMAKE_PREFIX_PATH}:/home/sarah/sb_ros2_ws/src/install/sb_controller:/home/sarah/sb_ros2_ws/install/sb_controller:/opt/ros/humble /usr/bin/cmake /home/sarah/sb_ros2_ws/src/action_interfaces -DCMAKE_INSTALL_PREFIX=/home/sarah/sb_ros2_ws/src/install/action_interfaces
[1.237s] DEBUG:colcon.colcon_core.event_handler.log_command:Invoking command in '/home/sarah/sb_ros2_ws/src/build/action_interfaces': CMAKE_PREFIX_PATH=${CMAKE_PREFIX_PATH}:/home/sarah/sb_ros2_ws/src/install/sb_controller:/home/sarah/sb_ros2_ws/install/sb_controller:/opt/ros/humble /usr/bin/cmake --build /home/sarah/sb_ros2_ws/src/build/action_interfaces -- -j32 -l32
[3.754s] DEBUG:colcon.colcon_core.event_handler.log_command:Invoked command in '/home/sarah/sb_ros2_ws/src/build/action_interfaces' returned '0': CMAKE_PREFIX_PATH=${CMAKE_PREFIX_PATH}:/home/sarah/sb_ros2_ws/src/install/sb_controller:/home/sarah/sb_ros2_ws/install/sb_controller:/opt/ros/humble /usr/bin/cmake --build /home/sarah/sb_ros2_ws/src/build/action_interfaces -- -j32 -l32
[3.756s] DEBUG:colcon.colcon_core.event_handler.log_command:Invoking command in '/home/sarah/sb_ros2_ws/src/build/action_interfaces': CMAKE_PREFIX_PATH=${CMAKE_PREFIX_PATH}:/home/sarah/sb_ros2_ws/src/install/sb_controller:/home/sarah/sb_ros2_ws/install/sb_controller:/opt/ros/humble /usr/bin/cmake --install /home/sarah/sb_ros2_ws/src/build/action_interfaces
[3.814s] Level 1:colcon.colcon_core.environment:create_environment_scripts_only(action_interfaces)
[3.814s] Level 1:colcon.colcon_core.environment:checking '/home/sarah/sb_ros2_ws/src/install/action_interfaces' for CMake module files
[3.814s] DEBUG:colcon.colcon_core.event_handler.log_command:Invoked command in '/home/sarah/sb_ros2_ws/src/build/action_interfaces' returned '0': CMAKE_PREFIX_PATH=${CMAKE_PREFIX_PATH}:/home/sarah/sb_ros2_ws/src/install/sb_controller:/home/sarah/sb_ros2_ws/install/sb_controller:/opt/ros/humble /usr/bin/cmake --install /home/sarah/sb_ros2_ws/src/build/action_interfaces
[3.815s] Level 1:colcon.colcon_core.environment:checking '/home/sarah/sb_ros2_ws/src/install/action_interfaces' for CMake config files
[3.815s] Level 1:colcon.colcon_core.shell:create_environment_hook('action_interfaces', 'cmake_prefix_path')
[3.815s] INFO:colcon.colcon_core.shell:Creating environment hook '/home/sarah/sb_ros2_ws/src/install/action_interfaces/share/action_interfaces/hook/cmake_prefix_path.ps1'
[3.816s] INFO:colcon.colcon_core.shell:Creating environment descriptor '/home/sarah/sb_ros2_ws/src/install/action_interfaces/share/action_interfaces/hook/cmake_prefix_path.dsv'
[3.816s] INFO:colcon.colcon_core.shell:Creating environment hook '/home/sarah/sb_ros2_ws/src/install/action_interfaces/share/action_interfaces/hook/cmake_prefix_path.sh'
[3.816s] Level 1:colcon.colcon_core.environment:checking '/home/sarah/sb_ros2_ws/src/install/action_interfaces/lib'
[3.816s] Level 1:colcon.colcon_core.shell:create_environment_hook('action_interfaces', 'ld_library_path_lib')
[3.816s] INFO:colcon.colcon_core.shell:Creating environment hook '/home/sarah/sb_ros2_ws/src/install/action_interfaces/share/action_interfaces/hook/ld_library_path_lib.ps1'
[3.817s] INFO:colcon.colcon_core.shell:Creating environment descriptor '/home/sarah/sb_ros2_ws/src/install/action_interfaces/share/action_interfaces/hook/ld_library_path_lib.dsv'
[3.817s] INFO:colcon.colcon_core.shell:Creating environment hook '/home/sarah/sb_ros2_ws/src/install/action_interfaces/share/action_interfaces/hook/ld_library_path_lib.sh'
[3.817s] Level 1:colcon.colcon_core.environment:checking '/home/sarah/sb_ros2_ws/src/install/action_interfaces/bin'
[3.817s] Level 1:colcon.colcon_core.environment:checking '/home/sarah/sb_ros2_ws/src/install/action_interfaces/lib/pkgconfig/action_interfaces.pc'
[3.817s] Level 1:colcon.colcon_core.environment:checking '/home/sarah/sb_ros2_ws/src/install/action_interfaces/lib/python3.10/site-packages'
[3.818s] Level 1:colcon.colcon_core.environment:checking '/home/sarah/sb_ros2_ws/src/install/action_interfaces/bin'
[3.818s] INFO:colcon.colcon_core.shell:Creating package script '/home/sarah/sb_ros2_ws/src/install/action_interfaces/share/action_interfaces/package.ps1'
[3.818s] INFO:colcon.colcon_core.shell:Creating package descriptor '/home/sarah/sb_ros2_ws/src/install/action_interfaces/share/action_interfaces/package.dsv'
[3.819s] INFO:colcon.colcon_core.shell:Creating package script '/home/sarah/sb_ros2_ws/src/install/action_interfaces/share/action_interfaces/package.sh'
[3.819s] INFO:colcon.colcon_core.shell:Creating package script '/home/sarah/sb_ros2_ws/src/install/action_interfaces/share/action_interfaces/package.bash'
[3.819s] INFO:colcon.colcon_core.shell:Creating package script '/home/sarah/sb_ros2_ws/src/install/action_interfaces/share/action_interfaces/package.zsh'
[3.819s] Level 1:colcon.colcon_core.environment:create_file_with_runtime_dependencies(/home/sarah/sb_ros2_ws/src/install/action_interfaces/share/colcon-core/packages/action_interfaces)
[3.820s] Level 1:colcon.colcon_core.environment:create_environment_scripts_only(action_interfaces)
[3.820s] Level 1:colcon.colcon_core.environment:checking '/home/sarah/sb_ros2_ws/src/install/action_interfaces' for CMake module files
[3.820s] Level 1:colcon.colcon_core.environment:checking '/home/sarah/sb_ros2_ws/src/install/action_interfaces' for CMake config files
[3.821s] Level 1:colcon.colcon_core.shell:create_environment_hook('action_interfaces', 'cmake_prefix_path')
[3.821s] INFO:colcon.colcon_core.shell:Creating environment hook '/home/sarah/sb_ros2_ws/src/install/action_interfaces/share/action_interfaces/hook/cmake_prefix_path.ps1'
[3.821s] INFO:colcon.colcon_core.shell:Creating environment descriptor '/home/sarah/sb_ros2_ws/src/install/action_interfaces/share/action_interfaces/hook/cmake_prefix_path.dsv'
[3.821s] INFO:colcon.colcon_core.shell:Creating environment hook '/home/sarah/sb_ros2_ws/src/install/action_interfaces/share/action_interfaces/hook/cmake_prefix_path.sh'
[3.822s] Level 1:colcon.colcon_core.environment:checking '/home/sarah/sb_ros2_ws/src/install/action_interfaces/lib'
[3.822s] Level 1:colcon.colcon_core.shell:create_environment_hook('action_interfaces', 'ld_library_path_lib')
[3.822s] INFO:colcon.colcon_core.shell:Creating environment hook '/home/sarah/sb_ros2_ws/src/install/action_interfaces/share/action_interfaces/hook/ld_library_path_lib.ps1'
[3.822s] INFO:colcon.colcon_core.shell:Creating environment descriptor '/home/sarah/sb_ros2_ws/src/install/action_interfaces/share/action_interfaces/hook/ld_library_path_lib.dsv'
[3.822s] INFO:colcon.colcon_core.shell:Creating environment hook '/home/sarah/sb_ros2_ws/src/install/action_interfaces/share/action_interfaces/hook/ld_library_path_lib.sh'
[3.822s] Level 1:colcon.colcon_core.environment:checking '/home/sarah/sb_ros2_ws/src/install/action_interfaces/bin'
[3.823s] Level 1:colcon.colcon_core.environment:checking '/home/sarah/sb_ros2_ws/src/install/action_interfaces/lib/pkgconfig/action_interfaces.pc'
[3.823s] Level 1:colcon.colcon_core.environment:checking '/home/sarah/sb_ros2_ws/src/install/action_interfaces/lib/python3.10/site-packages'
[3.823s] Level 1:colcon.colcon_core.environment:checking '/home/sarah/sb_ros2_ws/src/install/action_interfaces/bin'
[3.823s] INFO:colcon.colcon_core.shell:Creating package script '/home/sarah/sb_ros2_ws/src/install/action_interfaces/share/action_interfaces/package.ps1'
[3.823s] INFO:colcon.colcon_core.shell:Creating package descriptor '/home/sarah/sb_ros2_ws/src/install/action_interfaces/share/action_interfaces/package.dsv'
[3.823s] INFO:colcon.colcon_core.shell:Creating package script '/home/sarah/sb_ros2_ws/src/install/action_interfaces/share/action_interfaces/package.sh'
[3.824s] INFO:colcon.colcon_core.shell:Creating package script '/home/sarah/sb_ros2_ws/src/install/action_interfaces/share/action_interfaces/package.bash'
[3.824s] INFO:colcon.colcon_core.shell:Creating package script '/home/sarah/sb_ros2_ws/src/install/action_interfaces/share/action_interfaces/package.zsh'
[3.824s] Level 1:colcon.colcon_core.environment:create_file_with_runtime_dependencies(/home/sarah/sb_ros2_ws/src/install/action_interfaces/share/colcon-core/packages/action_interfaces)
[3.824s] DEBUG:colcon.colcon_parallel_executor.executor.parallel:closing loop
[3.824s] DEBUG:colcon.colcon_parallel_executor.executor.parallel:loop closed
[3.824s] DEBUG:colcon.colcon_parallel_executor.executor.parallel:run_until_complete finished with '0'
[3.824s] DEBUG:colcon.colcon_core.event_reactor:joining thread
[3.827s] INFO:colcon.colcon_core.plugin_system:Skipping extension 'colcon_notification.desktop_notification.terminal_notifier': Not used on non-Darwin systems
[3.827s] INFO:colcon.colcon_core.plugin_system:Skipping extension 'colcon_notification.desktop_notification.win32': Not used on non-Windows systems
[3.828s] INFO:colcon.colcon_notification.desktop_notification:Sending desktop notification using 'notify2'
[3.839s] DEBUG:colcon.colcon_core.event_reactor:joined thread
[3.839s] INFO:colcon.colcon_core.shell:Creating prefix script '/home/sarah/sb_ros2_ws/src/install/local_setup.ps1'
[3.840s] INFO:colcon.colcon_core.shell:Creating prefix util module '/home/sarah/sb_ros2_ws/src/install/_local_setup_util_ps1.py'
[3.841s] INFO:colcon.colcon_core.shell:Creating prefix chain script '/home/sarah/sb_ros2_ws/src/install/setup.ps1'
[3.842s] INFO:colcon.colcon_core.shell:Creating prefix script '/home/sarah/sb_ros2_ws/src/install/local_setup.sh'
[3.843s] INFO:colcon.colcon_core.shell:Creating prefix util module '/home/sarah/sb_ros2_ws/src/install/_local_setup_util_sh.py'
[3.843s] INFO:colcon.colcon_core.shell:Creating prefix chain script '/home/sarah/sb_ros2_ws/src/install/setup.sh'
[3.844s] INFO:colcon.colcon_core.shell:Creating prefix script '/home/sarah/sb_ros2_ws/src/install/local_setup.bash'
[3.844s] INFO:colcon.colcon_core.shell:Creating prefix chain script '/home/sarah/sb_ros2_ws/src/install/setup.bash'
[3.845s] INFO:colcon.colcon_core.shell:Creating prefix script '/home/sarah/sb_ros2_ws/src/install/local_setup.zsh'
[3.845s] INFO:colcon.colcon_core.shell:Creating prefix chain script '/home/sarah/sb_ros2_ws/src/install/setup.zsh'
