[0.005s] Invoking command in '/home/sarah/sb_ros2_ws/build/my_cpp_py_pkg': CMAKE_PREFIX_PATH=/opt/ros/humble /usr/bin/cmake --build /home/sarah/sb_ros2_ws/build/my_cpp_py_pkg -- -j32 -l32
[0.043s] [35m[1mConsolidate compiler generated dependencies of target cpp_executable[0m
[0.053s] [ 50%] [32mBuilding CXX object CMakeFiles/cpp_executable.dir/src/cpp_node.cpp.o[0m
[0.059s] [ 50%] Built target ament_cmake_python_copy_my_cpp_py_pkg
[0.069s] [100%] [32m[1mLinking CXX executable cpp_executable[0m
[0.107s] [100%] Built target cpp_executable
[0.174s] running egg_info
[0.174s] writing my_cpp_py_pkg.egg-info/PKG-INFO
[0.174s] writing dependency_links to my_cpp_py_pkg.egg-info/dependency_links.txt
[0.174s] writing top-level names to my_cpp_py_pkg.egg-info/top_level.txt
[0.175s] reading manifest file 'my_cpp_py_pkg.egg-info/SOURCES.txt'
[0.176s] writing manifest file 'my_cpp_py_pkg.egg-info/SOURCES.txt'
[0.189s] [100%] Built target ament_cmake_python_build_my_cpp_py_pkg_egg
[0.196s] Invoked command in '/home/sarah/sb_ros2_ws/build/my_cpp_py_pkg' returned '0': CMAKE_PREFIX_PATH=/opt/ros/humble /usr/bin/cmake --build /home/sarah/sb_ros2_ws/build/my_cpp_py_pkg -- -j32 -l32
[0.202s] Invoking command in '/home/sarah/sb_ros2_ws/build/my_cpp_py_pkg': CMAKE_PREFIX_PATH=/opt/ros/humble /usr/bin/cmake --install /home/sarah/sb_ros2_ws/build/my_cpp_py_pkg
[0.209s] -- Install configuration: ""
[0.209s] -- Installing: /home/sarah/sb_ros2_ws/install/my_cpp_py_pkg/lib/my_cpp_py_pkg/cpp_executable
[0.210s] -- Set runtime path of "/home/sarah/sb_ros2_ws/install/my_cpp_py_pkg/lib/my_cpp_py_pkg/cpp_executable" to ""
[0.210s] -- Installing: /home/sarah/sb_ros2_ws/install/my_cpp_py_pkg/share/my_cpp_py_pkg/environment/pythonpath.sh
[0.210s] -- Installing: /home/sarah/sb_ros2_ws/install/my_cpp_py_pkg/share/my_cpp_py_pkg/environment/pythonpath.dsv
[0.210s] -- Installing: /home/sarah/sb_ros2_ws/install/my_cpp_py_pkg/local/lib/python3.10/dist-packages/my_cpp_py_pkg-0.0.0-py3.10.egg-info
[0.210s] -- Installing: /home/sarah/sb_ros2_ws/install/my_cpp_py_pkg/local/lib/python3.10/dist-packages/my_cpp_py_pkg-0.0.0-py3.10.egg-info/SOURCES.txt
[0.210s] -- Installing: /home/sarah/sb_ros2_ws/install/my_cpp_py_pkg/local/lib/python3.10/dist-packages/my_cpp_py_pkg-0.0.0-py3.10.egg-info/top_level.txt
[0.210s] -- Installing: /home/sarah/sb_ros2_ws/install/my_cpp_py_pkg/local/lib/python3.10/dist-packages/my_cpp_py_pkg-0.0.0-py3.10.egg-info/PKG-INFO
[0.210s] -- Installing: /home/sarah/sb_ros2_ws/install/my_cpp_py_pkg/local/lib/python3.10/dist-packages/my_cpp_py_pkg-0.0.0-py3.10.egg-info/dependency_links.txt
[0.210s] -- Installing: /home/sarah/sb_ros2_ws/install/my_cpp_py_pkg/local/lib/python3.10/dist-packages/my_cpp_py_pkg
[0.210s] -- Installing: /home/sarah/sb_ros2_ws/install/my_cpp_py_pkg/local/lib/python3.10/dist-packages/my_cpp_py_pkg/module_to_import.py
[0.210s] -- Installing: /home/sarah/sb_ros2_ws/install/my_cpp_py_pkg/local/lib/python3.10/dist-packages/my_cpp_py_pkg/__init__.py
[0.236s] Listing '/home/sarah/sb_ros2_ws/install/my_cpp_py_pkg/local/lib/python3.10/dist-packages/my_cpp_py_pkg'...
[0.237s] Compiling '/home/sarah/sb_ros2_ws/install/my_cpp_py_pkg/local/lib/python3.10/dist-packages/my_cpp_py_pkg/__init__.py'...
[0.237s] Compiling '/home/sarah/sb_ros2_ws/install/my_cpp_py_pkg/local/lib/python3.10/dist-packages/my_cpp_py_pkg/module_to_import.py'...
[0.240s] -- Installing: /home/sarah/sb_ros2_ws/install/my_cpp_py_pkg/lib/my_cpp_py_pkg/py_node.py
[0.240s] -- Installing: /home/sarah/sb_ros2_ws/install/my_cpp_py_pkg/share/ament_index/resource_index/package_run_dependencies/my_cpp_py_pkg
[0.241s] -- Installing: /home/sarah/sb_ros2_ws/install/my_cpp_py_pkg/share/ament_index/resource_index/parent_prefix_path/my_cpp_py_pkg
[0.241s] -- Installing: /home/sarah/sb_ros2_ws/install/my_cpp_py_pkg/share/my_cpp_py_pkg/environment/ament_prefix_path.sh
[0.241s] -- Installing: /home/sarah/sb_ros2_ws/install/my_cpp_py_pkg/share/my_cpp_py_pkg/environment/ament_prefix_path.dsv
[0.241s] -- Installing: /home/sarah/sb_ros2_ws/install/my_cpp_py_pkg/share/my_cpp_py_pkg/environment/path.sh
[0.241s] -- Installing: /home/sarah/sb_ros2_ws/install/my_cpp_py_pkg/share/my_cpp_py_pkg/environment/path.dsv
[0.241s] -- Installing: /home/sarah/sb_ros2_ws/install/my_cpp_py_pkg/share/my_cpp_py_pkg/local_setup.bash
[0.241s] -- Installing: /home/sarah/sb_ros2_ws/install/my_cpp_py_pkg/share/my_cpp_py_pkg/local_setup.sh
[0.241s] -- Installing: /home/sarah/sb_ros2_ws/install/my_cpp_py_pkg/share/my_cpp_py_pkg/local_setup.zsh
[0.241s] -- Installing: /home/sarah/sb_ros2_ws/install/my_cpp_py_pkg/share/my_cpp_py_pkg/local_setup.dsv
[0.241s] -- Up-to-date: /home/sarah/sb_ros2_ws/install/my_cpp_py_pkg/share/my_cpp_py_pkg/package.dsv
[0.241s] -- Installing: /home/sarah/sb_ros2_ws/install/my_cpp_py_pkg/share/ament_index/resource_index/packages/my_cpp_py_pkg
[0.241s] -- Installing: /home/sarah/sb_ros2_ws/install/my_cpp_py_pkg/share/my_cpp_py_pkg/cmake/my_cpp_py_pkgConfig.cmake
[0.241s] -- Installing: /home/sarah/sb_ros2_ws/install/my_cpp_py_pkg/share/my_cpp_py_pkg/cmake/my_cpp_py_pkgConfig-version.cmake
[0.241s] -- Installing: /home/sarah/sb_ros2_ws/install/my_cpp_py_pkg/share/my_cpp_py_pkg/package.xml
[0.242s] Invoked command in '/home/sarah/sb_ros2_ws/build/my_cpp_py_pkg' returned '0': CMAKE_PREFIX_PATH=/opt/ros/humble /usr/bin/cmake --install /home/sarah/sb_ros2_ws/build/my_cpp_py_pkg
