[0.119s] Invoking command in '/home/sarah/sb_ros2_ws/build/action_interfaces': CMAKE_PREFIX_PATH=/opt/ros/humble /usr/bin/cmake --build /home/sarah/sb_ros2_ws/build/action_interfaces -- -j32 -l32
[0.132s] -- Found ament_cmake: 1.3.11 (/opt/ros/humble/share/ament_cmake/cmake)
[0.198s] -- Found ament_lint_auto: 0.12.11 (/opt/ros/humble/share/ament_lint_auto/cmake)
[0.230s] -- Found rosidl_default_generators: 1.2.0 (/opt/ros/humble/share/rosidl_default_generators/cmake)
[0.231s] -- Using all available rosidl_typesupport_c: rosidl_typesupport_fastrtps_c;rosidl_typesupport_introspection_c
[0.232s] -- Found rosidl_adapter: 3.1.6 (/opt/ros/humble/share/rosidl_adapter/cmake)
[0.246s] -- Using all available rosidl_typesupport_cpp: rosidl_typesupport_fastrtps_cpp;rosidl_typesupport_introspection_cpp
[0.378s] -- Found ament_cmake_ros: 0.10.0 (/opt/ros/humble/share/ament_cmake_ros/cmake)
[0.473s] -- Using all available rosidl_typesupport_c: rosidl_typesupport_fastrtps_c;rosidl_typesupport_introspection_c
[0.641s] -- Using all available rosidl_typesupport_cpp: rosidl_typesupport_fastrtps_cpp;rosidl_typesupport_introspection_cpp
[0.654s] -- Found python_cmake_module: 0.10.0 (/opt/ros/humble/share/python_cmake_module/cmake)
[0.667s] -- Using PYTHON_EXECUTABLE: /usr/bin/python3
[0.667s] -- Using PYTHON_INCLUDE_DIRS: /usr/include/python3.10
[0.667s] -- Using PYTHON_LIBRARIES: /usr/lib/x86_64-linux-gnu/libpython3.10.so
[0.682s] -- Added test 'lint_cmake' to check CMake code style
[0.682s] -- Added test 'xmllint' to check XML markup files
[0.683s] -- Configuring done
[0.698s] -- Generating done
[0.703s] -- Build files have been written to: /home/sarah/sb_ros2_ws/build/action_interfaces
[0.720s] [  2%] [34m[1mGenerating C code for ROS interfaces[0m
[0.725s] [  4%] [34m[1mGenerating C++ code for ROS interfaces[0m
[0.733s] [  4%] Built target ament_cmake_python_copy_action_interfaces
[0.848s] running egg_info
[0.848s] writing action_interfaces.egg-info/PKG-INFO
[0.849s] writing dependency_links to action_interfaces.egg-info/dependency_links.txt
[0.849s] writing top-level names to action_interfaces.egg-info/top_level.txt
[0.850s] reading manifest file 'action_interfaces.egg-info/SOURCES.txt'
[0.850s] writing manifest file 'action_interfaces.egg-info/SOURCES.txt'
[0.864s] [  4%] Built target ament_cmake_python_build_action_interfaces_egg
[1.171s] [35m[1mConsolidate compiler generated dependencies of target action_interfaces__rosidl_generator_c[0m
[1.177s] [  6%] [32mBuilding C object CMakeFiles/action_interfaces__rosidl_generator_c.dir/rosidl_generator_c/action_interfaces/action/detail/set_cart_pos__functions.c.o[0m
[1.177s] [  8%] [32mBuilding C object CMakeFiles/action_interfaces__rosidl_generator_c.dir/rosidl_generator_c/action_interfaces/action/detail/set_joint_pos__functions.c.o[0m
[1.178s] [ 10%] [32mBuilding C object CMakeFiles/action_interfaces__rosidl_generator_c.dir/rosidl_generator_c/action_interfaces/action/detail/on_robot_gripper__functions.c.o[0m
[1.180s] [ 10%] Built target action_interfaces__cpp
[1.185s] [ 12%] [34m[1mGenerating C++ type support for eProsima Fast-RTPS[0m
[1.186s] [ 14%] [34m[1mGenerating C++ introspection for ROS interfaces[0m
[1.186s] [ 17%] [34m[1mGenerating C++ type support dispatch for ROS interfaces[0m
[1.243s] [ 19%] [32m[1mLinking C shared library libaction_interfaces__rosidl_generator_c.so[0m
[1.265s] [ 19%] Built target action_interfaces__rosidl_generator_c
[1.272s] [ 21%] [34m[1mGenerating C introspection for ROS interfaces[0m
[1.272s] [ 25%] [34m[1mGenerating C type support for eProsima Fast-RTPS[0m
[1.272s] [ 25%] [34m[1mGenerating C type support dispatch for ROS interfaces[0m
[1.467s] [35m[1mConsolidate compiler generated dependencies of target action_interfaces__rosidl_typesupport_cpp[0m
[1.475s] [ 27%] [32mBuilding CXX object CMakeFiles/action_interfaces__rosidl_typesupport_cpp.dir/rosidl_typesupport_cpp/action_interfaces/action/set_cart_pos__type_support.cpp.o[0m
[1.477s] [ 31%] [32mBuilding CXX object CMakeFiles/action_interfaces__rosidl_typesupport_cpp.dir/rosidl_typesupport_cpp/action_interfaces/action/set_joint_pos__type_support.cpp.o[0m
[1.477s] [ 31%] [32mBuilding CXX object CMakeFiles/action_interfaces__rosidl_typesupport_cpp.dir/rosidl_typesupport_cpp/action_interfaces/action/on_robot_gripper__type_support.cpp.o[0m
[1.528s] [35m[1mConsolidate compiler generated dependencies of target action_interfaces__rosidl_typesupport_introspection_cpp[0m
[1.538s] [ 34%] [32mBuilding CXX object CMakeFiles/action_interfaces__rosidl_typesupport_introspection_cpp.dir/rosidl_typesupport_introspection_cpp/action_interfaces/action/detail/set_cart_pos__type_support.cpp.o[0m
[1.538s] [ 36%] [32mBuilding CXX object CMakeFiles/action_interfaces__rosidl_typesupport_introspection_cpp.dir/rosidl_typesupport_introspection_cpp/action_interfaces/action/detail/on_robot_gripper__type_support.cpp.o[0m
[1.538s] [ 38%] [32mBuilding CXX object CMakeFiles/action_interfaces__rosidl_typesupport_introspection_cpp.dir/rosidl_typesupport_introspection_cpp/action_interfaces/action/detail/set_joint_pos__type_support.cpp.o[0m
[1.554s] [35m[1mConsolidate compiler generated dependencies of target action_interfaces__rosidl_typesupport_c[0m
[1.564s] [ 44%] [32mBuilding CXX object CMakeFiles/action_interfaces__rosidl_typesupport_c.dir/rosidl_typesupport_c/action_interfaces/action/on_robot_gripper__type_support.cpp.o[0m
[1.564s] [ 44%] [32mBuilding CXX object CMakeFiles/action_interfaces__rosidl_typesupport_c.dir/rosidl_typesupport_c/action_interfaces/action/set_cart_pos__type_support.cpp.o[0m
[1.564s] [ 44%] [32mBuilding CXX object CMakeFiles/action_interfaces__rosidl_typesupport_c.dir/rosidl_typesupport_c/action_interfaces/action/set_joint_pos__type_support.cpp.o[0m
[1.604s] [ 46%] [32m[1mLinking CXX shared library libaction_interfaces__rosidl_typesupport_c.so[0m
[1.612s] [35m[1mConsolidate compiler generated dependencies of target action_interfaces__rosidl_typesupport_fastrtps_cpp[0m
[1.624s] [ 53%] [32mBuilding CXX object CMakeFiles/action_interfaces__rosidl_typesupport_fastrtps_cpp.dir/rosidl_typesupport_fastrtps_cpp/action_interfaces/action/detail/dds_fastrtps/set_cart_pos__type_support.cpp.o[0m
[1.624s] [ 53%] [32mBuilding CXX object CMakeFiles/action_interfaces__rosidl_typesupport_fastrtps_cpp.dir/rosidl_typesupport_fastrtps_cpp/action_interfaces/action/detail/dds_fastrtps/set_joint_pos__type_support.cpp.o[0m
[1.625s] [ 53%] [32mBuilding CXX object CMakeFiles/action_interfaces__rosidl_typesupport_fastrtps_cpp.dir/rosidl_typesupport_fastrtps_cpp/action_interfaces/action/detail/dds_fastrtps/on_robot_gripper__type_support.cpp.o[0m
[1.640s] [ 53%] Built target action_interfaces__rosidl_typesupport_c
[1.656s] [35m[1mConsolidate compiler generated dependencies of target action_interfaces__rosidl_typesupport_introspection_c[0m
[1.666s] [ 59%] [32mBuilding C object CMakeFiles/action_interfaces__rosidl_typesupport_introspection_c.dir/rosidl_typesupport_introspection_c/action_interfaces/action/detail/on_robot_gripper__type_support.c.o[0m
[1.666s] [ 59%] [32mBuilding C object CMakeFiles/action_interfaces__rosidl_typesupport_introspection_c.dir/rosidl_typesupport_introspection_c/action_interfaces/action/detail/set_cart_pos__type_support.c.o[0m
[1.666s] [ 59%] [32mBuilding C object CMakeFiles/action_interfaces__rosidl_typesupport_introspection_c.dir/rosidl_typesupport_introspection_c/action_interfaces/action/detail/set_joint_pos__type_support.c.o[0m
[1.698s] [35m[1mConsolidate compiler generated dependencies of target action_interfaces__rosidl_typesupport_fastrtps_c[0m
[1.709s] [ 61%] [32mBuilding CXX object CMakeFiles/action_interfaces__rosidl_typesupport_fastrtps_c.dir/rosidl_typesupport_fastrtps_c/action_interfaces/action/detail/on_robot_gripper__type_support_c.cpp.o[0m
[1.709s] [ 68%] [32mBuilding CXX object CMakeFiles/action_interfaces__rosidl_typesupport_fastrtps_c.dir/rosidl_typesupport_fastrtps_c/action_interfaces/action/detail/set_joint_pos__type_support_c.cpp.o[0m
[1.709s] [ 68%] [32m[1mLinking C shared library libaction_interfaces__rosidl_typesupport_introspection_c.so[0m
[1.709s] [ 68%] [32mBuilding CXX object CMakeFiles/action_interfaces__rosidl_typesupport_fastrtps_c.dir/rosidl_typesupport_fastrtps_c/action_interfaces/action/detail/set_cart_pos__type_support_c.cpp.o[0m
[1.735s] [ 68%] Built target action_interfaces__rosidl_typesupport_introspection_c
[1.740s] [ 70%] [32m[1mLinking CXX shared library libaction_interfaces__rosidl_typesupport_cpp.so[0m
[1.770s] [ 70%] Built target action_interfaces__rosidl_typesupport_cpp
[1.879s] [ 72%] [32m[1mLinking CXX shared library libaction_interfaces__rosidl_typesupport_introspection_cpp.so[0m
[1.947s] [ 72%] Built target action_interfaces__rosidl_typesupport_introspection_cpp
[1.960s] [ 74%] [32m[1mLinking CXX shared library libaction_interfaces__rosidl_typesupport_fastrtps_c.so[0m
[1.999s] [ 76%] [32m[1mLinking CXX shared library libaction_interfaces__rosidl_typesupport_fastrtps_cpp.so[0m
[2.003s] [ 76%] Built target action_interfaces__rosidl_typesupport_fastrtps_c
[2.041s] [ 76%] Built target action_interfaces__rosidl_typesupport_fastrtps_cpp
[2.051s] [ 76%] Built target action_interfaces
[2.066s] [ 78%] [34m[1mGenerating Python code for ROS interfaces[0m
[2.890s] [ 78%] Built target action_interfaces__py
[2.897s] [35m[1mConsolidate compiler generated dependencies of target action_interfaces__rosidl_generator_py[0m
[2.907s] [ 80%] [32mBuilding C object CMakeFiles/action_interfaces__rosidl_generator_py.dir/rosidl_generator_py/action_interfaces/action/_set_joint_pos_s.c.o[0m
[2.907s] [ 82%] [32mBuilding C object CMakeFiles/action_interfaces__rosidl_generator_py.dir/rosidl_generator_py/action_interfaces/action/_set_cart_pos_s.c.o[0m
[2.908s] [ 85%] [32mBuilding C object CMakeFiles/action_interfaces__rosidl_generator_py.dir/rosidl_generator_py/action_interfaces/action/_on_robot_gripper_s.c.o[0m
[2.980s] [ 87%] [32m[1mLinking C shared library rosidl_generator_py/action_interfaces/libaction_interfaces__rosidl_generator_py.so[0m
[3.005s] [ 87%] Built target action_interfaces__rosidl_generator_py
[3.018s] [35m[1mConsolidate compiler generated dependencies of target action_interfaces__rosidl_typesupport_fastrtps_c__pyext[0m
[3.019s] [35m[1mConsolidate compiler generated dependencies of target action_interfaces__rosidl_typesupport_c__pyext[0m
[3.019s] [35m[1mConsolidate compiler generated dependencies of target action_interfaces__rosidl_typesupport_introspection_c__pyext[0m
[3.029s] [ 89%] [32mBuilding C object CMakeFiles/action_interfaces__rosidl_typesupport_fastrtps_c__pyext.dir/rosidl_generator_py/action_interfaces/_action_interfaces_s.ep.rosidl_typesupport_fastrtps_c.c.o[0m
[3.029s] [ 93%] [32mBuilding C object CMakeFiles/action_interfaces__rosidl_typesupport_introspection_c__pyext.dir/rosidl_generator_py/action_interfaces/_action_interfaces_s.ep.rosidl_typesupport_introspection_c.c.o[0m
[3.029s] [ 93%] [32mBuilding C object CMakeFiles/action_interfaces__rosidl_typesupport_c__pyext.dir/rosidl_generator_py/action_interfaces/_action_interfaces_s.ep.rosidl_typesupport_c.c.o[0m
[3.112s] [ 97%] [32m[1mLinking C shared library rosidl_generator_py/action_interfaces/action_interfaces_s__rosidl_typesupport_fastrtps_c.cpython-310-x86_64-linux-gnu.so[0m
[3.112s] [ 97%] [32m[1mLinking C shared library rosidl_generator_py/action_interfaces/action_interfaces_s__rosidl_typesupport_introspection_c.cpython-310-x86_64-linux-gnu.so[0m
[3.113s] [100%] [32m[1mLinking C shared library rosidl_generator_py/action_interfaces/action_interfaces_s__rosidl_typesupport_c.cpython-310-x86_64-linux-gnu.so[0m
[3.138s] [100%] Built target action_interfaces__rosidl_typesupport_introspection_c__pyext
[3.139s] [100%] Built target action_interfaces__rosidl_typesupport_c__pyext
[3.140s] [100%] Built target action_interfaces__rosidl_typesupport_fastrtps_c__pyext
[3.148s] Invoked command in '/home/sarah/sb_ros2_ws/build/action_interfaces' returned '0': CMAKE_PREFIX_PATH=/opt/ros/humble /usr/bin/cmake --build /home/sarah/sb_ros2_ws/build/action_interfaces -- -j32 -l32
[3.150s] Invoking command in '/home/sarah/sb_ros2_ws/build/action_interfaces': CMAKE_PREFIX_PATH=/opt/ros/humble /usr/bin/cmake --install /home/sarah/sb_ros2_ws/build/action_interfaces
[3.161s] -- Install configuration: ""
[3.161s] -- Installing: /home/sarah/sb_ros2_ws/install/action_interfaces/share/ament_index/resource_index/rosidl_interfaces/action_interfaces
[3.161s] -- Up-to-date: /home/sarah/sb_ros2_ws/install/action_interfaces/include/action_interfaces/action_interfaces
[3.161s] -- Up-to-date: /home/sarah/sb_ros2_ws/install/action_interfaces/include/action_interfaces/action_interfaces/msg
[3.162s] -- Up-to-date: /home/sarah/sb_ros2_ws/install/action_interfaces/include/action_interfaces/action_interfaces/msg/rosidl_generator_c__visibility_control.h
[3.162s] -- Up-to-date: /home/sarah/sb_ros2_ws/install/action_interfaces/include/action_interfaces/action_interfaces/action
[3.162s] -- Installing: /home/sarah/sb_ros2_ws/install/action_interfaces/include/action_interfaces/action_interfaces/action/on_robot_gripper.h
[3.162s] -- Installing: /home/sarah/sb_ros2_ws/install/action_interfaces/include/action_interfaces/action_interfaces/action/set_cart_pos.h
[3.162s] -- Up-to-date: /home/sarah/sb_ros2_ws/install/action_interfaces/include/action_interfaces/action_interfaces/action/detail
[3.162s] -- Installing: /home/sarah/sb_ros2_ws/install/action_interfaces/include/action_interfaces/action_interfaces/action/detail/on_robot_gripper__struct.h
[3.162s] -- Installing: /home/sarah/sb_ros2_ws/install/action_interfaces/include/action_interfaces/action_interfaces/action/detail/set_joint_pos__functions.h
[3.162s] -- Installing: /home/sarah/sb_ros2_ws/install/action_interfaces/include/action_interfaces/action_interfaces/action/detail/on_robot_gripper__type_support.h
[3.162s] -- Installing: /home/sarah/sb_ros2_ws/install/action_interfaces/include/action_interfaces/action_interfaces/action/detail/set_joint_pos__functions.c
[3.162s] -- Installing: /home/sarah/sb_ros2_ws/install/action_interfaces/include/action_interfaces/action_interfaces/action/detail/set_cart_pos__functions.h
[3.162s] -- Installing: /home/sarah/sb_ros2_ws/install/action_interfaces/include/action_interfaces/action_interfaces/action/detail/set_cart_pos__functions.c
[3.162s] -- Installing: /home/sarah/sb_ros2_ws/install/action_interfaces/include/action_interfaces/action_interfaces/action/detail/set_joint_pos__struct.h
[3.162s] -- Installing: /home/sarah/sb_ros2_ws/install/action_interfaces/include/action_interfaces/action_interfaces/action/detail/on_robot_gripper__functions.h
[3.163s] -- Installing: /home/sarah/sb_ros2_ws/install/action_interfaces/include/action_interfaces/action_interfaces/action/detail/on_robot_gripper__functions.c
[3.163s] -- Installing: /home/sarah/sb_ros2_ws/install/action_interfaces/include/action_interfaces/action_interfaces/action/detail/set_cart_pos__struct.h
[3.163s] -- Installing: /home/sarah/sb_ros2_ws/install/action_interfaces/include/action_interfaces/action_interfaces/action/detail/set_joint_pos__type_support.h
[3.163s] -- Installing: /home/sarah/sb_ros2_ws/install/action_interfaces/include/action_interfaces/action_interfaces/action/detail/set_cart_pos__type_support.h
[3.163s] -- Installing: /home/sarah/sb_ros2_ws/install/action_interfaces/include/action_interfaces/action_interfaces/action/set_joint_pos.h
[3.163s] -- Up-to-date: /home/sarah/sb_ros2_ws/install/action_interfaces/share/action_interfaces/environment/library_path.sh
[3.163s] -- Installing: /home/sarah/sb_ros2_ws/install/action_interfaces/share/action_interfaces/environment/library_path.dsv
[3.163s] -- Installing: /home/sarah/sb_ros2_ws/install/action_interfaces/lib/libaction_interfaces__rosidl_generator_c.so
[3.163s] -- Set runtime path of "/home/sarah/sb_ros2_ws/install/action_interfaces/lib/libaction_interfaces__rosidl_generator_c.so" to ""
[3.163s] -- Up-to-date: /home/sarah/sb_ros2_ws/install/action_interfaces/include/action_interfaces/action_interfaces
[3.163s] -- Up-to-date: /home/sarah/sb_ros2_ws/install/action_interfaces/include/action_interfaces/action_interfaces/msg
[3.163s] -- Up-to-date: /home/sarah/sb_ros2_ws/install/action_interfaces/include/action_interfaces/action_interfaces/msg/rosidl_typesupport_fastrtps_c__visibility_control.h
[3.163s] -- Up-to-date: /home/sarah/sb_ros2_ws/install/action_interfaces/include/action_interfaces/action_interfaces/action
[3.163s] -- Up-to-date: /home/sarah/sb_ros2_ws/install/action_interfaces/include/action_interfaces/action_interfaces/action/detail
[3.164s] -- Installing: /home/sarah/sb_ros2_ws/install/action_interfaces/include/action_interfaces/action_interfaces/action/detail/on_robot_gripper__rosidl_typesupport_fastrtps_c.h
[3.164s] -- Installing: /home/sarah/sb_ros2_ws/install/action_interfaces/include/action_interfaces/action_interfaces/action/detail/set_cart_pos__rosidl_typesupport_fastrtps_c.h
[3.164s] -- Installing: /home/sarah/sb_ros2_ws/install/action_interfaces/include/action_interfaces/action_interfaces/action/detail/set_joint_pos__rosidl_typesupport_fastrtps_c.h
[3.164s] -- Installing: /home/sarah/sb_ros2_ws/install/action_interfaces/lib/libaction_interfaces__rosidl_typesupport_fastrtps_c.so
[3.164s] -- Set runtime path of "/home/sarah/sb_ros2_ws/install/action_interfaces/lib/libaction_interfaces__rosidl_typesupport_fastrtps_c.so" to ""
[3.164s] -- Up-to-date: /home/sarah/sb_ros2_ws/install/action_interfaces/include/action_interfaces/action_interfaces
[3.164s] -- Up-to-date: /home/sarah/sb_ros2_ws/install/action_interfaces/include/action_interfaces/action_interfaces/msg
[3.164s] -- Up-to-date: /home/sarah/sb_ros2_ws/install/action_interfaces/include/action_interfaces/action_interfaces/msg/rosidl_typesupport_introspection_c__visibility_control.h
[3.164s] -- Up-to-date: /home/sarah/sb_ros2_ws/install/action_interfaces/include/action_interfaces/action_interfaces/action
[3.164s] -- Up-to-date: /home/sarah/sb_ros2_ws/install/action_interfaces/include/action_interfaces/action_interfaces/action/detail
[3.164s] -- Installing: /home/sarah/sb_ros2_ws/install/action_interfaces/include/action_interfaces/action_interfaces/action/detail/set_joint_pos__rosidl_typesupport_introspection_c.h
[3.164s] -- Installing: /home/sarah/sb_ros2_ws/install/action_interfaces/include/action_interfaces/action_interfaces/action/detail/on_robot_gripper__rosidl_typesupport_introspection_c.h
[3.165s] -- Installing: /home/sarah/sb_ros2_ws/install/action_interfaces/include/action_interfaces/action_interfaces/action/detail/on_robot_gripper__type_support.c
[3.165s] -- Installing: /home/sarah/sb_ros2_ws/install/action_interfaces/include/action_interfaces/action_interfaces/action/detail/set_joint_pos__type_support.c
[3.165s] -- Installing: /home/sarah/sb_ros2_ws/install/action_interfaces/include/action_interfaces/action_interfaces/action/detail/set_cart_pos__rosidl_typesupport_introspection_c.h
[3.165s] -- Installing: /home/sarah/sb_ros2_ws/install/action_interfaces/include/action_interfaces/action_interfaces/action/detail/set_cart_pos__type_support.c
[3.165s] -- Installing: /home/sarah/sb_ros2_ws/install/action_interfaces/lib/libaction_interfaces__rosidl_typesupport_introspection_c.so
[3.165s] -- Set runtime path of "/home/sarah/sb_ros2_ws/install/action_interfaces/lib/libaction_interfaces__rosidl_typesupport_introspection_c.so" to ""
[3.165s] -- Installing: /home/sarah/sb_ros2_ws/install/action_interfaces/lib/libaction_interfaces__rosidl_typesupport_c.so
[3.166s] -- Set runtime path of "/home/sarah/sb_ros2_ws/install/action_interfaces/lib/libaction_interfaces__rosidl_typesupport_c.so" to ""
[3.166s] -- Up-to-date: /home/sarah/sb_ros2_ws/install/action_interfaces/include/action_interfaces/action_interfaces
[3.166s] -- Up-to-date: /home/sarah/sb_ros2_ws/install/action_interfaces/include/action_interfaces/action_interfaces/msg
[3.166s] -- Up-to-date: /home/sarah/sb_ros2_ws/install/action_interfaces/include/action_interfaces/action_interfaces/msg/rosidl_generator_cpp__visibility_control.hpp
[3.166s] -- Up-to-date: /home/sarah/sb_ros2_ws/install/action_interfaces/include/action_interfaces/action_interfaces/action
[3.166s] -- Installing: /home/sarah/sb_ros2_ws/install/action_interfaces/include/action_interfaces/action_interfaces/action/on_robot_gripper.hpp
[3.166s] -- Installing: /home/sarah/sb_ros2_ws/install/action_interfaces/include/action_interfaces/action_interfaces/action/set_joint_pos.hpp
[3.166s] -- Installing: /home/sarah/sb_ros2_ws/install/action_interfaces/include/action_interfaces/action_interfaces/action/set_cart_pos.hpp
[3.166s] -- Up-to-date: /home/sarah/sb_ros2_ws/install/action_interfaces/include/action_interfaces/action_interfaces/action/detail
[3.166s] -- Installing: /home/sarah/sb_ros2_ws/install/action_interfaces/include/action_interfaces/action_interfaces/action/detail/set_cart_pos__traits.hpp
[3.167s] -- Installing: /home/sarah/sb_ros2_ws/install/action_interfaces/include/action_interfaces/action_interfaces/action/detail/set_cart_pos__struct.hpp
[3.167s] -- Installing: /home/sarah/sb_ros2_ws/install/action_interfaces/include/action_interfaces/action_interfaces/action/detail/set_joint_pos__type_support.hpp
[3.167s] -- Installing: /home/sarah/sb_ros2_ws/install/action_interfaces/include/action_interfaces/action_interfaces/action/detail/set_joint_pos__builder.hpp
[3.167s] -- Installing: /home/sarah/sb_ros2_ws/install/action_interfaces/include/action_interfaces/action_interfaces/action/detail/set_joint_pos__traits.hpp
[3.167s] -- Installing: /home/sarah/sb_ros2_ws/install/action_interfaces/include/action_interfaces/action_interfaces/action/detail/set_joint_pos__struct.hpp
[3.167s] -- Installing: /home/sarah/sb_ros2_ws/install/action_interfaces/include/action_interfaces/action_interfaces/action/detail/set_cart_pos__builder.hpp
[3.167s] -- Installing: /home/sarah/sb_ros2_ws/install/action_interfaces/include/action_interfaces/action_interfaces/action/detail/on_robot_gripper__traits.hpp
[3.167s] -- Installing: /home/sarah/sb_ros2_ws/install/action_interfaces/include/action_interfaces/action_interfaces/action/detail/on_robot_gripper__builder.hpp
[3.167s] -- Installing: /home/sarah/sb_ros2_ws/install/action_interfaces/include/action_interfaces/action_interfaces/action/detail/on_robot_gripper__struct.hpp
[3.167s] -- Installing: /home/sarah/sb_ros2_ws/install/action_interfaces/include/action_interfaces/action_interfaces/action/detail/on_robot_gripper__type_support.hpp
[3.168s] -- Installing: /home/sarah/sb_ros2_ws/install/action_interfaces/include/action_interfaces/action_interfaces/action/detail/set_cart_pos__type_support.hpp
[3.168s] -- Up-to-date: /home/sarah/sb_ros2_ws/install/action_interfaces/include/action_interfaces/action_interfaces
[3.168s] -- Up-to-date: /home/sarah/sb_ros2_ws/install/action_interfaces/include/action_interfaces/action_interfaces/msg
[3.168s] -- Up-to-date: /home/sarah/sb_ros2_ws/install/action_interfaces/include/action_interfaces/action_interfaces/msg/rosidl_typesupport_fastrtps_cpp__visibility_control.h
[3.168s] -- Up-to-date: /home/sarah/sb_ros2_ws/install/action_interfaces/include/action_interfaces/action_interfaces/action
[3.168s] -- Up-to-date: /home/sarah/sb_ros2_ws/install/action_interfaces/include/action_interfaces/action_interfaces/action/detail
[3.168s] -- Installing: /home/sarah/sb_ros2_ws/install/action_interfaces/include/action_interfaces/action_interfaces/action/detail/on_robot_gripper__rosidl_typesupport_fastrtps_cpp.hpp
[3.168s] -- Up-to-date: /home/sarah/sb_ros2_ws/install/action_interfaces/include/action_interfaces/action_interfaces/action/detail/dds_fastrtps
[3.168s] -- Installing: /home/sarah/sb_ros2_ws/install/action_interfaces/include/action_interfaces/action_interfaces/action/detail/set_joint_pos__rosidl_typesupport_fastrtps_cpp.hpp
[3.168s] -- Installing: /home/sarah/sb_ros2_ws/install/action_interfaces/include/action_interfaces/action_interfaces/action/detail/set_cart_pos__rosidl_typesupport_fastrtps_cpp.hpp
[3.168s] -- Installing: /home/sarah/sb_ros2_ws/install/action_interfaces/lib/libaction_interfaces__rosidl_typesupport_fastrtps_cpp.so
[3.169s] -- Set runtime path of "/home/sarah/sb_ros2_ws/install/action_interfaces/lib/libaction_interfaces__rosidl_typesupport_fastrtps_cpp.so" to ""
[3.169s] -- Up-to-date: /home/sarah/sb_ros2_ws/install/action_interfaces/include/action_interfaces/action_interfaces
[3.169s] -- Up-to-date: /home/sarah/sb_ros2_ws/install/action_interfaces/include/action_interfaces/action_interfaces/action
[3.169s] -- Up-to-date: /home/sarah/sb_ros2_ws/install/action_interfaces/include/action_interfaces/action_interfaces/action/detail
[3.169s] -- Installing: /home/sarah/sb_ros2_ws/install/action_interfaces/include/action_interfaces/action_interfaces/action/detail/set_cart_pos__rosidl_typesupport_introspection_cpp.hpp
[3.169s] -- Installing: /home/sarah/sb_ros2_ws/install/action_interfaces/include/action_interfaces/action_interfaces/action/detail/on_robot_gripper__type_support.cpp
[3.169s] -- Installing: /home/sarah/sb_ros2_ws/install/action_interfaces/include/action_interfaces/action_interfaces/action/detail/set_joint_pos__type_support.cpp
[3.169s] -- Installing: /home/sarah/sb_ros2_ws/install/action_interfaces/include/action_interfaces/action_interfaces/action/detail/on_robot_gripper__rosidl_typesupport_introspection_cpp.hpp
[3.169s] -- Installing: /home/sarah/sb_ros2_ws/install/action_interfaces/include/action_interfaces/action_interfaces/action/detail/set_cart_pos__type_support.cpp
[3.169s] -- Installing: /home/sarah/sb_ros2_ws/install/action_interfaces/include/action_interfaces/action_interfaces/action/detail/set_joint_pos__rosidl_typesupport_introspection_cpp.hpp
[3.170s] -- Installing: /home/sarah/sb_ros2_ws/install/action_interfaces/lib/libaction_interfaces__rosidl_typesupport_introspection_cpp.so
[3.170s] -- Set runtime path of "/home/sarah/sb_ros2_ws/install/action_interfaces/lib/libaction_interfaces__rosidl_typesupport_introspection_cpp.so" to ""
[3.170s] -- Installing: /home/sarah/sb_ros2_ws/install/action_interfaces/lib/libaction_interfaces__rosidl_typesupport_cpp.so
[3.170s] -- Set runtime path of "/home/sarah/sb_ros2_ws/install/action_interfaces/lib/libaction_interfaces__rosidl_typesupport_cpp.so" to ""
[3.170s] -- Up-to-date: /home/sarah/sb_ros2_ws/install/action_interfaces/share/action_interfaces/environment/pythonpath.sh
[3.171s] -- Installing: /home/sarah/sb_ros2_ws/install/action_interfaces/share/action_interfaces/environment/pythonpath.dsv
[3.171s] -- Up-to-date: /home/sarah/sb_ros2_ws/install/action_interfaces/local/lib/python3.10/dist-packages/action_interfaces-0.0.0-py3.10.egg-info
[3.171s] -- Installing: /home/sarah/sb_ros2_ws/install/action_interfaces/local/lib/python3.10/dist-packages/action_interfaces-0.0.0-py3.10.egg-info/SOURCES.txt
[3.171s] -- Installing: /home/sarah/sb_ros2_ws/install/action_interfaces/local/lib/python3.10/dist-packages/action_interfaces-0.0.0-py3.10.egg-info/top_level.txt
[3.171s] -- Installing: /home/sarah/sb_ros2_ws/install/action_interfaces/local/lib/python3.10/dist-packages/action_interfaces-0.0.0-py3.10.egg-info/PKG-INFO
[3.171s] -- Installing: /home/sarah/sb_ros2_ws/install/action_interfaces/local/lib/python3.10/dist-packages/action_interfaces-0.0.0-py3.10.egg-info/dependency_links.txt
[3.171s] -- Up-to-date: /home/sarah/sb_ros2_ws/install/action_interfaces/local/lib/python3.10/dist-packages/action_interfaces
[3.171s] -- Installing: /home/sarah/sb_ros2_ws/install/action_interfaces/local/lib/python3.10/dist-packages/action_interfaces/_action_interfaces_s.ep.rosidl_typesupport_introspection_c.c
[3.171s] -- Installing: /home/sarah/sb_ros2_ws/install/action_interfaces/local/lib/python3.10/dist-packages/action_interfaces/action_interfaces_s__rosidl_typesupport_c.cpython-310-x86_64-linux-gnu.so
[3.171s] -- Installing: /home/sarah/sb_ros2_ws/install/action_interfaces/local/lib/python3.10/dist-packages/action_interfaces/__init__.py
[3.171s] -- Installing: /home/sarah/sb_ros2_ws/install/action_interfaces/local/lib/python3.10/dist-packages/action_interfaces/action_interfaces_s__rosidl_typesupport_introspection_c.cpython-310-x86_64-linux-gnu.so
[3.171s] -- Installing: /home/sarah/sb_ros2_ws/install/action_interfaces/local/lib/python3.10/dist-packages/action_interfaces/_action_interfaces_s.ep.rosidl_typesupport_fastrtps_c.c
[3.172s] -- Up-to-date: /home/sarah/sb_ros2_ws/install/action_interfaces/local/lib/python3.10/dist-packages/action_interfaces/action
[3.172s] -- Installing: /home/sarah/sb_ros2_ws/install/action_interfaces/local/lib/python3.10/dist-packages/action_interfaces/action/_set_joint_pos.py
[3.172s] -- Installing: /home/sarah/sb_ros2_ws/install/action_interfaces/local/lib/python3.10/dist-packages/action_interfaces/action/_on_robot_gripper_s.c
[3.172s] -- Installing: /home/sarah/sb_ros2_ws/install/action_interfaces/local/lib/python3.10/dist-packages/action_interfaces/action/__init__.py
[3.172s] -- Installing: /home/sarah/sb_ros2_ws/install/action_interfaces/local/lib/python3.10/dist-packages/action_interfaces/action/_set_cart_pos_s.c
[3.172s] -- Installing: /home/sarah/sb_ros2_ws/install/action_interfaces/local/lib/python3.10/dist-packages/action_interfaces/action/_set_joint_pos_s.c
[3.172s] -- Installing: /home/sarah/sb_ros2_ws/install/action_interfaces/local/lib/python3.10/dist-packages/action_interfaces/action/_set_cart_pos.py
[3.172s] -- Installing: /home/sarah/sb_ros2_ws/install/action_interfaces/local/lib/python3.10/dist-packages/action_interfaces/action/_on_robot_gripper.py
[3.172s] -- Installing: /home/sarah/sb_ros2_ws/install/action_interfaces/local/lib/python3.10/dist-packages/action_interfaces/_action_interfaces_s.ep.rosidl_typesupport_c.c
[3.172s] -- Installing: /home/sarah/sb_ros2_ws/install/action_interfaces/local/lib/python3.10/dist-packages/action_interfaces/action_interfaces_s__rosidl_typesupport_fastrtps_c.cpython-310-x86_64-linux-gnu.so
[3.173s] -- Installing: /home/sarah/sb_ros2_ws/install/action_interfaces/local/lib/python3.10/dist-packages/action_interfaces/libaction_interfaces__rosidl_generator_py.so
[3.198s] Listing '/home/sarah/sb_ros2_ws/install/action_interfaces/local/lib/python3.10/dist-packages/action_interfaces'...
[3.198s] Compiling '/home/sarah/sb_ros2_ws/install/action_interfaces/local/lib/python3.10/dist-packages/action_interfaces/__init__.py'...
[3.198s] Listing '/home/sarah/sb_ros2_ws/install/action_interfaces/local/lib/python3.10/dist-packages/action_interfaces/action'...
[3.198s] Compiling '/home/sarah/sb_ros2_ws/install/action_interfaces/local/lib/python3.10/dist-packages/action_interfaces/action/__init__.py'...
[3.198s] Compiling '/home/sarah/sb_ros2_ws/install/action_interfaces/local/lib/python3.10/dist-packages/action_interfaces/action/_on_robot_gripper.py'...
[3.198s] Compiling '/home/sarah/sb_ros2_ws/install/action_interfaces/local/lib/python3.10/dist-packages/action_interfaces/action/_set_cart_pos.py'...
[3.198s] Compiling '/home/sarah/sb_ros2_ws/install/action_interfaces/local/lib/python3.10/dist-packages/action_interfaces/action/_set_joint_pos.py'...
[3.200s] -- Installing: /home/sarah/sb_ros2_ws/install/action_interfaces/local/lib/python3.10/dist-packages/action_interfaces/action_interfaces_s__rosidl_typesupport_fastrtps_c.cpython-310-x86_64-linux-gnu.so
[3.200s] -- Set runtime path of "/home/sarah/sb_ros2_ws/install/action_interfaces/local/lib/python3.10/dist-packages/action_interfaces/action_interfaces_s__rosidl_typesupport_fastrtps_c.cpython-310-x86_64-linux-gnu.so" to ""
[3.200s] -- Installing: /home/sarah/sb_ros2_ws/install/action_interfaces/local/lib/python3.10/dist-packages/action_interfaces/action_interfaces_s__rosidl_typesupport_introspection_c.cpython-310-x86_64-linux-gnu.so
[3.200s] -- Set runtime path of "/home/sarah/sb_ros2_ws/install/action_interfaces/local/lib/python3.10/dist-packages/action_interfaces/action_interfaces_s__rosidl_typesupport_introspection_c.cpython-310-x86_64-linux-gnu.so" to ""
[3.200s] -- Installing: /home/sarah/sb_ros2_ws/install/action_interfaces/local/lib/python3.10/dist-packages/action_interfaces/action_interfaces_s__rosidl_typesupport_c.cpython-310-x86_64-linux-gnu.so
[3.200s] -- Set runtime path of "/home/sarah/sb_ros2_ws/install/action_interfaces/local/lib/python3.10/dist-packages/action_interfaces/action_interfaces_s__rosidl_typesupport_c.cpython-310-x86_64-linux-gnu.so" to ""
[3.200s] -- Installing: /home/sarah/sb_ros2_ws/install/action_interfaces/lib/libaction_interfaces__rosidl_generator_py.so
[3.201s] -- Set runtime path of "/home/sarah/sb_ros2_ws/install/action_interfaces/lib/libaction_interfaces__rosidl_generator_py.so" to ""
[3.201s] -- Up-to-date: /home/sarah/sb_ros2_ws/install/action_interfaces/share/action_interfaces/action/SetCartPos.idl
[3.201s] -- Up-to-date: /home/sarah/sb_ros2_ws/install/action_interfaces/share/action_interfaces/action/SetJointPos.idl
[3.201s] -- Installing: /home/sarah/sb_ros2_ws/install/action_interfaces/share/action_interfaces/action/OnRobotGripper.idl
[3.201s] -- Up-to-date: /home/sarah/sb_ros2_ws/install/action_interfaces/share/action_interfaces/action/SetCartPos.action
[3.201s] -- Up-to-date: /home/sarah/sb_ros2_ws/install/action_interfaces/share/action_interfaces/action/SetJointPos.action
[3.201s] -- Installing: /home/sarah/sb_ros2_ws/install/action_interfaces/share/action_interfaces/action/OnRobotGripper.action
[3.201s] -- Up-to-date: /home/sarah/sb_ros2_ws/install/action_interfaces/share/ament_index/resource_index/package_run_dependencies/action_interfaces
[3.201s] -- Up-to-date: /home/sarah/sb_ros2_ws/install/action_interfaces/share/ament_index/resource_index/parent_prefix_path/action_interfaces
[3.201s] -- Up-to-date: /home/sarah/sb_ros2_ws/install/action_interfaces/share/action_interfaces/environment/ament_prefix_path.sh
[3.201s] -- Installing: /home/sarah/sb_ros2_ws/install/action_interfaces/share/action_interfaces/environment/ament_prefix_path.dsv
[3.201s] -- Up-to-date: /home/sarah/sb_ros2_ws/install/action_interfaces/share/action_interfaces/environment/path.sh
[3.201s] -- Installing: /home/sarah/sb_ros2_ws/install/action_interfaces/share/action_interfaces/environment/path.dsv
[3.201s] -- Up-to-date: /home/sarah/sb_ros2_ws/install/action_interfaces/share/action_interfaces/local_setup.bash
[3.201s] -- Up-to-date: /home/sarah/sb_ros2_ws/install/action_interfaces/share/action_interfaces/local_setup.sh
[3.201s] -- Up-to-date: /home/sarah/sb_ros2_ws/install/action_interfaces/share/action_interfaces/local_setup.zsh
[3.201s] -- Installing: /home/sarah/sb_ros2_ws/install/action_interfaces/share/action_interfaces/local_setup.dsv
[3.201s] -- Installing: /home/sarah/sb_ros2_ws/install/action_interfaces/share/action_interfaces/package.dsv
[3.201s] -- Up-to-date: /home/sarah/sb_ros2_ws/install/action_interfaces/share/ament_index/resource_index/packages/action_interfaces
[3.201s] -- Up-to-date: /home/sarah/sb_ros2_ws/install/action_interfaces/share/action_interfaces/cmake/export_action_interfaces__rosidl_generator_cExport.cmake
[3.201s] -- Up-to-date: /home/sarah/sb_ros2_ws/install/action_interfaces/share/action_interfaces/cmake/export_action_interfaces__rosidl_generator_cExport-noconfig.cmake
[3.201s] -- Up-to-date: /home/sarah/sb_ros2_ws/install/action_interfaces/share/action_interfaces/cmake/export_action_interfaces__rosidl_typesupport_fastrtps_cExport.cmake
[3.201s] -- Up-to-date: /home/sarah/sb_ros2_ws/install/action_interfaces/share/action_interfaces/cmake/export_action_interfaces__rosidl_typesupport_fastrtps_cExport-noconfig.cmake
[3.201s] -- Up-to-date: /home/sarah/sb_ros2_ws/install/action_interfaces/share/action_interfaces/cmake/action_interfaces__rosidl_typesupport_introspection_cExport.cmake
[3.201s] -- Up-to-date: /home/sarah/sb_ros2_ws/install/action_interfaces/share/action_interfaces/cmake/action_interfaces__rosidl_typesupport_introspection_cExport-noconfig.cmake
[3.201s] -- Up-to-date: /home/sarah/sb_ros2_ws/install/action_interfaces/share/action_interfaces/cmake/action_interfaces__rosidl_typesupport_cExport.cmake
[3.201s] -- Up-to-date: /home/sarah/sb_ros2_ws/install/action_interfaces/share/action_interfaces/cmake/action_interfaces__rosidl_typesupport_cExport-noconfig.cmake
[3.201s] -- Up-to-date: /home/sarah/sb_ros2_ws/install/action_interfaces/share/action_interfaces/cmake/export_action_interfaces__rosidl_generator_cppExport.cmake
[3.201s] -- Up-to-date: /home/sarah/sb_ros2_ws/install/action_interfaces/share/action_interfaces/cmake/export_action_interfaces__rosidl_typesupport_fastrtps_cppExport.cmake
[3.201s] -- Up-to-date: /home/sarah/sb_ros2_ws/install/action_interfaces/share/action_interfaces/cmake/export_action_interfaces__rosidl_typesupport_fastrtps_cppExport-noconfig.cmake
[3.201s] -- Up-to-date: /home/sarah/sb_ros2_ws/install/action_interfaces/share/action_interfaces/cmake/action_interfaces__rosidl_typesupport_introspection_cppExport.cmake
[3.201s] -- Up-to-date: /home/sarah/sb_ros2_ws/install/action_interfaces/share/action_interfaces/cmake/action_interfaces__rosidl_typesupport_introspection_cppExport-noconfig.cmake
[3.201s] -- Up-to-date: /home/sarah/sb_ros2_ws/install/action_interfaces/share/action_interfaces/cmake/action_interfaces__rosidl_typesupport_cppExport.cmake
[3.201s] -- Up-to-date: /home/sarah/sb_ros2_ws/install/action_interfaces/share/action_interfaces/cmake/action_interfaces__rosidl_typesupport_cppExport-noconfig.cmake
[3.201s] -- Up-to-date: /home/sarah/sb_ros2_ws/install/action_interfaces/share/action_interfaces/cmake/export_action_interfaces__rosidl_generator_pyExport.cmake
[3.202s] -- Up-to-date: /home/sarah/sb_ros2_ws/install/action_interfaces/share/action_interfaces/cmake/export_action_interfaces__rosidl_generator_pyExport-noconfig.cmake
[3.202s] -- Installing: /home/sarah/sb_ros2_ws/install/action_interfaces/share/action_interfaces/cmake/rosidl_cmake-extras.cmake
[3.202s] -- Up-to-date: /home/sarah/sb_ros2_ws/install/action_interfaces/share/action_interfaces/cmake/ament_cmake_export_dependencies-extras.cmake
[3.202s] -- Up-to-date: /home/sarah/sb_ros2_ws/install/action_interfaces/share/action_interfaces/cmake/ament_cmake_export_include_directories-extras.cmake
[3.202s] -- Up-to-date: /home/sarah/sb_ros2_ws/install/action_interfaces/share/action_interfaces/cmake/ament_cmake_export_libraries-extras.cmake
[3.202s] -- Up-to-date: /home/sarah/sb_ros2_ws/install/action_interfaces/share/action_interfaces/cmake/ament_cmake_export_targets-extras.cmake
[3.202s] -- Up-to-date: /home/sarah/sb_ros2_ws/install/action_interfaces/share/action_interfaces/cmake/rosidl_cmake_export_typesupport_targets-extras.cmake
[3.202s] -- Up-to-date: /home/sarah/sb_ros2_ws/install/action_interfaces/share/action_interfaces/cmake/rosidl_cmake_export_typesupport_libraries-extras.cmake
[3.202s] -- Up-to-date: /home/sarah/sb_ros2_ws/install/action_interfaces/share/action_interfaces/cmake/action_interfacesConfig.cmake
[3.202s] -- Up-to-date: /home/sarah/sb_ros2_ws/install/action_interfaces/share/action_interfaces/cmake/action_interfacesConfig-version.cmake
[3.202s] -- Up-to-date: /home/sarah/sb_ros2_ws/install/action_interfaces/share/action_interfaces/package.xml
[3.203s] Invoked command in '/home/sarah/sb_ros2_ws/build/action_interfaces' returned '0': CMAKE_PREFIX_PATH=/opt/ros/humble /usr/bin/cmake --install /home/sarah/sb_ros2_ws/build/action_interfaces
