[0.004s] Invoking command in '/home/sarah/sb_ros2_ws/build/standard_bot_bringup': CMAKE_PREFIX_PATH=${CMAKE_PREFIX_PATH}:/home/sarah/sb_ros2_ws/install/sb_controller:/home/sarah/sb_ros2_ws/install/standard_bot_controller:/home/sarah/ros2_ws/install/my_robot_controller:/opt/ros/humble /usr/bin/cmake /home/sarah/sb_ros2_ws/src/standard_bot_bringup -DCMAKE_INSTALL_PREFIX=/home/sarah/sb_ros2_ws/install/standard_bot_bringup
[0.039s] -- The C compiler identification is GNU 11.4.0
[0.082s] -- The CXX compiler identification is GNU 11.4.0
[0.086s] -- Detecting C compiler ABI info
[0.161s] -- Detecting C compiler ABI info - done
[0.171s] -- Check for working C compiler: /usr/bin/cc - skipped
[0.171s] -- Detecting C compile features
[0.172s] -- Detecting C compile features - done
[0.176s] -- Detecting CXX compiler ABI info
[0.257s] -- Detecting CXX compiler ABI info - done
[0.262s] -- Check for working CXX compiler: /usr/bin/c++ - skipped
[0.262s] -- Detecting CXX compile features
[0.263s] -- Detecting CXX compile features - done
[0.264s] -- Found ament_cmake: 1.3.11 (/opt/ros/humble/share/ament_cmake/cmake)
[0.397s] -- Found Python3: /usr/bin/python3 (found version "3.10.12") found components: Interpreter 
[0.487s] -- Configuring done
[0.488s] -- Generating done
[0.488s] -- Build files have been written to: /home/sarah/sb_ros2_ws/build/standard_bot_bringup
[0.491s] Invoked command in '/home/sarah/sb_ros2_ws/build/standard_bot_bringup' returned '0': CMAKE_PREFIX_PATH=${CMAKE_PREFIX_PATH}:/home/sarah/sb_ros2_ws/install/sb_controller:/home/sarah/sb_ros2_ws/install/standard_bot_controller:/home/sarah/ros2_ws/install/my_robot_controller:/opt/ros/humble /usr/bin/cmake /home/sarah/sb_ros2_ws/src/standard_bot_bringup -DCMAKE_INSTALL_PREFIX=/home/sarah/sb_ros2_ws/install/standard_bot_bringup
[0.492s] Invoking command in '/home/sarah/sb_ros2_ws/build/standard_bot_bringup': CMAKE_PREFIX_PATH=${CMAKE_PREFIX_PATH}:/home/sarah/sb_ros2_ws/install/sb_controller:/home/sarah/sb_ros2_ws/install/standard_bot_controller:/home/sarah/ros2_ws/install/my_robot_controller:/opt/ros/humble /usr/bin/cmake --build /home/sarah/sb_ros2_ws/build/standard_bot_bringup -- -j32 -l32
[0.518s] Invoked command in '/home/sarah/sb_ros2_ws/build/standard_bot_bringup' returned '0': CMAKE_PREFIX_PATH=${CMAKE_PREFIX_PATH}:/home/sarah/sb_ros2_ws/install/sb_controller:/home/sarah/sb_ros2_ws/install/standard_bot_controller:/home/sarah/ros2_ws/install/my_robot_controller:/opt/ros/humble /usr/bin/cmake --build /home/sarah/sb_ros2_ws/build/standard_bot_bringup -- -j32 -l32
[0.528s] Invoking command in '/home/sarah/sb_ros2_ws/build/standard_bot_bringup': CMAKE_PREFIX_PATH=${CMAKE_PREFIX_PATH}:/home/sarah/sb_ros2_ws/install/sb_controller:/home/sarah/sb_ros2_ws/install/standard_bot_controller:/home/sarah/ros2_ws/install/my_robot_controller:/opt/ros/humble /usr/bin/cmake --install /home/sarah/sb_ros2_ws/build/standard_bot_bringup
[0.536s] -- Install configuration: ""
[0.536s] -- Installing: /home/sarah/sb_ros2_ws/install/standard_bot_bringup/share/standard_bot_bringup/launch
[0.536s] -- Installing: /home/sarah/sb_ros2_ws/install/standard_bot_bringup/share/standard_bot_bringup/launch/demo.launch.py
[0.537s] -- Installing: /home/sarah/sb_ros2_ws/install/standard_bot_bringup/share/ament_index/resource_index/package_run_dependencies/standard_bot_bringup
[0.537s] -- Installing: /home/sarah/sb_ros2_ws/install/standard_bot_bringup/share/ament_index/resource_index/parent_prefix_path/standard_bot_bringup
[0.537s] -- Installing: /home/sarah/sb_ros2_ws/install/standard_bot_bringup/share/standard_bot_bringup/environment/ament_prefix_path.sh
[0.537s] -- Installing: /home/sarah/sb_ros2_ws/install/standard_bot_bringup/share/standard_bot_bringup/environment/ament_prefix_path.dsv
[0.537s] -- Installing: /home/sarah/sb_ros2_ws/install/standard_bot_bringup/share/standard_bot_bringup/environment/path.sh
[0.537s] -- Installing: /home/sarah/sb_ros2_ws/install/standard_bot_bringup/share/standard_bot_bringup/environment/path.dsv
[0.537s] -- Installing: /home/sarah/sb_ros2_ws/install/standard_bot_bringup/share/standard_bot_bringup/local_setup.bash
[0.537s] -- Installing: /home/sarah/sb_ros2_ws/install/standard_bot_bringup/share/standard_bot_bringup/local_setup.sh
[0.537s] -- Installing: /home/sarah/sb_ros2_ws/install/standard_bot_bringup/share/standard_bot_bringup/local_setup.zsh
[0.537s] -- Installing: /home/sarah/sb_ros2_ws/install/standard_bot_bringup/share/standard_bot_bringup/local_setup.dsv
[0.537s] -- Installing: /home/sarah/sb_ros2_ws/install/standard_bot_bringup/share/standard_bot_bringup/package.dsv
[0.537s] -- Installing: /home/sarah/sb_ros2_ws/install/standard_bot_bringup/share/ament_index/resource_index/packages/standard_bot_bringup
[0.538s] -- Installing: /home/sarah/sb_ros2_ws/install/standard_bot_bringup/share/standard_bot_bringup/cmake/standard_bot_bringupConfig.cmake
[0.538s] -- Installing: /home/sarah/sb_ros2_ws/install/standard_bot_bringup/share/standard_bot_bringup/cmake/standard_bot_bringupConfig-version.cmake
[0.538s] -- Installing: /home/sarah/sb_ros2_ws/install/standard_bot_bringup/share/standard_bot_bringup/package.xml
[0.540s] Invoked command in '/home/sarah/sb_ros2_ws/build/standard_bot_bringup' returned '0': CMAKE_PREFIX_PATH=${CMAKE_PREFIX_PATH}:/home/sarah/sb_ros2_ws/install/sb_controller:/home/sarah/sb_ros2_ws/install/standard_bot_controller:/home/sarah/ros2_ws/install/my_robot_controller:/opt/ros/humble /usr/bin/cmake --install /home/sarah/sb_ros2_ws/build/standard_bot_bringup
