[0.136s] Invoking command in '/home/sarah/sb_ros2_ws/src/build/action_interfaces': CMAKE_PREFIX_PATH=${CMAKE_PREFIX_PATH}:/home/sarah/sb_ros2_ws/src/install/sb_controller:/home/sarah/sb_ros2_ws/install/sb_controller:/opt/ros/humble /usr/bin/cmake /home/sarah/sb_ros2_ws/src/action_interfaces -DCMAKE_INSTALL_PREFIX=/home/sarah/sb_ros2_ws/src/install/action_interfaces
[0.175s] -- The C compiler identification is GNU 11.4.0
[0.209s] -- The CXX compiler identification is GNU 11.4.0
[0.213s] -- Detecting C compiler ABI info
[0.254s] -- Detecting C compiler ABI info - done
[0.259s] -- Check for working C compiler: /usr/bin/cc - skipped
[0.259s] -- Detecting C compile features
[0.259s] -- Detecting C compile features - done
[0.261s] -- Detecting CXX compiler ABI info
[0.311s] -- Detecting CXX compiler ABI info - done
[0.314s] -- Check for working CXX compiler: /usr/bin/c++ - skipped
[0.314s] -- Detecting CXX compile features
[0.315s] -- Detecting CXX compile features - done
[0.315s] -- Found ament_cmake: 1.3.11 (/opt/ros/humble/share/ament_cmake/cmake)
[0.404s] -- Found Python3: /usr/bin/python3 (found version "3.10.12") found components: Interpreter 
[0.449s] -- Found ament_lint_auto: 0.12.11 (/opt/ros/humble/share/ament_lint_auto/cmake)
[0.489s] -- Found rosidl_default_generators: 1.2.0 (/opt/ros/humble/share/rosidl_default_generators/cmake)
[0.491s] -- Using all available rosidl_typesupport_c: rosidl_typesupport_fastrtps_c;rosidl_typesupport_introspection_c
[0.493s] -- Found rosidl_adapter: 3.1.6 (/opt/ros/humble/share/rosidl_adapter/cmake)
[0.509s] -- Using all available rosidl_typesupport_cpp: rosidl_typesupport_fastrtps_cpp;rosidl_typesupport_introspection_cpp
[0.649s] -- Found ament_cmake_ros: 0.10.0 (/opt/ros/humble/share/ament_cmake_ros/cmake)
[0.765s] -- Using all available rosidl_typesupport_c: rosidl_typesupport_fastrtps_c;rosidl_typesupport_introspection_c
[0.919s] -- Using all available rosidl_typesupport_cpp: rosidl_typesupport_fastrtps_cpp;rosidl_typesupport_introspection_cpp
[0.937s] -- Found PythonInterp: /usr/bin/python3 (found suitable version "3.10.12", minimum required is "3.6") 
[0.938s] -- Found python_cmake_module: 0.10.0 (/opt/ros/humble/share/python_cmake_module/cmake)
[0.958s] -- Found PythonLibs: /usr/lib/x86_64-linux-gnu/libpython3.10.so (found suitable version "3.10.12", minimum required is "3.5") 
[0.958s] -- Using PYTHON_EXECUTABLE: /usr/bin/python3
[0.958s] -- Using PYTHON_INCLUDE_DIRS: /usr/include/python3.10
[0.958s] -- Using PYTHON_LIBRARIES: /usr/lib/x86_64-linux-gnu/libpython3.10.so
[0.981s] -- Found PythonExtra: .so  
[1.020s] -- Added test 'lint_cmake' to check CMake code style
[1.022s] -- Added test 'xmllint' to check XML markup files
[1.025s] -- Configuring done
[1.042s] -- Generating done
[1.048s] -- Build files have been written to: /home/sarah/sb_ros2_ws/src/build/action_interfaces
[1.053s] Invoked command in '/home/sarah/sb_ros2_ws/src/build/action_interfaces' returned '0': CMAKE_PREFIX_PATH=${CMAKE_PREFIX_PATH}:/home/sarah/sb_ros2_ws/src/install/sb_controller:/home/sarah/sb_ros2_ws/install/sb_controller:/opt/ros/humble /usr/bin/cmake /home/sarah/sb_ros2_ws/src/action_interfaces -DCMAKE_INSTALL_PREFIX=/home/sarah/sb_ros2_ws/src/install/action_interfaces
[1.054s] Invoking command in '/home/sarah/sb_ros2_ws/src/build/action_interfaces': CMAKE_PREFIX_PATH=${CMAKE_PREFIX_PATH}:/home/sarah/sb_ros2_ws/src/install/sb_controller:/home/sarah/sb_ros2_ws/install/sb_controller:/opt/ros/humble /usr/bin/cmake --build /home/sarah/sb_ros2_ws/src/build/action_interfaces -- -j32 -l32
[1.087s] [  2%] [34m[1mGenerating C code for ROS interfaces[0m
[1.098s] [  4%] [34m[1mGenerating C++ code for ROS interfaces[0m
[1.103s] [  4%] Built target ament_cmake_python_copy_action_interfaces
[1.224s] running egg_info
[1.225s] creating action_interfaces.egg-info
[1.225s] writing action_interfaces.egg-info/PKG-INFO
[1.225s] writing dependency_links to action_interfaces.egg-info/dependency_links.txt
[1.225s] writing top-level names to action_interfaces.egg-info/top_level.txt
[1.225s] writing manifest file 'action_interfaces.egg-info/SOURCES.txt'
[1.226s] reading manifest file 'action_interfaces.egg-info/SOURCES.txt'
[1.226s] writing manifest file 'action_interfaces.egg-info/SOURCES.txt'
[1.240s] [  4%] Built target ament_cmake_python_build_action_interfaces_egg
[1.530s] [  6%] [32mBuilding C object CMakeFiles/action_interfaces__rosidl_generator_c.dir/rosidl_generator_c/action_interfaces/action/detail/on_robot_gripper__functions.c.o[0m
[1.531s] [  8%] [32mBuilding C object CMakeFiles/action_interfaces__rosidl_generator_c.dir/rosidl_generator_c/action_interfaces/action/detail/set_joint_pos__functions.c.o[0m
[1.531s] [ 10%] [32mBuilding C object CMakeFiles/action_interfaces__rosidl_generator_c.dir/rosidl_generator_c/action_interfaces/action/detail/set_cart_pos__functions.c.o[0m
[1.580s] [ 10%] Built target action_interfaces__cpp
[1.586s] [ 12%] [34m[1mGenerating C++ type support dispatch for ROS interfaces[0m
[1.587s] [ 14%] [34m[1mGenerating C++ introspection for ROS interfaces[0m
[1.587s] [ 17%] [34m[1mGenerating C++ type support for eProsima Fast-RTPS[0m
[1.595s] [ 19%] [32m[1mLinking C shared library libaction_interfaces__rosidl_generator_c.so[0m
[1.616s] [ 19%] Built target action_interfaces__rosidl_generator_c
[1.622s] [ 21%] [34m[1mGenerating C introspection for ROS interfaces[0m
[1.623s] [ 23%] [34m[1mGenerating C type support for eProsima Fast-RTPS[0m
[1.623s] [ 25%] [34m[1mGenerating C type support dispatch for ROS interfaces[0m
[1.915s] [ 27%] [32mBuilding CXX object CMakeFiles/action_interfaces__rosidl_typesupport_c.dir/rosidl_typesupport_c/action_interfaces/action/set_joint_pos__type_support.cpp.o[0m
[1.916s] [ 29%] [32mBuilding CXX object CMakeFiles/action_interfaces__rosidl_typesupport_c.dir/rosidl_typesupport_c/action_interfaces/action/set_cart_pos__type_support.cpp.o[0m
[1.916s] [ 31%] [32mBuilding CXX object CMakeFiles/action_interfaces__rosidl_typesupport_c.dir/rosidl_typesupport_c/action_interfaces/action/on_robot_gripper__type_support.cpp.o[0m
[1.937s] [ 34%] [32mBuilding CXX object CMakeFiles/action_interfaces__rosidl_typesupport_cpp.dir/rosidl_typesupport_cpp/action_interfaces/action/set_cart_pos__type_support.cpp.o[0m
[1.938s] [ 36%] [32mBuilding CXX object CMakeFiles/action_interfaces__rosidl_typesupport_cpp.dir/rosidl_typesupport_cpp/action_interfaces/action/set_joint_pos__type_support.cpp.o[0m
[1.938s] [ 38%] [32mBuilding CXX object CMakeFiles/action_interfaces__rosidl_typesupport_cpp.dir/rosidl_typesupport_cpp/action_interfaces/action/on_robot_gripper__type_support.cpp.o[0m
[1.948s] [ 40%] [32mBuilding CXX object CMakeFiles/action_interfaces__rosidl_typesupport_introspection_cpp.dir/rosidl_typesupport_introspection_cpp/action_interfaces/action/detail/set_joint_pos__type_support.cpp.o[0m
[1.948s] [ 42%] [32mBuilding CXX object CMakeFiles/action_interfaces__rosidl_typesupport_introspection_cpp.dir/rosidl_typesupport_introspection_cpp/action_interfaces/action/detail/set_cart_pos__type_support.cpp.o[0m
[1.948s] [ 44%] [32mBuilding CXX object CMakeFiles/action_interfaces__rosidl_typesupport_introspection_cpp.dir/rosidl_typesupport_introspection_cpp/action_interfaces/action/detail/on_robot_gripper__type_support.cpp.o[0m
[1.951s] [ 46%] [32m[1mLinking CXX shared library libaction_interfaces__rosidl_typesupport_c.so[0m
[1.976s] [ 46%] Built target action_interfaces__rosidl_typesupport_c
[2.012s] [ 48%] [32mBuilding C object CMakeFiles/action_interfaces__rosidl_typesupport_introspection_c.dir/rosidl_typesupport_introspection_c/action_interfaces/action/detail/on_robot_gripper__type_support.c.o[0m
[2.013s] [ 51%] [32mBuilding C object CMakeFiles/action_interfaces__rosidl_typesupport_introspection_c.dir/rosidl_typesupport_introspection_c/action_interfaces/action/detail/set_cart_pos__type_support.c.o[0m
[2.013s] [ 53%] [32mBuilding C object CMakeFiles/action_interfaces__rosidl_typesupport_introspection_c.dir/rosidl_typesupport_introspection_c/action_interfaces/action/detail/set_joint_pos__type_support.c.o[0m
[2.014s] [ 55%] [32mBuilding CXX object CMakeFiles/action_interfaces__rosidl_typesupport_fastrtps_cpp.dir/rosidl_typesupport_fastrtps_cpp/action_interfaces/action/detail/dds_fastrtps/on_robot_gripper__type_support.cpp.o[0m
[2.015s] [ 57%] [32mBuilding CXX object CMakeFiles/action_interfaces__rosidl_typesupport_fastrtps_cpp.dir/rosidl_typesupport_fastrtps_cpp/action_interfaces/action/detail/dds_fastrtps/set_cart_pos__type_support.cpp.o[0m
[2.015s] [ 59%] [32mBuilding CXX object CMakeFiles/action_interfaces__rosidl_typesupport_fastrtps_cpp.dir/rosidl_typesupport_fastrtps_cpp/action_interfaces/action/detail/dds_fastrtps/set_joint_pos__type_support.cpp.o[0m
[2.055s] [ 65%] [32mBuilding CXX object CMakeFiles/action_interfaces__rosidl_typesupport_fastrtps_c.dir/rosidl_typesupport_fastrtps_c/action_interfaces/action/detail/on_robot_gripper__type_support_c.cpp.o[0m
[2.055s] [ 65%] [32mBuilding CXX object CMakeFiles/action_interfaces__rosidl_typesupport_fastrtps_c.dir/rosidl_typesupport_fastrtps_c/action_interfaces/action/detail/set_joint_pos__type_support_c.cpp.o[0m
[2.056s] [ 65%] [32mBuilding CXX object CMakeFiles/action_interfaces__rosidl_typesupport_fastrtps_c.dir/rosidl_typesupport_fastrtps_c/action_interfaces/action/detail/set_cart_pos__type_support_c.cpp.o[0m
[2.056s] [ 68%] [32m[1mLinking C shared library libaction_interfaces__rosidl_typesupport_introspection_c.so[0m
[2.082s] [ 68%] Built target action_interfaces__rosidl_typesupport_introspection_c
[2.261s] [ 70%] [32m[1mLinking CXX shared library libaction_interfaces__rosidl_typesupport_introspection_cpp.so[0m
[2.263s] [ 72%] [32m[1mLinking CXX shared library libaction_interfaces__rosidl_typesupport_cpp.so[0m
[2.289s] [ 72%] Built target action_interfaces__rosidl_typesupport_cpp
[2.306s] [ 72%] Built target action_interfaces__rosidl_typesupport_introspection_cpp
[2.328s] [ 74%] [32m[1mLinking CXX shared library libaction_interfaces__rosidl_typesupport_fastrtps_c.so[0m
[2.369s] [ 74%] Built target action_interfaces__rosidl_typesupport_fastrtps_c
[2.399s] [ 76%] [32m[1mLinking CXX shared library libaction_interfaces__rosidl_typesupport_fastrtps_cpp.so[0m
[2.453s] [ 76%] Built target action_interfaces__rosidl_typesupport_fastrtps_cpp
[2.475s] [ 76%] Built target action_interfaces
[2.493s] [ 78%] [34m[1mGenerating Python code for ROS interfaces[0m
[3.294s] [ 78%] Built target action_interfaces__py
[3.307s] [ 80%] [32mBuilding C object CMakeFiles/action_interfaces__rosidl_generator_py.dir/rosidl_generator_py/action_interfaces/action/_set_cart_pos_s.c.o[0m
[3.307s] [ 82%] [32mBuilding C object CMakeFiles/action_interfaces__rosidl_generator_py.dir/rosidl_generator_py/action_interfaces/action/_set_joint_pos_s.c.o[0m
[3.308s] [ 85%] [32mBuilding C object CMakeFiles/action_interfaces__rosidl_generator_py.dir/rosidl_generator_py/action_interfaces/action/_on_robot_gripper_s.c.o[0m
[3.394s] [ 87%] [32m[1mLinking C shared library rosidl_generator_py/action_interfaces/libaction_interfaces__rosidl_generator_py.so[0m
[3.428s] [ 87%] Built target action_interfaces__rosidl_generator_py
[3.454s] [ 91%] [32mBuilding C object CMakeFiles/action_interfaces__rosidl_typesupport_c__pyext.dir/rosidl_generator_py/action_interfaces/_action_interfaces_s.ep.rosidl_typesupport_c.c.o[0m
[3.454s] [ 91%] [32mBuilding C object CMakeFiles/action_interfaces__rosidl_typesupport_fastrtps_c__pyext.dir/rosidl_generator_py/action_interfaces/_action_interfaces_s.ep.rosidl_typesupport_fastrtps_c.c.o[0m
[3.454s] [ 93%] [32mBuilding C object CMakeFiles/action_interfaces__rosidl_typesupport_introspection_c__pyext.dir/rosidl_generator_py/action_interfaces/_action_interfaces_s.ep.rosidl_typesupport_introspection_c.c.o[0m
[3.536s] [ 97%] [32m[1mLinking C shared library rosidl_generator_py/action_interfaces/action_interfaces_s__rosidl_typesupport_c.cpython-310-x86_64-linux-gnu.so[0m
[3.537s] [ 97%] [32m[1mLinking C shared library rosidl_generator_py/action_interfaces/action_interfaces_s__rosidl_typesupport_fastrtps_c.cpython-310-x86_64-linux-gnu.so[0m
[3.537s] [100%] [32m[1mLinking C shared library rosidl_generator_py/action_interfaces/action_interfaces_s__rosidl_typesupport_introspection_c.cpython-310-x86_64-linux-gnu.so[0m
[3.562s] [100%] Built target action_interfaces__rosidl_typesupport_fastrtps_c__pyext
[3.562s] [100%] Built target action_interfaces__rosidl_typesupport_introspection_c__pyext
[3.563s] [100%] Built target action_interfaces__rosidl_typesupport_c__pyext
[3.571s] Invoked command in '/home/sarah/sb_ros2_ws/src/build/action_interfaces' returned '0': CMAKE_PREFIX_PATH=${CMAKE_PREFIX_PATH}:/home/sarah/sb_ros2_ws/src/install/sb_controller:/home/sarah/sb_ros2_ws/install/sb_controller:/opt/ros/humble /usr/bin/cmake --build /home/sarah/sb_ros2_ws/src/build/action_interfaces -- -j32 -l32
[3.573s] Invoking command in '/home/sarah/sb_ros2_ws/src/build/action_interfaces': CMAKE_PREFIX_PATH=${CMAKE_PREFIX_PATH}:/home/sarah/sb_ros2_ws/src/install/sb_controller:/home/sarah/sb_ros2_ws/install/sb_controller:/opt/ros/humble /usr/bin/cmake --install /home/sarah/sb_ros2_ws/src/build/action_interfaces
[3.579s] -- Install configuration: ""
[3.580s] -- Installing: /home/sarah/sb_ros2_ws/src/install/action_interfaces/share/ament_index/resource_index/rosidl_interfaces/action_interfaces
[3.580s] -- Installing: /home/sarah/sb_ros2_ws/src/install/action_interfaces/include/action_interfaces/action_interfaces
[3.580s] -- Installing: /home/sarah/sb_ros2_ws/src/install/action_interfaces/include/action_interfaces/action_interfaces/msg
[3.580s] -- Installing: /home/sarah/sb_ros2_ws/src/install/action_interfaces/include/action_interfaces/action_interfaces/msg/rosidl_generator_c__visibility_control.h
[3.580s] -- Installing: /home/sarah/sb_ros2_ws/src/install/action_interfaces/include/action_interfaces/action_interfaces/action
[3.581s] -- Installing: /home/sarah/sb_ros2_ws/src/install/action_interfaces/include/action_interfaces/action_interfaces/action/on_robot_gripper.h
[3.581s] -- Installing: /home/sarah/sb_ros2_ws/src/install/action_interfaces/include/action_interfaces/action_interfaces/action/set_cart_pos.h
[3.581s] -- Installing: /home/sarah/sb_ros2_ws/src/install/action_interfaces/include/action_interfaces/action_interfaces/action/detail
[3.581s] -- Installing: /home/sarah/sb_ros2_ws/src/install/action_interfaces/include/action_interfaces/action_interfaces/action/detail/on_robot_gripper__struct.h
[3.582s] -- Installing: /home/sarah/sb_ros2_ws/src/install/action_interfaces/include/action_interfaces/action_interfaces/action/detail/set_joint_pos__functions.h
[3.582s] -- Installing: /home/sarah/sb_ros2_ws/src/install/action_interfaces/include/action_interfaces/action_interfaces/action/detail/on_robot_gripper__type_support.h
[3.582s] -- Installing: /home/sarah/sb_ros2_ws/src/install/action_interfaces/include/action_interfaces/action_interfaces/action/detail/set_joint_pos__functions.c
[3.582s] -- Installing: /home/sarah/sb_ros2_ws/src/install/action_interfaces/include/action_interfaces/action_interfaces/action/detail/set_cart_pos__functions.h
[3.582s] -- Installing: /home/sarah/sb_ros2_ws/src/install/action_interfaces/include/action_interfaces/action_interfaces/action/detail/set_cart_pos__functions.c
[3.582s] -- Installing: /home/sarah/sb_ros2_ws/src/install/action_interfaces/include/action_interfaces/action_interfaces/action/detail/set_joint_pos__struct.h
[3.582s] -- Installing: /home/sarah/sb_ros2_ws/src/install/action_interfaces/include/action_interfaces/action_interfaces/action/detail/on_robot_gripper__functions.h
[3.583s] -- Installing: /home/sarah/sb_ros2_ws/src/install/action_interfaces/include/action_interfaces/action_interfaces/action/detail/on_robot_gripper__functions.c
[3.583s] -- Installing: /home/sarah/sb_ros2_ws/src/install/action_interfaces/include/action_interfaces/action_interfaces/action/detail/set_cart_pos__struct.h
[3.583s] -- Installing: /home/sarah/sb_ros2_ws/src/install/action_interfaces/include/action_interfaces/action_interfaces/action/detail/set_joint_pos__type_support.h
[3.583s] -- Installing: /home/sarah/sb_ros2_ws/src/install/action_interfaces/include/action_interfaces/action_interfaces/action/detail/set_cart_pos__type_support.h
[3.583s] -- Installing: /home/sarah/sb_ros2_ws/src/install/action_interfaces/include/action_interfaces/action_interfaces/action/set_joint_pos.h
[3.583s] -- Installing: /home/sarah/sb_ros2_ws/src/install/action_interfaces/share/action_interfaces/environment/library_path.sh
[3.583s] -- Installing: /home/sarah/sb_ros2_ws/src/install/action_interfaces/share/action_interfaces/environment/library_path.dsv
[3.584s] -- Installing: /home/sarah/sb_ros2_ws/src/install/action_interfaces/lib/libaction_interfaces__rosidl_generator_c.so
[3.584s] -- Set runtime path of "/home/sarah/sb_ros2_ws/src/install/action_interfaces/lib/libaction_interfaces__rosidl_generator_c.so" to ""
[3.584s] -- Up-to-date: /home/sarah/sb_ros2_ws/src/install/action_interfaces/include/action_interfaces/action_interfaces
[3.584s] -- Up-to-date: /home/sarah/sb_ros2_ws/src/install/action_interfaces/include/action_interfaces/action_interfaces/msg
[3.584s] -- Installing: /home/sarah/sb_ros2_ws/src/install/action_interfaces/include/action_interfaces/action_interfaces/msg/rosidl_typesupport_fastrtps_c__visibility_control.h
[3.584s] -- Up-to-date: /home/sarah/sb_ros2_ws/src/install/action_interfaces/include/action_interfaces/action_interfaces/action
[3.584s] -- Up-to-date: /home/sarah/sb_ros2_ws/src/install/action_interfaces/include/action_interfaces/action_interfaces/action/detail
[3.584s] -- Installing: /home/sarah/sb_ros2_ws/src/install/action_interfaces/include/action_interfaces/action_interfaces/action/detail/on_robot_gripper__rosidl_typesupport_fastrtps_c.h
[3.584s] -- Installing: /home/sarah/sb_ros2_ws/src/install/action_interfaces/include/action_interfaces/action_interfaces/action/detail/set_cart_pos__rosidl_typesupport_fastrtps_c.h
[3.585s] -- Installing: /home/sarah/sb_ros2_ws/src/install/action_interfaces/include/action_interfaces/action_interfaces/action/detail/set_joint_pos__rosidl_typesupport_fastrtps_c.h
[3.585s] -- Installing: /home/sarah/sb_ros2_ws/src/install/action_interfaces/lib/libaction_interfaces__rosidl_typesupport_fastrtps_c.so
[3.585s] -- Set runtime path of "/home/sarah/sb_ros2_ws/src/install/action_interfaces/lib/libaction_interfaces__rosidl_typesupport_fastrtps_c.so" to ""
[3.585s] -- Up-to-date: /home/sarah/sb_ros2_ws/src/install/action_interfaces/include/action_interfaces/action_interfaces
[3.585s] -- Up-to-date: /home/sarah/sb_ros2_ws/src/install/action_interfaces/include/action_interfaces/action_interfaces/msg
[3.585s] -- Installing: /home/sarah/sb_ros2_ws/src/install/action_interfaces/include/action_interfaces/action_interfaces/msg/rosidl_typesupport_introspection_c__visibility_control.h
[3.586s] -- Up-to-date: /home/sarah/sb_ros2_ws/src/install/action_interfaces/include/action_interfaces/action_interfaces/action
[3.586s] -- Up-to-date: /home/sarah/sb_ros2_ws/src/install/action_interfaces/include/action_interfaces/action_interfaces/action/detail
[3.586s] -- Installing: /home/sarah/sb_ros2_ws/src/install/action_interfaces/include/action_interfaces/action_interfaces/action/detail/set_joint_pos__rosidl_typesupport_introspection_c.h
[3.586s] -- Installing: /home/sarah/sb_ros2_ws/src/install/action_interfaces/include/action_interfaces/action_interfaces/action/detail/on_robot_gripper__rosidl_typesupport_introspection_c.h
[3.586s] -- Installing: /home/sarah/sb_ros2_ws/src/install/action_interfaces/include/action_interfaces/action_interfaces/action/detail/on_robot_gripper__type_support.c
[3.586s] -- Installing: /home/sarah/sb_ros2_ws/src/install/action_interfaces/include/action_interfaces/action_interfaces/action/detail/set_joint_pos__type_support.c
[3.586s] -- Installing: /home/sarah/sb_ros2_ws/src/install/action_interfaces/include/action_interfaces/action_interfaces/action/detail/set_cart_pos__rosidl_typesupport_introspection_c.h
[3.586s] -- Installing: /home/sarah/sb_ros2_ws/src/install/action_interfaces/include/action_interfaces/action_interfaces/action/detail/set_cart_pos__type_support.c
[3.587s] -- Installing: /home/sarah/sb_ros2_ws/src/install/action_interfaces/lib/libaction_interfaces__rosidl_typesupport_introspection_c.so
[3.587s] -- Set runtime path of "/home/sarah/sb_ros2_ws/src/install/action_interfaces/lib/libaction_interfaces__rosidl_typesupport_introspection_c.so" to ""
[3.587s] -- Installing: /home/sarah/sb_ros2_ws/src/install/action_interfaces/lib/libaction_interfaces__rosidl_typesupport_c.so
[3.587s] -- Set runtime path of "/home/sarah/sb_ros2_ws/src/install/action_interfaces/lib/libaction_interfaces__rosidl_typesupport_c.so" to ""
[3.587s] -- Up-to-date: /home/sarah/sb_ros2_ws/src/install/action_interfaces/include/action_interfaces/action_interfaces
[3.587s] -- Up-to-date: /home/sarah/sb_ros2_ws/src/install/action_interfaces/include/action_interfaces/action_interfaces/msg
[3.587s] -- Installing: /home/sarah/sb_ros2_ws/src/install/action_interfaces/include/action_interfaces/action_interfaces/msg/rosidl_generator_cpp__visibility_control.hpp
[3.587s] -- Up-to-date: /home/sarah/sb_ros2_ws/src/install/action_interfaces/include/action_interfaces/action_interfaces/action
[3.587s] -- Installing: /home/sarah/sb_ros2_ws/src/install/action_interfaces/include/action_interfaces/action_interfaces/action/on_robot_gripper.hpp
[3.587s] -- Installing: /home/sarah/sb_ros2_ws/src/install/action_interfaces/include/action_interfaces/action_interfaces/action/set_joint_pos.hpp
[3.588s] -- Installing: /home/sarah/sb_ros2_ws/src/install/action_interfaces/include/action_interfaces/action_interfaces/action/set_cart_pos.hpp
[3.588s] -- Up-to-date: /home/sarah/sb_ros2_ws/src/install/action_interfaces/include/action_interfaces/action_interfaces/action/detail
[3.588s] -- Installing: /home/sarah/sb_ros2_ws/src/install/action_interfaces/include/action_interfaces/action_interfaces/action/detail/set_cart_pos__traits.hpp
[3.588s] -- Installing: /home/sarah/sb_ros2_ws/src/install/action_interfaces/include/action_interfaces/action_interfaces/action/detail/set_cart_pos__struct.hpp
[3.588s] -- Installing: /home/sarah/sb_ros2_ws/src/install/action_interfaces/include/action_interfaces/action_interfaces/action/detail/set_joint_pos__type_support.hpp
[3.588s] -- Installing: /home/sarah/sb_ros2_ws/src/install/action_interfaces/include/action_interfaces/action_interfaces/action/detail/set_joint_pos__builder.hpp
[3.588s] -- Installing: /home/sarah/sb_ros2_ws/src/install/action_interfaces/include/action_interfaces/action_interfaces/action/detail/set_joint_pos__traits.hpp
[3.588s] -- Installing: /home/sarah/sb_ros2_ws/src/install/action_interfaces/include/action_interfaces/action_interfaces/action/detail/set_joint_pos__struct.hpp
[3.588s] -- Installing: /home/sarah/sb_ros2_ws/src/install/action_interfaces/include/action_interfaces/action_interfaces/action/detail/set_cart_pos__builder.hpp
[3.588s] -- Installing: /home/sarah/sb_ros2_ws/src/install/action_interfaces/include/action_interfaces/action_interfaces/action/detail/on_robot_gripper__traits.hpp
[3.589s] -- Installing: /home/sarah/sb_ros2_ws/src/install/action_interfaces/include/action_interfaces/action_interfaces/action/detail/on_robot_gripper__builder.hpp
[3.589s] -- Installing: /home/sarah/sb_ros2_ws/src/install/action_interfaces/include/action_interfaces/action_interfaces/action/detail/on_robot_gripper__struct.hpp
[3.589s] -- Installing: /home/sarah/sb_ros2_ws/src/install/action_interfaces/include/action_interfaces/action_interfaces/action/detail/on_robot_gripper__type_support.hpp
[3.589s] -- Installing: /home/sarah/sb_ros2_ws/src/install/action_interfaces/include/action_interfaces/action_interfaces/action/detail/set_cart_pos__type_support.hpp
[3.589s] -- Up-to-date: /home/sarah/sb_ros2_ws/src/install/action_interfaces/include/action_interfaces/action_interfaces
[3.589s] -- Up-to-date: /home/sarah/sb_ros2_ws/src/install/action_interfaces/include/action_interfaces/action_interfaces/msg
[3.589s] -- Installing: /home/sarah/sb_ros2_ws/src/install/action_interfaces/include/action_interfaces/action_interfaces/msg/rosidl_typesupport_fastrtps_cpp__visibility_control.h
[3.589s] -- Up-to-date: /home/sarah/sb_ros2_ws/src/install/action_interfaces/include/action_interfaces/action_interfaces/action
[3.589s] -- Up-to-date: /home/sarah/sb_ros2_ws/src/install/action_interfaces/include/action_interfaces/action_interfaces/action/detail
[3.590s] -- Installing: /home/sarah/sb_ros2_ws/src/install/action_interfaces/include/action_interfaces/action_interfaces/action/detail/on_robot_gripper__rosidl_typesupport_fastrtps_cpp.hpp
[3.590s] -- Installing: /home/sarah/sb_ros2_ws/src/install/action_interfaces/include/action_interfaces/action_interfaces/action/detail/dds_fastrtps
[3.590s] -- Installing: /home/sarah/sb_ros2_ws/src/install/action_interfaces/include/action_interfaces/action_interfaces/action/detail/set_joint_pos__rosidl_typesupport_fastrtps_cpp.hpp
[3.590s] -- Installing: /home/sarah/sb_ros2_ws/src/install/action_interfaces/include/action_interfaces/action_interfaces/action/detail/set_cart_pos__rosidl_typesupport_fastrtps_cpp.hpp
[3.590s] -- Installing: /home/sarah/sb_ros2_ws/src/install/action_interfaces/lib/libaction_interfaces__rosidl_typesupport_fastrtps_cpp.so
[3.590s] -- Set runtime path of "/home/sarah/sb_ros2_ws/src/install/action_interfaces/lib/libaction_interfaces__rosidl_typesupport_fastrtps_cpp.so" to ""
[3.590s] -- Up-to-date: /home/sarah/sb_ros2_ws/src/install/action_interfaces/include/action_interfaces/action_interfaces
[3.590s] -- Up-to-date: /home/sarah/sb_ros2_ws/src/install/action_interfaces/include/action_interfaces/action_interfaces/action
[3.590s] -- Up-to-date: /home/sarah/sb_ros2_ws/src/install/action_interfaces/include/action_interfaces/action_interfaces/action/detail
[3.590s] -- Installing: /home/sarah/sb_ros2_ws/src/install/action_interfaces/include/action_interfaces/action_interfaces/action/detail/set_cart_pos__rosidl_typesupport_introspection_cpp.hpp
[3.591s] -- Installing: /home/sarah/sb_ros2_ws/src/install/action_interfaces/include/action_interfaces/action_interfaces/action/detail/on_robot_gripper__type_support.cpp
[3.591s] -- Installing: /home/sarah/sb_ros2_ws/src/install/action_interfaces/include/action_interfaces/action_interfaces/action/detail/set_joint_pos__type_support.cpp
[3.591s] -- Installing: /home/sarah/sb_ros2_ws/src/install/action_interfaces/include/action_interfaces/action_interfaces/action/detail/on_robot_gripper__rosidl_typesupport_introspection_cpp.hpp
[3.591s] -- Installing: /home/sarah/sb_ros2_ws/src/install/action_interfaces/include/action_interfaces/action_interfaces/action/detail/set_cart_pos__type_support.cpp
[3.591s] -- Installing: /home/sarah/sb_ros2_ws/src/install/action_interfaces/include/action_interfaces/action_interfaces/action/detail/set_joint_pos__rosidl_typesupport_introspection_cpp.hpp
[3.591s] -- Installing: /home/sarah/sb_ros2_ws/src/install/action_interfaces/lib/libaction_interfaces__rosidl_typesupport_introspection_cpp.so
[3.591s] -- Set runtime path of "/home/sarah/sb_ros2_ws/src/install/action_interfaces/lib/libaction_interfaces__rosidl_typesupport_introspection_cpp.so" to ""
[3.591s] -- Installing: /home/sarah/sb_ros2_ws/src/install/action_interfaces/lib/libaction_interfaces__rosidl_typesupport_cpp.so
[3.591s] -- Set runtime path of "/home/sarah/sb_ros2_ws/src/install/action_interfaces/lib/libaction_interfaces__rosidl_typesupport_cpp.so" to ""
[3.591s] -- Installing: /home/sarah/sb_ros2_ws/src/install/action_interfaces/share/action_interfaces/environment/pythonpath.sh
[3.591s] -- Installing: /home/sarah/sb_ros2_ws/src/install/action_interfaces/share/action_interfaces/environment/pythonpath.dsv
[3.591s] -- Installing: /home/sarah/sb_ros2_ws/src/install/action_interfaces/local/lib/python3.10/dist-packages/action_interfaces-0.0.0-py3.10.egg-info
[3.591s] -- Installing: /home/sarah/sb_ros2_ws/src/install/action_interfaces/local/lib/python3.10/dist-packages/action_interfaces-0.0.0-py3.10.egg-info/SOURCES.txt
[3.591s] -- Installing: /home/sarah/sb_ros2_ws/src/install/action_interfaces/local/lib/python3.10/dist-packages/action_interfaces-0.0.0-py3.10.egg-info/top_level.txt
[3.591s] -- Installing: /home/sarah/sb_ros2_ws/src/install/action_interfaces/local/lib/python3.10/dist-packages/action_interfaces-0.0.0-py3.10.egg-info/PKG-INFO
[3.591s] -- Installing: /home/sarah/sb_ros2_ws/src/install/action_interfaces/local/lib/python3.10/dist-packages/action_interfaces-0.0.0-py3.10.egg-info/dependency_links.txt
[3.591s] -- Installing: /home/sarah/sb_ros2_ws/src/install/action_interfaces/local/lib/python3.10/dist-packages/action_interfaces
[3.591s] -- Installing: /home/sarah/sb_ros2_ws/src/install/action_interfaces/local/lib/python3.10/dist-packages/action_interfaces/_action_interfaces_s.ep.rosidl_typesupport_introspection_c.c
[3.591s] -- Installing: /home/sarah/sb_ros2_ws/src/install/action_interfaces/local/lib/python3.10/dist-packages/action_interfaces/action_interfaces_s__rosidl_typesupport_c.cpython-310-x86_64-linux-gnu.so
[3.591s] -- Installing: /home/sarah/sb_ros2_ws/src/install/action_interfaces/local/lib/python3.10/dist-packages/action_interfaces/__init__.py
[3.591s] -- Installing: /home/sarah/sb_ros2_ws/src/install/action_interfaces/local/lib/python3.10/dist-packages/action_interfaces/action_interfaces_s__rosidl_typesupport_introspection_c.cpython-310-x86_64-linux-gnu.so
[3.591s] -- Installing: /home/sarah/sb_ros2_ws/src/install/action_interfaces/local/lib/python3.10/dist-packages/action_interfaces/_action_interfaces_s.ep.rosidl_typesupport_fastrtps_c.c
[3.591s] -- Installing: /home/sarah/sb_ros2_ws/src/install/action_interfaces/local/lib/python3.10/dist-packages/action_interfaces/action
[3.591s] -- Installing: /home/sarah/sb_ros2_ws/src/install/action_interfaces/local/lib/python3.10/dist-packages/action_interfaces/action/_set_joint_pos.py
[3.591s] -- Installing: /home/sarah/sb_ros2_ws/src/install/action_interfaces/local/lib/python3.10/dist-packages/action_interfaces/action/_on_robot_gripper_s.c
[3.591s] -- Installing: /home/sarah/sb_ros2_ws/src/install/action_interfaces/local/lib/python3.10/dist-packages/action_interfaces/action/__init__.py
[3.591s] -- Installing: /home/sarah/sb_ros2_ws/src/install/action_interfaces/local/lib/python3.10/dist-packages/action_interfaces/action/_set_cart_pos_s.c
[3.591s] -- Installing: /home/sarah/sb_ros2_ws/src/install/action_interfaces/local/lib/python3.10/dist-packages/action_interfaces/action/_set_joint_pos_s.c
[3.591s] -- Installing: /home/sarah/sb_ros2_ws/src/install/action_interfaces/local/lib/python3.10/dist-packages/action_interfaces/action/_set_cart_pos.py
[3.591s] -- Installing: /home/sarah/sb_ros2_ws/src/install/action_interfaces/local/lib/python3.10/dist-packages/action_interfaces/action/_on_robot_gripper.py
[3.591s] -- Installing: /home/sarah/sb_ros2_ws/src/install/action_interfaces/local/lib/python3.10/dist-packages/action_interfaces/_action_interfaces_s.ep.rosidl_typesupport_c.c
[3.591s] -- Installing: /home/sarah/sb_ros2_ws/src/install/action_interfaces/local/lib/python3.10/dist-packages/action_interfaces/action_interfaces_s__rosidl_typesupport_fastrtps_c.cpython-310-x86_64-linux-gnu.so
[3.591s] -- Installing: /home/sarah/sb_ros2_ws/src/install/action_interfaces/local/lib/python3.10/dist-packages/action_interfaces/libaction_interfaces__rosidl_generator_py.so
[3.625s] Listing '/home/sarah/sb_ros2_ws/src/install/action_interfaces/local/lib/python3.10/dist-packages/action_interfaces'...
[3.625s] Compiling '/home/sarah/sb_ros2_ws/src/install/action_interfaces/local/lib/python3.10/dist-packages/action_interfaces/__init__.py'...
[3.625s] Listing '/home/sarah/sb_ros2_ws/src/install/action_interfaces/local/lib/python3.10/dist-packages/action_interfaces/action'...
[3.625s] Compiling '/home/sarah/sb_ros2_ws/src/install/action_interfaces/local/lib/python3.10/dist-packages/action_interfaces/action/__init__.py'...
[3.625s] Compiling '/home/sarah/sb_ros2_ws/src/install/action_interfaces/local/lib/python3.10/dist-packages/action_interfaces/action/_on_robot_gripper.py'...
[3.625s] Compiling '/home/sarah/sb_ros2_ws/src/install/action_interfaces/local/lib/python3.10/dist-packages/action_interfaces/action/_set_cart_pos.py'...
[3.625s] Compiling '/home/sarah/sb_ros2_ws/src/install/action_interfaces/local/lib/python3.10/dist-packages/action_interfaces/action/_set_joint_pos.py'...
[3.627s] -- Installing: /home/sarah/sb_ros2_ws/src/install/action_interfaces/local/lib/python3.10/dist-packages/action_interfaces/action_interfaces_s__rosidl_typesupport_fastrtps_c.cpython-310-x86_64-linux-gnu.so
[3.627s] -- Set runtime path of "/home/sarah/sb_ros2_ws/src/install/action_interfaces/local/lib/python3.10/dist-packages/action_interfaces/action_interfaces_s__rosidl_typesupport_fastrtps_c.cpython-310-x86_64-linux-gnu.so" to ""
[3.627s] -- Installing: /home/sarah/sb_ros2_ws/src/install/action_interfaces/local/lib/python3.10/dist-packages/action_interfaces/action_interfaces_s__rosidl_typesupport_introspection_c.cpython-310-x86_64-linux-gnu.so
[3.627s] -- Set runtime path of "/home/sarah/sb_ros2_ws/src/install/action_interfaces/local/lib/python3.10/dist-packages/action_interfaces/action_interfaces_s__rosidl_typesupport_introspection_c.cpython-310-x86_64-linux-gnu.so" to ""
[3.627s] -- Installing: /home/sarah/sb_ros2_ws/src/install/action_interfaces/local/lib/python3.10/dist-packages/action_interfaces/action_interfaces_s__rosidl_typesupport_c.cpython-310-x86_64-linux-gnu.so
[3.627s] -- Set runtime path of "/home/sarah/sb_ros2_ws/src/install/action_interfaces/local/lib/python3.10/dist-packages/action_interfaces/action_interfaces_s__rosidl_typesupport_c.cpython-310-x86_64-linux-gnu.so" to ""
[3.628s] -- Installing: /home/sarah/sb_ros2_ws/src/install/action_interfaces/lib/libaction_interfaces__rosidl_generator_py.so
[3.628s] -- Set runtime path of "/home/sarah/sb_ros2_ws/src/install/action_interfaces/lib/libaction_interfaces__rosidl_generator_py.so" to ""
[3.628s] -- Installing: /home/sarah/sb_ros2_ws/src/install/action_interfaces/share/action_interfaces/action/SetCartPos.idl
[3.628s] -- Installing: /home/sarah/sb_ros2_ws/src/install/action_interfaces/share/action_interfaces/action/SetJointPos.idl
[3.628s] -- Installing: /home/sarah/sb_ros2_ws/src/install/action_interfaces/share/action_interfaces/action/OnRobotGripper.idl
[3.628s] -- Installing: /home/sarah/sb_ros2_ws/src/install/action_interfaces/share/action_interfaces/action/SetCartPos.action
[3.628s] -- Installing: /home/sarah/sb_ros2_ws/src/install/action_interfaces/share/action_interfaces/action/SetJointPos.action
[3.628s] -- Installing: /home/sarah/sb_ros2_ws/src/install/action_interfaces/share/action_interfaces/action/OnRobotGripper.action
[3.628s] -- Installing: /home/sarah/sb_ros2_ws/src/install/action_interfaces/share/ament_index/resource_index/package_run_dependencies/action_interfaces
[3.628s] -- Installing: /home/sarah/sb_ros2_ws/src/install/action_interfaces/share/ament_index/resource_index/parent_prefix_path/action_interfaces
[3.628s] -- Installing: /home/sarah/sb_ros2_ws/src/install/action_interfaces/share/action_interfaces/environment/ament_prefix_path.sh
[3.628s] -- Installing: /home/sarah/sb_ros2_ws/src/install/action_interfaces/share/action_interfaces/environment/ament_prefix_path.dsv
[3.628s] -- Installing: /home/sarah/sb_ros2_ws/src/install/action_interfaces/share/action_interfaces/environment/path.sh
[3.628s] -- Installing: /home/sarah/sb_ros2_ws/src/install/action_interfaces/share/action_interfaces/environment/path.dsv
[3.628s] -- Installing: /home/sarah/sb_ros2_ws/src/install/action_interfaces/share/action_interfaces/local_setup.bash
[3.628s] -- Installing: /home/sarah/sb_ros2_ws/src/install/action_interfaces/share/action_interfaces/local_setup.sh
[3.628s] -- Installing: /home/sarah/sb_ros2_ws/src/install/action_interfaces/share/action_interfaces/local_setup.zsh
[3.628s] -- Installing: /home/sarah/sb_ros2_ws/src/install/action_interfaces/share/action_interfaces/local_setup.dsv
[3.628s] -- Installing: /home/sarah/sb_ros2_ws/src/install/action_interfaces/share/action_interfaces/package.dsv
[3.628s] -- Installing: /home/sarah/sb_ros2_ws/src/install/action_interfaces/share/ament_index/resource_index/packages/action_interfaces
[3.629s] -- Installing: /home/sarah/sb_ros2_ws/src/install/action_interfaces/share/action_interfaces/cmake/export_action_interfaces__rosidl_generator_cExport.cmake
[3.629s] -- Installing: /home/sarah/sb_ros2_ws/src/install/action_interfaces/share/action_interfaces/cmake/export_action_interfaces__rosidl_generator_cExport-noconfig.cmake
[3.629s] -- Installing: /home/sarah/sb_ros2_ws/src/install/action_interfaces/share/action_interfaces/cmake/export_action_interfaces__rosidl_typesupport_fastrtps_cExport.cmake
[3.629s] -- Installing: /home/sarah/sb_ros2_ws/src/install/action_interfaces/share/action_interfaces/cmake/export_action_interfaces__rosidl_typesupport_fastrtps_cExport-noconfig.cmake
[3.629s] -- Installing: /home/sarah/sb_ros2_ws/src/install/action_interfaces/share/action_interfaces/cmake/action_interfaces__rosidl_typesupport_introspection_cExport.cmake
[3.629s] -- Installing: /home/sarah/sb_ros2_ws/src/install/action_interfaces/share/action_interfaces/cmake/action_interfaces__rosidl_typesupport_introspection_cExport-noconfig.cmake
[3.629s] -- Installing: /home/sarah/sb_ros2_ws/src/install/action_interfaces/share/action_interfaces/cmake/action_interfaces__rosidl_typesupport_cExport.cmake
[3.629s] -- Installing: /home/sarah/sb_ros2_ws/src/install/action_interfaces/share/action_interfaces/cmake/action_interfaces__rosidl_typesupport_cExport-noconfig.cmake
[3.629s] -- Installing: /home/sarah/sb_ros2_ws/src/install/action_interfaces/share/action_interfaces/cmake/export_action_interfaces__rosidl_generator_cppExport.cmake
[3.629s] -- Installing: /home/sarah/sb_ros2_ws/src/install/action_interfaces/share/action_interfaces/cmake/export_action_interfaces__rosidl_typesupport_fastrtps_cppExport.cmake
[3.629s] -- Installing: /home/sarah/sb_ros2_ws/src/install/action_interfaces/share/action_interfaces/cmake/export_action_interfaces__rosidl_typesupport_fastrtps_cppExport-noconfig.cmake
[3.629s] -- Installing: /home/sarah/sb_ros2_ws/src/install/action_interfaces/share/action_interfaces/cmake/action_interfaces__rosidl_typesupport_introspection_cppExport.cmake
[3.629s] -- Installing: /home/sarah/sb_ros2_ws/src/install/action_interfaces/share/action_interfaces/cmake/action_interfaces__rosidl_typesupport_introspection_cppExport-noconfig.cmake
[3.629s] -- Installing: /home/sarah/sb_ros2_ws/src/install/action_interfaces/share/action_interfaces/cmake/action_interfaces__rosidl_typesupport_cppExport.cmake
[3.629s] -- Installing: /home/sarah/sb_ros2_ws/src/install/action_interfaces/share/action_interfaces/cmake/action_interfaces__rosidl_typesupport_cppExport-noconfig.cmake
[3.629s] -- Installing: /home/sarah/sb_ros2_ws/src/install/action_interfaces/share/action_interfaces/cmake/export_action_interfaces__rosidl_generator_pyExport.cmake
[3.629s] -- Installing: /home/sarah/sb_ros2_ws/src/install/action_interfaces/share/action_interfaces/cmake/export_action_interfaces__rosidl_generator_pyExport-noconfig.cmake
[3.629s] -- Installing: /home/sarah/sb_ros2_ws/src/install/action_interfaces/share/action_interfaces/cmake/rosidl_cmake-extras.cmake
[3.629s] -- Installing: /home/sarah/sb_ros2_ws/src/install/action_interfaces/share/action_interfaces/cmake/ament_cmake_export_dependencies-extras.cmake
[3.629s] -- Installing: /home/sarah/sb_ros2_ws/src/install/action_interfaces/share/action_interfaces/cmake/ament_cmake_export_include_directories-extras.cmake
[3.629s] -- Installing: /home/sarah/sb_ros2_ws/src/install/action_interfaces/share/action_interfaces/cmake/ament_cmake_export_libraries-extras.cmake
[3.629s] -- Installing: /home/sarah/sb_ros2_ws/src/install/action_interfaces/share/action_interfaces/cmake/ament_cmake_export_targets-extras.cmake
[3.629s] -- Installing: /home/sarah/sb_ros2_ws/src/install/action_interfaces/share/action_interfaces/cmake/rosidl_cmake_export_typesupport_targets-extras.cmake
[3.629s] -- Installing: /home/sarah/sb_ros2_ws/src/install/action_interfaces/share/action_interfaces/cmake/rosidl_cmake_export_typesupport_libraries-extras.cmake
[3.629s] -- Installing: /home/sarah/sb_ros2_ws/src/install/action_interfaces/share/action_interfaces/cmake/action_interfacesConfig.cmake
[3.629s] -- Installing: /home/sarah/sb_ros2_ws/src/install/action_interfaces/share/action_interfaces/cmake/action_interfacesConfig-version.cmake
[3.629s] -- Installing: /home/sarah/sb_ros2_ws/src/install/action_interfaces/share/action_interfaces/package.xml
[3.631s] Invoked command in '/home/sarah/sb_ros2_ws/src/build/action_interfaces' returned '0': CMAKE_PREFIX_PATH=${CMAKE_PREFIX_PATH}:/home/sarah/sb_ros2_ws/src/install/sb_controller:/home/sarah/sb_ros2_ws/install/sb_controller:/opt/ros/humble /usr/bin/cmake --install /home/sarah/sb_ros2_ws/src/build/action_interfaces
