[0.005s] Invoking command in '/home/sarah/sb_ros2_ws/build/standard_bot_bringup': CMAKE_PREFIX_PATH=${CMAKE_PREFIX_PATH}:/home/sarah/sb_ros2_ws/install/sb_controller:/home/sarah/sb_ros2_ws/install/standard_bot_controller:/home/sarah/ros2_ws/install/my_robot_controller:/opt/ros/humble /usr/bin/cmake --build /home/sarah/sb_ros2_ws/build/standard_bot_bringup -- -j32 -l32
[0.036s] Invoked command in '/home/sarah/sb_ros2_ws/build/standard_bot_bringup' returned '0': CMAKE_PREFIX_PATH=${CMAKE_PREFIX_PATH}:/home/sarah/sb_ros2_ws/install/sb_controller:/home/sarah/sb_ros2_ws/install/standard_bot_controller:/home/sarah/ros2_ws/install/my_robot_controller:/opt/ros/humble /usr/bin/cmake --build /home/sarah/sb_ros2_ws/build/standard_bot_bringup -- -j32 -l32
[0.049s] Invoking command in '/home/sarah/sb_ros2_ws/build/standard_bot_bringup': CMAKE_PREFIX_PATH=${CMAKE_PREFIX_PATH}:/home/sarah/sb_ros2_ws/install/sb_controller:/home/sarah/sb_ros2_ws/install/standard_bot_controller:/home/sarah/ros2_ws/install/my_robot_controller:/opt/ros/humble /usr/bin/cmake --install /home/sarah/sb_ros2_ws/build/standard_bot_bringup
[0.060s] -- Install configuration: ""
[0.060s] -- Up-to-date: /home/sarah/sb_ros2_ws/install/standard_bot_bringup/share/standard_bot_bringup/launch
[0.060s] -- Up-to-date: /home/sarah/sb_ros2_ws/install/standard_bot_bringup/share/standard_bot_bringup/launch/demo.launch.py
[0.060s] -- Up-to-date: /home/sarah/sb_ros2_ws/install/standard_bot_bringup/share/ament_index/resource_index/package_run_dependencies/standard_bot_bringup
[0.061s] -- Up-to-date: /home/sarah/sb_ros2_ws/install/standard_bot_bringup/share/ament_index/resource_index/parent_prefix_path/standard_bot_bringup
[0.061s] -- Up-to-date: /home/sarah/sb_ros2_ws/install/standard_bot_bringup/share/standard_bot_bringup/environment/ament_prefix_path.sh
[0.061s] -- Up-to-date: /home/sarah/sb_ros2_ws/install/standard_bot_bringup/share/standard_bot_bringup/environment/ament_prefix_path.dsv
[0.061s] -- Up-to-date: /home/sarah/sb_ros2_ws/install/standard_bot_bringup/share/standard_bot_bringup/environment/path.sh
[0.061s] -- Up-to-date: /home/sarah/sb_ros2_ws/install/standard_bot_bringup/share/standard_bot_bringup/environment/path.dsv
[0.061s] -- Up-to-date: /home/sarah/sb_ros2_ws/install/standard_bot_bringup/share/standard_bot_bringup/local_setup.bash
[0.061s] -- Up-to-date: /home/sarah/sb_ros2_ws/install/standard_bot_bringup/share/standard_bot_bringup/local_setup.sh
[0.062s] -- Up-to-date: /home/sarah/sb_ros2_ws/install/standard_bot_bringup/share/standard_bot_bringup/local_setup.zsh
[0.062s] -- Up-to-date: /home/sarah/sb_ros2_ws/install/standard_bot_bringup/share/standard_bot_bringup/local_setup.dsv
[0.062s] -- Up-to-date: /home/sarah/sb_ros2_ws/install/standard_bot_bringup/share/standard_bot_bringup/package.dsv
[0.062s] -- Up-to-date: /home/sarah/sb_ros2_ws/install/standard_bot_bringup/share/ament_index/resource_index/packages/standard_bot_bringup
[0.063s] -- Up-to-date: /home/sarah/sb_ros2_ws/install/standard_bot_bringup/share/standard_bot_bringup/cmake/standard_bot_bringupConfig.cmake
[0.063s] -- Up-to-date: /home/sarah/sb_ros2_ws/install/standard_bot_bringup/share/standard_bot_bringup/cmake/standard_bot_bringupConfig-version.cmake
[0.063s] -- Up-to-date: /home/sarah/sb_ros2_ws/install/standard_bot_bringup/share/standard_bot_bringup/package.xml
[0.064s] Invoked command in '/home/sarah/sb_ros2_ws/build/standard_bot_bringup' returned '0': CMAKE_PREFIX_PATH=${CMAKE_PREFIX_PATH}:/home/sarah/sb_ros2_ws/install/sb_controller:/home/sarah/sb_ros2_ws/install/standard_bot_controller:/home/sarah/ros2_ws/install/my_robot_controller:/opt/ros/humble /usr/bin/cmake --install /home/sarah/sb_ros2_ws/build/standard_bot_bringup
