[0.152s] Invoking command in '/home/sarah/sb_ros2_ws/src/build/action_interfaces': CMAKE_PREFIX_PATH=/opt/ros/humble /usr/bin/cmake --build /home/sarah/sb_ros2_ws/src/build/action_interfaces -- -j32 -l32
[0.505s] [  2%] Built target action_interfaces__cpp
[0.521s] [ 12%] Built target action_interfaces__rosidl_generator_c
[0.546s] [ 12%] Built target ament_cmake_python_copy_action_interfaces
[0.550s] [ 23%] Built target action_interfaces__rosidl_typesupport_cpp
[0.551s] [ 33%] Built target action_interfaces__rosidl_typesupport_introspection_cpp
[0.552s] [ 43%] Built target action_interfaces__rosidl_typesupport_fastrtps_cpp
[0.558s] [ 64%] Built target action_interfaces__rosidl_typesupport_introspection_c
[0.558s] [ 64%] Built target action_interfaces__rosidl_typesupport_c
[0.560s] [ 74%] Built target action_interfaces__rosidl_typesupport_fastrtps_c
[0.581s] [ 74%] Built target action_interfaces
[0.604s] [ 76%] Built target action_interfaces__py
[0.633s] [ 84%] Built target action_interfaces__rosidl_generator_py
[0.668s] [100%] Built target action_interfaces__rosidl_typesupport_introspection_c__pyext
[0.668s] [100%] Built target action_interfaces__rosidl_typesupport_fastrtps_c__pyext
[0.668s] [100%] Built target action_interfaces__rosidl_typesupport_c__pyext
[0.677s] running egg_info
[0.677s] writing action_interfaces.egg-info/PKG-INFO
[0.677s] writing dependency_links to action_interfaces.egg-info/dependency_links.txt
[0.677s] writing top-level names to action_interfaces.egg-info/top_level.txt
[0.678s] reading manifest file 'action_interfaces.egg-info/SOURCES.txt'
[0.680s] writing manifest file 'action_interfaces.egg-info/SOURCES.txt'
[0.695s] [100%] Built target ament_cmake_python_build_action_interfaces_egg
[0.703s] Invoked command in '/home/sarah/sb_ros2_ws/src/build/action_interfaces' returned '0': CMAKE_PREFIX_PATH=/opt/ros/humble /usr/bin/cmake --build /home/sarah/sb_ros2_ws/src/build/action_interfaces -- -j32 -l32
[0.707s] Invoking command in '/home/sarah/sb_ros2_ws/src/build/action_interfaces': CMAKE_PREFIX_PATH=/opt/ros/humble /usr/bin/cmake --install /home/sarah/sb_ros2_ws/src/build/action_interfaces
[0.718s] -- Install configuration: ""
[0.718s] -- Up-to-date: /home/sarah/sb_ros2_ws/src/install/action_interfaces/share/ament_index/resource_index/rosidl_interfaces/action_interfaces
[0.718s] -- Up-to-date: /home/sarah/sb_ros2_ws/src/install/action_interfaces/include/action_interfaces/action_interfaces
[0.718s] -- Up-to-date: /home/sarah/sb_ros2_ws/src/install/action_interfaces/include/action_interfaces/action_interfaces/msg
[0.718s] -- Up-to-date: /home/sarah/sb_ros2_ws/src/install/action_interfaces/include/action_interfaces/action_interfaces/msg/rosidl_generator_c__visibility_control.h
[0.718s] -- Up-to-date: /home/sarah/sb_ros2_ws/src/install/action_interfaces/include/action_interfaces/action_interfaces/action
[0.718s] -- Up-to-date: /home/sarah/sb_ros2_ws/src/install/action_interfaces/include/action_interfaces/action_interfaces/action/set_cart_pos.h
[0.718s] -- Up-to-date: /home/sarah/sb_ros2_ws/src/install/action_interfaces/include/action_interfaces/action_interfaces/action/detail
[0.718s] -- Up-to-date: /home/sarah/sb_ros2_ws/src/install/action_interfaces/include/action_interfaces/action_interfaces/action/detail/set_joint_pos__functions.h
[0.718s] -- Up-to-date: /home/sarah/sb_ros2_ws/src/install/action_interfaces/include/action_interfaces/action_interfaces/action/detail/set_joint_pos__functions.c
[0.718s] -- Up-to-date: /home/sarah/sb_ros2_ws/src/install/action_interfaces/include/action_interfaces/action_interfaces/action/detail/set_cart_pos__functions.h
[0.718s] -- Up-to-date: /home/sarah/sb_ros2_ws/src/install/action_interfaces/include/action_interfaces/action_interfaces/action/detail/set_cart_pos__functions.c
[0.718s] -- Up-to-date: /home/sarah/sb_ros2_ws/src/install/action_interfaces/include/action_interfaces/action_interfaces/action/detail/set_joint_pos__struct.h
[0.718s] -- Up-to-date: /home/sarah/sb_ros2_ws/src/install/action_interfaces/include/action_interfaces/action_interfaces/action/detail/set_cart_pos__struct.h
[0.718s] -- Up-to-date: /home/sarah/sb_ros2_ws/src/install/action_interfaces/include/action_interfaces/action_interfaces/action/detail/set_joint_pos__type_support.h
[0.718s] -- Up-to-date: /home/sarah/sb_ros2_ws/src/install/action_interfaces/include/action_interfaces/action_interfaces/action/detail/set_cart_pos__type_support.h
[0.718s] -- Up-to-date: /home/sarah/sb_ros2_ws/src/install/action_interfaces/include/action_interfaces/action_interfaces/action/set_joint_pos.h
[0.718s] -- Up-to-date: /home/sarah/sb_ros2_ws/src/install/action_interfaces/share/action_interfaces/environment/library_path.sh
[0.719s] -- Up-to-date: /home/sarah/sb_ros2_ws/src/install/action_interfaces/share/action_interfaces/environment/library_path.dsv
[0.722s] -- Up-to-date: /home/sarah/sb_ros2_ws/src/install/action_interfaces/lib/libaction_interfaces__rosidl_generator_c.so
[0.722s] -- Up-to-date: /home/sarah/sb_ros2_ws/src/install/action_interfaces/include/action_interfaces/action_interfaces
[0.722s] -- Up-to-date: /home/sarah/sb_ros2_ws/src/install/action_interfaces/include/action_interfaces/action_interfaces/msg
[0.723s] -- Up-to-date: /home/sarah/sb_ros2_ws/src/install/action_interfaces/include/action_interfaces/action_interfaces/msg/rosidl_typesupport_fastrtps_c__visibility_control.h
[0.723s] -- Up-to-date: /home/sarah/sb_ros2_ws/src/install/action_interfaces/include/action_interfaces/action_interfaces/action
[0.723s] -- Up-to-date: /home/sarah/sb_ros2_ws/src/install/action_interfaces/include/action_interfaces/action_interfaces/action/detail
[0.723s] -- Up-to-date: /home/sarah/sb_ros2_ws/src/install/action_interfaces/include/action_interfaces/action_interfaces/action/detail/set_cart_pos__rosidl_typesupport_fastrtps_c.h
[0.723s] -- Up-to-date: /home/sarah/sb_ros2_ws/src/install/action_interfaces/include/action_interfaces/action_interfaces/action/detail/set_joint_pos__rosidl_typesupport_fastrtps_c.h
[0.727s] -- Up-to-date: /home/sarah/sb_ros2_ws/src/install/action_interfaces/lib/libaction_interfaces__rosidl_typesupport_fastrtps_c.so
[0.728s] -- Up-to-date: /home/sarah/sb_ros2_ws/src/install/action_interfaces/include/action_interfaces/action_interfaces
[0.728s] -- Up-to-date: /home/sarah/sb_ros2_ws/src/install/action_interfaces/include/action_interfaces/action_interfaces/msg
[0.728s] -- Up-to-date: /home/sarah/sb_ros2_ws/src/install/action_interfaces/include/action_interfaces/action_interfaces/msg/rosidl_typesupport_introspection_c__visibility_control.h
[0.728s] -- Up-to-date: /home/sarah/sb_ros2_ws/src/install/action_interfaces/include/action_interfaces/action_interfaces/action
[0.728s] -- Up-to-date: /home/sarah/sb_ros2_ws/src/install/action_interfaces/include/action_interfaces/action_interfaces/action/detail
[0.728s] -- Up-to-date: /home/sarah/sb_ros2_ws/src/install/action_interfaces/include/action_interfaces/action_interfaces/action/detail/set_joint_pos__rosidl_typesupport_introspection_c.h
[0.728s] -- Up-to-date: /home/sarah/sb_ros2_ws/src/install/action_interfaces/include/action_interfaces/action_interfaces/action/detail/set_joint_pos__type_support.c
[0.728s] -- Up-to-date: /home/sarah/sb_ros2_ws/src/install/action_interfaces/include/action_interfaces/action_interfaces/action/detail/set_cart_pos__rosidl_typesupport_introspection_c.h
[0.728s] -- Up-to-date: /home/sarah/sb_ros2_ws/src/install/action_interfaces/include/action_interfaces/action_interfaces/action/detail/set_cart_pos__type_support.c
[0.733s] -- Up-to-date: /home/sarah/sb_ros2_ws/src/install/action_interfaces/lib/libaction_interfaces__rosidl_typesupport_introspection_c.so
[0.738s] -- Up-to-date: /home/sarah/sb_ros2_ws/src/install/action_interfaces/lib/libaction_interfaces__rosidl_typesupport_c.so
[0.739s] -- Up-to-date: /home/sarah/sb_ros2_ws/src/install/action_interfaces/include/action_interfaces/action_interfaces
[0.739s] -- Up-to-date: /home/sarah/sb_ros2_ws/src/install/action_interfaces/include/action_interfaces/action_interfaces/msg
[0.739s] -- Up-to-date: /home/sarah/sb_ros2_ws/src/install/action_interfaces/include/action_interfaces/action_interfaces/msg/rosidl_generator_cpp__visibility_control.hpp
[0.739s] -- Up-to-date: /home/sarah/sb_ros2_ws/src/install/action_interfaces/include/action_interfaces/action_interfaces/action
[0.739s] -- Up-to-date: /home/sarah/sb_ros2_ws/src/install/action_interfaces/include/action_interfaces/action_interfaces/action/set_joint_pos.hpp
[0.739s] -- Up-to-date: /home/sarah/sb_ros2_ws/src/install/action_interfaces/include/action_interfaces/action_interfaces/action/set_cart_pos.hpp
[0.739s] -- Up-to-date: /home/sarah/sb_ros2_ws/src/install/action_interfaces/include/action_interfaces/action_interfaces/action/detail
[0.739s] -- Up-to-date: /home/sarah/sb_ros2_ws/src/install/action_interfaces/include/action_interfaces/action_interfaces/action/detail/set_cart_pos__traits.hpp
[0.739s] -- Up-to-date: /home/sarah/sb_ros2_ws/src/install/action_interfaces/include/action_interfaces/action_interfaces/action/detail/set_cart_pos__struct.hpp
[0.739s] -- Up-to-date: /home/sarah/sb_ros2_ws/src/install/action_interfaces/include/action_interfaces/action_interfaces/action/detail/set_joint_pos__type_support.hpp
[0.739s] -- Up-to-date: /home/sarah/sb_ros2_ws/src/install/action_interfaces/include/action_interfaces/action_interfaces/action/detail/set_joint_pos__builder.hpp
[0.739s] -- Up-to-date: /home/sarah/sb_ros2_ws/src/install/action_interfaces/include/action_interfaces/action_interfaces/action/detail/set_joint_pos__traits.hpp
[0.739s] -- Up-to-date: /home/sarah/sb_ros2_ws/src/install/action_interfaces/include/action_interfaces/action_interfaces/action/detail/set_joint_pos__struct.hpp
[0.739s] -- Up-to-date: /home/sarah/sb_ros2_ws/src/install/action_interfaces/include/action_interfaces/action_interfaces/action/detail/set_cart_pos__builder.hpp
[0.739s] -- Up-to-date: /home/sarah/sb_ros2_ws/src/install/action_interfaces/include/action_interfaces/action_interfaces/action/detail/set_cart_pos__type_support.hpp
[0.739s] -- Up-to-date: /home/sarah/sb_ros2_ws/src/install/action_interfaces/include/action_interfaces/action_interfaces
[0.740s] -- Up-to-date: /home/sarah/sb_ros2_ws/src/install/action_interfaces/include/action_interfaces/action_interfaces/msg
[0.740s] -- Up-to-date: /home/sarah/sb_ros2_ws/src/install/action_interfaces/include/action_interfaces/action_interfaces/msg/rosidl_typesupport_fastrtps_cpp__visibility_control.h
[0.740s] -- Up-to-date: /home/sarah/sb_ros2_ws/src/install/action_interfaces/include/action_interfaces/action_interfaces/action
[0.740s] -- Up-to-date: /home/sarah/sb_ros2_ws/src/install/action_interfaces/include/action_interfaces/action_interfaces/action/detail
[0.740s] -- Up-to-date: /home/sarah/sb_ros2_ws/src/install/action_interfaces/include/action_interfaces/action_interfaces/action/detail/dds_fastrtps
[0.740s] -- Up-to-date: /home/sarah/sb_ros2_ws/src/install/action_interfaces/include/action_interfaces/action_interfaces/action/detail/set_joint_pos__rosidl_typesupport_fastrtps_cpp.hpp
[0.740s] -- Up-to-date: /home/sarah/sb_ros2_ws/src/install/action_interfaces/include/action_interfaces/action_interfaces/action/detail/set_cart_pos__rosidl_typesupport_fastrtps_cpp.hpp
[0.744s] -- Up-to-date: /home/sarah/sb_ros2_ws/src/install/action_interfaces/lib/libaction_interfaces__rosidl_typesupport_fastrtps_cpp.so
[0.744s] -- Up-to-date: /home/sarah/sb_ros2_ws/src/install/action_interfaces/include/action_interfaces/action_interfaces
[0.744s] -- Up-to-date: /home/sarah/sb_ros2_ws/src/install/action_interfaces/include/action_interfaces/action_interfaces/action
[0.744s] -- Up-to-date: /home/sarah/sb_ros2_ws/src/install/action_interfaces/include/action_interfaces/action_interfaces/action/detail
[0.744s] -- Up-to-date: /home/sarah/sb_ros2_ws/src/install/action_interfaces/include/action_interfaces/action_interfaces/action/detail/set_cart_pos__rosidl_typesupport_introspection_cpp.hpp
[0.744s] -- Up-to-date: /home/sarah/sb_ros2_ws/src/install/action_interfaces/include/action_interfaces/action_interfaces/action/detail/set_joint_pos__type_support.cpp
[0.744s] -- Up-to-date: /home/sarah/sb_ros2_ws/src/install/action_interfaces/include/action_interfaces/action_interfaces/action/detail/set_cart_pos__type_support.cpp
[0.744s] -- Up-to-date: /home/sarah/sb_ros2_ws/src/install/action_interfaces/include/action_interfaces/action_interfaces/action/detail/set_joint_pos__rosidl_typesupport_introspection_cpp.hpp
[0.749s] -- Up-to-date: /home/sarah/sb_ros2_ws/src/install/action_interfaces/lib/libaction_interfaces__rosidl_typesupport_introspection_cpp.so
[0.755s] -- Up-to-date: /home/sarah/sb_ros2_ws/src/install/action_interfaces/lib/libaction_interfaces__rosidl_typesupport_cpp.so
[0.755s] -- Up-to-date: /home/sarah/sb_ros2_ws/src/install/action_interfaces/share/action_interfaces/environment/pythonpath.sh
[0.755s] -- Up-to-date: /home/sarah/sb_ros2_ws/src/install/action_interfaces/share/action_interfaces/environment/pythonpath.dsv
[0.755s] -- Up-to-date: /home/sarah/sb_ros2_ws/src/install/action_interfaces/local/lib/python3.10/dist-packages/action_interfaces-0.0.0-py3.10.egg-info
[0.755s] -- Installing: /home/sarah/sb_ros2_ws/src/install/action_interfaces/local/lib/python3.10/dist-packages/action_interfaces-0.0.0-py3.10.egg-info/SOURCES.txt
[0.755s] -- Installing: /home/sarah/sb_ros2_ws/src/install/action_interfaces/local/lib/python3.10/dist-packages/action_interfaces-0.0.0-py3.10.egg-info/top_level.txt
[0.756s] -- Installing: /home/sarah/sb_ros2_ws/src/install/action_interfaces/local/lib/python3.10/dist-packages/action_interfaces-0.0.0-py3.10.egg-info/PKG-INFO
[0.756s] -- Installing: /home/sarah/sb_ros2_ws/src/install/action_interfaces/local/lib/python3.10/dist-packages/action_interfaces-0.0.0-py3.10.egg-info/dependency_links.txt
[0.756s] -- Up-to-date: /home/sarah/sb_ros2_ws/src/install/action_interfaces/local/lib/python3.10/dist-packages/action_interfaces
[0.756s] -- Up-to-date: /home/sarah/sb_ros2_ws/src/install/action_interfaces/local/lib/python3.10/dist-packages/action_interfaces/_action_interfaces_s.ep.rosidl_typesupport_introspection_c.c
[0.756s] -- Up-to-date: /home/sarah/sb_ros2_ws/src/install/action_interfaces/local/lib/python3.10/dist-packages/action_interfaces/action_interfaces_s__rosidl_typesupport_c.cpython-310-x86_64-linux-gnu.so
[0.756s] -- Up-to-date: /home/sarah/sb_ros2_ws/src/install/action_interfaces/local/lib/python3.10/dist-packages/action_interfaces/__init__.py
[0.756s] -- Up-to-date: /home/sarah/sb_ros2_ws/src/install/action_interfaces/local/lib/python3.10/dist-packages/action_interfaces/action_interfaces_s__rosidl_typesupport_introspection_c.cpython-310-x86_64-linux-gnu.so
[0.756s] -- Up-to-date: /home/sarah/sb_ros2_ws/src/install/action_interfaces/local/lib/python3.10/dist-packages/action_interfaces/_action_interfaces_s.ep.rosidl_typesupport_fastrtps_c.c
[0.756s] -- Up-to-date: /home/sarah/sb_ros2_ws/src/install/action_interfaces/local/lib/python3.10/dist-packages/action_interfaces/action
[0.756s] -- Up-to-date: /home/sarah/sb_ros2_ws/src/install/action_interfaces/local/lib/python3.10/dist-packages/action_interfaces/action/_set_joint_pos.py
[0.756s] -- Up-to-date: /home/sarah/sb_ros2_ws/src/install/action_interfaces/local/lib/python3.10/dist-packages/action_interfaces/action/__init__.py
[0.756s] -- Up-to-date: /home/sarah/sb_ros2_ws/src/install/action_interfaces/local/lib/python3.10/dist-packages/action_interfaces/action/_set_cart_pos_s.c
[0.756s] -- Up-to-date: /home/sarah/sb_ros2_ws/src/install/action_interfaces/local/lib/python3.10/dist-packages/action_interfaces/action/_set_joint_pos_s.c
[0.756s] -- Up-to-date: /home/sarah/sb_ros2_ws/src/install/action_interfaces/local/lib/python3.10/dist-packages/action_interfaces/action/_set_cart_pos.py
[0.756s] -- Up-to-date: /home/sarah/sb_ros2_ws/src/install/action_interfaces/local/lib/python3.10/dist-packages/action_interfaces/_action_interfaces_s.ep.rosidl_typesupport_c.c
[0.756s] -- Up-to-date: /home/sarah/sb_ros2_ws/src/install/action_interfaces/local/lib/python3.10/dist-packages/action_interfaces/action_interfaces_s__rosidl_typesupport_fastrtps_c.cpython-310-x86_64-linux-gnu.so
[0.756s] -- Up-to-date: /home/sarah/sb_ros2_ws/src/install/action_interfaces/local/lib/python3.10/dist-packages/action_interfaces/libaction_interfaces__rosidl_generator_py.so
[0.784s] Listing '/home/sarah/sb_ros2_ws/src/install/action_interfaces/local/lib/python3.10/dist-packages/action_interfaces'...
[0.784s] Listing '/home/sarah/sb_ros2_ws/src/install/action_interfaces/local/lib/python3.10/dist-packages/action_interfaces/action'...
[0.791s] -- Up-to-date: /home/sarah/sb_ros2_ws/src/install/action_interfaces/local/lib/python3.10/dist-packages/action_interfaces/action_interfaces_s__rosidl_typesupport_fastrtps_c.cpython-310-x86_64-linux-gnu.so
[0.796s] -- Up-to-date: /home/sarah/sb_ros2_ws/src/install/action_interfaces/local/lib/python3.10/dist-packages/action_interfaces/action_interfaces_s__rosidl_typesupport_introspection_c.cpython-310-x86_64-linux-gnu.so
[0.801s] -- Up-to-date: /home/sarah/sb_ros2_ws/src/install/action_interfaces/local/lib/python3.10/dist-packages/action_interfaces/action_interfaces_s__rosidl_typesupport_c.cpython-310-x86_64-linux-gnu.so
[0.807s] -- Up-to-date: /home/sarah/sb_ros2_ws/src/install/action_interfaces/lib/libaction_interfaces__rosidl_generator_py.so
[0.807s] -- Up-to-date: /home/sarah/sb_ros2_ws/src/install/action_interfaces/share/action_interfaces/action/SetCartPos.idl
[0.807s] -- Up-to-date: /home/sarah/sb_ros2_ws/src/install/action_interfaces/share/action_interfaces/action/SetJointPos.idl
[0.808s] -- Up-to-date: /home/sarah/sb_ros2_ws/src/install/action_interfaces/share/action_interfaces/action/SetCartPos.action
[0.808s] -- Up-to-date: /home/sarah/sb_ros2_ws/src/install/action_interfaces/share/action_interfaces/action/SetJointPos.action
[0.808s] -- Up-to-date: /home/sarah/sb_ros2_ws/src/install/action_interfaces/share/ament_index/resource_index/package_run_dependencies/action_interfaces
[0.808s] -- Up-to-date: /home/sarah/sb_ros2_ws/src/install/action_interfaces/share/ament_index/resource_index/parent_prefix_path/action_interfaces
[0.808s] -- Up-to-date: /home/sarah/sb_ros2_ws/src/install/action_interfaces/share/action_interfaces/environment/ament_prefix_path.sh
[0.808s] -- Up-to-date: /home/sarah/sb_ros2_ws/src/install/action_interfaces/share/action_interfaces/environment/ament_prefix_path.dsv
[0.808s] -- Up-to-date: /home/sarah/sb_ros2_ws/src/install/action_interfaces/share/action_interfaces/environment/path.sh
[0.808s] -- Up-to-date: /home/sarah/sb_ros2_ws/src/install/action_interfaces/share/action_interfaces/environment/path.dsv
[0.808s] -- Up-to-date: /home/sarah/sb_ros2_ws/src/install/action_interfaces/share/action_interfaces/local_setup.bash
[0.808s] -- Up-to-date: /home/sarah/sb_ros2_ws/src/install/action_interfaces/share/action_interfaces/local_setup.sh
[0.808s] -- Up-to-date: /home/sarah/sb_ros2_ws/src/install/action_interfaces/share/action_interfaces/local_setup.zsh
[0.808s] -- Up-to-date: /home/sarah/sb_ros2_ws/src/install/action_interfaces/share/action_interfaces/local_setup.dsv
[0.809s] -- Installing: /home/sarah/sb_ros2_ws/src/install/action_interfaces/share/action_interfaces/package.dsv
[0.809s] -- Up-to-date: /home/sarah/sb_ros2_ws/src/install/action_interfaces/share/ament_index/resource_index/packages/action_interfaces
[0.812s] -- Up-to-date: /home/sarah/sb_ros2_ws/src/install/action_interfaces/share/action_interfaces/cmake/export_action_interfaces__rosidl_generator_cExport.cmake
[0.812s] -- Up-to-date: /home/sarah/sb_ros2_ws/src/install/action_interfaces/share/action_interfaces/cmake/export_action_interfaces__rosidl_generator_cExport-noconfig.cmake
[0.815s] -- Up-to-date: /home/sarah/sb_ros2_ws/src/install/action_interfaces/share/action_interfaces/cmake/export_action_interfaces__rosidl_typesupport_fastrtps_cExport.cmake
[0.816s] -- Up-to-date: /home/sarah/sb_ros2_ws/src/install/action_interfaces/share/action_interfaces/cmake/export_action_interfaces__rosidl_typesupport_fastrtps_cExport-noconfig.cmake
[0.819s] -- Up-to-date: /home/sarah/sb_ros2_ws/src/install/action_interfaces/share/action_interfaces/cmake/action_interfaces__rosidl_typesupport_introspection_cExport.cmake
[0.819s] -- Up-to-date: /home/sarah/sb_ros2_ws/src/install/action_interfaces/share/action_interfaces/cmake/action_interfaces__rosidl_typesupport_introspection_cExport-noconfig.cmake
[0.823s] -- Up-to-date: /home/sarah/sb_ros2_ws/src/install/action_interfaces/share/action_interfaces/cmake/action_interfaces__rosidl_typesupport_cExport.cmake
[0.823s] -- Up-to-date: /home/sarah/sb_ros2_ws/src/install/action_interfaces/share/action_interfaces/cmake/action_interfaces__rosidl_typesupport_cExport-noconfig.cmake
[0.826s] -- Up-to-date: /home/sarah/sb_ros2_ws/src/install/action_interfaces/share/action_interfaces/cmake/export_action_interfaces__rosidl_generator_cppExport.cmake
[0.830s] -- Up-to-date: /home/sarah/sb_ros2_ws/src/install/action_interfaces/share/action_interfaces/cmake/export_action_interfaces__rosidl_typesupport_fastrtps_cppExport.cmake
[0.830s] -- Up-to-date: /home/sarah/sb_ros2_ws/src/install/action_interfaces/share/action_interfaces/cmake/export_action_interfaces__rosidl_typesupport_fastrtps_cppExport-noconfig.cmake
[0.834s] -- Up-to-date: /home/sarah/sb_ros2_ws/src/install/action_interfaces/share/action_interfaces/cmake/action_interfaces__rosidl_typesupport_introspection_cppExport.cmake
[0.834s] -- Up-to-date: /home/sarah/sb_ros2_ws/src/install/action_interfaces/share/action_interfaces/cmake/action_interfaces__rosidl_typesupport_introspection_cppExport-noconfig.cmake
[0.837s] -- Up-to-date: /home/sarah/sb_ros2_ws/src/install/action_interfaces/share/action_interfaces/cmake/action_interfaces__rosidl_typesupport_cppExport.cmake
[0.837s] -- Up-to-date: /home/sarah/sb_ros2_ws/src/install/action_interfaces/share/action_interfaces/cmake/action_interfaces__rosidl_typesupport_cppExport-noconfig.cmake
[0.841s] -- Up-to-date: /home/sarah/sb_ros2_ws/src/install/action_interfaces/share/action_interfaces/cmake/export_action_interfaces__rosidl_generator_pyExport.cmake
[0.841s] -- Up-to-date: /home/sarah/sb_ros2_ws/src/install/action_interfaces/share/action_interfaces/cmake/export_action_interfaces__rosidl_generator_pyExport-noconfig.cmake
[0.841s] -- Up-to-date: /home/sarah/sb_ros2_ws/src/install/action_interfaces/share/action_interfaces/cmake/rosidl_cmake-extras.cmake
[0.841s] -- Up-to-date: /home/sarah/sb_ros2_ws/src/install/action_interfaces/share/action_interfaces/cmake/ament_cmake_export_dependencies-extras.cmake
[0.842s] -- Up-to-date: /home/sarah/sb_ros2_ws/src/install/action_interfaces/share/action_interfaces/cmake/ament_cmake_export_include_directories-extras.cmake
[0.842s] -- Up-to-date: /home/sarah/sb_ros2_ws/src/install/action_interfaces/share/action_interfaces/cmake/ament_cmake_export_libraries-extras.cmake
[0.842s] -- Up-to-date: /home/sarah/sb_ros2_ws/src/install/action_interfaces/share/action_interfaces/cmake/ament_cmake_export_targets-extras.cmake
[0.842s] -- Up-to-date: /home/sarah/sb_ros2_ws/src/install/action_interfaces/share/action_interfaces/cmake/rosidl_cmake_export_typesupport_targets-extras.cmake
[0.842s] -- Up-to-date: /home/sarah/sb_ros2_ws/src/install/action_interfaces/share/action_interfaces/cmake/rosidl_cmake_export_typesupport_libraries-extras.cmake
[0.842s] -- Up-to-date: /home/sarah/sb_ros2_ws/src/install/action_interfaces/share/action_interfaces/cmake/action_interfacesConfig.cmake
[0.842s] -- Up-to-date: /home/sarah/sb_ros2_ws/src/install/action_interfaces/share/action_interfaces/cmake/action_interfacesConfig-version.cmake
[0.842s] -- Up-to-date: /home/sarah/sb_ros2_ws/src/install/action_interfaces/share/action_interfaces/package.xml
[0.846s] Invoked command in '/home/sarah/sb_ros2_ws/src/build/action_interfaces' returned '0': CMAKE_PREFIX_PATH=/opt/ros/humble /usr/bin/cmake --install /home/sarah/sb_ros2_ws/src/build/action_interfaces
