/home/sarah/sb_ros2_ws/src/install/sb_controller/lib/python3.10/site-packages/sb_controller/standard_bot_set_joint_rot_client_node.py
/home/sarah/sb_ros2_ws/src/install/sb_controller/lib/python3.10/site-packages/sb_controller/standard_bot_status_node.py
/home/sarah/sb_ros2_ws/src/install/sb_controller/lib/python3.10/site-packages/sb_controller/standart_bot_on_robot_gripper_server_node.py
/home/sarah/sb_ros2_ws/src/install/sb_controller/lib/python3.10/site-packages/sb_controller/standard_bot_camera_feed_node.py
/home/sarah/sb_ros2_ws/src/install/sb_controller/lib/python3.10/site-packages/sb_controller/standart_bot_on_robot_gripper_client_node.py
/home/sarah/sb_ros2_ws/src/install/sb_controller/lib/python3.10/site-packages/sb_controller/standard_bot_set_cart_pose_server_node.py
/home/sarah/sb_ros2_ws/src/install/sb_controller/lib/python3.10/site-packages/sb_controller/__init__.py
/home/sarah/sb_ros2_ws/src/install/sb_controller/lib/python3.10/site-packages/sb_controller/standard_bot_camera_subscriber.py
/home/sarah/sb_ros2_ws/src/install/sb_controller/lib/python3.10/site-packages/sb_controller/standard_bot_set_cart_pose_client_node.py
/home/sarah/sb_ros2_ws/src/install/sb_controller/lib/python3.10/site-packages/sb_controller/standard_bot_set_joint_rot_server_node.py
/home/sarah/sb_ros2_ws/src/install/sb_controller/lib/python3.10/site-packages/sb_controller/__pycache__/standard_bot_set_joint_rot_client_node.cpython-310.pyc
/home/sarah/sb_ros2_ws/src/install/sb_controller/lib/python3.10/site-packages/sb_controller/__pycache__/standard_bot_status_node.cpython-310.pyc
/home/sarah/sb_ros2_ws/src/install/sb_controller/lib/python3.10/site-packages/sb_controller/__pycache__/standart_bot_on_robot_gripper_server_node.cpython-310.pyc
/home/sarah/sb_ros2_ws/src/install/sb_controller/lib/python3.10/site-packages/sb_controller/__pycache__/standard_bot_camera_feed_node.cpython-310.pyc
/home/sarah/sb_ros2_ws/src/install/sb_controller/lib/python3.10/site-packages/sb_controller/__pycache__/standart_bot_on_robot_gripper_client_node.cpython-310.pyc
/home/sarah/sb_ros2_ws/src/install/sb_controller/lib/python3.10/site-packages/sb_controller/__pycache__/standard_bot_set_cart_pose_server_node.cpython-310.pyc
/home/sarah/sb_ros2_ws/src/install/sb_controller/lib/python3.10/site-packages/sb_controller/__pycache__/__init__.cpython-310.pyc
/home/sarah/sb_ros2_ws/src/install/sb_controller/lib/python3.10/site-packages/sb_controller/__pycache__/standard_bot_camera_subscriber.cpython-310.pyc
/home/sarah/sb_ros2_ws/src/install/sb_controller/lib/python3.10/site-packages/sb_controller/__pycache__/standard_bot_set_cart_pose_client_node.cpython-310.pyc
/home/sarah/sb_ros2_ws/src/install/sb_controller/lib/python3.10/site-packages/sb_controller/__pycache__/standard_bot_set_joint_rot_server_node.cpython-310.pyc
/home/sarah/sb_ros2_ws/src/install/sb_controller/share/ament_index/resource_index/packages/sb_controller
/home/sarah/sb_ros2_ws/src/install/sb_controller/share/sb_controller/package.xml
/home/sarah/sb_ros2_ws/src/install/sb_controller/share/sb_controller
/home/sarah/sb_ros2_ws/src/install/sb_controller/lib/python3.10/site-packages/sb_controller-0.0.0-py3.10.egg-info/entry_points.txt
/home/sarah/sb_ros2_ws/src/install/sb_controller/lib/python3.10/site-packages/sb_controller-0.0.0-py3.10.egg-info/zip-safe
/home/sarah/sb_ros2_ws/src/install/sb_controller/lib/python3.10/site-packages/sb_controller-0.0.0-py3.10.egg-info/requires.txt
/home/sarah/sb_ros2_ws/src/install/sb_controller/lib/python3.10/site-packages/sb_controller-0.0.0-py3.10.egg-info/SOURCES.txt
/home/sarah/sb_ros2_ws/src/install/sb_controller/lib/python3.10/site-packages/sb_controller-0.0.0-py3.10.egg-info/top_level.txt
/home/sarah/sb_ros2_ws/src/install/sb_controller/lib/python3.10/site-packages/sb_controller-0.0.0-py3.10.egg-info/PKG-INFO
/home/sarah/sb_ros2_ws/src/install/sb_controller/lib/python3.10/site-packages/sb_controller-0.0.0-py3.10.egg-info/dependency_links.txt
/home/sarah/sb_ros2_ws/src/install/sb_controller/lib/sb_controller/standard_bot_camera_feed_node
/home/sarah/sb_ros2_ws/src/install/sb_controller/lib/sb_controller/standard_bot_camera_subscriber
/home/sarah/sb_ros2_ws/src/install/sb_controller/lib/sb_controller/standard_bot_set_cart_pose_client_node
/home/sarah/sb_ros2_ws/src/install/sb_controller/lib/sb_controller/standard_bot_set_cart_pose_server_node
/home/sarah/sb_ros2_ws/src/install/sb_controller/lib/sb_controller/standard_bot_set_joint_rot_client_node
/home/sarah/sb_ros2_ws/src/install/sb_controller/lib/sb_controller/standard_bot_set_joint_rot_server_node
/home/sarah/sb_ros2_ws/src/install/sb_controller/lib/sb_controller/standard_bot_status_node
/home/sarah/sb_ros2_ws/src/install/sb_controller/lib/sb_controller/standart_bot_on_robot_gripper_client_node
/home/sarah/sb_ros2_ws/src/install/sb_controller/lib/sb_controller/standart_bot_on_robot_gripper_server_node
