[0.004s] Invoking command in '/home/sarah/sb_ros2_ws/build/standard_bot_bringup': AMENT_PREFIX_PATH=/home/sarah/sb_ros2_ws/install/sb_controller:/home/sarah/sb_ros2_ws/install/standard_bot_bringup:/home/sarah/sb_ros2_ws/install/my_cpp_py_pkg:/home/sarah/sb_ros2_ws/install/action_interfaces:/opt/ros/humble CMAKE_PREFIX_PATH=${CMAKE_PREFIX_PATH}:/home/sarah/sb_ros2_ws/install/sb_controller:/opt/ros/humble /usr/bin/cmake --build /home/sarah/sb_ros2_ws/build/standard_bot_bringup -- -j32 -l32
[0.028s] Invoked command in '/home/sarah/sb_ros2_ws/build/standard_bot_bringup' returned '0': AMENT_PREFIX_PATH=/home/sarah/sb_ros2_ws/install/sb_controller:/home/sarah/sb_ros2_ws/install/standard_bot_bringup:/home/sarah/sb_ros2_ws/install/my_cpp_py_pkg:/home/sarah/sb_ros2_ws/install/action_interfaces:/opt/ros/humble CMAKE_PREFIX_PATH=${CMAKE_PREFIX_PATH}:/home/sarah/sb_ros2_ws/install/sb_controller:/opt/ros/humble /usr/bin/cmake --build /home/sarah/sb_ros2_ws/build/standard_bot_bringup -- -j32 -l32
[0.030s] Invoking command in '/home/sarah/sb_ros2_ws/build/standard_bot_bringup': AMENT_PREFIX_PATH=/home/sarah/sb_ros2_ws/install/sb_controller:/home/sarah/sb_ros2_ws/install/standard_bot_bringup:/home/sarah/sb_ros2_ws/install/my_cpp_py_pkg:/home/sarah/sb_ros2_ws/install/action_interfaces:/opt/ros/humble CMAKE_PREFIX_PATH=${CMAKE_PREFIX_PATH}:/home/sarah/sb_ros2_ws/install/sb_controller:/opt/ros/humble /usr/bin/cmake --install /home/sarah/sb_ros2_ws/build/standard_bot_bringup
[0.034s] -- Install configuration: ""
[0.034s] -- Up-to-date: /home/sarah/sb_ros2_ws/install/standard_bot_bringup/share/standard_bot_bringup/launch
[0.034s] -- Up-to-date: /home/sarah/sb_ros2_ws/install/standard_bot_bringup/share/standard_bot_bringup/launch/demo.launch.py
[0.035s] -- Up-to-date: /home/sarah/sb_ros2_ws/install/standard_bot_bringup/share/ament_index/resource_index/package_run_dependencies/standard_bot_bringup
[0.035s] -- Up-to-date: /home/sarah/sb_ros2_ws/install/standard_bot_bringup/share/ament_index/resource_index/parent_prefix_path/standard_bot_bringup
[0.035s] -- Up-to-date: /home/sarah/sb_ros2_ws/install/standard_bot_bringup/share/standard_bot_bringup/environment/ament_prefix_path.sh
[0.035s] -- Up-to-date: /home/sarah/sb_ros2_ws/install/standard_bot_bringup/share/standard_bot_bringup/environment/ament_prefix_path.dsv
[0.035s] -- Up-to-date: /home/sarah/sb_ros2_ws/install/standard_bot_bringup/share/standard_bot_bringup/environment/path.sh
[0.035s] -- Up-to-date: /home/sarah/sb_ros2_ws/install/standard_bot_bringup/share/standard_bot_bringup/environment/path.dsv
[0.035s] -- Up-to-date: /home/sarah/sb_ros2_ws/install/standard_bot_bringup/share/standard_bot_bringup/local_setup.bash
[0.035s] -- Up-to-date: /home/sarah/sb_ros2_ws/install/standard_bot_bringup/share/standard_bot_bringup/local_setup.sh
[0.035s] -- Up-to-date: /home/sarah/sb_ros2_ws/install/standard_bot_bringup/share/standard_bot_bringup/local_setup.zsh
[0.035s] -- Up-to-date: /home/sarah/sb_ros2_ws/install/standard_bot_bringup/share/standard_bot_bringup/local_setup.dsv
[0.035s] -- Installing: /home/sarah/sb_ros2_ws/install/standard_bot_bringup/share/standard_bot_bringup/package.dsv
[0.035s] -- Up-to-date: /home/sarah/sb_ros2_ws/install/standard_bot_bringup/share/ament_index/resource_index/packages/standard_bot_bringup
[0.035s] -- Up-to-date: /home/sarah/sb_ros2_ws/install/standard_bot_bringup/share/standard_bot_bringup/cmake/standard_bot_bringupConfig.cmake
[0.035s] -- Up-to-date: /home/sarah/sb_ros2_ws/install/standard_bot_bringup/share/standard_bot_bringup/cmake/standard_bot_bringupConfig-version.cmake
[0.035s] -- Up-to-date: /home/sarah/sb_ros2_ws/install/standard_bot_bringup/share/standard_bot_bringup/package.xml
[0.036s] Invoked command in '/home/sarah/sb_ros2_ws/build/standard_bot_bringup' returned '0': AMENT_PREFIX_PATH=/home/sarah/sb_ros2_ws/install/sb_controller:/home/sarah/sb_ros2_ws/install/standard_bot_bringup:/home/sarah/sb_ros2_ws/install/my_cpp_py_pkg:/home/sarah/sb_ros2_ws/install/action_interfaces:/opt/ros/humble CMAKE_PREFIX_PATH=${CMAKE_PREFIX_PATH}:/home/sarah/sb_ros2_ws/install/sb_controller:/opt/ros/humble /usr/bin/cmake --install /home/sarah/sb_ros2_ws/build/standard_bot_bringup
