[0.124s] Invoking command in '/home/sarah/sb_ros2_ws/build/action_interfaces': CMAKE_PREFIX_PATH=${CMAKE_PREFIX_PATH}:/home/sarah/sb_ros2_ws/src/install/sb_controller:/home/sarah/sb_ros2_ws/install/sb_controller:/opt/ros/humble /usr/bin/cmake /home/sarah/sb_ros2_ws/src/action_interfaces -DCMAKE_INSTALL_PREFIX=/home/sarah/sb_ros2_ws/install/action_interfaces
[0.158s] -- The C compiler identification is GNU 11.4.0
[0.191s] -- The CXX compiler identification is GNU 11.4.0
[0.195s] -- Detecting C compiler ABI info
[0.238s] -- Detecting C compiler ABI info - done
[0.242s] -- Check for working C compiler: /usr/bin/cc - skipped
[0.242s] -- Detecting C compile features
[0.242s] -- Detecting C compile features - done
[0.244s] -- Detecting CXX compiler ABI info
[0.293s] -- Detecting CXX compiler ABI info - done
[0.298s] -- Check for working CXX compiler: /usr/bin/c++ - skipped
[0.298s] -- Detecting CXX compile features
[0.299s] -- Detecting CXX compile features - done
[0.299s] -- Found ament_cmake: 1.3.11 (/opt/ros/humble/share/ament_cmake/cmake)
[0.397s] -- Found Python3: /usr/bin/python3 (found version "3.10.12") found components: Interpreter 
[0.439s] -- Found ament_lint_auto: 0.12.11 (/opt/ros/humble/share/ament_lint_auto/cmake)
[0.478s] -- Found rosidl_default_generators: 1.2.0 (/opt/ros/humble/share/rosidl_default_generators/cmake)
[0.480s] -- Using all available rosidl_typesupport_c: rosidl_typesupport_fastrtps_c;rosidl_typesupport_introspection_c
[0.482s] -- Found rosidl_adapter: 3.1.6 (/opt/ros/humble/share/rosidl_adapter/cmake)
[0.499s] -- Using all available rosidl_typesupport_cpp: rosidl_typesupport_fastrtps_cpp;rosidl_typesupport_introspection_cpp
[0.664s] -- Found ament_cmake_ros: 0.10.0 (/opt/ros/humble/share/ament_cmake_ros/cmake)
[0.785s] -- Using all available rosidl_typesupport_c: rosidl_typesupport_fastrtps_c;rosidl_typesupport_introspection_c
[0.949s] -- Using all available rosidl_typesupport_cpp: rosidl_typesupport_fastrtps_cpp;rosidl_typesupport_introspection_cpp
[0.969s] -- Found PythonInterp: /usr/bin/python3 (found suitable version "3.10.12", minimum required is "3.6") 
[0.970s] -- Found python_cmake_module: 0.10.0 (/opt/ros/humble/share/python_cmake_module/cmake)
[0.994s] -- Found PythonLibs: /usr/lib/x86_64-linux-gnu/libpython3.10.so (found suitable version "3.10.12", minimum required is "3.5") 
[0.994s] -- Using PYTHON_EXECUTABLE: /usr/bin/python3
[0.994s] -- Using PYTHON_INCLUDE_DIRS: /usr/include/python3.10
[0.994s] -- Using PYTHON_LIBRARIES: /usr/lib/x86_64-linux-gnu/libpython3.10.so
[1.013s] -- Found PythonExtra: .so  
[1.044s] -- Added test 'lint_cmake' to check CMake code style
[1.044s] -- Added test 'xmllint' to check XML markup files
[1.046s] -- Configuring done
[1.061s] -- Generating done
[1.066s] -- Build files have been written to: /home/sarah/sb_ros2_ws/build/action_interfaces
[1.071s] Invoked command in '/home/sarah/sb_ros2_ws/build/action_interfaces' returned '0': CMAKE_PREFIX_PATH=${CMAKE_PREFIX_PATH}:/home/sarah/sb_ros2_ws/src/install/sb_controller:/home/sarah/sb_ros2_ws/install/sb_controller:/opt/ros/humble /usr/bin/cmake /home/sarah/sb_ros2_ws/src/action_interfaces -DCMAKE_INSTALL_PREFIX=/home/sarah/sb_ros2_ws/install/action_interfaces
[1.072s] Invoking command in '/home/sarah/sb_ros2_ws/build/action_interfaces': CMAKE_PREFIX_PATH=${CMAKE_PREFIX_PATH}:/home/sarah/sb_ros2_ws/src/install/sb_controller:/home/sarah/sb_ros2_ws/install/sb_controller:/opt/ros/humble /usr/bin/cmake --build /home/sarah/sb_ros2_ws/build/action_interfaces -- -j32 -l32
[1.104s] [  2%] [34m[1mGenerating C code for ROS interfaces[0m
[1.114s] [  4%] [34m[1mGenerating C++ code for ROS interfaces[0m
[1.117s] [  4%] Built target ament_cmake_python_copy_action_interfaces
[1.237s] running egg_info
[1.237s] creating action_interfaces.egg-info
[1.237s] writing action_interfaces.egg-info/PKG-INFO
[1.238s] writing dependency_links to action_interfaces.egg-info/dependency_links.txt
[1.238s] writing top-level names to action_interfaces.egg-info/top_level.txt
[1.238s] writing manifest file 'action_interfaces.egg-info/SOURCES.txt'
[1.239s] reading manifest file 'action_interfaces.egg-info/SOURCES.txt'
[1.239s] writing manifest file 'action_interfaces.egg-info/SOURCES.txt'
[1.253s] [  4%] Built target ament_cmake_python_build_action_interfaces_egg
[1.573s] [  6%] [32mBuilding C object CMakeFiles/action_interfaces__rosidl_generator_c.dir/rosidl_generator_c/action_interfaces/action/detail/set_cart_pos__functions.c.o[0m
[1.574s] [  8%] [32mBuilding C object CMakeFiles/action_interfaces__rosidl_generator_c.dir/rosidl_generator_c/action_interfaces/action/detail/on_robot_gripper__functions.c.o[0m
[1.575s] [ 10%] [32mBuilding C object CMakeFiles/action_interfaces__rosidl_generator_c.dir/rosidl_generator_c/action_interfaces/action/detail/set_joint_pos__functions.c.o[0m
[1.579s] [ 10%] Built target action_interfaces__cpp
[1.586s] [ 12%] [34m[1mGenerating C++ type support dispatch for ROS interfaces[0m
[1.586s] [ 14%] [34m[1mGenerating C++ type support for eProsima Fast-RTPS[0m
[1.586s] [ 17%] [34m[1mGenerating C++ introspection for ROS interfaces[0m
[1.647s] [ 19%] [32m[1mLinking C shared library libaction_interfaces__rosidl_generator_c.so[0m
[1.674s] [ 19%] Built target action_interfaces__rosidl_generator_c
[1.681s] [ 25%] [34m[1mGenerating C type support dispatch for ROS interfaces[0m
[1.681s] [ 25%] [34m[1mGenerating C introspection for ROS interfaces[0m
[1.681s] [ 25%] [34m[1mGenerating C type support for eProsima Fast-RTPS[0m
[1.875s] [ 27%] [32mBuilding CXX object CMakeFiles/action_interfaces__rosidl_typesupport_cpp.dir/rosidl_typesupport_cpp/action_interfaces/action/set_cart_pos__type_support.cpp.o[0m
[1.875s] [ 29%] [32mBuilding CXX object CMakeFiles/action_interfaces__rosidl_typesupport_cpp.dir/rosidl_typesupport_cpp/action_interfaces/action/on_robot_gripper__type_support.cpp.o[0m
[1.877s] [ 31%] [32mBuilding CXX object CMakeFiles/action_interfaces__rosidl_typesupport_cpp.dir/rosidl_typesupport_cpp/action_interfaces/action/set_joint_pos__type_support.cpp.o[0m
[1.937s] [ 34%] [32mBuilding CXX object CMakeFiles/action_interfaces__rosidl_typesupport_introspection_cpp.dir/rosidl_typesupport_introspection_cpp/action_interfaces/action/detail/set_cart_pos__type_support.cpp.o[0m
[1.937s] [ 38%] [32mBuilding CXX object CMakeFiles/action_interfaces__rosidl_typesupport_introspection_cpp.dir/rosidl_typesupport_introspection_cpp/action_interfaces/action/detail/on_robot_gripper__type_support.cpp.o[0m
[1.938s] [ 38%] [32mBuilding CXX object CMakeFiles/action_interfaces__rosidl_typesupport_introspection_cpp.dir/rosidl_typesupport_introspection_cpp/action_interfaces/action/detail/set_joint_pos__type_support.cpp.o[0m
[1.987s] [ 40%] [32mBuilding CXX object CMakeFiles/action_interfaces__rosidl_typesupport_c.dir/rosidl_typesupport_c/action_interfaces/action/set_cart_pos__type_support.cpp.o[0m
[1.988s] [ 44%] [32mBuilding CXX object CMakeFiles/action_interfaces__rosidl_typesupport_c.dir/rosidl_typesupport_c/action_interfaces/action/set_joint_pos__type_support.cpp.o[0m
[1.988s] [ 44%] [32mBuilding CXX object CMakeFiles/action_interfaces__rosidl_typesupport_c.dir/rosidl_typesupport_c/action_interfaces/action/on_robot_gripper__type_support.cpp.o[0m
[2.021s] [ 51%] [32mBuilding CXX object CMakeFiles/action_interfaces__rosidl_typesupport_fastrtps_cpp.dir/rosidl_typesupport_fastrtps_cpp/action_interfaces/action/detail/dds_fastrtps/set_joint_pos__type_support.cpp.o[0m
[2.021s] [ 51%] [32mBuilding CXX object CMakeFiles/action_interfaces__rosidl_typesupport_fastrtps_cpp.dir/rosidl_typesupport_fastrtps_cpp/action_interfaces/action/detail/dds_fastrtps/on_robot_gripper__type_support.cpp.o[0m
[2.021s] [ 51%] [32mBuilding CXX object CMakeFiles/action_interfaces__rosidl_typesupport_fastrtps_cpp.dir/rosidl_typesupport_fastrtps_cpp/action_interfaces/action/detail/dds_fastrtps/set_cart_pos__type_support.cpp.o[0m
[2.028s] [ 53%] [32m[1mLinking CXX shared library libaction_interfaces__rosidl_typesupport_c.so[0m
[2.065s] [ 53%] Built target action_interfaces__rosidl_typesupport_c
[2.089s] [ 59%] [32mBuilding C object CMakeFiles/action_interfaces__rosidl_typesupport_introspection_c.dir/rosidl_typesupport_introspection_c/action_interfaces/action/detail/set_joint_pos__type_support.c.o[0m
[2.089s] [ 59%] [32mBuilding C object CMakeFiles/action_interfaces__rosidl_typesupport_introspection_c.dir/rosidl_typesupport_introspection_c/action_interfaces/action/detail/set_cart_pos__type_support.c.o[0m
[2.089s] [ 59%] [32mBuilding C object CMakeFiles/action_interfaces__rosidl_typesupport_introspection_c.dir/rosidl_typesupport_introspection_c/action_interfaces/action/detail/on_robot_gripper__type_support.c.o[0m
[2.111s] [ 61%] [32m[1mLinking CXX shared library libaction_interfaces__rosidl_typesupport_cpp.so[0m
[2.128s] [ 65%] [32mBuilding CXX object CMakeFiles/action_interfaces__rosidl_typesupport_fastrtps_c.dir/rosidl_typesupport_fastrtps_c/action_interfaces/action/detail/on_robot_gripper__type_support_c.cpp.o[0m
[2.128s] [ 65%] [32mBuilding CXX object CMakeFiles/action_interfaces__rosidl_typesupport_fastrtps_c.dir/rosidl_typesupport_fastrtps_c/action_interfaces/action/detail/set_joint_pos__type_support_c.cpp.o[0m
[2.128s] [ 68%] [32m[1mLinking C shared library libaction_interfaces__rosidl_typesupport_introspection_c.so[0m
[2.128s] [ 70%] [32mBuilding CXX object CMakeFiles/action_interfaces__rosidl_typesupport_fastrtps_c.dir/rosidl_typesupport_fastrtps_c/action_interfaces/action/detail/set_cart_pos__type_support_c.cpp.o[0m
[2.143s] [ 70%] Built target action_interfaces__rosidl_typesupport_cpp
[2.156s] [ 70%] Built target action_interfaces__rosidl_typesupport_introspection_c
[2.310s] [ 72%] [32m[1mLinking CXX shared library libaction_interfaces__rosidl_typesupport_introspection_cpp.so[0m
[2.350s] [ 74%] [32m[1mLinking CXX shared library libaction_interfaces__rosidl_typesupport_fastrtps_cpp.so[0m
[2.352s] [ 74%] Built target action_interfaces__rosidl_typesupport_introspection_cpp
[2.374s] [ 76%] [32m[1mLinking CXX shared library libaction_interfaces__rosidl_typesupport_fastrtps_c.so[0m
[2.391s] [ 76%] Built target action_interfaces__rosidl_typesupport_fastrtps_cpp
[2.414s] [ 76%] Built target action_interfaces__rosidl_typesupport_fastrtps_c
[2.430s] [ 76%] Built target action_interfaces
[2.452s] [ 78%] [34m[1mGenerating Python code for ROS interfaces[0m
[3.347s] [ 78%] Built target action_interfaces__py
[3.361s] [ 80%] [32mBuilding C object CMakeFiles/action_interfaces__rosidl_generator_py.dir/rosidl_generator_py/action_interfaces/action/_set_joint_pos_s.c.o[0m
[3.361s] [ 82%] [32mBuilding C object CMakeFiles/action_interfaces__rosidl_generator_py.dir/rosidl_generator_py/action_interfaces/action/_set_cart_pos_s.c.o[0m
[3.363s] [ 85%] [32mBuilding C object CMakeFiles/action_interfaces__rosidl_generator_py.dir/rosidl_generator_py/action_interfaces/action/_on_robot_gripper_s.c.o[0m
[3.442s] [ 87%] [32m[1mLinking C shared library rosidl_generator_py/action_interfaces/libaction_interfaces__rosidl_generator_py.so[0m
[3.477s] [ 87%] Built target action_interfaces__rosidl_generator_py
[3.491s] [ 89%] [32mBuilding C object CMakeFiles/action_interfaces__rosidl_typesupport_fastrtps_c__pyext.dir/rosidl_generator_py/action_interfaces/_action_interfaces_s.ep.rosidl_typesupport_fastrtps_c.c.o[0m
[3.494s] [ 91%] [32mBuilding C object CMakeFiles/action_interfaces__rosidl_typesupport_c__pyext.dir/rosidl_generator_py/action_interfaces/_action_interfaces_s.ep.rosidl_typesupport_c.c.o[0m
[3.495s] [ 93%] [32mBuilding C object CMakeFiles/action_interfaces__rosidl_typesupport_introspection_c__pyext.dir/rosidl_generator_py/action_interfaces/_action_interfaces_s.ep.rosidl_typesupport_introspection_c.c.o[0m
[3.576s] [ 95%] [32m[1mLinking C shared library rosidl_generator_py/action_interfaces/action_interfaces_s__rosidl_typesupport_fastrtps_c.cpython-310-x86_64-linux-gnu.so[0m
[3.588s] [ 97%] [32m[1mLinking C shared library rosidl_generator_py/action_interfaces/action_interfaces_s__rosidl_typesupport_c.cpython-310-x86_64-linux-gnu.so[0m
[3.588s] [100%] [32m[1mLinking C shared library rosidl_generator_py/action_interfaces/action_interfaces_s__rosidl_typesupport_introspection_c.cpython-310-x86_64-linux-gnu.so[0m
[3.607s] [100%] Built target action_interfaces__rosidl_typesupport_fastrtps_c__pyext
[3.616s] [100%] Built target action_interfaces__rosidl_typesupport_c__pyext
[3.619s] [100%] Built target action_interfaces__rosidl_typesupport_introspection_c__pyext
[3.630s] Invoked command in '/home/sarah/sb_ros2_ws/build/action_interfaces' returned '0': CMAKE_PREFIX_PATH=${CMAKE_PREFIX_PATH}:/home/sarah/sb_ros2_ws/src/install/sb_controller:/home/sarah/sb_ros2_ws/install/sb_controller:/opt/ros/humble /usr/bin/cmake --build /home/sarah/sb_ros2_ws/build/action_interfaces -- -j32 -l32
[3.633s] Invoking command in '/home/sarah/sb_ros2_ws/build/action_interfaces': CMAKE_PREFIX_PATH=${CMAKE_PREFIX_PATH}:/home/sarah/sb_ros2_ws/src/install/sb_controller:/home/sarah/sb_ros2_ws/install/sb_controller:/opt/ros/humble /usr/bin/cmake --install /home/sarah/sb_ros2_ws/build/action_interfaces
[3.643s] -- Install configuration: ""
[3.644s] -- Installing: /home/sarah/sb_ros2_ws/install/action_interfaces/share/ament_index/resource_index/rosidl_interfaces/action_interfaces
[3.644s] -- Installing: /home/sarah/sb_ros2_ws/install/action_interfaces/include/action_interfaces/action_interfaces
[3.644s] -- Installing: /home/sarah/sb_ros2_ws/install/action_interfaces/include/action_interfaces/action_interfaces/msg
[3.644s] -- Installing: /home/sarah/sb_ros2_ws/install/action_interfaces/include/action_interfaces/action_interfaces/msg/rosidl_generator_c__visibility_control.h
[3.644s] -- Installing: /home/sarah/sb_ros2_ws/install/action_interfaces/include/action_interfaces/action_interfaces/action
[3.644s] -- Installing: /home/sarah/sb_ros2_ws/install/action_interfaces/include/action_interfaces/action_interfaces/action/on_robot_gripper.h
[3.644s] -- Installing: /home/sarah/sb_ros2_ws/install/action_interfaces/include/action_interfaces/action_interfaces/action/set_cart_pos.h
[3.644s] -- Installing: /home/sarah/sb_ros2_ws/install/action_interfaces/include/action_interfaces/action_interfaces/action/detail
[3.645s] -- Installing: /home/sarah/sb_ros2_ws/install/action_interfaces/include/action_interfaces/action_interfaces/action/detail/on_robot_gripper__struct.h
[3.645s] -- Installing: /home/sarah/sb_ros2_ws/install/action_interfaces/include/action_interfaces/action_interfaces/action/detail/set_joint_pos__functions.h
[3.645s] -- Installing: /home/sarah/sb_ros2_ws/install/action_interfaces/include/action_interfaces/action_interfaces/action/detail/on_robot_gripper__type_support.h
[3.645s] -- Installing: /home/sarah/sb_ros2_ws/install/action_interfaces/include/action_interfaces/action_interfaces/action/detail/set_joint_pos__functions.c
[3.645s] -- Installing: /home/sarah/sb_ros2_ws/install/action_interfaces/include/action_interfaces/action_interfaces/action/detail/set_cart_pos__functions.h
[3.645s] -- Installing: /home/sarah/sb_ros2_ws/install/action_interfaces/include/action_interfaces/action_interfaces/action/detail/set_cart_pos__functions.c
[3.645s] -- Installing: /home/sarah/sb_ros2_ws/install/action_interfaces/include/action_interfaces/action_interfaces/action/detail/set_joint_pos__struct.h
[3.646s] -- Installing: /home/sarah/sb_ros2_ws/install/action_interfaces/include/action_interfaces/action_interfaces/action/detail/on_robot_gripper__functions.h
[3.646s] -- Installing: /home/sarah/sb_ros2_ws/install/action_interfaces/include/action_interfaces/action_interfaces/action/detail/on_robot_gripper__functions.c
[3.646s] -- Installing: /home/sarah/sb_ros2_ws/install/action_interfaces/include/action_interfaces/action_interfaces/action/detail/set_cart_pos__struct.h
[3.646s] -- Installing: /home/sarah/sb_ros2_ws/install/action_interfaces/include/action_interfaces/action_interfaces/action/detail/set_joint_pos__type_support.h
[3.646s] -- Installing: /home/sarah/sb_ros2_ws/install/action_interfaces/include/action_interfaces/action_interfaces/action/detail/set_cart_pos__type_support.h
[3.646s] -- Installing: /home/sarah/sb_ros2_ws/install/action_interfaces/include/action_interfaces/action_interfaces/action/set_joint_pos.h
[3.646s] -- Installing: /home/sarah/sb_ros2_ws/install/action_interfaces/share/action_interfaces/environment/library_path.sh
[3.646s] -- Installing: /home/sarah/sb_ros2_ws/install/action_interfaces/share/action_interfaces/environment/library_path.dsv
[3.646s] -- Installing: /home/sarah/sb_ros2_ws/install/action_interfaces/lib/libaction_interfaces__rosidl_generator_c.so
[3.646s] -- Set runtime path of "/home/sarah/sb_ros2_ws/install/action_interfaces/lib/libaction_interfaces__rosidl_generator_c.so" to ""
[3.646s] -- Up-to-date: /home/sarah/sb_ros2_ws/install/action_interfaces/include/action_interfaces/action_interfaces
[3.646s] -- Up-to-date: /home/sarah/sb_ros2_ws/install/action_interfaces/include/action_interfaces/action_interfaces/msg
[3.646s] -- Installing: /home/sarah/sb_ros2_ws/install/action_interfaces/include/action_interfaces/action_interfaces/msg/rosidl_typesupport_fastrtps_c__visibility_control.h
[3.647s] -- Up-to-date: /home/sarah/sb_ros2_ws/install/action_interfaces/include/action_interfaces/action_interfaces/action
[3.647s] -- Up-to-date: /home/sarah/sb_ros2_ws/install/action_interfaces/include/action_interfaces/action_interfaces/action/detail
[3.647s] -- Installing: /home/sarah/sb_ros2_ws/install/action_interfaces/include/action_interfaces/action_interfaces/action/detail/on_robot_gripper__rosidl_typesupport_fastrtps_c.h
[3.647s] -- Installing: /home/sarah/sb_ros2_ws/install/action_interfaces/include/action_interfaces/action_interfaces/action/detail/set_cart_pos__rosidl_typesupport_fastrtps_c.h
[3.647s] -- Installing: /home/sarah/sb_ros2_ws/install/action_interfaces/include/action_interfaces/action_interfaces/action/detail/set_joint_pos__rosidl_typesupport_fastrtps_c.h
[3.647s] -- Installing: /home/sarah/sb_ros2_ws/install/action_interfaces/lib/libaction_interfaces__rosidl_typesupport_fastrtps_c.so
[3.647s] -- Set runtime path of "/home/sarah/sb_ros2_ws/install/action_interfaces/lib/libaction_interfaces__rosidl_typesupport_fastrtps_c.so" to ""
[3.647s] -- Up-to-date: /home/sarah/sb_ros2_ws/install/action_interfaces/include/action_interfaces/action_interfaces
[3.647s] -- Up-to-date: /home/sarah/sb_ros2_ws/install/action_interfaces/include/action_interfaces/action_interfaces/msg
[3.647s] -- Installing: /home/sarah/sb_ros2_ws/install/action_interfaces/include/action_interfaces/action_interfaces/msg/rosidl_typesupport_introspection_c__visibility_control.h
[3.647s] -- Up-to-date: /home/sarah/sb_ros2_ws/install/action_interfaces/include/action_interfaces/action_interfaces/action
[3.647s] -- Up-to-date: /home/sarah/sb_ros2_ws/install/action_interfaces/include/action_interfaces/action_interfaces/action/detail
[3.647s] -- Installing: /home/sarah/sb_ros2_ws/install/action_interfaces/include/action_interfaces/action_interfaces/action/detail/set_joint_pos__rosidl_typesupport_introspection_c.h
[3.647s] -- Installing: /home/sarah/sb_ros2_ws/install/action_interfaces/include/action_interfaces/action_interfaces/action/detail/on_robot_gripper__rosidl_typesupport_introspection_c.h
[3.647s] -- Installing: /home/sarah/sb_ros2_ws/install/action_interfaces/include/action_interfaces/action_interfaces/action/detail/on_robot_gripper__type_support.c
[3.647s] -- Installing: /home/sarah/sb_ros2_ws/install/action_interfaces/include/action_interfaces/action_interfaces/action/detail/set_joint_pos__type_support.c
[3.647s] -- Installing: /home/sarah/sb_ros2_ws/install/action_interfaces/include/action_interfaces/action_interfaces/action/detail/set_cart_pos__rosidl_typesupport_introspection_c.h
[3.647s] -- Installing: /home/sarah/sb_ros2_ws/install/action_interfaces/include/action_interfaces/action_interfaces/action/detail/set_cart_pos__type_support.c
[3.647s] -- Installing: /home/sarah/sb_ros2_ws/install/action_interfaces/lib/libaction_interfaces__rosidl_typesupport_introspection_c.so
[3.647s] -- Set runtime path of "/home/sarah/sb_ros2_ws/install/action_interfaces/lib/libaction_interfaces__rosidl_typesupport_introspection_c.so" to ""
[3.647s] -- Installing: /home/sarah/sb_ros2_ws/install/action_interfaces/lib/libaction_interfaces__rosidl_typesupport_c.so
[3.647s] -- Set runtime path of "/home/sarah/sb_ros2_ws/install/action_interfaces/lib/libaction_interfaces__rosidl_typesupport_c.so" to ""
[3.647s] -- Up-to-date: /home/sarah/sb_ros2_ws/install/action_interfaces/include/action_interfaces/action_interfaces
[3.648s] -- Up-to-date: /home/sarah/sb_ros2_ws/install/action_interfaces/include/action_interfaces/action_interfaces/msg
[3.648s] -- Installing: /home/sarah/sb_ros2_ws/install/action_interfaces/include/action_interfaces/action_interfaces/msg/rosidl_generator_cpp__visibility_control.hpp
[3.648s] -- Up-to-date: /home/sarah/sb_ros2_ws/install/action_interfaces/include/action_interfaces/action_interfaces/action
[3.648s] -- Installing: /home/sarah/sb_ros2_ws/install/action_interfaces/include/action_interfaces/action_interfaces/action/on_robot_gripper.hpp
[3.648s] -- Installing: /home/sarah/sb_ros2_ws/install/action_interfaces/include/action_interfaces/action_interfaces/action/set_joint_pos.hpp
[3.648s] -- Installing: /home/sarah/sb_ros2_ws/install/action_interfaces/include/action_interfaces/action_interfaces/action/set_cart_pos.hpp
[3.648s] -- Up-to-date: /home/sarah/sb_ros2_ws/install/action_interfaces/include/action_interfaces/action_interfaces/action/detail
[3.648s] -- Installing: /home/sarah/sb_ros2_ws/install/action_interfaces/include/action_interfaces/action_interfaces/action/detail/set_cart_pos__traits.hpp
[3.648s] -- Installing: /home/sarah/sb_ros2_ws/install/action_interfaces/include/action_interfaces/action_interfaces/action/detail/set_cart_pos__struct.hpp
[3.648s] -- Installing: /home/sarah/sb_ros2_ws/install/action_interfaces/include/action_interfaces/action_interfaces/action/detail/set_joint_pos__type_support.hpp
[3.648s] -- Installing: /home/sarah/sb_ros2_ws/install/action_interfaces/include/action_interfaces/action_interfaces/action/detail/set_joint_pos__builder.hpp
[3.648s] -- Installing: /home/sarah/sb_ros2_ws/install/action_interfaces/include/action_interfaces/action_interfaces/action/detail/set_joint_pos__traits.hpp
[3.648s] -- Installing: /home/sarah/sb_ros2_ws/install/action_interfaces/include/action_interfaces/action_interfaces/action/detail/set_joint_pos__struct.hpp
[3.648s] -- Installing: /home/sarah/sb_ros2_ws/install/action_interfaces/include/action_interfaces/action_interfaces/action/detail/set_cart_pos__builder.hpp
[3.648s] -- Installing: /home/sarah/sb_ros2_ws/install/action_interfaces/include/action_interfaces/action_interfaces/action/detail/on_robot_gripper__traits.hpp
[3.648s] -- Installing: /home/sarah/sb_ros2_ws/install/action_interfaces/include/action_interfaces/action_interfaces/action/detail/on_robot_gripper__builder.hpp
[3.648s] -- Installing: /home/sarah/sb_ros2_ws/install/action_interfaces/include/action_interfaces/action_interfaces/action/detail/on_robot_gripper__struct.hpp
[3.648s] -- Installing: /home/sarah/sb_ros2_ws/install/action_interfaces/include/action_interfaces/action_interfaces/action/detail/on_robot_gripper__type_support.hpp
[3.648s] -- Installing: /home/sarah/sb_ros2_ws/install/action_interfaces/include/action_interfaces/action_interfaces/action/detail/set_cart_pos__type_support.hpp
[3.648s] -- Up-to-date: /home/sarah/sb_ros2_ws/install/action_interfaces/include/action_interfaces/action_interfaces
[3.649s] -- Up-to-date: /home/sarah/sb_ros2_ws/install/action_interfaces/include/action_interfaces/action_interfaces/msg
[3.649s] -- Installing: /home/sarah/sb_ros2_ws/install/action_interfaces/include/action_interfaces/action_interfaces/msg/rosidl_typesupport_fastrtps_cpp__visibility_control.h
[3.649s] -- Up-to-date: /home/sarah/sb_ros2_ws/install/action_interfaces/include/action_interfaces/action_interfaces/action
[3.649s] -- Up-to-date: /home/sarah/sb_ros2_ws/install/action_interfaces/include/action_interfaces/action_interfaces/action/detail
[3.649s] -- Installing: /home/sarah/sb_ros2_ws/install/action_interfaces/include/action_interfaces/action_interfaces/action/detail/on_robot_gripper__rosidl_typesupport_fastrtps_cpp.hpp
[3.649s] -- Installing: /home/sarah/sb_ros2_ws/install/action_interfaces/include/action_interfaces/action_interfaces/action/detail/dds_fastrtps
[3.649s] -- Installing: /home/sarah/sb_ros2_ws/install/action_interfaces/include/action_interfaces/action_interfaces/action/detail/set_joint_pos__rosidl_typesupport_fastrtps_cpp.hpp
[3.649s] -- Installing: /home/sarah/sb_ros2_ws/install/action_interfaces/include/action_interfaces/action_interfaces/action/detail/set_cart_pos__rosidl_typesupport_fastrtps_cpp.hpp
[3.649s] -- Installing: /home/sarah/sb_ros2_ws/install/action_interfaces/lib/libaction_interfaces__rosidl_typesupport_fastrtps_cpp.so
[3.649s] -- Set runtime path of "/home/sarah/sb_ros2_ws/install/action_interfaces/lib/libaction_interfaces__rosidl_typesupport_fastrtps_cpp.so" to ""
[3.649s] -- Up-to-date: /home/sarah/sb_ros2_ws/install/action_interfaces/include/action_interfaces/action_interfaces
[3.649s] -- Up-to-date: /home/sarah/sb_ros2_ws/install/action_interfaces/include/action_interfaces/action_interfaces/action
[3.649s] -- Up-to-date: /home/sarah/sb_ros2_ws/install/action_interfaces/include/action_interfaces/action_interfaces/action/detail
[3.649s] -- Installing: /home/sarah/sb_ros2_ws/install/action_interfaces/include/action_interfaces/action_interfaces/action/detail/set_cart_pos__rosidl_typesupport_introspection_cpp.hpp
[3.649s] -- Installing: /home/sarah/sb_ros2_ws/install/action_interfaces/include/action_interfaces/action_interfaces/action/detail/on_robot_gripper__type_support.cpp
[3.649s] -- Installing: /home/sarah/sb_ros2_ws/install/action_interfaces/include/action_interfaces/action_interfaces/action/detail/set_joint_pos__type_support.cpp
[3.649s] -- Installing: /home/sarah/sb_ros2_ws/install/action_interfaces/include/action_interfaces/action_interfaces/action/detail/on_robot_gripper__rosidl_typesupport_introspection_cpp.hpp
[3.649s] -- Installing: /home/sarah/sb_ros2_ws/install/action_interfaces/include/action_interfaces/action_interfaces/action/detail/set_cart_pos__type_support.cpp
[3.649s] -- Installing: /home/sarah/sb_ros2_ws/install/action_interfaces/include/action_interfaces/action_interfaces/action/detail/set_joint_pos__rosidl_typesupport_introspection_cpp.hpp
[3.649s] -- Installing: /home/sarah/sb_ros2_ws/install/action_interfaces/lib/libaction_interfaces__rosidl_typesupport_introspection_cpp.so
[3.650s] -- Set runtime path of "/home/sarah/sb_ros2_ws/install/action_interfaces/lib/libaction_interfaces__rosidl_typesupport_introspection_cpp.so" to ""
[3.650s] -- Installing: /home/sarah/sb_ros2_ws/install/action_interfaces/lib/libaction_interfaces__rosidl_typesupport_cpp.so
[3.650s] -- Set runtime path of "/home/sarah/sb_ros2_ws/install/action_interfaces/lib/libaction_interfaces__rosidl_typesupport_cpp.so" to ""
[3.650s] -- Installing: /home/sarah/sb_ros2_ws/install/action_interfaces/share/action_interfaces/environment/pythonpath.sh
[3.650s] -- Installing: /home/sarah/sb_ros2_ws/install/action_interfaces/share/action_interfaces/environment/pythonpath.dsv
[3.650s] -- Installing: /home/sarah/sb_ros2_ws/install/action_interfaces/local/lib/python3.10/dist-packages/action_interfaces-0.0.0-py3.10.egg-info
[3.650s] -- Installing: /home/sarah/sb_ros2_ws/install/action_interfaces/local/lib/python3.10/dist-packages/action_interfaces-0.0.0-py3.10.egg-info/SOURCES.txt
[3.650s] -- Installing: /home/sarah/sb_ros2_ws/install/action_interfaces/local/lib/python3.10/dist-packages/action_interfaces-0.0.0-py3.10.egg-info/top_level.txt
[3.650s] -- Installing: /home/sarah/sb_ros2_ws/install/action_interfaces/local/lib/python3.10/dist-packages/action_interfaces-0.0.0-py3.10.egg-info/PKG-INFO
[3.650s] -- Installing: /home/sarah/sb_ros2_ws/install/action_interfaces/local/lib/python3.10/dist-packages/action_interfaces-0.0.0-py3.10.egg-info/dependency_links.txt
[3.650s] -- Installing: /home/sarah/sb_ros2_ws/install/action_interfaces/local/lib/python3.10/dist-packages/action_interfaces
[3.650s] -- Installing: /home/sarah/sb_ros2_ws/install/action_interfaces/local/lib/python3.10/dist-packages/action_interfaces/_action_interfaces_s.ep.rosidl_typesupport_introspection_c.c
[3.650s] -- Installing: /home/sarah/sb_ros2_ws/install/action_interfaces/local/lib/python3.10/dist-packages/action_interfaces/action_interfaces_s__rosidl_typesupport_c.cpython-310-x86_64-linux-gnu.so
[3.650s] -- Installing: /home/sarah/sb_ros2_ws/install/action_interfaces/local/lib/python3.10/dist-packages/action_interfaces/__init__.py
[3.650s] -- Installing: /home/sarah/sb_ros2_ws/install/action_interfaces/local/lib/python3.10/dist-packages/action_interfaces/action_interfaces_s__rosidl_typesupport_introspection_c.cpython-310-x86_64-linux-gnu.so
[3.650s] -- Installing: /home/sarah/sb_ros2_ws/install/action_interfaces/local/lib/python3.10/dist-packages/action_interfaces/_action_interfaces_s.ep.rosidl_typesupport_fastrtps_c.c
[3.650s] -- Installing: /home/sarah/sb_ros2_ws/install/action_interfaces/local/lib/python3.10/dist-packages/action_interfaces/action
[3.650s] -- Installing: /home/sarah/sb_ros2_ws/install/action_interfaces/local/lib/python3.10/dist-packages/action_interfaces/action/_set_joint_pos.py
[3.651s] -- Installing: /home/sarah/sb_ros2_ws/install/action_interfaces/local/lib/python3.10/dist-packages/action_interfaces/action/_on_robot_gripper_s.c
[3.651s] -- Installing: /home/sarah/sb_ros2_ws/install/action_interfaces/local/lib/python3.10/dist-packages/action_interfaces/action/__init__.py
[3.651s] -- Installing: /home/sarah/sb_ros2_ws/install/action_interfaces/local/lib/python3.10/dist-packages/action_interfaces/action/_set_cart_pos_s.c
[3.651s] -- Installing: /home/sarah/sb_ros2_ws/install/action_interfaces/local/lib/python3.10/dist-packages/action_interfaces/action/_set_joint_pos_s.c
[3.651s] -- Installing: /home/sarah/sb_ros2_ws/install/action_interfaces/local/lib/python3.10/dist-packages/action_interfaces/action/_set_cart_pos.py
[3.651s] -- Installing: /home/sarah/sb_ros2_ws/install/action_interfaces/local/lib/python3.10/dist-packages/action_interfaces/action/_on_robot_gripper.py
[3.651s] -- Installing: /home/sarah/sb_ros2_ws/install/action_interfaces/local/lib/python3.10/dist-packages/action_interfaces/_action_interfaces_s.ep.rosidl_typesupport_c.c
[3.651s] -- Installing: /home/sarah/sb_ros2_ws/install/action_interfaces/local/lib/python3.10/dist-packages/action_interfaces/action_interfaces_s__rosidl_typesupport_fastrtps_c.cpython-310-x86_64-linux-gnu.so
[3.651s] -- Installing: /home/sarah/sb_ros2_ws/install/action_interfaces/local/lib/python3.10/dist-packages/action_interfaces/libaction_interfaces__rosidl_generator_py.so
[3.691s] Listing '/home/sarah/sb_ros2_ws/install/action_interfaces/local/lib/python3.10/dist-packages/action_interfaces'...
[3.691s] Compiling '/home/sarah/sb_ros2_ws/install/action_interfaces/local/lib/python3.10/dist-packages/action_interfaces/__init__.py'...
[3.691s] Listing '/home/sarah/sb_ros2_ws/install/action_interfaces/local/lib/python3.10/dist-packages/action_interfaces/action'...
[3.691s] Compiling '/home/sarah/sb_ros2_ws/install/action_interfaces/local/lib/python3.10/dist-packages/action_interfaces/action/__init__.py'...
[3.691s] Compiling '/home/sarah/sb_ros2_ws/install/action_interfaces/local/lib/python3.10/dist-packages/action_interfaces/action/_on_robot_gripper.py'...
[3.691s] Compiling '/home/sarah/sb_ros2_ws/install/action_interfaces/local/lib/python3.10/dist-packages/action_interfaces/action/_set_cart_pos.py'...
[3.691s] Compiling '/home/sarah/sb_ros2_ws/install/action_interfaces/local/lib/python3.10/dist-packages/action_interfaces/action/_set_joint_pos.py'...
[3.693s] -- Installing: /home/sarah/sb_ros2_ws/install/action_interfaces/local/lib/python3.10/dist-packages/action_interfaces/action_interfaces_s__rosidl_typesupport_fastrtps_c.cpython-310-x86_64-linux-gnu.so
[3.693s] -- Set runtime path of "/home/sarah/sb_ros2_ws/install/action_interfaces/local/lib/python3.10/dist-packages/action_interfaces/action_interfaces_s__rosidl_typesupport_fastrtps_c.cpython-310-x86_64-linux-gnu.so" to ""
[3.693s] -- Installing: /home/sarah/sb_ros2_ws/install/action_interfaces/local/lib/python3.10/dist-packages/action_interfaces/action_interfaces_s__rosidl_typesupport_introspection_c.cpython-310-x86_64-linux-gnu.so
[3.693s] -- Set runtime path of "/home/sarah/sb_ros2_ws/install/action_interfaces/local/lib/python3.10/dist-packages/action_interfaces/action_interfaces_s__rosidl_typesupport_introspection_c.cpython-310-x86_64-linux-gnu.so" to ""
[3.693s] -- Installing: /home/sarah/sb_ros2_ws/install/action_interfaces/local/lib/python3.10/dist-packages/action_interfaces/action_interfaces_s__rosidl_typesupport_c.cpython-310-x86_64-linux-gnu.so
[3.693s] -- Set runtime path of "/home/sarah/sb_ros2_ws/install/action_interfaces/local/lib/python3.10/dist-packages/action_interfaces/action_interfaces_s__rosidl_typesupport_c.cpython-310-x86_64-linux-gnu.so" to ""
[3.693s] -- Installing: /home/sarah/sb_ros2_ws/install/action_interfaces/lib/libaction_interfaces__rosidl_generator_py.so
[3.693s] -- Set runtime path of "/home/sarah/sb_ros2_ws/install/action_interfaces/lib/libaction_interfaces__rosidl_generator_py.so" to ""
[3.693s] -- Installing: /home/sarah/sb_ros2_ws/install/action_interfaces/share/action_interfaces/action/SetCartPos.idl
[3.693s] -- Installing: /home/sarah/sb_ros2_ws/install/action_interfaces/share/action_interfaces/action/SetJointPos.idl
[3.694s] -- Installing: /home/sarah/sb_ros2_ws/install/action_interfaces/share/action_interfaces/action/OnRobotGripper.idl
[3.694s] -- Installing: /home/sarah/sb_ros2_ws/install/action_interfaces/share/action_interfaces/action/SetCartPos.action
[3.694s] -- Installing: /home/sarah/sb_ros2_ws/install/action_interfaces/share/action_interfaces/action/SetJointPos.action
[3.694s] -- Installing: /home/sarah/sb_ros2_ws/install/action_interfaces/share/action_interfaces/action/OnRobotGripper.action
[3.694s] -- Installing: /home/sarah/sb_ros2_ws/install/action_interfaces/share/ament_index/resource_index/package_run_dependencies/action_interfaces
[3.694s] -- Installing: /home/sarah/sb_ros2_ws/install/action_interfaces/share/ament_index/resource_index/parent_prefix_path/action_interfaces
[3.694s] -- Installing: /home/sarah/sb_ros2_ws/install/action_interfaces/share/action_interfaces/environment/ament_prefix_path.sh
[3.694s] -- Installing: /home/sarah/sb_ros2_ws/install/action_interfaces/share/action_interfaces/environment/ament_prefix_path.dsv
[3.694s] -- Installing: /home/sarah/sb_ros2_ws/install/action_interfaces/share/action_interfaces/environment/path.sh
[3.694s] -- Installing: /home/sarah/sb_ros2_ws/install/action_interfaces/share/action_interfaces/environment/path.dsv
[3.694s] -- Installing: /home/sarah/sb_ros2_ws/install/action_interfaces/share/action_interfaces/local_setup.bash
[3.694s] -- Installing: /home/sarah/sb_ros2_ws/install/action_interfaces/share/action_interfaces/local_setup.sh
[3.694s] -- Installing: /home/sarah/sb_ros2_ws/install/action_interfaces/share/action_interfaces/local_setup.zsh
[3.694s] -- Installing: /home/sarah/sb_ros2_ws/install/action_interfaces/share/action_interfaces/local_setup.dsv
[3.694s] -- Installing: /home/sarah/sb_ros2_ws/install/action_interfaces/share/action_interfaces/package.dsv
[3.694s] -- Installing: /home/sarah/sb_ros2_ws/install/action_interfaces/share/ament_index/resource_index/packages/action_interfaces
[3.694s] -- Installing: /home/sarah/sb_ros2_ws/install/action_interfaces/share/action_interfaces/cmake/export_action_interfaces__rosidl_generator_cExport.cmake
[3.694s] -- Installing: /home/sarah/sb_ros2_ws/install/action_interfaces/share/action_interfaces/cmake/export_action_interfaces__rosidl_generator_cExport-noconfig.cmake
[3.694s] -- Installing: /home/sarah/sb_ros2_ws/install/action_interfaces/share/action_interfaces/cmake/export_action_interfaces__rosidl_typesupport_fastrtps_cExport.cmake
[3.694s] -- Installing: /home/sarah/sb_ros2_ws/install/action_interfaces/share/action_interfaces/cmake/export_action_interfaces__rosidl_typesupport_fastrtps_cExport-noconfig.cmake
[3.694s] -- Installing: /home/sarah/sb_ros2_ws/install/action_interfaces/share/action_interfaces/cmake/action_interfaces__rosidl_typesupport_introspection_cExport.cmake
[3.694s] -- Installing: /home/sarah/sb_ros2_ws/install/action_interfaces/share/action_interfaces/cmake/action_interfaces__rosidl_typesupport_introspection_cExport-noconfig.cmake
[3.694s] -- Installing: /home/sarah/sb_ros2_ws/install/action_interfaces/share/action_interfaces/cmake/action_interfaces__rosidl_typesupport_cExport.cmake
[3.694s] -- Installing: /home/sarah/sb_ros2_ws/install/action_interfaces/share/action_interfaces/cmake/action_interfaces__rosidl_typesupport_cExport-noconfig.cmake
[3.694s] -- Installing: /home/sarah/sb_ros2_ws/install/action_interfaces/share/action_interfaces/cmake/export_action_interfaces__rosidl_generator_cppExport.cmake
[3.695s] -- Installing: /home/sarah/sb_ros2_ws/install/action_interfaces/share/action_interfaces/cmake/export_action_interfaces__rosidl_typesupport_fastrtps_cppExport.cmake
[3.695s] -- Installing: /home/sarah/sb_ros2_ws/install/action_interfaces/share/action_interfaces/cmake/export_action_interfaces__rosidl_typesupport_fastrtps_cppExport-noconfig.cmake
[3.695s] -- Installing: /home/sarah/sb_ros2_ws/install/action_interfaces/share/action_interfaces/cmake/action_interfaces__rosidl_typesupport_introspection_cppExport.cmake
[3.695s] -- Installing: /home/sarah/sb_ros2_ws/install/action_interfaces/share/action_interfaces/cmake/action_interfaces__rosidl_typesupport_introspection_cppExport-noconfig.cmake
[3.695s] -- Installing: /home/sarah/sb_ros2_ws/install/action_interfaces/share/action_interfaces/cmake/action_interfaces__rosidl_typesupport_cppExport.cmake
[3.695s] -- Installing: /home/sarah/sb_ros2_ws/install/action_interfaces/share/action_interfaces/cmake/action_interfaces__rosidl_typesupport_cppExport-noconfig.cmake
[3.695s] -- Installing: /home/sarah/sb_ros2_ws/install/action_interfaces/share/action_interfaces/cmake/export_action_interfaces__rosidl_generator_pyExport.cmake
[3.695s] -- Installing: /home/sarah/sb_ros2_ws/install/action_interfaces/share/action_interfaces/cmake/export_action_interfaces__rosidl_generator_pyExport-noconfig.cmake
[3.695s] -- Installing: /home/sarah/sb_ros2_ws/install/action_interfaces/share/action_interfaces/cmake/rosidl_cmake-extras.cmake
[3.695s] -- Installing: /home/sarah/sb_ros2_ws/install/action_interfaces/share/action_interfaces/cmake/ament_cmake_export_dependencies-extras.cmake
[3.695s] -- Installing: /home/sarah/sb_ros2_ws/install/action_interfaces/share/action_interfaces/cmake/ament_cmake_export_include_directories-extras.cmake
[3.695s] -- Installing: /home/sarah/sb_ros2_ws/install/action_interfaces/share/action_interfaces/cmake/ament_cmake_export_libraries-extras.cmake
[3.695s] -- Installing: /home/sarah/sb_ros2_ws/install/action_interfaces/share/action_interfaces/cmake/ament_cmake_export_targets-extras.cmake
[3.695s] -- Installing: /home/sarah/sb_ros2_ws/install/action_interfaces/share/action_interfaces/cmake/rosidl_cmake_export_typesupport_targets-extras.cmake
[3.695s] -- Installing: /home/sarah/sb_ros2_ws/install/action_interfaces/share/action_interfaces/cmake/rosidl_cmake_export_typesupport_libraries-extras.cmake
[3.695s] -- Installing: /home/sarah/sb_ros2_ws/install/action_interfaces/share/action_interfaces/cmake/action_interfacesConfig.cmake
[3.695s] -- Installing: /home/sarah/sb_ros2_ws/install/action_interfaces/share/action_interfaces/cmake/action_interfacesConfig-version.cmake
[3.695s] -- Installing: /home/sarah/sb_ros2_ws/install/action_interfaces/share/action_interfaces/package.xml
[3.697s] Invoked command in '/home/sarah/sb_ros2_ws/build/action_interfaces' returned '0': CMAKE_PREFIX_PATH=${CMAKE_PREFIX_PATH}:/home/sarah/sb_ros2_ws/src/install/sb_controller:/home/sarah/sb_ros2_ws/install/sb_controller:/opt/ros/humble /usr/bin/cmake --install /home/sarah/sb_ros2_ws/build/action_interfaces
