[0.143s] Invoking command in '/home/sarah/sb_ros2_ws/src/build/action_interfaces': CMAKE_PREFIX_PATH=/opt/ros/humble /usr/bin/cmake --build /home/sarah/sb_ros2_ws/src/build/action_interfaces -- -j32 -l32
[0.223s] -- Found ament_cmake: 1.3.11 (/opt/ros/humble/share/ament_cmake/cmake)
[0.314s] -- Found ament_lint_auto: 0.12.11 (/opt/ros/humble/share/ament_lint_auto/cmake)
[0.353s] -- Found rosidl_default_generators: 1.2.0 (/opt/ros/humble/share/rosidl_default_generators/cmake)
[0.355s] -- Using all available rosidl_typesupport_c: rosidl_typesupport_fastrtps_c;rosidl_typesupport_introspection_c
[0.358s] -- Found rosidl_adapter: 3.1.6 (/opt/ros/humble/share/rosidl_adapter/cmake)
[0.393s] -- Using all available rosidl_typesupport_cpp: rosidl_typesupport_fastrtps_cpp;rosidl_typesupport_introspection_cpp
[0.585s] -- Found ament_cmake_ros: 0.10.0 (/opt/ros/humble/share/ament_cmake_ros/cmake)
[0.692s] -- Using all available rosidl_typesupport_c: rosidl_typesupport_fastrtps_c;rosidl_typesupport_introspection_c
[0.817s] -- Using all available rosidl_typesupport_cpp: rosidl_typesupport_fastrtps_cpp;rosidl_typesupport_introspection_cpp
[0.833s] -- Found python_cmake_module: 0.10.0 (/opt/ros/humble/share/python_cmake_module/cmake)
[0.857s] -- Using PYTHON_EXECUTABLE: /usr/bin/python3
[0.857s] -- Using PYTHON_INCLUDE_DIRS: /usr/include/python3.10
[0.857s] -- Using PYTHON_LIBRARIES: /usr/lib/x86_64-linux-gnu/libpython3.10.so
[0.876s] -- Added test 'lint_cmake' to check CMake code style
[0.877s] -- Added test 'xmllint' to check XML markup files
[0.884s] -- Configuring done
[0.912s] -- Generating done
[0.918s] -- Build files have been written to: /home/sarah/sb_ros2_ws/src/build/action_interfaces
[0.931s] [  2%] [34m[1mGenerating C code for ROS interfaces[0m
[0.940s] [  4%] [34m[1mGenerating C++ code for ROS interfaces[0m
[0.953s] [  4%] Built target ament_cmake_python_copy_action_interfaces
[1.070s] running egg_info
[1.070s] writing action_interfaces.egg-info/PKG-INFO
[1.070s] writing dependency_links to action_interfaces.egg-info/dependency_links.txt
[1.070s] writing top-level names to action_interfaces.egg-info/top_level.txt
[1.071s] reading manifest file 'action_interfaces.egg-info/SOURCES.txt'
[1.072s] writing manifest file 'action_interfaces.egg-info/SOURCES.txt'
[1.089s] [  4%] Built target ament_cmake_python_build_action_interfaces_egg
[1.409s] [35m[1mConsolidate compiler generated dependencies of target action_interfaces__rosidl_generator_c[0m
[1.416s] [  4%] Built target action_interfaces__cpp
[1.417s] [  6%] [32mBuilding C object CMakeFiles/action_interfaces__rosidl_generator_c.dir/rosidl_generator_c/action_interfaces/action/detail/on_robot_gripper__functions.c.o[0m
[1.418s] [  8%] [32mBuilding C object CMakeFiles/action_interfaces__rosidl_generator_c.dir/rosidl_generator_c/action_interfaces/action/detail/set_joint_pos__functions.c.o[0m
[1.418s] [ 10%] [32mBuilding C object CMakeFiles/action_interfaces__rosidl_generator_c.dir/rosidl_generator_c/action_interfaces/action/detail/set_cart_pos__functions.c.o[0m
[1.423s] [ 12%] [34m[1mGenerating C++ introspection for ROS interfaces[0m
[1.424s] [ 14%] [34m[1mGenerating C++ type support for eProsima Fast-RTPS[0m
[1.425s] [ 17%] [34m[1mGenerating C++ type support dispatch for ROS interfaces[0m
[1.583s] [ 19%] [32m[1mLinking C shared library libaction_interfaces__rosidl_generator_c.so[0m
[1.633s] [ 19%] Built target action_interfaces__rosidl_generator_c
[1.641s] [ 21%] [34m[1mGenerating C introspection for ROS interfaces[0m
[1.642s] [ 23%] [34m[1mGenerating C type support for eProsima Fast-RTPS[0m
[1.643s] [ 25%] [34m[1mGenerating C type support dispatch for ROS interfaces[0m
[1.833s] [35m[1mConsolidate compiler generated dependencies of target action_interfaces__rosidl_typesupport_cpp[0m
[1.837s] [35m[1mConsolidate compiler generated dependencies of target action_interfaces__rosidl_typesupport_introspection_cpp[0m
[1.845s] [ 27%] [32mBuilding CXX object CMakeFiles/action_interfaces__rosidl_typesupport_cpp.dir/rosidl_typesupport_cpp/action_interfaces/action/on_robot_gripper__type_support.cpp.o[0m
[1.846s] [ 31%] [32mBuilding CXX object CMakeFiles/action_interfaces__rosidl_typesupport_cpp.dir/rosidl_typesupport_cpp/action_interfaces/action/set_joint_pos__type_support.cpp.o[0m
[1.846s] [ 31%] [32mBuilding CXX object CMakeFiles/action_interfaces__rosidl_typesupport_cpp.dir/rosidl_typesupport_cpp/action_interfaces/action/set_cart_pos__type_support.cpp.o[0m
[1.848s] [ 34%] [32mBuilding CXX object CMakeFiles/action_interfaces__rosidl_typesupport_introspection_cpp.dir/rosidl_typesupport_introspection_cpp/action_interfaces/action/detail/set_cart_pos__type_support.cpp.o[0m
[1.850s] [ 36%] [32mBuilding CXX object CMakeFiles/action_interfaces__rosidl_typesupport_introspection_cpp.dir/rosidl_typesupport_introspection_cpp/action_interfaces/action/detail/on_robot_gripper__type_support.cpp.o[0m
[1.850s] [ 38%] [32mBuilding CXX object CMakeFiles/action_interfaces__rosidl_typesupport_introspection_cpp.dir/rosidl_typesupport_introspection_cpp/action_interfaces/action/detail/set_joint_pos__type_support.cpp.o[0m
[1.927s] [35m[1mConsolidate compiler generated dependencies of target action_interfaces__rosidl_typesupport_fastrtps_cpp[0m
[1.938s] [ 40%] [32mBuilding CXX object CMakeFiles/action_interfaces__rosidl_typesupport_fastrtps_cpp.dir/rosidl_typesupport_fastrtps_cpp/action_interfaces/action/detail/dds_fastrtps/on_robot_gripper__type_support.cpp.o[0m
[1.938s] [ 42%] [32mBuilding CXX object CMakeFiles/action_interfaces__rosidl_typesupport_fastrtps_cpp.dir/rosidl_typesupport_fastrtps_cpp/action_interfaces/action/detail/dds_fastrtps/set_cart_pos__type_support.cpp.o[0m
[1.939s] [ 44%] [32mBuilding CXX object CMakeFiles/action_interfaces__rosidl_typesupport_fastrtps_cpp.dir/rosidl_typesupport_fastrtps_cpp/action_interfaces/action/detail/dds_fastrtps/set_joint_pos__type_support.cpp.o[0m
[1.995s] [35m[1mConsolidate compiler generated dependencies of target action_interfaces__rosidl_typesupport_c[0m
[2.004s] [ 46%] [32mBuilding CXX object CMakeFiles/action_interfaces__rosidl_typesupport_c.dir/rosidl_typesupport_c/action_interfaces/action/set_joint_pos__type_support.cpp.o[0m
[2.004s] [ 48%] [32mBuilding CXX object CMakeFiles/action_interfaces__rosidl_typesupport_c.dir/rosidl_typesupport_c/action_interfaces/action/set_cart_pos__type_support.cpp.o[0m
[2.005s] [ 51%] [32mBuilding CXX object CMakeFiles/action_interfaces__rosidl_typesupport_c.dir/rosidl_typesupport_c/action_interfaces/action/on_robot_gripper__type_support.cpp.o[0m
[2.050s] [ 53%] [32m[1mLinking CXX shared library libaction_interfaces__rosidl_typesupport_c.so[0m
[2.085s] [ 53%] Built target action_interfaces__rosidl_typesupport_c
[2.148s] [35m[1mConsolidate compiler generated dependencies of target action_interfaces__rosidl_typesupport_fastrtps_c[0m
[2.155s] [35m[1mConsolidate compiler generated dependencies of target action_interfaces__rosidl_typesupport_introspection_c[0m
[2.158s] [ 55%] [32mBuilding CXX object CMakeFiles/action_interfaces__rosidl_typesupport_fastrtps_c.dir/rosidl_typesupport_fastrtps_c/action_interfaces/action/detail/on_robot_gripper__type_support_c.cpp.o[0m
[2.159s] [ 57%] [32mBuilding CXX object CMakeFiles/action_interfaces__rosidl_typesupport_fastrtps_c.dir/rosidl_typesupport_fastrtps_c/action_interfaces/action/detail/set_cart_pos__type_support_c.cpp.o[0m
[2.159s] [ 59%] [32mBuilding CXX object CMakeFiles/action_interfaces__rosidl_typesupport_fastrtps_c.dir/rosidl_typesupport_fastrtps_c/action_interfaces/action/detail/set_joint_pos__type_support_c.cpp.o[0m
[2.164s] [ 61%] [32mBuilding C object CMakeFiles/action_interfaces__rosidl_typesupport_introspection_c.dir/rosidl_typesupport_introspection_c/action_interfaces/action/detail/set_cart_pos__type_support.c.o[0m
[2.166s] [ 65%] [32mBuilding C object CMakeFiles/action_interfaces__rosidl_typesupport_introspection_c.dir/rosidl_typesupport_introspection_c/action_interfaces/action/detail/set_joint_pos__type_support.c.o[0m
[2.166s] [ 65%] [32mBuilding C object CMakeFiles/action_interfaces__rosidl_typesupport_introspection_c.dir/rosidl_typesupport_introspection_c/action_interfaces/action/detail/on_robot_gripper__type_support.c.o[0m
[2.210s] [ 68%] [32m[1mLinking C shared library libaction_interfaces__rosidl_typesupport_introspection_c.so[0m
[2.239s] [ 68%] Built target action_interfaces__rosidl_typesupport_introspection_c
[2.334s] [ 70%] [32m[1mLinking CXX shared library libaction_interfaces__rosidl_typesupport_cpp.so[0m
[2.357s] [ 72%] [32m[1mLinking CXX shared library libaction_interfaces__rosidl_typesupport_fastrtps_cpp.so[0m
[2.363s] [ 72%] Built target action_interfaces__rosidl_typesupport_cpp
[2.392s] [ 74%] [32m[1mLinking CXX shared library libaction_interfaces__rosidl_typesupport_fastrtps_c.so[0m
[2.394s] [ 76%] [32m[1mLinking CXX shared library libaction_interfaces__rosidl_typesupport_introspection_cpp.so[0m
[2.406s] [ 76%] Built target action_interfaces__rosidl_typesupport_fastrtps_cpp
[2.437s] [ 76%] Built target action_interfaces__rosidl_typesupport_fastrtps_c
[2.437s] [ 76%] Built target action_interfaces__rosidl_typesupport_introspection_cpp
[2.450s] [ 76%] Built target action_interfaces
[2.461s] [ 78%] [34m[1mGenerating Python code for ROS interfaces[0m
[3.267s] [ 78%] Built target action_interfaces__py
[3.274s] [35m[1mConsolidate compiler generated dependencies of target action_interfaces__rosidl_generator_py[0m
[3.282s] [ 80%] [32mBuilding C object CMakeFiles/action_interfaces__rosidl_generator_py.dir/rosidl_generator_py/action_interfaces/action/_on_robot_gripper_s.c.o[0m
[3.282s] [ 82%] [32mBuilding C object CMakeFiles/action_interfaces__rosidl_generator_py.dir/rosidl_generator_py/action_interfaces/action/_set_cart_pos_s.c.o[0m
[3.283s] [ 85%] [32mBuilding C object CMakeFiles/action_interfaces__rosidl_generator_py.dir/rosidl_generator_py/action_interfaces/action/_set_joint_pos_s.c.o[0m
[3.402s] [ 87%] [32m[1mLinking C shared library rosidl_generator_py/action_interfaces/libaction_interfaces__rosidl_generator_py.so[0m
[3.430s] [ 87%] Built target action_interfaces__rosidl_generator_py
[3.439s] [35m[1mConsolidate compiler generated dependencies of target action_interfaces__rosidl_typesupport_c__pyext[0m
[3.439s] [35m[1mConsolidate compiler generated dependencies of target action_interfaces__rosidl_typesupport_introspection_c__pyext[0m
[3.439s] [35m[1mConsolidate compiler generated dependencies of target action_interfaces__rosidl_typesupport_fastrtps_c__pyext[0m
[3.449s] [ 93%] [32mBuilding C object CMakeFiles/action_interfaces__rosidl_typesupport_c__pyext.dir/rosidl_generator_py/action_interfaces/_action_interfaces_s.ep.rosidl_typesupport_c.c.o[0m
[3.449s] [ 93%] [32mBuilding C object CMakeFiles/action_interfaces__rosidl_typesupport_introspection_c__pyext.dir/rosidl_generator_py/action_interfaces/_action_interfaces_s.ep.rosidl_typesupport_introspection_c.c.o[0m
[3.449s] [ 93%] [32mBuilding C object CMakeFiles/action_interfaces__rosidl_typesupport_fastrtps_c__pyext.dir/rosidl_generator_py/action_interfaces/_action_interfaces_s.ep.rosidl_typesupport_fastrtps_c.c.o[0m
[3.544s] [ 95%] [32m[1mLinking C shared library rosidl_generator_py/action_interfaces/action_interfaces_s__rosidl_typesupport_introspection_c.cpython-310-x86_64-linux-gnu.so[0m
[3.545s] [ 97%] [32m[1mLinking C shared library rosidl_generator_py/action_interfaces/action_interfaces_s__rosidl_typesupport_fastrtps_c.cpython-310-x86_64-linux-gnu.so[0m
[3.545s] [100%] [32m[1mLinking C shared library rosidl_generator_py/action_interfaces/action_interfaces_s__rosidl_typesupport_c.cpython-310-x86_64-linux-gnu.so[0m
[3.574s] [100%] Built target action_interfaces__rosidl_typesupport_fastrtps_c__pyext
[3.576s] [100%] Built target action_interfaces__rosidl_typesupport_introspection_c__pyext
[3.577s] [100%] Built target action_interfaces__rosidl_typesupport_c__pyext
[3.584s] Invoked command in '/home/sarah/sb_ros2_ws/src/build/action_interfaces' returned '0': CMAKE_PREFIX_PATH=/opt/ros/humble /usr/bin/cmake --build /home/sarah/sb_ros2_ws/src/build/action_interfaces -- -j32 -l32
[3.586s] Invoking command in '/home/sarah/sb_ros2_ws/src/build/action_interfaces': CMAKE_PREFIX_PATH=/opt/ros/humble /usr/bin/cmake --install /home/sarah/sb_ros2_ws/src/build/action_interfaces
[3.589s] -- Install configuration: ""
[3.590s] -- Installing: /home/sarah/sb_ros2_ws/src/install/action_interfaces/share/ament_index/resource_index/rosidl_interfaces/action_interfaces
[3.590s] -- Up-to-date: /home/sarah/sb_ros2_ws/src/install/action_interfaces/include/action_interfaces/action_interfaces
[3.590s] -- Up-to-date: /home/sarah/sb_ros2_ws/src/install/action_interfaces/include/action_interfaces/action_interfaces/msg
[3.590s] -- Up-to-date: /home/sarah/sb_ros2_ws/src/install/action_interfaces/include/action_interfaces/action_interfaces/msg/rosidl_generator_c__visibility_control.h
[3.590s] -- Up-to-date: /home/sarah/sb_ros2_ws/src/install/action_interfaces/include/action_interfaces/action_interfaces/action
[3.590s] -- Installing: /home/sarah/sb_ros2_ws/src/install/action_interfaces/include/action_interfaces/action_interfaces/action/on_robot_gripper.h
[3.590s] -- Installing: /home/sarah/sb_ros2_ws/src/install/action_interfaces/include/action_interfaces/action_interfaces/action/set_cart_pos.h
[3.590s] -- Up-to-date: /home/sarah/sb_ros2_ws/src/install/action_interfaces/include/action_interfaces/action_interfaces/action/detail
[3.590s] -- Installing: /home/sarah/sb_ros2_ws/src/install/action_interfaces/include/action_interfaces/action_interfaces/action/detail/on_robot_gripper__struct.h
[3.590s] -- Installing: /home/sarah/sb_ros2_ws/src/install/action_interfaces/include/action_interfaces/action_interfaces/action/detail/set_joint_pos__functions.h
[3.590s] -- Installing: /home/sarah/sb_ros2_ws/src/install/action_interfaces/include/action_interfaces/action_interfaces/action/detail/on_robot_gripper__type_support.h
[3.590s] -- Installing: /home/sarah/sb_ros2_ws/src/install/action_interfaces/include/action_interfaces/action_interfaces/action/detail/set_joint_pos__functions.c
[3.590s] -- Installing: /home/sarah/sb_ros2_ws/src/install/action_interfaces/include/action_interfaces/action_interfaces/action/detail/set_cart_pos__functions.h
[3.590s] -- Installing: /home/sarah/sb_ros2_ws/src/install/action_interfaces/include/action_interfaces/action_interfaces/action/detail/set_cart_pos__functions.c
[3.590s] -- Installing: /home/sarah/sb_ros2_ws/src/install/action_interfaces/include/action_interfaces/action_interfaces/action/detail/set_joint_pos__struct.h
[3.590s] -- Installing: /home/sarah/sb_ros2_ws/src/install/action_interfaces/include/action_interfaces/action_interfaces/action/detail/on_robot_gripper__functions.h
[3.590s] -- Installing: /home/sarah/sb_ros2_ws/src/install/action_interfaces/include/action_interfaces/action_interfaces/action/detail/on_robot_gripper__functions.c
[3.590s] -- Installing: /home/sarah/sb_ros2_ws/src/install/action_interfaces/include/action_interfaces/action_interfaces/action/detail/set_cart_pos__struct.h
[3.590s] -- Installing: /home/sarah/sb_ros2_ws/src/install/action_interfaces/include/action_interfaces/action_interfaces/action/detail/set_joint_pos__type_support.h
[3.590s] -- Installing: /home/sarah/sb_ros2_ws/src/install/action_interfaces/include/action_interfaces/action_interfaces/action/detail/set_cart_pos__type_support.h
[3.590s] -- Installing: /home/sarah/sb_ros2_ws/src/install/action_interfaces/include/action_interfaces/action_interfaces/action/set_joint_pos.h
[3.590s] -- Up-to-date: /home/sarah/sb_ros2_ws/src/install/action_interfaces/share/action_interfaces/environment/library_path.sh
[3.590s] -- Installing: /home/sarah/sb_ros2_ws/src/install/action_interfaces/share/action_interfaces/environment/library_path.dsv
[3.592s] -- Installing: /home/sarah/sb_ros2_ws/src/install/action_interfaces/lib/libaction_interfaces__rosidl_generator_c.so
[3.592s] -- Set runtime path of "/home/sarah/sb_ros2_ws/src/install/action_interfaces/lib/libaction_interfaces__rosidl_generator_c.so" to ""
[3.592s] -- Up-to-date: /home/sarah/sb_ros2_ws/src/install/action_interfaces/include/action_interfaces/action_interfaces
[3.592s] -- Up-to-date: /home/sarah/sb_ros2_ws/src/install/action_interfaces/include/action_interfaces/action_interfaces/msg
[3.592s] -- Up-to-date: /home/sarah/sb_ros2_ws/src/install/action_interfaces/include/action_interfaces/action_interfaces/msg/rosidl_typesupport_fastrtps_c__visibility_control.h
[3.592s] -- Up-to-date: /home/sarah/sb_ros2_ws/src/install/action_interfaces/include/action_interfaces/action_interfaces/action
[3.592s] -- Up-to-date: /home/sarah/sb_ros2_ws/src/install/action_interfaces/include/action_interfaces/action_interfaces/action/detail
[3.592s] -- Installing: /home/sarah/sb_ros2_ws/src/install/action_interfaces/include/action_interfaces/action_interfaces/action/detail/on_robot_gripper__rosidl_typesupport_fastrtps_c.h
[3.592s] -- Installing: /home/sarah/sb_ros2_ws/src/install/action_interfaces/include/action_interfaces/action_interfaces/action/detail/set_cart_pos__rosidl_typesupport_fastrtps_c.h
[3.592s] -- Installing: /home/sarah/sb_ros2_ws/src/install/action_interfaces/include/action_interfaces/action_interfaces/action/detail/set_joint_pos__rosidl_typesupport_fastrtps_c.h
[3.594s] -- Installing: /home/sarah/sb_ros2_ws/src/install/action_interfaces/lib/libaction_interfaces__rosidl_typesupport_fastrtps_c.so
[3.594s] -- Set runtime path of "/home/sarah/sb_ros2_ws/src/install/action_interfaces/lib/libaction_interfaces__rosidl_typesupport_fastrtps_c.so" to ""
[3.594s] -- Up-to-date: /home/sarah/sb_ros2_ws/src/install/action_interfaces/include/action_interfaces/action_interfaces
[3.594s] -- Up-to-date: /home/sarah/sb_ros2_ws/src/install/action_interfaces/include/action_interfaces/action_interfaces/msg
[3.594s] -- Up-to-date: /home/sarah/sb_ros2_ws/src/install/action_interfaces/include/action_interfaces/action_interfaces/msg/rosidl_typesupport_introspection_c__visibility_control.h
[3.594s] -- Up-to-date: /home/sarah/sb_ros2_ws/src/install/action_interfaces/include/action_interfaces/action_interfaces/action
[3.594s] -- Up-to-date: /home/sarah/sb_ros2_ws/src/install/action_interfaces/include/action_interfaces/action_interfaces/action/detail
[3.594s] -- Installing: /home/sarah/sb_ros2_ws/src/install/action_interfaces/include/action_interfaces/action_interfaces/action/detail/set_joint_pos__rosidl_typesupport_introspection_c.h
[3.594s] -- Installing: /home/sarah/sb_ros2_ws/src/install/action_interfaces/include/action_interfaces/action_interfaces/action/detail/on_robot_gripper__rosidl_typesupport_introspection_c.h
[3.594s] -- Installing: /home/sarah/sb_ros2_ws/src/install/action_interfaces/include/action_interfaces/action_interfaces/action/detail/on_robot_gripper__type_support.c
[3.594s] -- Installing: /home/sarah/sb_ros2_ws/src/install/action_interfaces/include/action_interfaces/action_interfaces/action/detail/set_joint_pos__type_support.c
[3.595s] -- Installing: /home/sarah/sb_ros2_ws/src/install/action_interfaces/include/action_interfaces/action_interfaces/action/detail/set_cart_pos__rosidl_typesupport_introspection_c.h
[3.595s] -- Installing: /home/sarah/sb_ros2_ws/src/install/action_interfaces/include/action_interfaces/action_interfaces/action/detail/set_cart_pos__type_support.c
[3.596s] -- Installing: /home/sarah/sb_ros2_ws/src/install/action_interfaces/lib/libaction_interfaces__rosidl_typesupport_introspection_c.so
[3.596s] -- Set runtime path of "/home/sarah/sb_ros2_ws/src/install/action_interfaces/lib/libaction_interfaces__rosidl_typesupport_introspection_c.so" to ""
[3.597s] -- Installing: /home/sarah/sb_ros2_ws/src/install/action_interfaces/lib/libaction_interfaces__rosidl_typesupport_c.so
[3.597s] -- Set runtime path of "/home/sarah/sb_ros2_ws/src/install/action_interfaces/lib/libaction_interfaces__rosidl_typesupport_c.so" to ""
[3.597s] -- Up-to-date: /home/sarah/sb_ros2_ws/src/install/action_interfaces/include/action_interfaces/action_interfaces
[3.598s] -- Up-to-date: /home/sarah/sb_ros2_ws/src/install/action_interfaces/include/action_interfaces/action_interfaces/msg
[3.598s] -- Up-to-date: /home/sarah/sb_ros2_ws/src/install/action_interfaces/include/action_interfaces/action_interfaces/msg/rosidl_generator_cpp__visibility_control.hpp
[3.598s] -- Up-to-date: /home/sarah/sb_ros2_ws/src/install/action_interfaces/include/action_interfaces/action_interfaces/action
[3.598s] -- Installing: /home/sarah/sb_ros2_ws/src/install/action_interfaces/include/action_interfaces/action_interfaces/action/on_robot_gripper.hpp
[3.598s] -- Installing: /home/sarah/sb_ros2_ws/src/install/action_interfaces/include/action_interfaces/action_interfaces/action/set_joint_pos.hpp
[3.598s] -- Installing: /home/sarah/sb_ros2_ws/src/install/action_interfaces/include/action_interfaces/action_interfaces/action/set_cart_pos.hpp
[3.598s] -- Up-to-date: /home/sarah/sb_ros2_ws/src/install/action_interfaces/include/action_interfaces/action_interfaces/action/detail
[3.598s] -- Installing: /home/sarah/sb_ros2_ws/src/install/action_interfaces/include/action_interfaces/action_interfaces/action/detail/set_cart_pos__traits.hpp
[3.598s] -- Installing: /home/sarah/sb_ros2_ws/src/install/action_interfaces/include/action_interfaces/action_interfaces/action/detail/set_cart_pos__struct.hpp
[3.598s] -- Installing: /home/sarah/sb_ros2_ws/src/install/action_interfaces/include/action_interfaces/action_interfaces/action/detail/set_joint_pos__type_support.hpp
[3.598s] -- Installing: /home/sarah/sb_ros2_ws/src/install/action_interfaces/include/action_interfaces/action_interfaces/action/detail/set_joint_pos__builder.hpp
[3.598s] -- Installing: /home/sarah/sb_ros2_ws/src/install/action_interfaces/include/action_interfaces/action_interfaces/action/detail/set_joint_pos__traits.hpp
[3.599s] -- Installing: /home/sarah/sb_ros2_ws/src/install/action_interfaces/include/action_interfaces/action_interfaces/action/detail/set_joint_pos__struct.hpp
[3.599s] -- Installing: /home/sarah/sb_ros2_ws/src/install/action_interfaces/include/action_interfaces/action_interfaces/action/detail/set_cart_pos__builder.hpp
[3.599s] -- Installing: /home/sarah/sb_ros2_ws/src/install/action_interfaces/include/action_interfaces/action_interfaces/action/detail/on_robot_gripper__traits.hpp
[3.599s] -- Installing: /home/sarah/sb_ros2_ws/src/install/action_interfaces/include/action_interfaces/action_interfaces/action/detail/on_robot_gripper__builder.hpp
[3.599s] -- Installing: /home/sarah/sb_ros2_ws/src/install/action_interfaces/include/action_interfaces/action_interfaces/action/detail/on_robot_gripper__struct.hpp
[3.599s] -- Installing: /home/sarah/sb_ros2_ws/src/install/action_interfaces/include/action_interfaces/action_interfaces/action/detail/on_robot_gripper__type_support.hpp
[3.599s] -- Installing: /home/sarah/sb_ros2_ws/src/install/action_interfaces/include/action_interfaces/action_interfaces/action/detail/set_cart_pos__type_support.hpp
[3.599s] -- Up-to-date: /home/sarah/sb_ros2_ws/src/install/action_interfaces/include/action_interfaces/action_interfaces
[3.600s] -- Up-to-date: /home/sarah/sb_ros2_ws/src/install/action_interfaces/include/action_interfaces/action_interfaces/msg
[3.600s] -- Up-to-date: /home/sarah/sb_ros2_ws/src/install/action_interfaces/include/action_interfaces/action_interfaces/msg/rosidl_typesupport_fastrtps_cpp__visibility_control.h
[3.600s] -- Up-to-date: /home/sarah/sb_ros2_ws/src/install/action_interfaces/include/action_interfaces/action_interfaces/action
[3.600s] -- Up-to-date: /home/sarah/sb_ros2_ws/src/install/action_interfaces/include/action_interfaces/action_interfaces/action/detail
[3.600s] -- Installing: /home/sarah/sb_ros2_ws/src/install/action_interfaces/include/action_interfaces/action_interfaces/action/detail/on_robot_gripper__rosidl_typesupport_fastrtps_cpp.hpp
[3.600s] -- Up-to-date: /home/sarah/sb_ros2_ws/src/install/action_interfaces/include/action_interfaces/action_interfaces/action/detail/dds_fastrtps
[3.600s] -- Installing: /home/sarah/sb_ros2_ws/src/install/action_interfaces/include/action_interfaces/action_interfaces/action/detail/set_joint_pos__rosidl_typesupport_fastrtps_cpp.hpp
[3.600s] -- Installing: /home/sarah/sb_ros2_ws/src/install/action_interfaces/include/action_interfaces/action_interfaces/action/detail/set_cart_pos__rosidl_typesupport_fastrtps_cpp.hpp
[3.601s] -- Installing: /home/sarah/sb_ros2_ws/src/install/action_interfaces/lib/libaction_interfaces__rosidl_typesupport_fastrtps_cpp.so
[3.601s] -- Set runtime path of "/home/sarah/sb_ros2_ws/src/install/action_interfaces/lib/libaction_interfaces__rosidl_typesupport_fastrtps_cpp.so" to ""
[3.601s] -- Up-to-date: /home/sarah/sb_ros2_ws/src/install/action_interfaces/include/action_interfaces/action_interfaces
[3.601s] -- Up-to-date: /home/sarah/sb_ros2_ws/src/install/action_interfaces/include/action_interfaces/action_interfaces/action
[3.601s] -- Up-to-date: /home/sarah/sb_ros2_ws/src/install/action_interfaces/include/action_interfaces/action_interfaces/action/detail
[3.601s] -- Installing: /home/sarah/sb_ros2_ws/src/install/action_interfaces/include/action_interfaces/action_interfaces/action/detail/set_cart_pos__rosidl_typesupport_introspection_cpp.hpp
[3.601s] -- Installing: /home/sarah/sb_ros2_ws/src/install/action_interfaces/include/action_interfaces/action_interfaces/action/detail/on_robot_gripper__type_support.cpp
[3.601s] -- Installing: /home/sarah/sb_ros2_ws/src/install/action_interfaces/include/action_interfaces/action_interfaces/action/detail/set_joint_pos__type_support.cpp
[3.602s] -- Installing: /home/sarah/sb_ros2_ws/src/install/action_interfaces/include/action_interfaces/action_interfaces/action/detail/on_robot_gripper__rosidl_typesupport_introspection_cpp.hpp
[3.602s] -- Installing: /home/sarah/sb_ros2_ws/src/install/action_interfaces/include/action_interfaces/action_interfaces/action/detail/set_cart_pos__type_support.cpp
[3.602s] -- Installing: /home/sarah/sb_ros2_ws/src/install/action_interfaces/include/action_interfaces/action_interfaces/action/detail/set_joint_pos__rosidl_typesupport_introspection_cpp.hpp
[3.603s] -- Installing: /home/sarah/sb_ros2_ws/src/install/action_interfaces/lib/libaction_interfaces__rosidl_typesupport_introspection_cpp.so
[3.603s] -- Set runtime path of "/home/sarah/sb_ros2_ws/src/install/action_interfaces/lib/libaction_interfaces__rosidl_typesupport_introspection_cpp.so" to ""
[3.605s] -- Installing: /home/sarah/sb_ros2_ws/src/install/action_interfaces/lib/libaction_interfaces__rosidl_typesupport_cpp.so
[3.605s] -- Set runtime path of "/home/sarah/sb_ros2_ws/src/install/action_interfaces/lib/libaction_interfaces__rosidl_typesupport_cpp.so" to ""
[3.605s] -- Up-to-date: /home/sarah/sb_ros2_ws/src/install/action_interfaces/share/action_interfaces/environment/pythonpath.sh
[3.605s] -- Installing: /home/sarah/sb_ros2_ws/src/install/action_interfaces/share/action_interfaces/environment/pythonpath.dsv
[3.605s] -- Up-to-date: /home/sarah/sb_ros2_ws/src/install/action_interfaces/local/lib/python3.10/dist-packages/action_interfaces-0.0.0-py3.10.egg-info
[3.606s] -- Installing: /home/sarah/sb_ros2_ws/src/install/action_interfaces/local/lib/python3.10/dist-packages/action_interfaces-0.0.0-py3.10.egg-info/SOURCES.txt
[3.606s] -- Installing: /home/sarah/sb_ros2_ws/src/install/action_interfaces/local/lib/python3.10/dist-packages/action_interfaces-0.0.0-py3.10.egg-info/top_level.txt
[3.606s] -- Installing: /home/sarah/sb_ros2_ws/src/install/action_interfaces/local/lib/python3.10/dist-packages/action_interfaces-0.0.0-py3.10.egg-info/PKG-INFO
[3.606s] -- Installing: /home/sarah/sb_ros2_ws/src/install/action_interfaces/local/lib/python3.10/dist-packages/action_interfaces-0.0.0-py3.10.egg-info/dependency_links.txt
[3.606s] -- Up-to-date: /home/sarah/sb_ros2_ws/src/install/action_interfaces/local/lib/python3.10/dist-packages/action_interfaces
[3.606s] -- Installing: /home/sarah/sb_ros2_ws/src/install/action_interfaces/local/lib/python3.10/dist-packages/action_interfaces/_action_interfaces_s.ep.rosidl_typesupport_introspection_c.c
[3.606s] -- Installing: /home/sarah/sb_ros2_ws/src/install/action_interfaces/local/lib/python3.10/dist-packages/action_interfaces/action_interfaces_s__rosidl_typesupport_c.cpython-310-x86_64-linux-gnu.so
[3.606s] -- Installing: /home/sarah/sb_ros2_ws/src/install/action_interfaces/local/lib/python3.10/dist-packages/action_interfaces/__init__.py
[3.606s] -- Installing: /home/sarah/sb_ros2_ws/src/install/action_interfaces/local/lib/python3.10/dist-packages/action_interfaces/action_interfaces_s__rosidl_typesupport_introspection_c.cpython-310-x86_64-linux-gnu.so
[3.606s] -- Installing: /home/sarah/sb_ros2_ws/src/install/action_interfaces/local/lib/python3.10/dist-packages/action_interfaces/_action_interfaces_s.ep.rosidl_typesupport_fastrtps_c.c
[3.606s] -- Up-to-date: /home/sarah/sb_ros2_ws/src/install/action_interfaces/local/lib/python3.10/dist-packages/action_interfaces/action
[3.606s] -- Installing: /home/sarah/sb_ros2_ws/src/install/action_interfaces/local/lib/python3.10/dist-packages/action_interfaces/action/_set_joint_pos.py
[3.606s] -- Installing: /home/sarah/sb_ros2_ws/src/install/action_interfaces/local/lib/python3.10/dist-packages/action_interfaces/action/_on_robot_gripper_s.c
[3.606s] -- Installing: /home/sarah/sb_ros2_ws/src/install/action_interfaces/local/lib/python3.10/dist-packages/action_interfaces/action/__init__.py
[3.607s] -- Installing: /home/sarah/sb_ros2_ws/src/install/action_interfaces/local/lib/python3.10/dist-packages/action_interfaces/action/_set_cart_pos_s.c
[3.607s] -- Installing: /home/sarah/sb_ros2_ws/src/install/action_interfaces/local/lib/python3.10/dist-packages/action_interfaces/action/_set_joint_pos_s.c
[3.607s] -- Installing: /home/sarah/sb_ros2_ws/src/install/action_interfaces/local/lib/python3.10/dist-packages/action_interfaces/action/_set_cart_pos.py
[3.607s] -- Installing: /home/sarah/sb_ros2_ws/src/install/action_interfaces/local/lib/python3.10/dist-packages/action_interfaces/action/_on_robot_gripper.py
[3.607s] -- Installing: /home/sarah/sb_ros2_ws/src/install/action_interfaces/local/lib/python3.10/dist-packages/action_interfaces/_action_interfaces_s.ep.rosidl_typesupport_c.c
[3.607s] -- Installing: /home/sarah/sb_ros2_ws/src/install/action_interfaces/local/lib/python3.10/dist-packages/action_interfaces/action_interfaces_s__rosidl_typesupport_fastrtps_c.cpython-310-x86_64-linux-gnu.so
[3.607s] -- Installing: /home/sarah/sb_ros2_ws/src/install/action_interfaces/local/lib/python3.10/dist-packages/action_interfaces/libaction_interfaces__rosidl_generator_py.so
[3.640s] Listing '/home/sarah/sb_ros2_ws/src/install/action_interfaces/local/lib/python3.10/dist-packages/action_interfaces'...
[3.640s] Compiling '/home/sarah/sb_ros2_ws/src/install/action_interfaces/local/lib/python3.10/dist-packages/action_interfaces/__init__.py'...
[3.640s] Listing '/home/sarah/sb_ros2_ws/src/install/action_interfaces/local/lib/python3.10/dist-packages/action_interfaces/action'...
[3.640s] Compiling '/home/sarah/sb_ros2_ws/src/install/action_interfaces/local/lib/python3.10/dist-packages/action_interfaces/action/__init__.py'...
[3.640s] Compiling '/home/sarah/sb_ros2_ws/src/install/action_interfaces/local/lib/python3.10/dist-packages/action_interfaces/action/_on_robot_gripper.py'...
[3.640s] Compiling '/home/sarah/sb_ros2_ws/src/install/action_interfaces/local/lib/python3.10/dist-packages/action_interfaces/action/_set_cart_pos.py'...
[3.640s] Compiling '/home/sarah/sb_ros2_ws/src/install/action_interfaces/local/lib/python3.10/dist-packages/action_interfaces/action/_set_joint_pos.py'...
[3.643s] -- Installing: /home/sarah/sb_ros2_ws/src/install/action_interfaces/local/lib/python3.10/dist-packages/action_interfaces/action_interfaces_s__rosidl_typesupport_fastrtps_c.cpython-310-x86_64-linux-gnu.so
[3.643s] -- Set runtime path of "/home/sarah/sb_ros2_ws/src/install/action_interfaces/local/lib/python3.10/dist-packages/action_interfaces/action_interfaces_s__rosidl_typesupport_fastrtps_c.cpython-310-x86_64-linux-gnu.so" to ""
[3.643s] -- Installing: /home/sarah/sb_ros2_ws/src/install/action_interfaces/local/lib/python3.10/dist-packages/action_interfaces/action_interfaces_s__rosidl_typesupport_introspection_c.cpython-310-x86_64-linux-gnu.so
[3.643s] -- Set runtime path of "/home/sarah/sb_ros2_ws/src/install/action_interfaces/local/lib/python3.10/dist-packages/action_interfaces/action_interfaces_s__rosidl_typesupport_introspection_c.cpython-310-x86_64-linux-gnu.so" to ""
[3.643s] -- Installing: /home/sarah/sb_ros2_ws/src/install/action_interfaces/local/lib/python3.10/dist-packages/action_interfaces/action_interfaces_s__rosidl_typesupport_c.cpython-310-x86_64-linux-gnu.so
[3.643s] -- Set runtime path of "/home/sarah/sb_ros2_ws/src/install/action_interfaces/local/lib/python3.10/dist-packages/action_interfaces/action_interfaces_s__rosidl_typesupport_c.cpython-310-x86_64-linux-gnu.so" to ""
[3.645s] -- Installing: /home/sarah/sb_ros2_ws/src/install/action_interfaces/lib/libaction_interfaces__rosidl_generator_py.so
[3.645s] -- Set runtime path of "/home/sarah/sb_ros2_ws/src/install/action_interfaces/lib/libaction_interfaces__rosidl_generator_py.so" to ""
[3.645s] -- Up-to-date: /home/sarah/sb_ros2_ws/src/install/action_interfaces/share/action_interfaces/action/SetCartPos.idl
[3.645s] -- Up-to-date: /home/sarah/sb_ros2_ws/src/install/action_interfaces/share/action_interfaces/action/SetJointPos.idl
[3.645s] -- Installing: /home/sarah/sb_ros2_ws/src/install/action_interfaces/share/action_interfaces/action/OnRobotGripper.idl
[3.645s] -- Up-to-date: /home/sarah/sb_ros2_ws/src/install/action_interfaces/share/action_interfaces/action/SetCartPos.action
[3.645s] -- Up-to-date: /home/sarah/sb_ros2_ws/src/install/action_interfaces/share/action_interfaces/action/SetJointPos.action
[3.645s] -- Installing: /home/sarah/sb_ros2_ws/src/install/action_interfaces/share/action_interfaces/action/OnRobotGripper.action
[3.645s] -- Up-to-date: /home/sarah/sb_ros2_ws/src/install/action_interfaces/share/ament_index/resource_index/package_run_dependencies/action_interfaces
[3.645s] -- Installing: /home/sarah/sb_ros2_ws/src/install/action_interfaces/share/ament_index/resource_index/parent_prefix_path/action_interfaces
[3.645s] -- Up-to-date: /home/sarah/sb_ros2_ws/src/install/action_interfaces/share/action_interfaces/environment/ament_prefix_path.sh
[3.645s] -- Installing: /home/sarah/sb_ros2_ws/src/install/action_interfaces/share/action_interfaces/environment/ament_prefix_path.dsv
[3.645s] -- Up-to-date: /home/sarah/sb_ros2_ws/src/install/action_interfaces/share/action_interfaces/environment/path.sh
[3.645s] -- Installing: /home/sarah/sb_ros2_ws/src/install/action_interfaces/share/action_interfaces/environment/path.dsv
[3.646s] -- Up-to-date: /home/sarah/sb_ros2_ws/src/install/action_interfaces/share/action_interfaces/local_setup.bash
[3.646s] -- Up-to-date: /home/sarah/sb_ros2_ws/src/install/action_interfaces/share/action_interfaces/local_setup.sh
[3.646s] -- Up-to-date: /home/sarah/sb_ros2_ws/src/install/action_interfaces/share/action_interfaces/local_setup.zsh
[3.646s] -- Installing: /home/sarah/sb_ros2_ws/src/install/action_interfaces/share/action_interfaces/local_setup.dsv
[3.646s] -- Installing: /home/sarah/sb_ros2_ws/src/install/action_interfaces/share/action_interfaces/package.dsv
[3.646s] -- Up-to-date: /home/sarah/sb_ros2_ws/src/install/action_interfaces/share/ament_index/resource_index/packages/action_interfaces
[3.646s] -- Up-to-date: /home/sarah/sb_ros2_ws/src/install/action_interfaces/share/action_interfaces/cmake/export_action_interfaces__rosidl_generator_cExport.cmake
[3.646s] -- Up-to-date: /home/sarah/sb_ros2_ws/src/install/action_interfaces/share/action_interfaces/cmake/export_action_interfaces__rosidl_generator_cExport-noconfig.cmake
[3.646s] -- Up-to-date: /home/sarah/sb_ros2_ws/src/install/action_interfaces/share/action_interfaces/cmake/export_action_interfaces__rosidl_typesupport_fastrtps_cExport.cmake
[3.646s] -- Up-to-date: /home/sarah/sb_ros2_ws/src/install/action_interfaces/share/action_interfaces/cmake/export_action_interfaces__rosidl_typesupport_fastrtps_cExport-noconfig.cmake
[3.647s] -- Up-to-date: /home/sarah/sb_ros2_ws/src/install/action_interfaces/share/action_interfaces/cmake/action_interfaces__rosidl_typesupport_introspection_cExport.cmake
[3.647s] -- Up-to-date: /home/sarah/sb_ros2_ws/src/install/action_interfaces/share/action_interfaces/cmake/action_interfaces__rosidl_typesupport_introspection_cExport-noconfig.cmake
[3.647s] -- Up-to-date: /home/sarah/sb_ros2_ws/src/install/action_interfaces/share/action_interfaces/cmake/action_interfaces__rosidl_typesupport_cExport.cmake
[3.647s] -- Up-to-date: /home/sarah/sb_ros2_ws/src/install/action_interfaces/share/action_interfaces/cmake/action_interfaces__rosidl_typesupport_cExport-noconfig.cmake
[3.647s] -- Up-to-date: /home/sarah/sb_ros2_ws/src/install/action_interfaces/share/action_interfaces/cmake/export_action_interfaces__rosidl_generator_cppExport.cmake
[3.648s] -- Up-to-date: /home/sarah/sb_ros2_ws/src/install/action_interfaces/share/action_interfaces/cmake/export_action_interfaces__rosidl_typesupport_fastrtps_cppExport.cmake
[3.648s] -- Up-to-date: /home/sarah/sb_ros2_ws/src/install/action_interfaces/share/action_interfaces/cmake/export_action_interfaces__rosidl_typesupport_fastrtps_cppExport-noconfig.cmake
[3.648s] -- Up-to-date: /home/sarah/sb_ros2_ws/src/install/action_interfaces/share/action_interfaces/cmake/action_interfaces__rosidl_typesupport_introspection_cppExport.cmake
[3.648s] -- Up-to-date: /home/sarah/sb_ros2_ws/src/install/action_interfaces/share/action_interfaces/cmake/action_interfaces__rosidl_typesupport_introspection_cppExport-noconfig.cmake
[3.648s] -- Up-to-date: /home/sarah/sb_ros2_ws/src/install/action_interfaces/share/action_interfaces/cmake/action_interfaces__rosidl_typesupport_cppExport.cmake
[3.648s] -- Up-to-date: /home/sarah/sb_ros2_ws/src/install/action_interfaces/share/action_interfaces/cmake/action_interfaces__rosidl_typesupport_cppExport-noconfig.cmake
[3.649s] -- Up-to-date: /home/sarah/sb_ros2_ws/src/install/action_interfaces/share/action_interfaces/cmake/export_action_interfaces__rosidl_generator_pyExport.cmake
[3.649s] -- Up-to-date: /home/sarah/sb_ros2_ws/src/install/action_interfaces/share/action_interfaces/cmake/export_action_interfaces__rosidl_generator_pyExport-noconfig.cmake
[3.649s] -- Installing: /home/sarah/sb_ros2_ws/src/install/action_interfaces/share/action_interfaces/cmake/rosidl_cmake-extras.cmake
[3.649s] -- Up-to-date: /home/sarah/sb_ros2_ws/src/install/action_interfaces/share/action_interfaces/cmake/ament_cmake_export_dependencies-extras.cmake
[3.649s] -- Up-to-date: /home/sarah/sb_ros2_ws/src/install/action_interfaces/share/action_interfaces/cmake/ament_cmake_export_include_directories-extras.cmake
[3.649s] -- Up-to-date: /home/sarah/sb_ros2_ws/src/install/action_interfaces/share/action_interfaces/cmake/ament_cmake_export_libraries-extras.cmake
[3.649s] -- Up-to-date: /home/sarah/sb_ros2_ws/src/install/action_interfaces/share/action_interfaces/cmake/ament_cmake_export_targets-extras.cmake
[3.649s] -- Up-to-date: /home/sarah/sb_ros2_ws/src/install/action_interfaces/share/action_interfaces/cmake/rosidl_cmake_export_typesupport_targets-extras.cmake
[3.649s] -- Up-to-date: /home/sarah/sb_ros2_ws/src/install/action_interfaces/share/action_interfaces/cmake/rosidl_cmake_export_typesupport_libraries-extras.cmake
[3.649s] -- Up-to-date: /home/sarah/sb_ros2_ws/src/install/action_interfaces/share/action_interfaces/cmake/action_interfacesConfig.cmake
[3.649s] -- Up-to-date: /home/sarah/sb_ros2_ws/src/install/action_interfaces/share/action_interfaces/cmake/action_interfacesConfig-version.cmake
[3.650s] -- Up-to-date: /home/sarah/sb_ros2_ws/src/install/action_interfaces/share/action_interfaces/package.xml
[3.652s] Invoked command in '/home/sarah/sb_ros2_ws/src/build/action_interfaces' returned '0': CMAKE_PREFIX_PATH=/opt/ros/humble /usr/bin/cmake --install /home/sarah/sb_ros2_ws/src/build/action_interfaces
