running egg_info
writing ../../build/sb_controller/sb_controller.egg-info/PKG-INFO
writing dependency_links to ../../build/sb_controller/sb_controller.egg-info/dependency_links.txt
writing entry points to ../../build/sb_controller/sb_controller.egg-info/entry_points.txt
writing requirements to ../../build/sb_controller/sb_controller.egg-info/requires.txt
writing top-level names to ../../build/sb_controller/sb_controller.egg-info/top_level.txt
reading manifest file '../../build/sb_controller/sb_controller.egg-info/SOURCES.txt'
writing manifest file '../../build/sb_controller/sb_controller.egg-info/SOURCES.txt'
running build
running build_py
running install
running install_lib
running install_data
copying package.xml -> /home/sarah/sb_ros2_ws/install/sb_controller/share/sb_controller
running install_egg_info
removing '/home/sarah/sb_ros2_ws/install/sb_controller/lib/python3.10/site-packages/sb_controller-0.0.0-py3.10.egg-info' (and everything under it)
Copying ../../build/sb_controller/sb_controller.egg-info to /home/sarah/sb_ros2_ws/install/sb_controller/lib/python3.10/site-packages/sb_controller-0.0.0-py3.10.egg-info
running install_scripts
Installing standard_bot_controller_node script to /home/sarah/sb_ros2_ws/install/sb_controller/lib/sb_controller
writing list of installed files to '/home/sarah/sb_ros2_ws/build/sb_controller/install.log'
