[0.296s] Invoking command in '/home/sarah/sb_ros2_ws/src/sb_controller': PYTHONPATH=/home/sarah/sb_ros2_ws/build/sb_controller/prefix_override:/usr/lib/python3/dist-packages/colcon_core/task/python/colcon_distutils_commands:/home/sarah/sb_ros2_ws/install/sb_controller/lib/python3.10/site-packages:${PYTHONPATH} /usr/bin/python3 -W ignore:setup.py install is deprecated -W ignore:easy_install command is deprecated setup.py egg_info --egg-base ../../build/sb_controller build --build-base /home/sarah/sb_ros2_ws/build/sb_controller/build install --record /home/sarah/sb_ros2_ws/build/sb_controller/install.log --single-version-externally-managed install_data
[0.421s] running egg_info
[0.421s] writing ../../build/sb_controller/sb_controller.egg-info/PKG-INFO
[0.421s] writing dependency_links to ../../build/sb_controller/sb_controller.egg-info/dependency_links.txt
[0.421s] writing entry points to ../../build/sb_controller/sb_controller.egg-info/entry_points.txt
[0.421s] writing requirements to ../../build/sb_controller/sb_controller.egg-info/requires.txt
[0.421s] writing top-level names to ../../build/sb_controller/sb_controller.egg-info/top_level.txt
[0.422s] reading manifest file '../../build/sb_controller/sb_controller.egg-info/SOURCES.txt'
[0.422s] writing manifest file '../../build/sb_controller/sb_controller.egg-info/SOURCES.txt'
[0.422s] running build
[0.422s] running build_py
[0.423s] copying sb_controller/standard_bot_set_cart_pose_server_node.py -> /home/sarah/sb_ros2_ws/build/sb_controller/build/lib/sb_controller
[0.423s] copying sb_controller/standard_bot_set_joint_rot_server_node.py -> /home/sarah/sb_ros2_ws/build/sb_controller/build/lib/sb_controller
[0.423s] running install
[0.423s] running install_lib
[0.423s] copying /home/sarah/sb_ros2_ws/build/sb_controller/build/lib/sb_controller/standard_bot_set_cart_pose_server_node.py -> /home/sarah/sb_ros2_ws/install/sb_controller/lib/python3.10/site-packages/sb_controller
[0.423s] copying /home/sarah/sb_ros2_ws/build/sb_controller/build/lib/sb_controller/standard_bot_set_joint_rot_server_node.py -> /home/sarah/sb_ros2_ws/install/sb_controller/lib/python3.10/site-packages/sb_controller
[0.423s] byte-compiling /home/sarah/sb_ros2_ws/install/sb_controller/lib/python3.10/site-packages/sb_controller/standard_bot_set_cart_pose_server_node.py to standard_bot_set_cart_pose_server_node.cpython-310.pyc
[0.424s] byte-compiling /home/sarah/sb_ros2_ws/install/sb_controller/lib/python3.10/site-packages/sb_controller/standard_bot_set_joint_rot_server_node.py to standard_bot_set_joint_rot_server_node.cpython-310.pyc
[0.425s] running install_data
[0.425s] running install_egg_info
[0.426s] removing '/home/sarah/sb_ros2_ws/install/sb_controller/lib/python3.10/site-packages/sb_controller-0.0.0-py3.10.egg-info' (and everything under it)
[0.426s] Copying ../../build/sb_controller/sb_controller.egg-info to /home/sarah/sb_ros2_ws/install/sb_controller/lib/python3.10/site-packages/sb_controller-0.0.0-py3.10.egg-info
[0.426s] running install_scripts
[0.435s] Installing standard_bot_camera_feed_node script to /home/sarah/sb_ros2_ws/install/sb_controller/lib/sb_controller
[0.436s] Installing standard_bot_camera_subscriber script to /home/sarah/sb_ros2_ws/install/sb_controller/lib/sb_controller
[0.436s] Installing standard_bot_set_cart_pose_client_node script to /home/sarah/sb_ros2_ws/install/sb_controller/lib/sb_controller
[0.436s] Installing standard_bot_set_cart_pose_server_node script to /home/sarah/sb_ros2_ws/install/sb_controller/lib/sb_controller
[0.436s] Installing standard_bot_set_joint_rot_client_node script to /home/sarah/sb_ros2_ws/install/sb_controller/lib/sb_controller
[0.436s] Installing standard_bot_set_joint_rot_server_node script to /home/sarah/sb_ros2_ws/install/sb_controller/lib/sb_controller
[0.436s] Installing standard_bot_status_node script to /home/sarah/sb_ros2_ws/install/sb_controller/lib/sb_controller
[0.436s] Installing standart_bot_on_robot_gripper_client_node script to /home/sarah/sb_ros2_ws/install/sb_controller/lib/sb_controller
[0.436s] Installing standart_bot_on_robot_gripper_server_node script to /home/sarah/sb_ros2_ws/install/sb_controller/lib/sb_controller
[0.436s] writing list of installed files to '/home/sarah/sb_ros2_ws/build/sb_controller/install.log'
[0.446s] Invoked command in '/home/sarah/sb_ros2_ws/src/sb_controller' returned '0': PYTHONPATH=/home/sarah/sb_ros2_ws/build/sb_controller/prefix_override:/usr/lib/python3/dist-packages/colcon_core/task/python/colcon_distutils_commands:/home/sarah/sb_ros2_ws/install/sb_controller/lib/python3.10/site-packages:${PYTHONPATH} /usr/bin/python3 -W ignore:setup.py install is deprecated -W ignore:easy_install command is deprecated setup.py egg_info --egg-base ../../build/sb_controller build --build-base /home/sarah/sb_ros2_ws/build/sb_controller/build install --record /home/sarah/sb_ros2_ws/build/sb_controller/install.log --single-version-externally-managed install_data
