[0.005s] Invoking command in '/home/sarah/sb_ros2_ws/build/standard_bot_bringup': AMENT_PREFIX_PATH=/home/sarah/sb_ros2_ws/install/sb_controller:/home/sarah/sb_ros2_ws/src/install/standard_bot_bringup:/home/sarah/sb_ros2_ws/src/install/sb_controller:/home/sarah/sb_ros2_ws/src/install/my_cpp_py_pkg:/home/sarah/sb_ros2_ws/src/install/action_interfaces:/home/sarah/sb_ros2_ws/install/standard_bot_bringup:/home/sarah/sb_ros2_ws/install/my_cpp_py_pkg:/home/sarah/sb_ros2_ws/install/action_interfaces:/opt/ros/humble CMAKE_PREFIX_PATH=${CMAKE_PREFIX_PATH}:/home/sarah/sb_ros2_ws/src/install/sb_controller:/home/sarah/sb_ros2_ws/install/sb_controller:/opt/ros/humble PYTHONPATH=/home/sarah/sb_ros2_ws/install/sb_controller/lib/python3.10/site-packages:/home/sarah/sb_ros2_ws/src/install/sb_controller/lib/python3.10/site-packages:/home/sarah/sb_ros2_ws/src/install/my_cpp_py_pkg/local/lib/python3.10/dist-packages:/home/sarah/sb_ros2_ws/src/install/action_interfaces/local/lib/python3.10/dist-packages:/home/sarah/sb_ros2_ws/install/my_cpp_py_pkg/local/lib/python3.10/dist-packages:/home/sarah/sb_ros2_ws/install/action_interfaces/local/lib/python3.10/dist-packages:/opt/ros/humble/lib/python3.10/site-packages:/opt/ros/humble/local/lib/python3.10/dist-packages /usr/bin/cmake /home/sarah/sb_ros2_ws/src/standard_bot_bringup -DCMAKE_INSTALL_PREFIX=/home/sarah/sb_ros2_ws/install/standard_bot_bringup
[0.041s] -- The C compiler identification is GNU 11.4.0
[0.075s] -- The CXX compiler identification is GNU 11.4.0
[0.079s] -- Detecting C compiler ABI info
[0.124s] -- Detecting C compiler ABI info - done
[0.131s] -- Check for working C compiler: /usr/bin/cc - skipped
[0.131s] -- Detecting C compile features
[0.132s] -- Detecting C compile features - done
[0.135s] -- Detecting CXX compiler ABI info
[0.183s] -- Detecting CXX compiler ABI info - done
[0.187s] -- Check for working CXX compiler: /usr/bin/c++ - skipped
[0.187s] -- Detecting CXX compile features
[0.187s] -- Detecting CXX compile features - done
[0.188s] -- Found ament_cmake: 1.3.11 (/opt/ros/humble/share/ament_cmake/cmake)
[0.294s] -- Found Python3: /usr/bin/python3 (found version "3.10.12") found components: Interpreter 
[0.374s] -- Configuring done
[0.375s] -- Generating done
[0.376s] -- Build files have been written to: /home/sarah/sb_ros2_ws/build/standard_bot_bringup
[0.380s] Invoked command in '/home/sarah/sb_ros2_ws/build/standard_bot_bringup' returned '0': AMENT_PREFIX_PATH=/home/sarah/sb_ros2_ws/install/sb_controller:/home/sarah/sb_ros2_ws/src/install/standard_bot_bringup:/home/sarah/sb_ros2_ws/src/install/sb_controller:/home/sarah/sb_ros2_ws/src/install/my_cpp_py_pkg:/home/sarah/sb_ros2_ws/src/install/action_interfaces:/home/sarah/sb_ros2_ws/install/standard_bot_bringup:/home/sarah/sb_ros2_ws/install/my_cpp_py_pkg:/home/sarah/sb_ros2_ws/install/action_interfaces:/opt/ros/humble CMAKE_PREFIX_PATH=${CMAKE_PREFIX_PATH}:/home/sarah/sb_ros2_ws/src/install/sb_controller:/home/sarah/sb_ros2_ws/install/sb_controller:/opt/ros/humble PYTHONPATH=/home/sarah/sb_ros2_ws/install/sb_controller/lib/python3.10/site-packages:/home/sarah/sb_ros2_ws/src/install/sb_controller/lib/python3.10/site-packages:/home/sarah/sb_ros2_ws/src/install/my_cpp_py_pkg/local/lib/python3.10/dist-packages:/home/sarah/sb_ros2_ws/src/install/action_interfaces/local/lib/python3.10/dist-packages:/home/sarah/sb_ros2_ws/install/my_cpp_py_pkg/local/lib/python3.10/dist-packages:/home/sarah/sb_ros2_ws/install/action_interfaces/local/lib/python3.10/dist-packages:/opt/ros/humble/lib/python3.10/site-packages:/opt/ros/humble/local/lib/python3.10/dist-packages /usr/bin/cmake /home/sarah/sb_ros2_ws/src/standard_bot_bringup -DCMAKE_INSTALL_PREFIX=/home/sarah/sb_ros2_ws/install/standard_bot_bringup
[0.381s] Invoking command in '/home/sarah/sb_ros2_ws/build/standard_bot_bringup': AMENT_PREFIX_PATH=/home/sarah/sb_ros2_ws/install/sb_controller:/home/sarah/sb_ros2_ws/src/install/standard_bot_bringup:/home/sarah/sb_ros2_ws/src/install/sb_controller:/home/sarah/sb_ros2_ws/src/install/my_cpp_py_pkg:/home/sarah/sb_ros2_ws/src/install/action_interfaces:/home/sarah/sb_ros2_ws/install/standard_bot_bringup:/home/sarah/sb_ros2_ws/install/my_cpp_py_pkg:/home/sarah/sb_ros2_ws/install/action_interfaces:/opt/ros/humble CMAKE_PREFIX_PATH=${CMAKE_PREFIX_PATH}:/home/sarah/sb_ros2_ws/src/install/sb_controller:/home/sarah/sb_ros2_ws/install/sb_controller:/opt/ros/humble PYTHONPATH=/home/sarah/sb_ros2_ws/install/sb_controller/lib/python3.10/site-packages:/home/sarah/sb_ros2_ws/src/install/sb_controller/lib/python3.10/site-packages:/home/sarah/sb_ros2_ws/src/install/my_cpp_py_pkg/local/lib/python3.10/dist-packages:/home/sarah/sb_ros2_ws/src/install/action_interfaces/local/lib/python3.10/dist-packages:/home/sarah/sb_ros2_ws/install/my_cpp_py_pkg/local/lib/python3.10/dist-packages:/home/sarah/sb_ros2_ws/install/action_interfaces/local/lib/python3.10/dist-packages:/opt/ros/humble/lib/python3.10/site-packages:/opt/ros/humble/local/lib/python3.10/dist-packages /usr/bin/cmake --build /home/sarah/sb_ros2_ws/build/standard_bot_bringup -- -j32 -l32
[0.410s] Invoked command in '/home/sarah/sb_ros2_ws/build/standard_bot_bringup' returned '0': AMENT_PREFIX_PATH=/home/sarah/sb_ros2_ws/install/sb_controller:/home/sarah/sb_ros2_ws/src/install/standard_bot_bringup:/home/sarah/sb_ros2_ws/src/install/sb_controller:/home/sarah/sb_ros2_ws/src/install/my_cpp_py_pkg:/home/sarah/sb_ros2_ws/src/install/action_interfaces:/home/sarah/sb_ros2_ws/install/standard_bot_bringup:/home/sarah/sb_ros2_ws/install/my_cpp_py_pkg:/home/sarah/sb_ros2_ws/install/action_interfaces:/opt/ros/humble CMAKE_PREFIX_PATH=${CMAKE_PREFIX_PATH}:/home/sarah/sb_ros2_ws/src/install/sb_controller:/home/sarah/sb_ros2_ws/install/sb_controller:/opt/ros/humble PYTHONPATH=/home/sarah/sb_ros2_ws/install/sb_controller/lib/python3.10/site-packages:/home/sarah/sb_ros2_ws/src/install/sb_controller/lib/python3.10/site-packages:/home/sarah/sb_ros2_ws/src/install/my_cpp_py_pkg/local/lib/python3.10/dist-packages:/home/sarah/sb_ros2_ws/src/install/action_interfaces/local/lib/python3.10/dist-packages:/home/sarah/sb_ros2_ws/install/my_cpp_py_pkg/local/lib/python3.10/dist-packages:/home/sarah/sb_ros2_ws/install/action_interfaces/local/lib/python3.10/dist-packages:/opt/ros/humble/lib/python3.10/site-packages:/opt/ros/humble/local/lib/python3.10/dist-packages /usr/bin/cmake --build /home/sarah/sb_ros2_ws/build/standard_bot_bringup -- -j32 -l32
[0.419s] Invoking command in '/home/sarah/sb_ros2_ws/build/standard_bot_bringup': AMENT_PREFIX_PATH=/home/sarah/sb_ros2_ws/install/sb_controller:/home/sarah/sb_ros2_ws/src/install/standard_bot_bringup:/home/sarah/sb_ros2_ws/src/install/sb_controller:/home/sarah/sb_ros2_ws/src/install/my_cpp_py_pkg:/home/sarah/sb_ros2_ws/src/install/action_interfaces:/home/sarah/sb_ros2_ws/install/standard_bot_bringup:/home/sarah/sb_ros2_ws/install/my_cpp_py_pkg:/home/sarah/sb_ros2_ws/install/action_interfaces:/opt/ros/humble CMAKE_PREFIX_PATH=${CMAKE_PREFIX_PATH}:/home/sarah/sb_ros2_ws/src/install/sb_controller:/home/sarah/sb_ros2_ws/install/sb_controller:/opt/ros/humble PYTHONPATH=/home/sarah/sb_ros2_ws/install/sb_controller/lib/python3.10/site-packages:/home/sarah/sb_ros2_ws/src/install/sb_controller/lib/python3.10/site-packages:/home/sarah/sb_ros2_ws/src/install/my_cpp_py_pkg/local/lib/python3.10/dist-packages:/home/sarah/sb_ros2_ws/src/install/action_interfaces/local/lib/python3.10/dist-packages:/home/sarah/sb_ros2_ws/install/my_cpp_py_pkg/local/lib/python3.10/dist-packages:/home/sarah/sb_ros2_ws/install/action_interfaces/local/lib/python3.10/dist-packages:/opt/ros/humble/lib/python3.10/site-packages:/opt/ros/humble/local/lib/python3.10/dist-packages /usr/bin/cmake --install /home/sarah/sb_ros2_ws/build/standard_bot_bringup
[0.422s] -- Install configuration: ""
[0.422s] -- Installing: /home/sarah/sb_ros2_ws/install/standard_bot_bringup/share/standard_bot_bringup/launch
[0.422s] -- Installing: /home/sarah/sb_ros2_ws/install/standard_bot_bringup/share/standard_bot_bringup/launch/demo.launch.py
[0.422s] -- Installing: /home/sarah/sb_ros2_ws/install/standard_bot_bringup/share/ament_index/resource_index/package_run_dependencies/standard_bot_bringup
[0.422s] -- Installing: /home/sarah/sb_ros2_ws/install/standard_bot_bringup/share/ament_index/resource_index/parent_prefix_path/standard_bot_bringup
[0.422s] -- Installing: /home/sarah/sb_ros2_ws/install/standard_bot_bringup/share/standard_bot_bringup/environment/ament_prefix_path.sh
[0.423s] -- Installing: /home/sarah/sb_ros2_ws/install/standard_bot_bringup/share/standard_bot_bringup/environment/ament_prefix_path.dsv
[0.423s] -- Installing: /home/sarah/sb_ros2_ws/install/standard_bot_bringup/share/standard_bot_bringup/environment/path.sh
[0.423s] -- Installing: /home/sarah/sb_ros2_ws/install/standard_bot_bringup/share/standard_bot_bringup/environment/path.dsv
[0.423s] -- Installing: /home/sarah/sb_ros2_ws/install/standard_bot_bringup/share/standard_bot_bringup/local_setup.bash
[0.423s] -- Installing: /home/sarah/sb_ros2_ws/install/standard_bot_bringup/share/standard_bot_bringup/local_setup.sh
[0.423s] -- Installing: /home/sarah/sb_ros2_ws/install/standard_bot_bringup/share/standard_bot_bringup/local_setup.zsh
[0.423s] -- Installing: /home/sarah/sb_ros2_ws/install/standard_bot_bringup/share/standard_bot_bringup/local_setup.dsv
[0.423s] -- Installing: /home/sarah/sb_ros2_ws/install/standard_bot_bringup/share/standard_bot_bringup/package.dsv
[0.423s] -- Installing: /home/sarah/sb_ros2_ws/install/standard_bot_bringup/share/ament_index/resource_index/packages/standard_bot_bringup
[0.423s] -- Installing: /home/sarah/sb_ros2_ws/install/standard_bot_bringup/share/standard_bot_bringup/cmake/standard_bot_bringupConfig.cmake
[0.423s] -- Installing: /home/sarah/sb_ros2_ws/install/standard_bot_bringup/share/standard_bot_bringup/cmake/standard_bot_bringupConfig-version.cmake
[0.423s] -- Installing: /home/sarah/sb_ros2_ws/install/standard_bot_bringup/share/standard_bot_bringup/package.xml
[0.424s] Invoked command in '/home/sarah/sb_ros2_ws/build/standard_bot_bringup' returned '0': AMENT_PREFIX_PATH=/home/sarah/sb_ros2_ws/install/sb_controller:/home/sarah/sb_ros2_ws/src/install/standard_bot_bringup:/home/sarah/sb_ros2_ws/src/install/sb_controller:/home/sarah/sb_ros2_ws/src/install/my_cpp_py_pkg:/home/sarah/sb_ros2_ws/src/install/action_interfaces:/home/sarah/sb_ros2_ws/install/standard_bot_bringup:/home/sarah/sb_ros2_ws/install/my_cpp_py_pkg:/home/sarah/sb_ros2_ws/install/action_interfaces:/opt/ros/humble CMAKE_PREFIX_PATH=${CMAKE_PREFIX_PATH}:/home/sarah/sb_ros2_ws/src/install/sb_controller:/home/sarah/sb_ros2_ws/install/sb_controller:/opt/ros/humble PYTHONPATH=/home/sarah/sb_ros2_ws/install/sb_controller/lib/python3.10/site-packages:/home/sarah/sb_ros2_ws/src/install/sb_controller/lib/python3.10/site-packages:/home/sarah/sb_ros2_ws/src/install/my_cpp_py_pkg/local/lib/python3.10/dist-packages:/home/sarah/sb_ros2_ws/src/install/action_interfaces/local/lib/python3.10/dist-packages:/home/sarah/sb_ros2_ws/install/my_cpp_py_pkg/local/lib/python3.10/dist-packages:/home/sarah/sb_ros2_ws/install/action_interfaces/local/lib/python3.10/dist-packages:/opt/ros/humble/lib/python3.10/site-packages:/opt/ros/humble/local/lib/python3.10/dist-packages /usr/bin/cmake --install /home/sarah/sb_ros2_ws/build/standard_bot_bringup
