[0.115s] Invoking command in '/home/sarah/sb_ros2_ws/build/action_interfaces': CMAKE_PREFIX_PATH=/opt/ros/humble /usr/bin/cmake /home/sarah/sb_ros2_ws/src/action_interfaces -DCMAKE_INSTALL_PREFIX=/home/sarah/sb_ros2_ws/install/action_interfaces
[0.150s] -- The C compiler identification is GNU 11.4.0
[0.184s] -- The CXX compiler identification is GNU 11.4.0
[0.188s] -- Detecting C compiler ABI info
[0.231s] -- Detecting C compiler ABI info - done
[0.236s] -- Check for working C compiler: /usr/bin/cc - skipped
[0.236s] -- Detecting C compile features
[0.236s] -- Detecting C compile features - done
[0.238s] -- Detecting CXX compiler ABI info
[0.286s] -- Detecting CXX compiler ABI info - done
[0.290s] -- Check for working CXX compiler: /usr/bin/c++ - skipped
[0.290s] -- Detecting CXX compile features
[0.290s] -- Detecting CXX compile features - done
[0.291s] -- Found ament_cmake: 1.3.11 (/opt/ros/humble/share/ament_cmake/cmake)
[0.372s] -- Found Python3: /usr/bin/python3 (found version "3.10.12") found components: Interpreter 
[0.411s] -- Found ament_lint_auto: 0.12.11 (/opt/ros/humble/share/ament_lint_auto/cmake)
[0.450s] -- Found rosidl_default_generators: 1.2.0 (/opt/ros/humble/share/rosidl_default_generators/cmake)
[0.451s] -- Using all available rosidl_typesupport_c: rosidl_typesupport_fastrtps_c;rosidl_typesupport_introspection_c
[0.453s] -- Found rosidl_adapter: 3.1.6 (/opt/ros/humble/share/rosidl_adapter/cmake)
[0.472s] -- Using all available rosidl_typesupport_cpp: rosidl_typesupport_fastrtps_cpp;rosidl_typesupport_introspection_cpp
[0.623s] -- Found ament_cmake_ros: 0.10.0 (/opt/ros/humble/share/ament_cmake_ros/cmake)
[0.728s] -- Using all available rosidl_typesupport_c: rosidl_typesupport_fastrtps_c;rosidl_typesupport_introspection_c
[0.857s] -- Using all available rosidl_typesupport_cpp: rosidl_typesupport_fastrtps_cpp;rosidl_typesupport_introspection_cpp
[0.871s] -- Found PythonInterp: /usr/bin/python3 (found suitable version "3.10.12", minimum required is "3.6") 
[0.871s] -- Found python_cmake_module: 0.10.0 (/opt/ros/humble/share/python_cmake_module/cmake)
[0.889s] -- Found PythonLibs: /usr/lib/x86_64-linux-gnu/libpython3.10.so (found suitable version "3.10.12", minimum required is "3.5") 
[0.889s] -- Using PYTHON_EXECUTABLE: /usr/bin/python3
[0.889s] -- Using PYTHON_INCLUDE_DIRS: /usr/include/python3.10
[0.889s] -- Using PYTHON_LIBRARIES: /usr/lib/x86_64-linux-gnu/libpython3.10.so
[0.902s] -- Found PythonExtra: .so  
[0.929s] -- Added test 'lint_cmake' to check CMake code style
[0.929s] -- Added test 'xmllint' to check XML markup files
[0.931s] -- Configuring done
[0.945s] -- Generating done
[0.950s] -- Build files have been written to: /home/sarah/sb_ros2_ws/build/action_interfaces
[0.956s] Invoked command in '/home/sarah/sb_ros2_ws/build/action_interfaces' returned '0': CMAKE_PREFIX_PATH=/opt/ros/humble /usr/bin/cmake /home/sarah/sb_ros2_ws/src/action_interfaces -DCMAKE_INSTALL_PREFIX=/home/sarah/sb_ros2_ws/install/action_interfaces
[0.956s] Invoking command in '/home/sarah/sb_ros2_ws/build/action_interfaces': CMAKE_PREFIX_PATH=/opt/ros/humble /usr/bin/cmake --build /home/sarah/sb_ros2_ws/build/action_interfaces -- -j32 -l32
[0.982s] [  2%] [34m[1mGenerating C code for ROS interfaces[0m
[0.988s] [  5%] [34m[1mGenerating C++ code for ROS interfaces[0m
[0.993s] [  5%] Built target ament_cmake_python_copy_action_interfaces
[1.112s] running egg_info
[1.112s] creating action_interfaces.egg-info
[1.112s] writing action_interfaces.egg-info/PKG-INFO
[1.112s] writing dependency_links to action_interfaces.egg-info/dependency_links.txt
[1.112s] writing top-level names to action_interfaces.egg-info/top_level.txt
[1.112s] writing manifest file 'action_interfaces.egg-info/SOURCES.txt'
[1.113s] reading manifest file 'action_interfaces.egg-info/SOURCES.txt'
[1.113s] writing manifest file 'action_interfaces.egg-info/SOURCES.txt'
[1.129s] [  5%] Built target ament_cmake_python_build_action_interfaces_egg
[1.336s] [  7%] [32mBuilding C object CMakeFiles/action_interfaces__rosidl_generator_c.dir/rosidl_generator_c/action_interfaces/action/detail/set_cart_pos__functions.c.o[0m
[1.336s] [ 10%] [32mBuilding C object CMakeFiles/action_interfaces__rosidl_generator_c.dir/rosidl_generator_c/action_interfaces/action/detail/set_joint_pos__functions.c.o[0m
[1.401s] [ 10%] Built target action_interfaces__cpp
[1.407s] [ 12%] [32m[1mLinking C shared library libaction_interfaces__rosidl_generator_c.so[0m
[1.407s] [ 15%] [34m[1mGenerating C++ type support dispatch for ROS interfaces[0m
[1.407s] [ 17%] [34m[1mGenerating C++ type support for eProsima Fast-RTPS[0m
[1.408s] [ 20%] [34m[1mGenerating C++ introspection for ROS interfaces[0m
[1.431s] [ 20%] Built target action_interfaces__rosidl_generator_c
[1.438s] [ 23%] [34m[1mGenerating C type support for eProsima Fast-RTPS[0m
[1.439s] [ 28%] [34m[1mGenerating C type support dispatch for ROS interfaces[0m
[1.439s] [ 28%] [34m[1mGenerating C introspection for ROS interfaces[0m
[1.642s] [ 30%] [32mBuilding CXX object CMakeFiles/action_interfaces__rosidl_typesupport_cpp.dir/rosidl_typesupport_cpp/action_interfaces/action/set_cart_pos__type_support.cpp.o[0m
[1.643s] [ 33%] [32mBuilding CXX object CMakeFiles/action_interfaces__rosidl_typesupport_cpp.dir/rosidl_typesupport_cpp/action_interfaces/action/set_joint_pos__type_support.cpp.o[0m
[1.684s] [ 35%] [32mBuilding CXX object CMakeFiles/action_interfaces__rosidl_typesupport_introspection_cpp.dir/rosidl_typesupport_introspection_cpp/action_interfaces/action/detail/set_cart_pos__type_support.cpp.o[0m
[1.685s] [ 38%] [32mBuilding CXX object CMakeFiles/action_interfaces__rosidl_typesupport_introspection_cpp.dir/rosidl_typesupport_introspection_cpp/action_interfaces/action/detail/set_joint_pos__type_support.cpp.o[0m
[1.696s] [ 43%] [32mBuilding CXX object CMakeFiles/action_interfaces__rosidl_typesupport_c.dir/rosidl_typesupport_c/action_interfaces/action/set_joint_pos__type_support.cpp.o[0m
[1.696s] [ 43%] [32mBuilding CXX object CMakeFiles/action_interfaces__rosidl_typesupport_c.dir/rosidl_typesupport_c/action_interfaces/action/set_cart_pos__type_support.cpp.o[0m
[1.733s] [ 48%] [32mBuilding CXX object CMakeFiles/action_interfaces__rosidl_typesupport_fastrtps_cpp.dir/rosidl_typesupport_fastrtps_cpp/action_interfaces/action/detail/dds_fastrtps/set_joint_pos__type_support.cpp.o[0m
[1.733s] [ 48%] [32mBuilding CXX object CMakeFiles/action_interfaces__rosidl_typesupport_fastrtps_cpp.dir/rosidl_typesupport_fastrtps_cpp/action_interfaces/action/detail/dds_fastrtps/set_cart_pos__type_support.cpp.o[0m
[1.734s] [ 51%] [32m[1mLinking CXX shared library libaction_interfaces__rosidl_typesupport_c.so[0m
[1.757s] [ 56%] [32mBuilding CXX object CMakeFiles/action_interfaces__rosidl_typesupport_fastrtps_c.dir/rosidl_typesupport_fastrtps_c/action_interfaces/action/detail/set_cart_pos__type_support_c.cpp.o[0m
[1.757s] [ 56%] [32mBuilding CXX object CMakeFiles/action_interfaces__rosidl_typesupport_fastrtps_c.dir/rosidl_typesupport_fastrtps_c/action_interfaces/action/detail/set_joint_pos__type_support_c.cpp.o[0m
[1.762s] [ 56%] Built target action_interfaces__rosidl_typesupport_c
[1.794s] [ 61%] [32mBuilding C object CMakeFiles/action_interfaces__rosidl_typesupport_introspection_c.dir/rosidl_typesupport_introspection_c/action_interfaces/action/detail/set_cart_pos__type_support.c.o[0m
[1.794s] [ 61%] [32mBuilding C object CMakeFiles/action_interfaces__rosidl_typesupport_introspection_c.dir/rosidl_typesupport_introspection_c/action_interfaces/action/detail/set_joint_pos__type_support.c.o[0m
[1.836s] [ 64%] [32m[1mLinking C shared library libaction_interfaces__rosidl_typesupport_introspection_c.so[0m
[1.861s] [ 64%] Built target action_interfaces__rosidl_typesupport_introspection_c
[1.890s] [ 66%] [32m[1mLinking CXX shared library libaction_interfaces__rosidl_typesupport_cpp.so[0m
[1.923s] [ 66%] Built target action_interfaces__rosidl_typesupport_cpp
[1.960s] [ 69%] [32m[1mLinking CXX shared library libaction_interfaces__rosidl_typesupport_fastrtps_c.so[0m
[1.979s] [ 71%] [32m[1mLinking CXX shared library libaction_interfaces__rosidl_typesupport_introspection_cpp.so[0m
[2.006s] [ 71%] Built target action_interfaces__rosidl_typesupport_fastrtps_c
[2.025s] [ 71%] Built target action_interfaces__rosidl_typesupport_introspection_cpp
[2.055s] [ 74%] [32m[1mLinking CXX shared library libaction_interfaces__rosidl_typesupport_fastrtps_cpp.so[0m
[2.095s] [ 74%] Built target action_interfaces__rosidl_typesupport_fastrtps_cpp
[2.107s] [ 74%] Built target action_interfaces
[2.131s] [ 76%] [34m[1mGenerating Python code for ROS interfaces[0m
[2.759s] [ 76%] Built target action_interfaces__py
[2.772s] [ 79%] [32mBuilding C object CMakeFiles/action_interfaces__rosidl_generator_py.dir/rosidl_generator_py/action_interfaces/action/_set_cart_pos_s.c.o[0m
[2.774s] [ 82%] [32mBuilding C object CMakeFiles/action_interfaces__rosidl_generator_py.dir/rosidl_generator_py/action_interfaces/action/_set_joint_pos_s.c.o[0m
[2.846s] [ 84%] [32m[1mLinking C shared library rosidl_generator_py/action_interfaces/libaction_interfaces__rosidl_generator_py.so[0m
[2.871s] [ 84%] Built target action_interfaces__rosidl_generator_py
[2.891s] [ 87%] [32mBuilding C object CMakeFiles/action_interfaces__rosidl_typesupport_fastrtps_c__pyext.dir/rosidl_generator_py/action_interfaces/_action_interfaces_s.ep.rosidl_typesupport_fastrtps_c.c.o[0m
[2.892s] [ 89%] [32mBuilding C object CMakeFiles/action_interfaces__rosidl_typesupport_introspection_c__pyext.dir/rosidl_generator_py/action_interfaces/_action_interfaces_s.ep.rosidl_typesupport_introspection_c.c.o[0m
[2.892s] [ 92%] [32mBuilding C object CMakeFiles/action_interfaces__rosidl_typesupport_c__pyext.dir/rosidl_generator_py/action_interfaces/_action_interfaces_s.ep.rosidl_typesupport_c.c.o[0m
[2.965s] [ 94%] [32m[1mLinking C shared library rosidl_generator_py/action_interfaces/action_interfaces_s__rosidl_typesupport_c.cpython-310-x86_64-linux-gnu.so[0m
[2.965s] [100%] [32m[1mLinking C shared library rosidl_generator_py/action_interfaces/action_interfaces_s__rosidl_typesupport_fastrtps_c.cpython-310-x86_64-linux-gnu.so[0m
[2.965s] [100%] [32m[1mLinking C shared library rosidl_generator_py/action_interfaces/action_interfaces_s__rosidl_typesupport_introspection_c.cpython-310-x86_64-linux-gnu.so[0m
[2.989s] [100%] Built target action_interfaces__rosidl_typesupport_fastrtps_c__pyext
[2.990s] [100%] Built target action_interfaces__rosidl_typesupport_c__pyext
[2.990s] [100%] Built target action_interfaces__rosidl_typesupport_introspection_c__pyext
[2.996s] Invoked command in '/home/sarah/sb_ros2_ws/build/action_interfaces' returned '0': CMAKE_PREFIX_PATH=/opt/ros/humble /usr/bin/cmake --build /home/sarah/sb_ros2_ws/build/action_interfaces -- -j32 -l32
[2.998s] Invoking command in '/home/sarah/sb_ros2_ws/build/action_interfaces': CMAKE_PREFIX_PATH=/opt/ros/humble /usr/bin/cmake --install /home/sarah/sb_ros2_ws/build/action_interfaces
[3.004s] -- Install configuration: ""
[3.004s] -- Installing: /home/sarah/sb_ros2_ws/install/action_interfaces/share/ament_index/resource_index/rosidl_interfaces/action_interfaces
[3.004s] -- Installing: /home/sarah/sb_ros2_ws/install/action_interfaces/include/action_interfaces/action_interfaces
[3.005s] -- Installing: /home/sarah/sb_ros2_ws/install/action_interfaces/include/action_interfaces/action_interfaces/msg
[3.005s] -- Installing: /home/sarah/sb_ros2_ws/install/action_interfaces/include/action_interfaces/action_interfaces/msg/rosidl_generator_c__visibility_control.h
[3.005s] -- Installing: /home/sarah/sb_ros2_ws/install/action_interfaces/include/action_interfaces/action_interfaces/action
[3.005s] -- Installing: /home/sarah/sb_ros2_ws/install/action_interfaces/include/action_interfaces/action_interfaces/action/set_cart_pos.h
[3.005s] -- Installing: /home/sarah/sb_ros2_ws/install/action_interfaces/include/action_interfaces/action_interfaces/action/detail
[3.005s] -- Installing: /home/sarah/sb_ros2_ws/install/action_interfaces/include/action_interfaces/action_interfaces/action/detail/set_joint_pos__functions.h
[3.005s] -- Installing: /home/sarah/sb_ros2_ws/install/action_interfaces/include/action_interfaces/action_interfaces/action/detail/set_joint_pos__functions.c
[3.005s] -- Installing: /home/sarah/sb_ros2_ws/install/action_interfaces/include/action_interfaces/action_interfaces/action/detail/set_cart_pos__functions.h
[3.005s] -- Installing: /home/sarah/sb_ros2_ws/install/action_interfaces/include/action_interfaces/action_interfaces/action/detail/set_cart_pos__functions.c
[3.005s] -- Installing: /home/sarah/sb_ros2_ws/install/action_interfaces/include/action_interfaces/action_interfaces/action/detail/set_joint_pos__struct.h
[3.005s] -- Installing: /home/sarah/sb_ros2_ws/install/action_interfaces/include/action_interfaces/action_interfaces/action/detail/set_cart_pos__struct.h
[3.005s] -- Installing: /home/sarah/sb_ros2_ws/install/action_interfaces/include/action_interfaces/action_interfaces/action/detail/set_joint_pos__type_support.h
[3.005s] -- Installing: /home/sarah/sb_ros2_ws/install/action_interfaces/include/action_interfaces/action_interfaces/action/detail/set_cart_pos__type_support.h
[3.005s] -- Installing: /home/sarah/sb_ros2_ws/install/action_interfaces/include/action_interfaces/action_interfaces/action/set_joint_pos.h
[3.005s] -- Installing: /home/sarah/sb_ros2_ws/install/action_interfaces/share/action_interfaces/environment/library_path.sh
[3.006s] -- Installing: /home/sarah/sb_ros2_ws/install/action_interfaces/share/action_interfaces/environment/library_path.dsv
[3.006s] -- Installing: /home/sarah/sb_ros2_ws/install/action_interfaces/lib/libaction_interfaces__rosidl_generator_c.so
[3.006s] -- Set runtime path of "/home/sarah/sb_ros2_ws/install/action_interfaces/lib/libaction_interfaces__rosidl_generator_c.so" to ""
[3.006s] -- Up-to-date: /home/sarah/sb_ros2_ws/install/action_interfaces/include/action_interfaces/action_interfaces
[3.006s] -- Up-to-date: /home/sarah/sb_ros2_ws/install/action_interfaces/include/action_interfaces/action_interfaces/msg
[3.006s] -- Installing: /home/sarah/sb_ros2_ws/install/action_interfaces/include/action_interfaces/action_interfaces/msg/rosidl_typesupport_fastrtps_c__visibility_control.h
[3.006s] -- Up-to-date: /home/sarah/sb_ros2_ws/install/action_interfaces/include/action_interfaces/action_interfaces/action
[3.006s] -- Up-to-date: /home/sarah/sb_ros2_ws/install/action_interfaces/include/action_interfaces/action_interfaces/action/detail
[3.006s] -- Installing: /home/sarah/sb_ros2_ws/install/action_interfaces/include/action_interfaces/action_interfaces/action/detail/set_cart_pos__rosidl_typesupport_fastrtps_c.h
[3.006s] -- Installing: /home/sarah/sb_ros2_ws/install/action_interfaces/include/action_interfaces/action_interfaces/action/detail/set_joint_pos__rosidl_typesupport_fastrtps_c.h
[3.006s] -- Installing: /home/sarah/sb_ros2_ws/install/action_interfaces/lib/libaction_interfaces__rosidl_typesupport_fastrtps_c.so
[3.007s] -- Set runtime path of "/home/sarah/sb_ros2_ws/install/action_interfaces/lib/libaction_interfaces__rosidl_typesupport_fastrtps_c.so" to ""
[3.007s] -- Up-to-date: /home/sarah/sb_ros2_ws/install/action_interfaces/include/action_interfaces/action_interfaces
[3.007s] -- Up-to-date: /home/sarah/sb_ros2_ws/install/action_interfaces/include/action_interfaces/action_interfaces/msg
[3.007s] -- Installing: /home/sarah/sb_ros2_ws/install/action_interfaces/include/action_interfaces/action_interfaces/msg/rosidl_typesupport_introspection_c__visibility_control.h
[3.007s] -- Up-to-date: /home/sarah/sb_ros2_ws/install/action_interfaces/include/action_interfaces/action_interfaces/action
[3.007s] -- Up-to-date: /home/sarah/sb_ros2_ws/install/action_interfaces/include/action_interfaces/action_interfaces/action/detail
[3.007s] -- Installing: /home/sarah/sb_ros2_ws/install/action_interfaces/include/action_interfaces/action_interfaces/action/detail/set_joint_pos__rosidl_typesupport_introspection_c.h
[3.007s] -- Installing: /home/sarah/sb_ros2_ws/install/action_interfaces/include/action_interfaces/action_interfaces/action/detail/set_joint_pos__type_support.c
[3.007s] -- Installing: /home/sarah/sb_ros2_ws/install/action_interfaces/include/action_interfaces/action_interfaces/action/detail/set_cart_pos__rosidl_typesupport_introspection_c.h
[3.007s] -- Installing: /home/sarah/sb_ros2_ws/install/action_interfaces/include/action_interfaces/action_interfaces/action/detail/set_cart_pos__type_support.c
[3.007s] -- Installing: /home/sarah/sb_ros2_ws/install/action_interfaces/lib/libaction_interfaces__rosidl_typesupport_introspection_c.so
[3.007s] -- Set runtime path of "/home/sarah/sb_ros2_ws/install/action_interfaces/lib/libaction_interfaces__rosidl_typesupport_introspection_c.so" to ""
[3.008s] -- Installing: /home/sarah/sb_ros2_ws/install/action_interfaces/lib/libaction_interfaces__rosidl_typesupport_c.so
[3.008s] -- Set runtime path of "/home/sarah/sb_ros2_ws/install/action_interfaces/lib/libaction_interfaces__rosidl_typesupport_c.so" to ""
[3.008s] -- Up-to-date: /home/sarah/sb_ros2_ws/install/action_interfaces/include/action_interfaces/action_interfaces
[3.008s] -- Up-to-date: /home/sarah/sb_ros2_ws/install/action_interfaces/include/action_interfaces/action_interfaces/msg
[3.008s] -- Installing: /home/sarah/sb_ros2_ws/install/action_interfaces/include/action_interfaces/action_interfaces/msg/rosidl_generator_cpp__visibility_control.hpp
[3.008s] -- Up-to-date: /home/sarah/sb_ros2_ws/install/action_interfaces/include/action_interfaces/action_interfaces/action
[3.008s] -- Installing: /home/sarah/sb_ros2_ws/install/action_interfaces/include/action_interfaces/action_interfaces/action/set_joint_pos.hpp
[3.008s] -- Installing: /home/sarah/sb_ros2_ws/install/action_interfaces/include/action_interfaces/action_interfaces/action/set_cart_pos.hpp
[3.008s] -- Up-to-date: /home/sarah/sb_ros2_ws/install/action_interfaces/include/action_interfaces/action_interfaces/action/detail
[3.008s] -- Installing: /home/sarah/sb_ros2_ws/install/action_interfaces/include/action_interfaces/action_interfaces/action/detail/set_cart_pos__traits.hpp
[3.008s] -- Installing: /home/sarah/sb_ros2_ws/install/action_interfaces/include/action_interfaces/action_interfaces/action/detail/set_cart_pos__struct.hpp
[3.008s] -- Installing: /home/sarah/sb_ros2_ws/install/action_interfaces/include/action_interfaces/action_interfaces/action/detail/set_joint_pos__type_support.hpp
[3.008s] -- Installing: /home/sarah/sb_ros2_ws/install/action_interfaces/include/action_interfaces/action_interfaces/action/detail/set_joint_pos__builder.hpp
[3.008s] -- Installing: /home/sarah/sb_ros2_ws/install/action_interfaces/include/action_interfaces/action_interfaces/action/detail/set_joint_pos__traits.hpp
[3.008s] -- Installing: /home/sarah/sb_ros2_ws/install/action_interfaces/include/action_interfaces/action_interfaces/action/detail/set_joint_pos__struct.hpp
[3.009s] -- Installing: /home/sarah/sb_ros2_ws/install/action_interfaces/include/action_interfaces/action_interfaces/action/detail/set_cart_pos__builder.hpp
[3.009s] -- Installing: /home/sarah/sb_ros2_ws/install/action_interfaces/include/action_interfaces/action_interfaces/action/detail/set_cart_pos__type_support.hpp
[3.009s] -- Up-to-date: /home/sarah/sb_ros2_ws/install/action_interfaces/include/action_interfaces/action_interfaces
[3.009s] -- Up-to-date: /home/sarah/sb_ros2_ws/install/action_interfaces/include/action_interfaces/action_interfaces/msg
[3.009s] -- Installing: /home/sarah/sb_ros2_ws/install/action_interfaces/include/action_interfaces/action_interfaces/msg/rosidl_typesupport_fastrtps_cpp__visibility_control.h
[3.009s] -- Up-to-date: /home/sarah/sb_ros2_ws/install/action_interfaces/include/action_interfaces/action_interfaces/action
[3.009s] -- Up-to-date: /home/sarah/sb_ros2_ws/install/action_interfaces/include/action_interfaces/action_interfaces/action/detail
[3.009s] -- Installing: /home/sarah/sb_ros2_ws/install/action_interfaces/include/action_interfaces/action_interfaces/action/detail/dds_fastrtps
[3.009s] -- Installing: /home/sarah/sb_ros2_ws/install/action_interfaces/include/action_interfaces/action_interfaces/action/detail/set_joint_pos__rosidl_typesupport_fastrtps_cpp.hpp
[3.009s] -- Installing: /home/sarah/sb_ros2_ws/install/action_interfaces/include/action_interfaces/action_interfaces/action/detail/set_cart_pos__rosidl_typesupport_fastrtps_cpp.hpp
[3.009s] -- Installing: /home/sarah/sb_ros2_ws/install/action_interfaces/lib/libaction_interfaces__rosidl_typesupport_fastrtps_cpp.so
[3.009s] -- Set runtime path of "/home/sarah/sb_ros2_ws/install/action_interfaces/lib/libaction_interfaces__rosidl_typesupport_fastrtps_cpp.so" to ""
[3.009s] -- Up-to-date: /home/sarah/sb_ros2_ws/install/action_interfaces/include/action_interfaces/action_interfaces
[3.009s] -- Up-to-date: /home/sarah/sb_ros2_ws/install/action_interfaces/include/action_interfaces/action_interfaces/action
[3.009s] -- Up-to-date: /home/sarah/sb_ros2_ws/install/action_interfaces/include/action_interfaces/action_interfaces/action/detail
[3.009s] -- Installing: /home/sarah/sb_ros2_ws/install/action_interfaces/include/action_interfaces/action_interfaces/action/detail/set_cart_pos__rosidl_typesupport_introspection_cpp.hpp
[3.010s] -- Installing: /home/sarah/sb_ros2_ws/install/action_interfaces/include/action_interfaces/action_interfaces/action/detail/set_joint_pos__type_support.cpp
[3.010s] -- Installing: /home/sarah/sb_ros2_ws/install/action_interfaces/include/action_interfaces/action_interfaces/action/detail/set_cart_pos__type_support.cpp
[3.010s] -- Installing: /home/sarah/sb_ros2_ws/install/action_interfaces/include/action_interfaces/action_interfaces/action/detail/set_joint_pos__rosidl_typesupport_introspection_cpp.hpp
[3.010s] -- Installing: /home/sarah/sb_ros2_ws/install/action_interfaces/lib/libaction_interfaces__rosidl_typesupport_introspection_cpp.so
[3.010s] -- Set runtime path of "/home/sarah/sb_ros2_ws/install/action_interfaces/lib/libaction_interfaces__rosidl_typesupport_introspection_cpp.so" to ""
[3.010s] -- Installing: /home/sarah/sb_ros2_ws/install/action_interfaces/lib/libaction_interfaces__rosidl_typesupport_cpp.so
[3.010s] -- Set runtime path of "/home/sarah/sb_ros2_ws/install/action_interfaces/lib/libaction_interfaces__rosidl_typesupport_cpp.so" to ""
[3.010s] -- Installing: /home/sarah/sb_ros2_ws/install/action_interfaces/share/action_interfaces/environment/pythonpath.sh
[3.010s] -- Installing: /home/sarah/sb_ros2_ws/install/action_interfaces/share/action_interfaces/environment/pythonpath.dsv
[3.010s] -- Installing: /home/sarah/sb_ros2_ws/install/action_interfaces/local/lib/python3.10/dist-packages/action_interfaces-0.0.0-py3.10.egg-info
[3.010s] -- Installing: /home/sarah/sb_ros2_ws/install/action_interfaces/local/lib/python3.10/dist-packages/action_interfaces-0.0.0-py3.10.egg-info/SOURCES.txt
[3.010s] -- Installing: /home/sarah/sb_ros2_ws/install/action_interfaces/local/lib/python3.10/dist-packages/action_interfaces-0.0.0-py3.10.egg-info/top_level.txt
[3.010s] -- Installing: /home/sarah/sb_ros2_ws/install/action_interfaces/local/lib/python3.10/dist-packages/action_interfaces-0.0.0-py3.10.egg-info/PKG-INFO
[3.010s] -- Installing: /home/sarah/sb_ros2_ws/install/action_interfaces/local/lib/python3.10/dist-packages/action_interfaces-0.0.0-py3.10.egg-info/dependency_links.txt
[3.010s] -- Installing: /home/sarah/sb_ros2_ws/install/action_interfaces/local/lib/python3.10/dist-packages/action_interfaces
[3.010s] -- Installing: /home/sarah/sb_ros2_ws/install/action_interfaces/local/lib/python3.10/dist-packages/action_interfaces/_action_interfaces_s.ep.rosidl_typesupport_introspection_c.c
[3.010s] -- Installing: /home/sarah/sb_ros2_ws/install/action_interfaces/local/lib/python3.10/dist-packages/action_interfaces/action_interfaces_s__rosidl_typesupport_c.cpython-310-x86_64-linux-gnu.so
[3.011s] -- Installing: /home/sarah/sb_ros2_ws/install/action_interfaces/local/lib/python3.10/dist-packages/action_interfaces/__init__.py
[3.011s] -- Installing: /home/sarah/sb_ros2_ws/install/action_interfaces/local/lib/python3.10/dist-packages/action_interfaces/action_interfaces_s__rosidl_typesupport_introspection_c.cpython-310-x86_64-linux-gnu.so
[3.011s] -- Installing: /home/sarah/sb_ros2_ws/install/action_interfaces/local/lib/python3.10/dist-packages/action_interfaces/_action_interfaces_s.ep.rosidl_typesupport_fastrtps_c.c
[3.011s] -- Installing: /home/sarah/sb_ros2_ws/install/action_interfaces/local/lib/python3.10/dist-packages/action_interfaces/action
[3.011s] -- Installing: /home/sarah/sb_ros2_ws/install/action_interfaces/local/lib/python3.10/dist-packages/action_interfaces/action/_set_joint_pos.py
[3.011s] -- Installing: /home/sarah/sb_ros2_ws/install/action_interfaces/local/lib/python3.10/dist-packages/action_interfaces/action/__init__.py
[3.011s] -- Installing: /home/sarah/sb_ros2_ws/install/action_interfaces/local/lib/python3.10/dist-packages/action_interfaces/action/_set_cart_pos_s.c
[3.011s] -- Installing: /home/sarah/sb_ros2_ws/install/action_interfaces/local/lib/python3.10/dist-packages/action_interfaces/action/_set_joint_pos_s.c
[3.011s] -- Installing: /home/sarah/sb_ros2_ws/install/action_interfaces/local/lib/python3.10/dist-packages/action_interfaces/action/_set_cart_pos.py
[3.011s] -- Installing: /home/sarah/sb_ros2_ws/install/action_interfaces/local/lib/python3.10/dist-packages/action_interfaces/_action_interfaces_s.ep.rosidl_typesupport_c.c
[3.011s] -- Installing: /home/sarah/sb_ros2_ws/install/action_interfaces/local/lib/python3.10/dist-packages/action_interfaces/action_interfaces_s__rosidl_typesupport_fastrtps_c.cpython-310-x86_64-linux-gnu.so
[3.011s] -- Installing: /home/sarah/sb_ros2_ws/install/action_interfaces/local/lib/python3.10/dist-packages/action_interfaces/libaction_interfaces__rosidl_generator_py.so
[3.034s] Listing '/home/sarah/sb_ros2_ws/install/action_interfaces/local/lib/python3.10/dist-packages/action_interfaces'...
[3.034s] Compiling '/home/sarah/sb_ros2_ws/install/action_interfaces/local/lib/python3.10/dist-packages/action_interfaces/__init__.py'...
[3.034s] Listing '/home/sarah/sb_ros2_ws/install/action_interfaces/local/lib/python3.10/dist-packages/action_interfaces/action'...
[3.034s] Compiling '/home/sarah/sb_ros2_ws/install/action_interfaces/local/lib/python3.10/dist-packages/action_interfaces/action/__init__.py'...
[3.034s] Compiling '/home/sarah/sb_ros2_ws/install/action_interfaces/local/lib/python3.10/dist-packages/action_interfaces/action/_set_cart_pos.py'...
[3.034s] Compiling '/home/sarah/sb_ros2_ws/install/action_interfaces/local/lib/python3.10/dist-packages/action_interfaces/action/_set_joint_pos.py'...
[3.036s] -- Installing: /home/sarah/sb_ros2_ws/install/action_interfaces/local/lib/python3.10/dist-packages/action_interfaces/action_interfaces_s__rosidl_typesupport_fastrtps_c.cpython-310-x86_64-linux-gnu.so
[3.036s] -- Set runtime path of "/home/sarah/sb_ros2_ws/install/action_interfaces/local/lib/python3.10/dist-packages/action_interfaces/action_interfaces_s__rosidl_typesupport_fastrtps_c.cpython-310-x86_64-linux-gnu.so" to ""
[3.036s] -- Installing: /home/sarah/sb_ros2_ws/install/action_interfaces/local/lib/python3.10/dist-packages/action_interfaces/action_interfaces_s__rosidl_typesupport_introspection_c.cpython-310-x86_64-linux-gnu.so
[3.036s] -- Set runtime path of "/home/sarah/sb_ros2_ws/install/action_interfaces/local/lib/python3.10/dist-packages/action_interfaces/action_interfaces_s__rosidl_typesupport_introspection_c.cpython-310-x86_64-linux-gnu.so" to ""
[3.036s] -- Installing: /home/sarah/sb_ros2_ws/install/action_interfaces/local/lib/python3.10/dist-packages/action_interfaces/action_interfaces_s__rosidl_typesupport_c.cpython-310-x86_64-linux-gnu.so
[3.036s] -- Set runtime path of "/home/sarah/sb_ros2_ws/install/action_interfaces/local/lib/python3.10/dist-packages/action_interfaces/action_interfaces_s__rosidl_typesupport_c.cpython-310-x86_64-linux-gnu.so" to ""
[3.036s] -- Installing: /home/sarah/sb_ros2_ws/install/action_interfaces/lib/libaction_interfaces__rosidl_generator_py.so
[3.037s] -- Set runtime path of "/home/sarah/sb_ros2_ws/install/action_interfaces/lib/libaction_interfaces__rosidl_generator_py.so" to ""
[3.037s] -- Installing: /home/sarah/sb_ros2_ws/install/action_interfaces/share/action_interfaces/action/SetCartPos.idl
[3.037s] -- Installing: /home/sarah/sb_ros2_ws/install/action_interfaces/share/action_interfaces/action/SetJointPos.idl
[3.037s] -- Installing: /home/sarah/sb_ros2_ws/install/action_interfaces/share/action_interfaces/action/SetCartPos.action
[3.037s] -- Installing: /home/sarah/sb_ros2_ws/install/action_interfaces/share/action_interfaces/action/SetJointPos.action
[3.037s] -- Installing: /home/sarah/sb_ros2_ws/install/action_interfaces/share/ament_index/resource_index/package_run_dependencies/action_interfaces
[3.037s] -- Installing: /home/sarah/sb_ros2_ws/install/action_interfaces/share/ament_index/resource_index/parent_prefix_path/action_interfaces
[3.037s] -- Installing: /home/sarah/sb_ros2_ws/install/action_interfaces/share/action_interfaces/environment/ament_prefix_path.sh
[3.037s] -- Installing: /home/sarah/sb_ros2_ws/install/action_interfaces/share/action_interfaces/environment/ament_prefix_path.dsv
[3.037s] -- Installing: /home/sarah/sb_ros2_ws/install/action_interfaces/share/action_interfaces/environment/path.sh
[3.037s] -- Installing: /home/sarah/sb_ros2_ws/install/action_interfaces/share/action_interfaces/environment/path.dsv
[3.037s] -- Installing: /home/sarah/sb_ros2_ws/install/action_interfaces/share/action_interfaces/local_setup.bash
[3.037s] -- Installing: /home/sarah/sb_ros2_ws/install/action_interfaces/share/action_interfaces/local_setup.sh
[3.037s] -- Installing: /home/sarah/sb_ros2_ws/install/action_interfaces/share/action_interfaces/local_setup.zsh
[3.037s] -- Installing: /home/sarah/sb_ros2_ws/install/action_interfaces/share/action_interfaces/local_setup.dsv
[3.037s] -- Installing: /home/sarah/sb_ros2_ws/install/action_interfaces/share/action_interfaces/package.dsv
[3.037s] -- Installing: /home/sarah/sb_ros2_ws/install/action_interfaces/share/ament_index/resource_index/packages/action_interfaces
[3.037s] -- Installing: /home/sarah/sb_ros2_ws/install/action_interfaces/share/action_interfaces/cmake/export_action_interfaces__rosidl_generator_cExport.cmake
[3.037s] -- Installing: /home/sarah/sb_ros2_ws/install/action_interfaces/share/action_interfaces/cmake/export_action_interfaces__rosidl_generator_cExport-noconfig.cmake
[3.037s] -- Installing: /home/sarah/sb_ros2_ws/install/action_interfaces/share/action_interfaces/cmake/export_action_interfaces__rosidl_typesupport_fastrtps_cExport.cmake
[3.037s] -- Installing: /home/sarah/sb_ros2_ws/install/action_interfaces/share/action_interfaces/cmake/export_action_interfaces__rosidl_typesupport_fastrtps_cExport-noconfig.cmake
[3.037s] -- Installing: /home/sarah/sb_ros2_ws/install/action_interfaces/share/action_interfaces/cmake/action_interfaces__rosidl_typesupport_introspection_cExport.cmake
[3.038s] -- Installing: /home/sarah/sb_ros2_ws/install/action_interfaces/share/action_interfaces/cmake/action_interfaces__rosidl_typesupport_introspection_cExport-noconfig.cmake
[3.038s] -- Installing: /home/sarah/sb_ros2_ws/install/action_interfaces/share/action_interfaces/cmake/action_interfaces__rosidl_typesupport_cExport.cmake
[3.038s] -- Installing: /home/sarah/sb_ros2_ws/install/action_interfaces/share/action_interfaces/cmake/action_interfaces__rosidl_typesupport_cExport-noconfig.cmake
[3.038s] -- Installing: /home/sarah/sb_ros2_ws/install/action_interfaces/share/action_interfaces/cmake/export_action_interfaces__rosidl_generator_cppExport.cmake
[3.038s] -- Installing: /home/sarah/sb_ros2_ws/install/action_interfaces/share/action_interfaces/cmake/export_action_interfaces__rosidl_typesupport_fastrtps_cppExport.cmake
[3.038s] -- Installing: /home/sarah/sb_ros2_ws/install/action_interfaces/share/action_interfaces/cmake/export_action_interfaces__rosidl_typesupport_fastrtps_cppExport-noconfig.cmake
[3.038s] -- Installing: /home/sarah/sb_ros2_ws/install/action_interfaces/share/action_interfaces/cmake/action_interfaces__rosidl_typesupport_introspection_cppExport.cmake
[3.038s] -- Installing: /home/sarah/sb_ros2_ws/install/action_interfaces/share/action_interfaces/cmake/action_interfaces__rosidl_typesupport_introspection_cppExport-noconfig.cmake
[3.038s] -- Installing: /home/sarah/sb_ros2_ws/install/action_interfaces/share/action_interfaces/cmake/action_interfaces__rosidl_typesupport_cppExport.cmake
[3.038s] -- Installing: /home/sarah/sb_ros2_ws/install/action_interfaces/share/action_interfaces/cmake/action_interfaces__rosidl_typesupport_cppExport-noconfig.cmake
[3.038s] -- Installing: /home/sarah/sb_ros2_ws/install/action_interfaces/share/action_interfaces/cmake/export_action_interfaces__rosidl_generator_pyExport.cmake
[3.038s] -- Installing: /home/sarah/sb_ros2_ws/install/action_interfaces/share/action_interfaces/cmake/export_action_interfaces__rosidl_generator_pyExport-noconfig.cmake
[3.038s] -- Installing: /home/sarah/sb_ros2_ws/install/action_interfaces/share/action_interfaces/cmake/rosidl_cmake-extras.cmake
[3.038s] -- Installing: /home/sarah/sb_ros2_ws/install/action_interfaces/share/action_interfaces/cmake/ament_cmake_export_dependencies-extras.cmake
[3.038s] -- Installing: /home/sarah/sb_ros2_ws/install/action_interfaces/share/action_interfaces/cmake/ament_cmake_export_include_directories-extras.cmake
[3.038s] -- Installing: /home/sarah/sb_ros2_ws/install/action_interfaces/share/action_interfaces/cmake/ament_cmake_export_libraries-extras.cmake
[3.038s] -- Installing: /home/sarah/sb_ros2_ws/install/action_interfaces/share/action_interfaces/cmake/ament_cmake_export_targets-extras.cmake
[3.038s] -- Installing: /home/sarah/sb_ros2_ws/install/action_interfaces/share/action_interfaces/cmake/rosidl_cmake_export_typesupport_targets-extras.cmake
[3.038s] -- Installing: /home/sarah/sb_ros2_ws/install/action_interfaces/share/action_interfaces/cmake/rosidl_cmake_export_typesupport_libraries-extras.cmake
[3.038s] -- Installing: /home/sarah/sb_ros2_ws/install/action_interfaces/share/action_interfaces/cmake/action_interfacesConfig.cmake
[3.038s] -- Installing: /home/sarah/sb_ros2_ws/install/action_interfaces/share/action_interfaces/cmake/action_interfacesConfig-version.cmake
[3.038s] -- Installing: /home/sarah/sb_ros2_ws/install/action_interfaces/share/action_interfaces/package.xml
[3.040s] Invoked command in '/home/sarah/sb_ros2_ws/build/action_interfaces' returned '0': CMAKE_PREFIX_PATH=/opt/ros/humble /usr/bin/cmake --install /home/sarah/sb_ros2_ws/build/action_interfaces
