[0.054s] DEBUG:colcon:Command line arguments: ['/usr/bin/colcon', 'build']
[0.054s] DEBUG:colcon:Parsed command line arguments: Namespace(log_base=None, log_level=None, verb_name='build', build_base='build', install_base='install', merge_install=False, symlink_install=False, test_result_base=None, continue_on_error=False, executor='parallel', parallel_workers=32, event_handlers=None, ignore_user_meta=False, metas=['./colcon.meta'], base_paths=['.'], packages_ignore=None, packages_ignore_regex=None, paths=None, packages_up_to=None, packages_up_to_regex=None, packages_above=None, packages_above_and_dependencies=None, packages_above_depth=None, packages_select_by_dep=None, packages_skip_by_dep=None, packages_skip_up_to=None, packages_select_build_failed=False, packages_skip_build_finished=False, packages_select_test_failures=False, packages_skip_test_passed=False, packages_select=None, packages_skip=None, packages_select_regex=None, packages_skip_regex=None, packages_start=None, packages_end=None, allow_overriding=[], cmake_args=None, cmake_target=None, cmake_target_skip_unavailable=False, cmake_clean_cache=False, cmake_clean_first=False, cmake_force_configure=False, ament_cmake_args=None, catkin_cmake_args=None, catkin_skip_building_tests=False, mixin_files=None, mixin=None, verb_parser=<colcon_mixin.mixin.mixin_argument.MixinArgumentDecorator object at 0x768f6cb996f0>, verb_extension=<colcon_core.verb.build.BuildVerb object at 0x768f6cc8f040>, main=<bound method BuildVerb.main of <colcon_core.verb.build.BuildVerb object at 0x768f6cc8f040>>, mixin_verb=('build',))
[0.141s] Level 1:colcon.colcon_core.package_discovery:discover_packages(colcon_meta) check parameters
[0.141s] Level 1:colcon.colcon_core.package_discovery:discover_packages(recursive) check parameters
[0.141s] Level 1:colcon.colcon_core.package_discovery:discover_packages(ignore) check parameters
[0.141s] Level 1:colcon.colcon_core.package_discovery:discover_packages(path) check parameters
[0.141s] Level 1:colcon.colcon_core.package_discovery:discover_packages(colcon_meta) discover
[0.141s] Level 1:colcon.colcon_core.package_discovery:discover_packages(recursive) discover
[0.141s] INFO:colcon.colcon_core.package_discovery:Crawling recursively for packages in '/home/sarah/sb_ros2_ws/src'
[0.141s] Level 1:colcon.colcon_core.package_identification:_identify(.) by extensions ['ignore', 'ignore_ament_install']
[0.141s] Level 1:colcon.colcon_core.package_identification:_identify(.) by extension 'ignore'
[0.141s] Level 1:colcon.colcon_core.package_identification:_identify(.) by extension 'ignore_ament_install'
[0.141s] Level 1:colcon.colcon_core.package_identification:_identify(.) by extensions ['colcon_pkg']
[0.141s] Level 1:colcon.colcon_core.package_identification:_identify(.) by extension 'colcon_pkg'
[0.142s] Level 1:colcon.colcon_core.package_identification:_identify(.) by extensions ['colcon_meta']
[0.142s] Level 1:colcon.colcon_core.package_identification:_identify(.) by extension 'colcon_meta'
[0.142s] Level 1:colcon.colcon_core.package_identification:_identify(.) by extensions ['ros']
[0.142s] Level 1:colcon.colcon_core.package_identification:_identify(.) by extension 'ros'
[0.147s] Level 1:colcon.colcon_core.package_identification:_identify(.) by extensions ['cmake', 'python']
[0.147s] Level 1:colcon.colcon_core.package_identification:_identify(.) by extension 'cmake'
[0.147s] Level 1:colcon.colcon_core.package_identification:_identify(.) by extension 'python'
[0.148s] Level 1:colcon.colcon_core.package_identification:_identify(.) by extensions ['python_setup_py']
[0.148s] Level 1:colcon.colcon_core.package_identification:_identify(.) by extension 'python_setup_py'
[0.148s] Level 1:colcon.colcon_core.package_identification:_identify(action_interfaces) by extensions ['ignore', 'ignore_ament_install']
[0.148s] Level 1:colcon.colcon_core.package_identification:_identify(action_interfaces) by extension 'ignore'
[0.148s] Level 1:colcon.colcon_core.package_identification:_identify(action_interfaces) by extension 'ignore_ament_install'
[0.148s] Level 1:colcon.colcon_core.package_identification:_identify(action_interfaces) by extensions ['colcon_pkg']
[0.148s] Level 1:colcon.colcon_core.package_identification:_identify(action_interfaces) by extension 'colcon_pkg'
[0.148s] Level 1:colcon.colcon_core.package_identification:_identify(action_interfaces) by extensions ['colcon_meta']
[0.148s] Level 1:colcon.colcon_core.package_identification:_identify(action_interfaces) by extension 'colcon_meta'
[0.148s] Level 1:colcon.colcon_core.package_identification:_identify(action_interfaces) by extensions ['ros']
[0.148s] Level 1:colcon.colcon_core.package_identification:_identify(action_interfaces) by extension 'ros'
[0.150s] DEBUG:colcon.colcon_core.package_identification:Package 'action_interfaces' with type 'ros.ament_cmake' and name 'action_interfaces'
[0.150s] Level 1:colcon.colcon_core.package_identification:_identify(build) by extensions ['ignore', 'ignore_ament_install']
[0.150s] Level 1:colcon.colcon_core.package_identification:_identify(build) by extension 'ignore'
[0.150s] Level 1:colcon.colcon_core.package_identification:_identify(build) ignored
[0.150s] Level 1:colcon.colcon_core.package_identification:_identify(install) by extensions ['ignore', 'ignore_ament_install']
[0.150s] Level 1:colcon.colcon_core.package_identification:_identify(install) by extension 'ignore'
[0.150s] Level 1:colcon.colcon_core.package_identification:_identify(install) ignored
[0.150s] Level 1:colcon.colcon_core.package_identification:_identify(log) by extensions ['ignore', 'ignore_ament_install']
[0.150s] Level 1:colcon.colcon_core.package_identification:_identify(log) by extension 'ignore'
[0.150s] Level 1:colcon.colcon_core.package_identification:_identify(log) ignored
[0.150s] Level 1:colcon.colcon_core.package_identification:_identify(my_cpp_py_pkg) by extensions ['ignore', 'ignore_ament_install']
[0.150s] Level 1:colcon.colcon_core.package_identification:_identify(my_cpp_py_pkg) by extension 'ignore'
[0.150s] Level 1:colcon.colcon_core.package_identification:_identify(my_cpp_py_pkg) by extension 'ignore_ament_install'
[0.150s] Level 1:colcon.colcon_core.package_identification:_identify(my_cpp_py_pkg) by extensions ['colcon_pkg']
[0.150s] Level 1:colcon.colcon_core.package_identification:_identify(my_cpp_py_pkg) by extension 'colcon_pkg'
[0.150s] Level 1:colcon.colcon_core.package_identification:_identify(my_cpp_py_pkg) by extensions ['colcon_meta']
[0.150s] Level 1:colcon.colcon_core.package_identification:_identify(my_cpp_py_pkg) by extension 'colcon_meta'
[0.150s] Level 1:colcon.colcon_core.package_identification:_identify(my_cpp_py_pkg) by extensions ['ros']
[0.150s] Level 1:colcon.colcon_core.package_identification:_identify(my_cpp_py_pkg) by extension 'ros'
[0.151s] DEBUG:colcon.colcon_core.package_identification:Package 'my_cpp_py_pkg' with type 'ros.ament_cmake' and name 'my_cpp_py_pkg'
[0.151s] Level 1:colcon.colcon_core.package_identification:_identify(sb_controller) by extensions ['ignore', 'ignore_ament_install']
[0.151s] Level 1:colcon.colcon_core.package_identification:_identify(sb_controller) by extension 'ignore'
[0.151s] Level 1:colcon.colcon_core.package_identification:_identify(sb_controller) by extension 'ignore_ament_install'
[0.151s] Level 1:colcon.colcon_core.package_identification:_identify(sb_controller) by extensions ['colcon_pkg']
[0.151s] Level 1:colcon.colcon_core.package_identification:_identify(sb_controller) by extension 'colcon_pkg'
[0.151s] Level 1:colcon.colcon_core.package_identification:_identify(sb_controller) by extensions ['colcon_meta']
[0.151s] Level 1:colcon.colcon_core.package_identification:_identify(sb_controller) by extension 'colcon_meta'
[0.151s] Level 1:colcon.colcon_core.package_identification:_identify(sb_controller) by extensions ['ros']
[0.151s] Level 1:colcon.colcon_core.package_identification:_identify(sb_controller) by extension 'ros'
[0.152s] DEBUG:colcon.colcon_core.package_identification:Package 'sb_controller' with type 'ros.ament_python' and name 'sb_controller'
[0.152s] Level 1:colcon.colcon_core.package_identification:_identify(standard_bot_bringup) by extensions ['ignore', 'ignore_ament_install']
[0.152s] Level 1:colcon.colcon_core.package_identification:_identify(standard_bot_bringup) by extension 'ignore'
[0.152s] Level 1:colcon.colcon_core.package_identification:_identify(standard_bot_bringup) by extension 'ignore_ament_install'
[0.152s] Level 1:colcon.colcon_core.package_identification:_identify(standard_bot_bringup) by extensions ['colcon_pkg']
[0.152s] Level 1:colcon.colcon_core.package_identification:_identify(standard_bot_bringup) by extension 'colcon_pkg'
[0.152s] Level 1:colcon.colcon_core.package_identification:_identify(standard_bot_bringup) by extensions ['colcon_meta']
[0.152s] Level 1:colcon.colcon_core.package_identification:_identify(standard_bot_bringup) by extension 'colcon_meta'
[0.152s] Level 1:colcon.colcon_core.package_identification:_identify(standard_bot_bringup) by extensions ['ros']
[0.152s] Level 1:colcon.colcon_core.package_identification:_identify(standard_bot_bringup) by extension 'ros'
[0.153s] DEBUG:colcon.colcon_core.package_identification:Package 'standard_bot_bringup' with type 'ros.ament_cmake' and name 'standard_bot_bringup'
[0.153s] Level 1:colcon.colcon_core.package_discovery:discover_packages(recursive) using defaults
[0.157s] Level 1:colcon.colcon_core.package_discovery:discover_packages(ignore) discover
[0.157s] Level 1:colcon.colcon_core.package_discovery:discover_packages(ignore) using defaults
[0.157s] Level 1:colcon.colcon_core.package_discovery:discover_packages(path) discover
[0.157s] Level 1:colcon.colcon_core.package_discovery:discover_packages(path) using defaults
[0.167s] Level 1:colcon.colcon_core.package_discovery:discover_packages(prefix_path) check parameters
[0.167s] Level 1:colcon.colcon_core.package_discovery:discover_packages(prefix_path) discover
[0.168s] DEBUG:colcon.colcon_installed_package_information.package_discovery:Found 185 installed packages in /opt/ros/humble
[0.169s] Level 1:colcon.colcon_core.package_discovery:discover_packages(prefix_path) using defaults
[0.180s] Level 5:colcon.colcon_core.verb:set package 'action_interfaces' build argument 'cmake_args' from command line to 'None'
[0.180s] Level 5:colcon.colcon_core.verb:set package 'action_interfaces' build argument 'cmake_target' from command line to 'None'
[0.180s] Level 5:colcon.colcon_core.verb:set package 'action_interfaces' build argument 'cmake_target_skip_unavailable' from command line to 'False'
[0.180s] Level 5:colcon.colcon_core.verb:set package 'action_interfaces' build argument 'cmake_clean_cache' from command line to 'False'
[0.180s] Level 5:colcon.colcon_core.verb:set package 'action_interfaces' build argument 'cmake_clean_first' from command line to 'False'
[0.180s] Level 5:colcon.colcon_core.verb:set package 'action_interfaces' build argument 'cmake_force_configure' from command line to 'False'
[0.180s] Level 5:colcon.colcon_core.verb:set package 'action_interfaces' build argument 'ament_cmake_args' from command line to 'None'
[0.180s] Level 5:colcon.colcon_core.verb:set package 'action_interfaces' build argument 'catkin_cmake_args' from command line to 'None'
[0.180s] Level 5:colcon.colcon_core.verb:set package 'action_interfaces' build argument 'catkin_skip_building_tests' from command line to 'False'
[0.180s] DEBUG:colcon.colcon_core.verb:Building package 'action_interfaces' with the following arguments: {'ament_cmake_args': None, 'build_base': '/home/sarah/sb_ros2_ws/src/build/action_interfaces', 'catkin_cmake_args': None, 'catkin_skip_building_tests': False, 'cmake_args': None, 'cmake_clean_cache': False, 'cmake_clean_first': False, 'cmake_force_configure': False, 'cmake_target': None, 'cmake_target_skip_unavailable': False, 'install_base': '/home/sarah/sb_ros2_ws/src/install/action_interfaces', 'merge_install': False, 'path': '/home/sarah/sb_ros2_ws/src/action_interfaces', 'symlink_install': False, 'test_result_base': None}
[0.181s] Level 5:colcon.colcon_core.verb:set package 'my_cpp_py_pkg' build argument 'cmake_args' from command line to 'None'
[0.181s] Level 5:colcon.colcon_core.verb:set package 'my_cpp_py_pkg' build argument 'cmake_target' from command line to 'None'
[0.181s] Level 5:colcon.colcon_core.verb:set package 'my_cpp_py_pkg' build argument 'cmake_target_skip_unavailable' from command line to 'False'
[0.181s] Level 5:colcon.colcon_core.verb:set package 'my_cpp_py_pkg' build argument 'cmake_clean_cache' from command line to 'False'
[0.181s] Level 5:colcon.colcon_core.verb:set package 'my_cpp_py_pkg' build argument 'cmake_clean_first' from command line to 'False'
[0.181s] Level 5:colcon.colcon_core.verb:set package 'my_cpp_py_pkg' build argument 'cmake_force_configure' from command line to 'False'
[0.181s] Level 5:colcon.colcon_core.verb:set package 'my_cpp_py_pkg' build argument 'ament_cmake_args' from command line to 'None'
[0.181s] Level 5:colcon.colcon_core.verb:set package 'my_cpp_py_pkg' build argument 'catkin_cmake_args' from command line to 'None'
[0.181s] Level 5:colcon.colcon_core.verb:set package 'my_cpp_py_pkg' build argument 'catkin_skip_building_tests' from command line to 'False'
[0.181s] DEBUG:colcon.colcon_core.verb:Building package 'my_cpp_py_pkg' with the following arguments: {'ament_cmake_args': None, 'build_base': '/home/sarah/sb_ros2_ws/src/build/my_cpp_py_pkg', 'catkin_cmake_args': None, 'catkin_skip_building_tests': False, 'cmake_args': None, 'cmake_clean_cache': False, 'cmake_clean_first': False, 'cmake_force_configure': False, 'cmake_target': None, 'cmake_target_skip_unavailable': False, 'install_base': '/home/sarah/sb_ros2_ws/src/install/my_cpp_py_pkg', 'merge_install': False, 'path': '/home/sarah/sb_ros2_ws/src/my_cpp_py_pkg', 'symlink_install': False, 'test_result_base': None}
[0.181s] Level 5:colcon.colcon_core.verb:set package 'sb_controller' build argument 'cmake_args' from command line to 'None'
[0.181s] Level 5:colcon.colcon_core.verb:set package 'sb_controller' build argument 'cmake_target' from command line to 'None'
[0.181s] Level 5:colcon.colcon_core.verb:set package 'sb_controller' build argument 'cmake_target_skip_unavailable' from command line to 'False'
[0.181s] Level 5:colcon.colcon_core.verb:set package 'sb_controller' build argument 'cmake_clean_cache' from command line to 'False'
[0.181s] Level 5:colcon.colcon_core.verb:set package 'sb_controller' build argument 'cmake_clean_first' from command line to 'False'
[0.181s] Level 5:colcon.colcon_core.verb:set package 'sb_controller' build argument 'cmake_force_configure' from command line to 'False'
[0.181s] Level 5:colcon.colcon_core.verb:set package 'sb_controller' build argument 'ament_cmake_args' from command line to 'None'
[0.181s] Level 5:colcon.colcon_core.verb:set package 'sb_controller' build argument 'catkin_cmake_args' from command line to 'None'
[0.181s] Level 5:colcon.colcon_core.verb:set package 'sb_controller' build argument 'catkin_skip_building_tests' from command line to 'False'
[0.181s] DEBUG:colcon.colcon_core.verb:Building package 'sb_controller' with the following arguments: {'ament_cmake_args': None, 'build_base': '/home/sarah/sb_ros2_ws/src/build/sb_controller', 'catkin_cmake_args': None, 'catkin_skip_building_tests': False, 'cmake_args': None, 'cmake_clean_cache': False, 'cmake_clean_first': False, 'cmake_force_configure': False, 'cmake_target': None, 'cmake_target_skip_unavailable': False, 'install_base': '/home/sarah/sb_ros2_ws/src/install/sb_controller', 'merge_install': False, 'path': '/home/sarah/sb_ros2_ws/src/sb_controller', 'symlink_install': False, 'test_result_base': None}
[0.181s] Level 5:colcon.colcon_core.verb:set package 'standard_bot_bringup' build argument 'cmake_args' from command line to 'None'
[0.181s] Level 5:colcon.colcon_core.verb:set package 'standard_bot_bringup' build argument 'cmake_target' from command line to 'None'
[0.181s] Level 5:colcon.colcon_core.verb:set package 'standard_bot_bringup' build argument 'cmake_target_skip_unavailable' from command line to 'False'
[0.181s] Level 5:colcon.colcon_core.verb:set package 'standard_bot_bringup' build argument 'cmake_clean_cache' from command line to 'False'
[0.181s] Level 5:colcon.colcon_core.verb:set package 'standard_bot_bringup' build argument 'cmake_clean_first' from command line to 'False'
[0.181s] Level 5:colcon.colcon_core.verb:set package 'standard_bot_bringup' build argument 'cmake_force_configure' from command line to 'False'
[0.181s] Level 5:colcon.colcon_core.verb:set package 'standard_bot_bringup' build argument 'ament_cmake_args' from command line to 'None'
[0.181s] Level 5:colcon.colcon_core.verb:set package 'standard_bot_bringup' build argument 'catkin_cmake_args' from command line to 'None'
[0.181s] Level 5:colcon.colcon_core.verb:set package 'standard_bot_bringup' build argument 'catkin_skip_building_tests' from command line to 'False'
[0.181s] DEBUG:colcon.colcon_core.verb:Building package 'standard_bot_bringup' with the following arguments: {'ament_cmake_args': None, 'build_base': '/home/sarah/sb_ros2_ws/src/build/standard_bot_bringup', 'catkin_cmake_args': None, 'catkin_skip_building_tests': False, 'cmake_args': None, 'cmake_clean_cache': False, 'cmake_clean_first': False, 'cmake_force_configure': False, 'cmake_target': None, 'cmake_target_skip_unavailable': False, 'install_base': '/home/sarah/sb_ros2_ws/src/install/standard_bot_bringup', 'merge_install': False, 'path': '/home/sarah/sb_ros2_ws/src/standard_bot_bringup', 'symlink_install': False, 'test_result_base': None}
[0.181s] INFO:colcon.colcon_core.executor:Executing jobs using 'parallel' executor
[0.182s] DEBUG:colcon.colcon_parallel_executor.executor.parallel:run_until_complete
[0.182s] INFO:colcon.colcon_ros.task.ament_python.build:Building ROS package in '/home/sarah/sb_ros2_ws/src/sb_controller' with build type 'ament_python'
[0.182s] Level 1:colcon.colcon_core.shell:create_environment_hook('sb_controller', 'ament_prefix_path')
[0.183s] INFO:colcon.colcon_core.plugin_system:Skipping extension 'colcon_core.shell.bat': Not used on non-Windows systems
[0.183s] INFO:colcon.colcon_core.shell:Creating environment hook '/home/sarah/sb_ros2_ws/src/install/sb_controller/share/sb_controller/hook/ament_prefix_path.ps1'
[0.184s] INFO:colcon.colcon_core.shell:Creating environment descriptor '/home/sarah/sb_ros2_ws/src/install/sb_controller/share/sb_controller/hook/ament_prefix_path.dsv'
[0.184s] INFO:colcon.colcon_core.shell:Creating environment hook '/home/sarah/sb_ros2_ws/src/install/sb_controller/share/sb_controller/hook/ament_prefix_path.sh'
[0.184s] INFO:colcon.colcon_core.shell:Skip shell extension 'powershell' for command environment: Not usable outside of PowerShell
[0.184s] DEBUG:colcon.colcon_core.shell:Skip shell extension 'dsv' for command environment
[0.186s] INFO:colcon.colcon_ros.task.ament_cmake.build:Building ROS package in '/home/sarah/sb_ros2_ws/src/action_interfaces' with build type 'ament_cmake'
[0.186s] INFO:colcon.colcon_cmake.task.cmake.build:Building CMake package in '/home/sarah/sb_ros2_ws/src/action_interfaces'
[0.186s] INFO:colcon.colcon_core.shell:Skip shell extension 'powershell' for command environment: Not usable outside of PowerShell
[0.186s] DEBUG:colcon.colcon_core.shell:Skip shell extension 'dsv' for command environment
[0.187s] INFO:colcon.colcon_ros.task.ament_cmake.build:Building ROS package in '/home/sarah/sb_ros2_ws/src/my_cpp_py_pkg' with build type 'ament_cmake'
[0.187s] INFO:colcon.colcon_cmake.task.cmake.build:Building CMake package in '/home/sarah/sb_ros2_ws/src/my_cpp_py_pkg'
[0.187s] INFO:colcon.colcon_core.shell:Skip shell extension 'powershell' for command environment: Not usable outside of PowerShell
[0.187s] DEBUG:colcon.colcon_core.shell:Skip shell extension 'dsv' for command environment
[0.302s] INFO:colcon.colcon_core.task.python.build:Building Python package in '/home/sarah/sb_ros2_ws/src/sb_controller'
[0.302s] INFO:colcon.colcon_core.shell:Skip shell extension 'powershell' for command environment: Not usable outside of PowerShell
[0.302s] DEBUG:colcon.colcon_core.shell:Skip shell extension 'dsv' for command environment
[0.306s] DEBUG:colcon.colcon_core.event_handler.log_command:Invoking command in '/home/sarah/sb_ros2_ws/src/build/action_interfaces': CMAKE_PREFIX_PATH=/opt/ros/humble /usr/bin/cmake --build /home/sarah/sb_ros2_ws/src/build/action_interfaces -- -j32 -l32
[0.309s] DEBUG:colcon.colcon_core.event_handler.log_command:Invoking command in '/home/sarah/sb_ros2_ws/src/build/my_cpp_py_pkg': CMAKE_PREFIX_PATH=/opt/ros/humble /usr/bin/cmake --build /home/sarah/sb_ros2_ws/src/build/my_cpp_py_pkg -- -j32 -l32
[0.485s] DEBUG:colcon.colcon_core.event_handler.log_command:Invoking command in '/home/sarah/sb_ros2_ws/src/sb_controller': PYTHONPATH=/home/sarah/sb_ros2_ws/src/build/sb_controller/prefix_override:/usr/lib/python3/dist-packages/colcon_core/task/python/colcon_distutils_commands:/home/sarah/sb_ros2_ws/src/install/sb_controller/lib/python3.10/site-packages:${PYTHONPATH} /usr/bin/python3 -W ignore:setup.py install is deprecated -W ignore:easy_install command is deprecated setup.py egg_info --egg-base ../build/sb_controller build --build-base /home/sarah/sb_ros2_ws/src/build/sb_controller/build install --record /home/sarah/sb_ros2_ws/src/build/sb_controller/install.log --single-version-externally-managed install_data
[0.494s] DEBUG:colcon.colcon_core.event_handler.log_command:Invoked command in '/home/sarah/sb_ros2_ws/src/build/my_cpp_py_pkg' returned '0': CMAKE_PREFIX_PATH=/opt/ros/humble /usr/bin/cmake --build /home/sarah/sb_ros2_ws/src/build/my_cpp_py_pkg -- -j32 -l32
[0.502s] DEBUG:colcon.colcon_core.event_handler.log_command:Invoking command in '/home/sarah/sb_ros2_ws/src/build/my_cpp_py_pkg': CMAKE_PREFIX_PATH=/opt/ros/humble /usr/bin/cmake --install /home/sarah/sb_ros2_ws/src/build/my_cpp_py_pkg
[0.516s] DEBUG:colcon.colcon_core.event_handler.log_command:Invoked command in '/home/sarah/sb_ros2_ws/src/build/action_interfaces' returned '0': CMAKE_PREFIX_PATH=/opt/ros/humble /usr/bin/cmake --build /home/sarah/sb_ros2_ws/src/build/action_interfaces -- -j32 -l32
[0.517s] DEBUG:colcon.colcon_core.event_handler.log_command:Invoking command in '/home/sarah/sb_ros2_ws/src/build/action_interfaces': CMAKE_PREFIX_PATH=/opt/ros/humble /usr/bin/cmake --install /home/sarah/sb_ros2_ws/src/build/action_interfaces
[0.528s] Level 1:colcon.colcon_core.environment:create_environment_scripts_only(my_cpp_py_pkg)
[0.529s] DEBUG:colcon.colcon_core.event_handler.log_command:Invoked command in '/home/sarah/sb_ros2_ws/src/build/my_cpp_py_pkg' returned '0': CMAKE_PREFIX_PATH=/opt/ros/humble /usr/bin/cmake --install /home/sarah/sb_ros2_ws/src/build/my_cpp_py_pkg
[0.530s] Level 1:colcon.colcon_core.environment:checking '/home/sarah/sb_ros2_ws/src/install/my_cpp_py_pkg' for CMake module files
[0.531s] Level 1:colcon.colcon_core.environment:checking '/home/sarah/sb_ros2_ws/src/install/my_cpp_py_pkg' for CMake config files
[0.531s] Level 1:colcon.colcon_core.shell:create_environment_hook('my_cpp_py_pkg', 'cmake_prefix_path')
[0.531s] INFO:colcon.colcon_core.shell:Creating environment hook '/home/sarah/sb_ros2_ws/src/install/my_cpp_py_pkg/share/my_cpp_py_pkg/hook/cmake_prefix_path.ps1'
[0.532s] INFO:colcon.colcon_core.shell:Creating environment descriptor '/home/sarah/sb_ros2_ws/src/install/my_cpp_py_pkg/share/my_cpp_py_pkg/hook/cmake_prefix_path.dsv'
[0.532s] INFO:colcon.colcon_core.shell:Creating environment hook '/home/sarah/sb_ros2_ws/src/install/my_cpp_py_pkg/share/my_cpp_py_pkg/hook/cmake_prefix_path.sh'
[0.532s] Level 1:colcon.colcon_core.environment:checking '/home/sarah/sb_ros2_ws/src/install/my_cpp_py_pkg/lib'
[0.533s] Level 1:colcon.colcon_core.environment:checking '/home/sarah/sb_ros2_ws/src/install/my_cpp_py_pkg/bin'
[0.533s] Level 1:colcon.colcon_core.environment:checking '/home/sarah/sb_ros2_ws/src/install/my_cpp_py_pkg/lib/pkgconfig/my_cpp_py_pkg.pc'
[0.533s] Level 1:colcon.colcon_core.environment:checking '/home/sarah/sb_ros2_ws/src/install/my_cpp_py_pkg/lib/python3.10/site-packages'
[0.533s] Level 1:colcon.colcon_core.environment:checking '/home/sarah/sb_ros2_ws/src/install/my_cpp_py_pkg/bin'
[0.533s] INFO:colcon.colcon_core.shell:Creating package script '/home/sarah/sb_ros2_ws/src/install/my_cpp_py_pkg/share/my_cpp_py_pkg/package.ps1'
[0.534s] INFO:colcon.colcon_core.shell:Creating package descriptor '/home/sarah/sb_ros2_ws/src/install/my_cpp_py_pkg/share/my_cpp_py_pkg/package.dsv'
[0.534s] INFO:colcon.colcon_core.shell:Creating package script '/home/sarah/sb_ros2_ws/src/install/my_cpp_py_pkg/share/my_cpp_py_pkg/package.sh'
[0.535s] INFO:colcon.colcon_core.shell:Creating package script '/home/sarah/sb_ros2_ws/src/install/my_cpp_py_pkg/share/my_cpp_py_pkg/package.bash'
[0.535s] INFO:colcon.colcon_core.shell:Creating package script '/home/sarah/sb_ros2_ws/src/install/my_cpp_py_pkg/share/my_cpp_py_pkg/package.zsh'
[0.536s] Level 1:colcon.colcon_core.environment:create_file_with_runtime_dependencies(/home/sarah/sb_ros2_ws/src/install/my_cpp_py_pkg/share/colcon-core/packages/my_cpp_py_pkg)
[0.536s] Level 1:colcon.colcon_core.environment:create_environment_scripts_only(my_cpp_py_pkg)
[0.536s] Level 1:colcon.colcon_core.environment:checking '/home/sarah/sb_ros2_ws/src/install/my_cpp_py_pkg' for CMake module files
[0.537s] Level 1:colcon.colcon_core.environment:checking '/home/sarah/sb_ros2_ws/src/install/my_cpp_py_pkg' for CMake config files
[0.537s] Level 1:colcon.colcon_core.shell:create_environment_hook('my_cpp_py_pkg', 'cmake_prefix_path')
[0.537s] INFO:colcon.colcon_core.shell:Creating environment hook '/home/sarah/sb_ros2_ws/src/install/my_cpp_py_pkg/share/my_cpp_py_pkg/hook/cmake_prefix_path.ps1'
[0.537s] INFO:colcon.colcon_core.shell:Creating environment descriptor '/home/sarah/sb_ros2_ws/src/install/my_cpp_py_pkg/share/my_cpp_py_pkg/hook/cmake_prefix_path.dsv'
[0.537s] INFO:colcon.colcon_core.shell:Creating environment hook '/home/sarah/sb_ros2_ws/src/install/my_cpp_py_pkg/share/my_cpp_py_pkg/hook/cmake_prefix_path.sh'
[0.537s] Level 1:colcon.colcon_core.environment:checking '/home/sarah/sb_ros2_ws/src/install/my_cpp_py_pkg/lib'
[0.537s] Level 1:colcon.colcon_core.environment:checking '/home/sarah/sb_ros2_ws/src/install/my_cpp_py_pkg/bin'
[0.537s] Level 1:colcon.colcon_core.environment:checking '/home/sarah/sb_ros2_ws/src/install/my_cpp_py_pkg/lib/pkgconfig/my_cpp_py_pkg.pc'
[0.538s] Level 1:colcon.colcon_core.environment:checking '/home/sarah/sb_ros2_ws/src/install/my_cpp_py_pkg/lib/python3.10/site-packages'
[0.538s] Level 1:colcon.colcon_core.environment:checking '/home/sarah/sb_ros2_ws/src/install/my_cpp_py_pkg/bin'
[0.538s] INFO:colcon.colcon_core.shell:Creating package script '/home/sarah/sb_ros2_ws/src/install/my_cpp_py_pkg/share/my_cpp_py_pkg/package.ps1'
[0.538s] INFO:colcon.colcon_core.shell:Creating package descriptor '/home/sarah/sb_ros2_ws/src/install/my_cpp_py_pkg/share/my_cpp_py_pkg/package.dsv'
[0.538s] INFO:colcon.colcon_core.shell:Creating package script '/home/sarah/sb_ros2_ws/src/install/my_cpp_py_pkg/share/my_cpp_py_pkg/package.sh'
[0.539s] INFO:colcon.colcon_core.shell:Creating package script '/home/sarah/sb_ros2_ws/src/install/my_cpp_py_pkg/share/my_cpp_py_pkg/package.bash'
[0.539s] INFO:colcon.colcon_core.shell:Creating package script '/home/sarah/sb_ros2_ws/src/install/my_cpp_py_pkg/share/my_cpp_py_pkg/package.zsh'
[0.539s] Level 1:colcon.colcon_core.environment:create_file_with_runtime_dependencies(/home/sarah/sb_ros2_ws/src/install/my_cpp_py_pkg/share/colcon-core/packages/my_cpp_py_pkg)
[0.550s] Level 1:colcon.colcon_core.environment:create_environment_scripts_only(action_interfaces)
[0.551s] Level 1:colcon.colcon_core.environment:checking '/home/sarah/sb_ros2_ws/src/install/action_interfaces' for CMake module files
[0.551s] DEBUG:colcon.colcon_core.event_handler.log_command:Invoked command in '/home/sarah/sb_ros2_ws/src/build/action_interfaces' returned '0': CMAKE_PREFIX_PATH=/opt/ros/humble /usr/bin/cmake --install /home/sarah/sb_ros2_ws/src/build/action_interfaces
[0.551s] Level 1:colcon.colcon_core.environment:checking '/home/sarah/sb_ros2_ws/src/install/action_interfaces' for CMake config files
[0.551s] Level 1:colcon.colcon_core.shell:create_environment_hook('action_interfaces', 'cmake_prefix_path')
[0.552s] INFO:colcon.colcon_core.shell:Creating environment hook '/home/sarah/sb_ros2_ws/src/install/action_interfaces/share/action_interfaces/hook/cmake_prefix_path.ps1'
[0.552s] INFO:colcon.colcon_core.shell:Creating environment descriptor '/home/sarah/sb_ros2_ws/src/install/action_interfaces/share/action_interfaces/hook/cmake_prefix_path.dsv'
[0.552s] INFO:colcon.colcon_core.shell:Creating environment hook '/home/sarah/sb_ros2_ws/src/install/action_interfaces/share/action_interfaces/hook/cmake_prefix_path.sh'
[0.552s] Level 1:colcon.colcon_core.environment:checking '/home/sarah/sb_ros2_ws/src/install/action_interfaces/lib'
[0.552s] Level 1:colcon.colcon_core.shell:create_environment_hook('action_interfaces', 'ld_library_path_lib')
[0.552s] INFO:colcon.colcon_core.shell:Creating environment hook '/home/sarah/sb_ros2_ws/src/install/action_interfaces/share/action_interfaces/hook/ld_library_path_lib.ps1'
[0.553s] INFO:colcon.colcon_core.shell:Creating environment descriptor '/home/sarah/sb_ros2_ws/src/install/action_interfaces/share/action_interfaces/hook/ld_library_path_lib.dsv'
[0.553s] INFO:colcon.colcon_core.shell:Creating environment hook '/home/sarah/sb_ros2_ws/src/install/action_interfaces/share/action_interfaces/hook/ld_library_path_lib.sh'
[0.553s] Level 1:colcon.colcon_core.environment:checking '/home/sarah/sb_ros2_ws/src/install/action_interfaces/bin'
[0.553s] Level 1:colcon.colcon_core.environment:checking '/home/sarah/sb_ros2_ws/src/install/action_interfaces/lib/pkgconfig/action_interfaces.pc'
[0.553s] Level 1:colcon.colcon_core.environment:checking '/home/sarah/sb_ros2_ws/src/install/action_interfaces/lib/python3.10/site-packages'
[0.553s] Level 1:colcon.colcon_core.environment:checking '/home/sarah/sb_ros2_ws/src/install/action_interfaces/bin'
[0.553s] INFO:colcon.colcon_core.shell:Creating package script '/home/sarah/sb_ros2_ws/src/install/action_interfaces/share/action_interfaces/package.ps1'
[0.554s] INFO:colcon.colcon_core.shell:Creating package descriptor '/home/sarah/sb_ros2_ws/src/install/action_interfaces/share/action_interfaces/package.dsv'
[0.554s] INFO:colcon.colcon_core.shell:Creating package script '/home/sarah/sb_ros2_ws/src/install/action_interfaces/share/action_interfaces/package.sh'
[0.554s] INFO:colcon.colcon_core.shell:Creating package script '/home/sarah/sb_ros2_ws/src/install/action_interfaces/share/action_interfaces/package.bash'
[0.554s] INFO:colcon.colcon_core.shell:Creating package script '/home/sarah/sb_ros2_ws/src/install/action_interfaces/share/action_interfaces/package.zsh'
[0.554s] Level 1:colcon.colcon_core.environment:create_file_with_runtime_dependencies(/home/sarah/sb_ros2_ws/src/install/action_interfaces/share/colcon-core/packages/action_interfaces)
[0.555s] Level 1:colcon.colcon_core.environment:create_environment_scripts_only(action_interfaces)
[0.555s] Level 1:colcon.colcon_core.environment:checking '/home/sarah/sb_ros2_ws/src/install/action_interfaces' for CMake module files
[0.555s] Level 1:colcon.colcon_core.environment:checking '/home/sarah/sb_ros2_ws/src/install/action_interfaces' for CMake config files
[0.555s] Level 1:colcon.colcon_core.shell:create_environment_hook('action_interfaces', 'cmake_prefix_path')
[0.555s] INFO:colcon.colcon_core.shell:Creating environment hook '/home/sarah/sb_ros2_ws/src/install/action_interfaces/share/action_interfaces/hook/cmake_prefix_path.ps1'
[0.556s] INFO:colcon.colcon_core.shell:Creating environment descriptor '/home/sarah/sb_ros2_ws/src/install/action_interfaces/share/action_interfaces/hook/cmake_prefix_path.dsv'
[0.556s] INFO:colcon.colcon_core.shell:Creating environment hook '/home/sarah/sb_ros2_ws/src/install/action_interfaces/share/action_interfaces/hook/cmake_prefix_path.sh'
[0.556s] Level 1:colcon.colcon_core.environment:checking '/home/sarah/sb_ros2_ws/src/install/action_interfaces/lib'
[0.556s] Level 1:colcon.colcon_core.shell:create_environment_hook('action_interfaces', 'ld_library_path_lib')
[0.556s] INFO:colcon.colcon_core.shell:Creating environment hook '/home/sarah/sb_ros2_ws/src/install/action_interfaces/share/action_interfaces/hook/ld_library_path_lib.ps1'
[0.556s] INFO:colcon.colcon_core.shell:Creating environment descriptor '/home/sarah/sb_ros2_ws/src/install/action_interfaces/share/action_interfaces/hook/ld_library_path_lib.dsv'
[0.556s] INFO:colcon.colcon_core.shell:Creating environment hook '/home/sarah/sb_ros2_ws/src/install/action_interfaces/share/action_interfaces/hook/ld_library_path_lib.sh'
[0.557s] Level 1:colcon.colcon_core.environment:checking '/home/sarah/sb_ros2_ws/src/install/action_interfaces/bin'
[0.557s] Level 1:colcon.colcon_core.environment:checking '/home/sarah/sb_ros2_ws/src/install/action_interfaces/lib/pkgconfig/action_interfaces.pc'
[0.557s] Level 1:colcon.colcon_core.environment:checking '/home/sarah/sb_ros2_ws/src/install/action_interfaces/lib/python3.10/site-packages'
[0.557s] Level 1:colcon.colcon_core.environment:checking '/home/sarah/sb_ros2_ws/src/install/action_interfaces/bin'
[0.557s] INFO:colcon.colcon_core.shell:Creating package script '/home/sarah/sb_ros2_ws/src/install/action_interfaces/share/action_interfaces/package.ps1'
[0.557s] INFO:colcon.colcon_core.shell:Creating package descriptor '/home/sarah/sb_ros2_ws/src/install/action_interfaces/share/action_interfaces/package.dsv'
[0.558s] INFO:colcon.colcon_core.shell:Creating package script '/home/sarah/sb_ros2_ws/src/install/action_interfaces/share/action_interfaces/package.sh'
[0.558s] INFO:colcon.colcon_core.shell:Creating package script '/home/sarah/sb_ros2_ws/src/install/action_interfaces/share/action_interfaces/package.bash'
[0.558s] INFO:colcon.colcon_core.shell:Creating package script '/home/sarah/sb_ros2_ws/src/install/action_interfaces/share/action_interfaces/package.zsh'
[0.558s] Level 1:colcon.colcon_core.environment:create_file_with_runtime_dependencies(/home/sarah/sb_ros2_ws/src/install/action_interfaces/share/colcon-core/packages/action_interfaces)
[0.628s] Level 1:colcon.colcon_core.environment:checking '/home/sarah/sb_ros2_ws/src/install/sb_controller' for CMake module files
[0.629s] DEBUG:colcon.colcon_core.event_handler.log_command:Invoked command in '/home/sarah/sb_ros2_ws/src/sb_controller' returned '0': PYTHONPATH=/home/sarah/sb_ros2_ws/src/build/sb_controller/prefix_override:/usr/lib/python3/dist-packages/colcon_core/task/python/colcon_distutils_commands:/home/sarah/sb_ros2_ws/src/install/sb_controller/lib/python3.10/site-packages:${PYTHONPATH} /usr/bin/python3 -W ignore:setup.py install is deprecated -W ignore:easy_install command is deprecated setup.py egg_info --egg-base ../build/sb_controller build --build-base /home/sarah/sb_ros2_ws/src/build/sb_controller/build install --record /home/sarah/sb_ros2_ws/src/build/sb_controller/install.log --single-version-externally-managed install_data
[0.629s] Level 1:colcon.colcon_core.environment:checking '/home/sarah/sb_ros2_ws/src/install/sb_controller' for CMake config files
[0.629s] Level 1:colcon.colcon_core.environment:checking '/home/sarah/sb_ros2_ws/src/install/sb_controller/lib'
[0.629s] Level 1:colcon.colcon_core.environment:checking '/home/sarah/sb_ros2_ws/src/install/sb_controller/bin'
[0.629s] Level 1:colcon.colcon_core.environment:checking '/home/sarah/sb_ros2_ws/src/install/sb_controller/lib/pkgconfig/sb_controller.pc'
[0.629s] Level 1:colcon.colcon_core.environment:checking '/home/sarah/sb_ros2_ws/src/install/sb_controller/lib/python3.10/site-packages'
[0.629s] Level 1:colcon.colcon_core.shell:create_environment_hook('sb_controller', 'pythonpath')
[0.629s] INFO:colcon.colcon_core.shell:Creating environment hook '/home/sarah/sb_ros2_ws/src/install/sb_controller/share/sb_controller/hook/pythonpath.ps1'
[0.630s] INFO:colcon.colcon_core.shell:Creating environment descriptor '/home/sarah/sb_ros2_ws/src/install/sb_controller/share/sb_controller/hook/pythonpath.dsv'
[0.630s] INFO:colcon.colcon_core.shell:Creating environment hook '/home/sarah/sb_ros2_ws/src/install/sb_controller/share/sb_controller/hook/pythonpath.sh'
[0.630s] Level 1:colcon.colcon_core.environment:checking '/home/sarah/sb_ros2_ws/src/install/sb_controller/bin'
[0.630s] Level 1:colcon.colcon_core.environment:create_environment_scripts_only(sb_controller)
[0.630s] INFO:colcon.colcon_core.shell:Creating package script '/home/sarah/sb_ros2_ws/src/install/sb_controller/share/sb_controller/package.ps1'
[0.630s] INFO:colcon.colcon_core.shell:Creating package descriptor '/home/sarah/sb_ros2_ws/src/install/sb_controller/share/sb_controller/package.dsv'
[0.631s] INFO:colcon.colcon_core.shell:Creating package script '/home/sarah/sb_ros2_ws/src/install/sb_controller/share/sb_controller/package.sh'
[0.631s] INFO:colcon.colcon_core.shell:Creating package script '/home/sarah/sb_ros2_ws/src/install/sb_controller/share/sb_controller/package.bash'
[0.631s] INFO:colcon.colcon_core.shell:Creating package script '/home/sarah/sb_ros2_ws/src/install/sb_controller/share/sb_controller/package.zsh'
[0.631s] Level 1:colcon.colcon_core.environment:create_file_with_runtime_dependencies(/home/sarah/sb_ros2_ws/src/install/sb_controller/share/colcon-core/packages/sb_controller)
[0.631s] INFO:colcon.colcon_ros.task.ament_cmake.build:Building ROS package in '/home/sarah/sb_ros2_ws/src/standard_bot_bringup' with build type 'ament_cmake'
[0.631s] INFO:colcon.colcon_cmake.task.cmake.build:Building CMake package in '/home/sarah/sb_ros2_ws/src/standard_bot_bringup'
[0.632s] INFO:colcon.colcon_core.shell:Skip shell extension 'powershell' for command environment: Not usable outside of PowerShell
[0.632s] DEBUG:colcon.colcon_core.shell:Skip shell extension 'dsv' for command environment
[0.636s] DEBUG:colcon.colcon_core.event_handler.log_command:Invoking command in '/home/sarah/sb_ros2_ws/src/build/standard_bot_bringup': AMENT_PREFIX_PATH=/home/sarah/sb_ros2_ws/src/install/sb_controller:${AMENT_PREFIX_PATH} CMAKE_PREFIX_PATH=/opt/ros/humble PYTHONPATH=/home/sarah/sb_ros2_ws/src/install/sb_controller/lib/python3.10/site-packages:${PYTHONPATH} /usr/bin/cmake --build /home/sarah/sb_ros2_ws/src/build/standard_bot_bringup -- -j32 -l32
[0.668s] DEBUG:colcon.colcon_core.event_handler.log_command:Invoked command in '/home/sarah/sb_ros2_ws/src/build/standard_bot_bringup' returned '0': AMENT_PREFIX_PATH=/home/sarah/sb_ros2_ws/src/install/sb_controller:${AMENT_PREFIX_PATH} CMAKE_PREFIX_PATH=/opt/ros/humble PYTHONPATH=/home/sarah/sb_ros2_ws/src/install/sb_controller/lib/python3.10/site-packages:${PYTHONPATH} /usr/bin/cmake --build /home/sarah/sb_ros2_ws/src/build/standard_bot_bringup -- -j32 -l32
[0.669s] DEBUG:colcon.colcon_core.event_handler.log_command:Invoking command in '/home/sarah/sb_ros2_ws/src/build/standard_bot_bringup': AMENT_PREFIX_PATH=/home/sarah/sb_ros2_ws/src/install/sb_controller:${AMENT_PREFIX_PATH} CMAKE_PREFIX_PATH=/opt/ros/humble PYTHONPATH=/home/sarah/sb_ros2_ws/src/install/sb_controller/lib/python3.10/site-packages:${PYTHONPATH} /usr/bin/cmake --install /home/sarah/sb_ros2_ws/src/build/standard_bot_bringup
[0.676s] Level 1:colcon.colcon_core.environment:create_environment_scripts_only(standard_bot_bringup)
[0.677s] DEBUG:colcon.colcon_core.event_handler.log_command:Invoked command in '/home/sarah/sb_ros2_ws/src/build/standard_bot_bringup' returned '0': AMENT_PREFIX_PATH=/home/sarah/sb_ros2_ws/src/install/sb_controller:${AMENT_PREFIX_PATH} CMAKE_PREFIX_PATH=/opt/ros/humble PYTHONPATH=/home/sarah/sb_ros2_ws/src/install/sb_controller/lib/python3.10/site-packages:${PYTHONPATH} /usr/bin/cmake --install /home/sarah/sb_ros2_ws/src/build/standard_bot_bringup
[0.677s] Level 1:colcon.colcon_core.environment:checking '/home/sarah/sb_ros2_ws/src/install/standard_bot_bringup' for CMake module files
[0.677s] Level 1:colcon.colcon_core.environment:checking '/home/sarah/sb_ros2_ws/src/install/standard_bot_bringup' for CMake config files
[0.677s] Level 1:colcon.colcon_core.shell:create_environment_hook('standard_bot_bringup', 'cmake_prefix_path')
[0.677s] INFO:colcon.colcon_core.shell:Creating environment hook '/home/sarah/sb_ros2_ws/src/install/standard_bot_bringup/share/standard_bot_bringup/hook/cmake_prefix_path.ps1'
[0.678s] INFO:colcon.colcon_core.shell:Creating environment descriptor '/home/sarah/sb_ros2_ws/src/install/standard_bot_bringup/share/standard_bot_bringup/hook/cmake_prefix_path.dsv'
[0.678s] INFO:colcon.colcon_core.shell:Creating environment hook '/home/sarah/sb_ros2_ws/src/install/standard_bot_bringup/share/standard_bot_bringup/hook/cmake_prefix_path.sh'
[0.678s] Level 1:colcon.colcon_core.environment:checking '/home/sarah/sb_ros2_ws/src/install/standard_bot_bringup/bin'
[0.678s] Level 1:colcon.colcon_core.environment:checking '/home/sarah/sb_ros2_ws/src/install/standard_bot_bringup/lib/pkgconfig/standard_bot_bringup.pc'
[0.678s] Level 1:colcon.colcon_core.environment:checking '/home/sarah/sb_ros2_ws/src/install/standard_bot_bringup/lib/python3.10/site-packages'
[0.678s] Level 1:colcon.colcon_core.environment:checking '/home/sarah/sb_ros2_ws/src/install/standard_bot_bringup/bin'
[0.678s] INFO:colcon.colcon_core.shell:Creating package script '/home/sarah/sb_ros2_ws/src/install/standard_bot_bringup/share/standard_bot_bringup/package.ps1'
[0.679s] INFO:colcon.colcon_core.shell:Creating package descriptor '/home/sarah/sb_ros2_ws/src/install/standard_bot_bringup/share/standard_bot_bringup/package.dsv'
[0.679s] INFO:colcon.colcon_core.shell:Creating package script '/home/sarah/sb_ros2_ws/src/install/standard_bot_bringup/share/standard_bot_bringup/package.sh'
[0.679s] INFO:colcon.colcon_core.shell:Creating package script '/home/sarah/sb_ros2_ws/src/install/standard_bot_bringup/share/standard_bot_bringup/package.bash'
[0.679s] INFO:colcon.colcon_core.shell:Creating package script '/home/sarah/sb_ros2_ws/src/install/standard_bot_bringup/share/standard_bot_bringup/package.zsh'
[0.680s] Level 1:colcon.colcon_core.environment:create_file_with_runtime_dependencies(/home/sarah/sb_ros2_ws/src/install/standard_bot_bringup/share/colcon-core/packages/standard_bot_bringup)
[0.680s] Level 1:colcon.colcon_core.environment:create_environment_scripts_only(standard_bot_bringup)
[0.680s] Level 1:colcon.colcon_core.environment:checking '/home/sarah/sb_ros2_ws/src/install/standard_bot_bringup' for CMake module files
[0.680s] Level 1:colcon.colcon_core.environment:checking '/home/sarah/sb_ros2_ws/src/install/standard_bot_bringup' for CMake config files
[0.680s] Level 1:colcon.colcon_core.shell:create_environment_hook('standard_bot_bringup', 'cmake_prefix_path')
[0.681s] INFO:colcon.colcon_core.shell:Creating environment hook '/home/sarah/sb_ros2_ws/src/install/standard_bot_bringup/share/standard_bot_bringup/hook/cmake_prefix_path.ps1'
[0.681s] INFO:colcon.colcon_core.shell:Creating environment descriptor '/home/sarah/sb_ros2_ws/src/install/standard_bot_bringup/share/standard_bot_bringup/hook/cmake_prefix_path.dsv'
[0.681s] INFO:colcon.colcon_core.shell:Creating environment hook '/home/sarah/sb_ros2_ws/src/install/standard_bot_bringup/share/standard_bot_bringup/hook/cmake_prefix_path.sh'
[0.681s] Level 1:colcon.colcon_core.environment:checking '/home/sarah/sb_ros2_ws/src/install/standard_bot_bringup/bin'
[0.681s] Level 1:colcon.colcon_core.environment:checking '/home/sarah/sb_ros2_ws/src/install/standard_bot_bringup/lib/pkgconfig/standard_bot_bringup.pc'
[0.681s] Level 1:colcon.colcon_core.environment:checking '/home/sarah/sb_ros2_ws/src/install/standard_bot_bringup/lib/python3.10/site-packages'
[0.681s] Level 1:colcon.colcon_core.environment:checking '/home/sarah/sb_ros2_ws/src/install/standard_bot_bringup/bin'
[0.682s] INFO:colcon.colcon_core.shell:Creating package script '/home/sarah/sb_ros2_ws/src/install/standard_bot_bringup/share/standard_bot_bringup/package.ps1'
[0.682s] INFO:colcon.colcon_core.shell:Creating package descriptor '/home/sarah/sb_ros2_ws/src/install/standard_bot_bringup/share/standard_bot_bringup/package.dsv'
[0.682s] INFO:colcon.colcon_core.shell:Creating package script '/home/sarah/sb_ros2_ws/src/install/standard_bot_bringup/share/standard_bot_bringup/package.sh'
[0.682s] INFO:colcon.colcon_core.shell:Creating package script '/home/sarah/sb_ros2_ws/src/install/standard_bot_bringup/share/standard_bot_bringup/package.bash'
[0.683s] INFO:colcon.colcon_core.shell:Creating package script '/home/sarah/sb_ros2_ws/src/install/standard_bot_bringup/share/standard_bot_bringup/package.zsh'
[0.683s] Level 1:colcon.colcon_core.environment:create_file_with_runtime_dependencies(/home/sarah/sb_ros2_ws/src/install/standard_bot_bringup/share/colcon-core/packages/standard_bot_bringup)
[0.683s] DEBUG:colcon.colcon_parallel_executor.executor.parallel:closing loop
[0.683s] DEBUG:colcon.colcon_parallel_executor.executor.parallel:loop closed
[0.683s] DEBUG:colcon.colcon_parallel_executor.executor.parallel:run_until_complete finished with '0'
[0.683s] DEBUG:colcon.colcon_core.event_reactor:joining thread
[0.686s] INFO:colcon.colcon_core.plugin_system:Skipping extension 'colcon_notification.desktop_notification.terminal_notifier': Not used on non-Darwin systems
[0.686s] INFO:colcon.colcon_core.plugin_system:Skipping extension 'colcon_notification.desktop_notification.win32': Not used on non-Windows systems
[0.686s] INFO:colcon.colcon_notification.desktop_notification:Sending desktop notification using 'notify2'
[0.696s] DEBUG:colcon.colcon_core.event_reactor:joined thread
[0.696s] INFO:colcon.colcon_core.shell:Creating prefix script '/home/sarah/sb_ros2_ws/src/install/local_setup.ps1'
[0.697s] INFO:colcon.colcon_core.shell:Creating prefix util module '/home/sarah/sb_ros2_ws/src/install/_local_setup_util_ps1.py'
[0.697s] INFO:colcon.colcon_core.shell:Creating prefix chain script '/home/sarah/sb_ros2_ws/src/install/setup.ps1'
[0.698s] INFO:colcon.colcon_core.shell:Creating prefix script '/home/sarah/sb_ros2_ws/src/install/local_setup.sh'
[0.698s] INFO:colcon.colcon_core.shell:Creating prefix util module '/home/sarah/sb_ros2_ws/src/install/_local_setup_util_sh.py'
[0.698s] INFO:colcon.colcon_core.shell:Creating prefix chain script '/home/sarah/sb_ros2_ws/src/install/setup.sh'
[0.699s] INFO:colcon.colcon_core.shell:Creating prefix script '/home/sarah/sb_ros2_ws/src/install/local_setup.bash'
[0.699s] INFO:colcon.colcon_core.shell:Creating prefix chain script '/home/sarah/sb_ros2_ws/src/install/setup.bash'
[0.700s] INFO:colcon.colcon_core.shell:Creating prefix script '/home/sarah/sb_ros2_ws/src/install/local_setup.zsh'
[0.700s] INFO:colcon.colcon_core.shell:Creating prefix chain script '/home/sarah/sb_ros2_ws/src/install/setup.zsh'
