[0.141s] DEBUG:colcon:Command line arguments: ['/usr/bin/colcon', 'build']
[0.142s] DEBUG:colcon:Parsed command line arguments: Namespace(log_base=None, log_level=None, verb_name='build', build_base='build', install_base='install', merge_install=False, symlink_install=False, test_result_base=None, continue_on_error=False, executor='parallel', parallel_workers=32, event_handlers=None, ignore_user_meta=False, metas=['./colcon.meta'], base_paths=['.'], packages_ignore=None, packages_ignore_regex=None, paths=None, packages_up_to=None, packages_up_to_regex=None, packages_above=None, packages_above_and_dependencies=None, packages_above_depth=None, packages_select_by_dep=None, packages_skip_by_dep=None, packages_skip_up_to=None, packages_select_build_failed=False, packages_skip_build_finished=False, packages_select_test_failures=False, packages_skip_test_passed=False, packages_select=None, packages_skip=None, packages_select_regex=None, packages_skip_regex=None, packages_start=None, packages_end=None, allow_overriding=[], cmake_args=None, cmake_target=None, cmake_target_skip_unavailable=False, cmake_clean_cache=False, cmake_clean_first=False, cmake_force_configure=False, ament_cmake_args=None, catkin_cmake_args=None, catkin_skip_building_tests=False, mixin_files=None, mixin=None, verb_parser=<colcon_mixin.mixin.mixin_argument.MixinArgumentDecorator object at 0x72f3734916f0>, verb_extension=<colcon_core.verb.build.BuildVerb object at 0x72f373587040>, main=<bound method BuildVerb.main of <colcon_core.verb.build.BuildVerb object at 0x72f373587040>>, mixin_verb=('build',))
[0.229s] Level 1:colcon.colcon_core.package_discovery:discover_packages(colcon_meta) check parameters
[0.230s] Level 1:colcon.colcon_core.package_discovery:discover_packages(recursive) check parameters
[0.230s] Level 1:colcon.colcon_core.package_discovery:discover_packages(ignore) check parameters
[0.230s] Level 1:colcon.colcon_core.package_discovery:discover_packages(path) check parameters
[0.230s] Level 1:colcon.colcon_core.package_discovery:discover_packages(colcon_meta) discover
[0.230s] Level 1:colcon.colcon_core.package_discovery:discover_packages(recursive) discover
[0.230s] INFO:colcon.colcon_core.package_discovery:Crawling recursively for packages in '/home/sarah/sb_ros2_ws/src'
[0.230s] Level 1:colcon.colcon_core.package_identification:_identify(.) by extensions ['ignore', 'ignore_ament_install']
[0.230s] Level 1:colcon.colcon_core.package_identification:_identify(.) by extension 'ignore'
[0.230s] Level 1:colcon.colcon_core.package_identification:_identify(.) by extension 'ignore_ament_install'
[0.230s] Level 1:colcon.colcon_core.package_identification:_identify(.) by extensions ['colcon_pkg']
[0.230s] Level 1:colcon.colcon_core.package_identification:_identify(.) by extension 'colcon_pkg'
[0.230s] Level 1:colcon.colcon_core.package_identification:_identify(.) by extensions ['colcon_meta']
[0.230s] Level 1:colcon.colcon_core.package_identification:_identify(.) by extension 'colcon_meta'
[0.230s] Level 1:colcon.colcon_core.package_identification:_identify(.) by extensions ['ros']
[0.230s] Level 1:colcon.colcon_core.package_identification:_identify(.) by extension 'ros'
[0.235s] Level 1:colcon.colcon_core.package_identification:_identify(.) by extensions ['cmake', 'python']
[0.235s] Level 1:colcon.colcon_core.package_identification:_identify(.) by extension 'cmake'
[0.235s] Level 1:colcon.colcon_core.package_identification:_identify(.) by extension 'python'
[0.235s] Level 1:colcon.colcon_core.package_identification:_identify(.) by extensions ['python_setup_py']
[0.235s] Level 1:colcon.colcon_core.package_identification:_identify(.) by extension 'python_setup_py'
[0.235s] Level 1:colcon.colcon_core.package_identification:_identify(action_interfaces) by extensions ['ignore', 'ignore_ament_install']
[0.235s] Level 1:colcon.colcon_core.package_identification:_identify(action_interfaces) by extension 'ignore'
[0.235s] Level 1:colcon.colcon_core.package_identification:_identify(action_interfaces) by extension 'ignore_ament_install'
[0.235s] Level 1:colcon.colcon_core.package_identification:_identify(action_interfaces) by extensions ['colcon_pkg']
[0.235s] Level 1:colcon.colcon_core.package_identification:_identify(action_interfaces) by extension 'colcon_pkg'
[0.235s] Level 1:colcon.colcon_core.package_identification:_identify(action_interfaces) by extensions ['colcon_meta']
[0.235s] Level 1:colcon.colcon_core.package_identification:_identify(action_interfaces) by extension 'colcon_meta'
[0.235s] Level 1:colcon.colcon_core.package_identification:_identify(action_interfaces) by extensions ['ros']
[0.235s] Level 1:colcon.colcon_core.package_identification:_identify(action_interfaces) by extension 'ros'
[0.237s] DEBUG:colcon.colcon_core.package_identification:Package 'action_interfaces' with type 'ros.ament_cmake' and name 'action_interfaces'
[0.237s] Level 1:colcon.colcon_core.package_identification:_identify(build) by extensions ['ignore', 'ignore_ament_install']
[0.237s] Level 1:colcon.colcon_core.package_identification:_identify(build) by extension 'ignore'
[0.237s] Level 1:colcon.colcon_core.package_identification:_identify(build) ignored
[0.237s] Level 1:colcon.colcon_core.package_identification:_identify(install) by extensions ['ignore', 'ignore_ament_install']
[0.237s] Level 1:colcon.colcon_core.package_identification:_identify(install) by extension 'ignore'
[0.237s] Level 1:colcon.colcon_core.package_identification:_identify(install) ignored
[0.237s] Level 1:colcon.colcon_core.package_identification:_identify(log) by extensions ['ignore', 'ignore_ament_install']
[0.237s] Level 1:colcon.colcon_core.package_identification:_identify(log) by extension 'ignore'
[0.237s] Level 1:colcon.colcon_core.package_identification:_identify(log) ignored
[0.237s] Level 1:colcon.colcon_core.package_identification:_identify(my_cpp_py_pkg) by extensions ['ignore', 'ignore_ament_install']
[0.237s] Level 1:colcon.colcon_core.package_identification:_identify(my_cpp_py_pkg) by extension 'ignore'
[0.237s] Level 1:colcon.colcon_core.package_identification:_identify(my_cpp_py_pkg) by extension 'ignore_ament_install'
[0.237s] Level 1:colcon.colcon_core.package_identification:_identify(my_cpp_py_pkg) by extensions ['colcon_pkg']
[0.237s] Level 1:colcon.colcon_core.package_identification:_identify(my_cpp_py_pkg) by extension 'colcon_pkg'
[0.237s] Level 1:colcon.colcon_core.package_identification:_identify(my_cpp_py_pkg) by extensions ['colcon_meta']
[0.237s] Level 1:colcon.colcon_core.package_identification:_identify(my_cpp_py_pkg) by extension 'colcon_meta'
[0.238s] Level 1:colcon.colcon_core.package_identification:_identify(my_cpp_py_pkg) by extensions ['ros']
[0.238s] Level 1:colcon.colcon_core.package_identification:_identify(my_cpp_py_pkg) by extension 'ros'
[0.238s] DEBUG:colcon.colcon_core.package_identification:Package 'my_cpp_py_pkg' with type 'ros.ament_cmake' and name 'my_cpp_py_pkg'
[0.238s] Level 1:colcon.colcon_core.package_identification:_identify(sb_controller) by extensions ['ignore', 'ignore_ament_install']
[0.238s] Level 1:colcon.colcon_core.package_identification:_identify(sb_controller) by extension 'ignore'
[0.238s] Level 1:colcon.colcon_core.package_identification:_identify(sb_controller) by extension 'ignore_ament_install'
[0.238s] Level 1:colcon.colcon_core.package_identification:_identify(sb_controller) by extensions ['colcon_pkg']
[0.238s] Level 1:colcon.colcon_core.package_identification:_identify(sb_controller) by extension 'colcon_pkg'
[0.238s] Level 1:colcon.colcon_core.package_identification:_identify(sb_controller) by extensions ['colcon_meta']
[0.238s] Level 1:colcon.colcon_core.package_identification:_identify(sb_controller) by extension 'colcon_meta'
[0.238s] Level 1:colcon.colcon_core.package_identification:_identify(sb_controller) by extensions ['ros']
[0.238s] Level 1:colcon.colcon_core.package_identification:_identify(sb_controller) by extension 'ros'
[0.239s] DEBUG:colcon.colcon_core.package_identification:Package 'sb_controller' with type 'ros.ament_python' and name 'sb_controller'
[0.239s] Level 1:colcon.colcon_core.package_identification:_identify(standard_bot_bringup) by extensions ['ignore', 'ignore_ament_install']
[0.239s] Level 1:colcon.colcon_core.package_identification:_identify(standard_bot_bringup) by extension 'ignore'
[0.239s] Level 1:colcon.colcon_core.package_identification:_identify(standard_bot_bringup) by extension 'ignore_ament_install'
[0.239s] Level 1:colcon.colcon_core.package_identification:_identify(standard_bot_bringup) by extensions ['colcon_pkg']
[0.239s] Level 1:colcon.colcon_core.package_identification:_identify(standard_bot_bringup) by extension 'colcon_pkg'
[0.239s] Level 1:colcon.colcon_core.package_identification:_identify(standard_bot_bringup) by extensions ['colcon_meta']
[0.239s] Level 1:colcon.colcon_core.package_identification:_identify(standard_bot_bringup) by extension 'colcon_meta'
[0.239s] Level 1:colcon.colcon_core.package_identification:_identify(standard_bot_bringup) by extensions ['ros']
[0.239s] Level 1:colcon.colcon_core.package_identification:_identify(standard_bot_bringup) by extension 'ros'
[0.239s] DEBUG:colcon.colcon_core.package_identification:Package 'standard_bot_bringup' with type 'ros.ament_cmake' and name 'standard_bot_bringup'
[0.239s] Level 1:colcon.colcon_core.package_discovery:discover_packages(recursive) using defaults
[0.243s] Level 1:colcon.colcon_core.package_discovery:discover_packages(ignore) discover
[0.243s] Level 1:colcon.colcon_core.package_discovery:discover_packages(ignore) using defaults
[0.243s] Level 1:colcon.colcon_core.package_discovery:discover_packages(path) discover
[0.243s] Level 1:colcon.colcon_core.package_discovery:discover_packages(path) using defaults
[0.253s] Level 1:colcon.colcon_core.package_discovery:discover_packages(prefix_path) check parameters
[0.253s] Level 1:colcon.colcon_core.package_discovery:discover_packages(prefix_path) discover
[0.265s] DEBUG:colcon.colcon_installed_package_information.package_discovery:Found 185 installed packages in /opt/ros/humble
[0.266s] Level 1:colcon.colcon_core.package_discovery:discover_packages(prefix_path) using defaults
[0.282s] Level 5:colcon.colcon_core.verb:set package 'action_interfaces' build argument 'cmake_args' from command line to 'None'
[0.282s] Level 5:colcon.colcon_core.verb:set package 'action_interfaces' build argument 'cmake_target' from command line to 'None'
[0.282s] Level 5:colcon.colcon_core.verb:set package 'action_interfaces' build argument 'cmake_target_skip_unavailable' from command line to 'False'
[0.282s] Level 5:colcon.colcon_core.verb:set package 'action_interfaces' build argument 'cmake_clean_cache' from command line to 'False'
[0.282s] Level 5:colcon.colcon_core.verb:set package 'action_interfaces' build argument 'cmake_clean_first' from command line to 'False'
[0.282s] Level 5:colcon.colcon_core.verb:set package 'action_interfaces' build argument 'cmake_force_configure' from command line to 'False'
[0.282s] Level 5:colcon.colcon_core.verb:set package 'action_interfaces' build argument 'ament_cmake_args' from command line to 'None'
[0.282s] Level 5:colcon.colcon_core.verb:set package 'action_interfaces' build argument 'catkin_cmake_args' from command line to 'None'
[0.282s] Level 5:colcon.colcon_core.verb:set package 'action_interfaces' build argument 'catkin_skip_building_tests' from command line to 'False'
[0.282s] DEBUG:colcon.colcon_core.verb:Building package 'action_interfaces' with the following arguments: {'ament_cmake_args': None, 'build_base': '/home/sarah/sb_ros2_ws/src/build/action_interfaces', 'catkin_cmake_args': None, 'catkin_skip_building_tests': False, 'cmake_args': None, 'cmake_clean_cache': False, 'cmake_clean_first': False, 'cmake_force_configure': False, 'cmake_target': None, 'cmake_target_skip_unavailable': False, 'install_base': '/home/sarah/sb_ros2_ws/src/install/action_interfaces', 'merge_install': False, 'path': '/home/sarah/sb_ros2_ws/src/action_interfaces', 'symlink_install': False, 'test_result_base': None}
[0.282s] Level 5:colcon.colcon_core.verb:set package 'my_cpp_py_pkg' build argument 'cmake_args' from command line to 'None'
[0.282s] Level 5:colcon.colcon_core.verb:set package 'my_cpp_py_pkg' build argument 'cmake_target' from command line to 'None'
[0.282s] Level 5:colcon.colcon_core.verb:set package 'my_cpp_py_pkg' build argument 'cmake_target_skip_unavailable' from command line to 'False'
[0.282s] Level 5:colcon.colcon_core.verb:set package 'my_cpp_py_pkg' build argument 'cmake_clean_cache' from command line to 'False'
[0.282s] Level 5:colcon.colcon_core.verb:set package 'my_cpp_py_pkg' build argument 'cmake_clean_first' from command line to 'False'
[0.282s] Level 5:colcon.colcon_core.verb:set package 'my_cpp_py_pkg' build argument 'cmake_force_configure' from command line to 'False'
[0.282s] Level 5:colcon.colcon_core.verb:set package 'my_cpp_py_pkg' build argument 'ament_cmake_args' from command line to 'None'
[0.282s] Level 5:colcon.colcon_core.verb:set package 'my_cpp_py_pkg' build argument 'catkin_cmake_args' from command line to 'None'
[0.282s] Level 5:colcon.colcon_core.verb:set package 'my_cpp_py_pkg' build argument 'catkin_skip_building_tests' from command line to 'False'
[0.282s] DEBUG:colcon.colcon_core.verb:Building package 'my_cpp_py_pkg' with the following arguments: {'ament_cmake_args': None, 'build_base': '/home/sarah/sb_ros2_ws/src/build/my_cpp_py_pkg', 'catkin_cmake_args': None, 'catkin_skip_building_tests': False, 'cmake_args': None, 'cmake_clean_cache': False, 'cmake_clean_first': False, 'cmake_force_configure': False, 'cmake_target': None, 'cmake_target_skip_unavailable': False, 'install_base': '/home/sarah/sb_ros2_ws/src/install/my_cpp_py_pkg', 'merge_install': False, 'path': '/home/sarah/sb_ros2_ws/src/my_cpp_py_pkg', 'symlink_install': False, 'test_result_base': None}
[0.283s] Level 5:colcon.colcon_core.verb:set package 'sb_controller' build argument 'cmake_args' from command line to 'None'
[0.283s] Level 5:colcon.colcon_core.verb:set package 'sb_controller' build argument 'cmake_target' from command line to 'None'
[0.283s] Level 5:colcon.colcon_core.verb:set package 'sb_controller' build argument 'cmake_target_skip_unavailable' from command line to 'False'
[0.283s] Level 5:colcon.colcon_core.verb:set package 'sb_controller' build argument 'cmake_clean_cache' from command line to 'False'
[0.283s] Level 5:colcon.colcon_core.verb:set package 'sb_controller' build argument 'cmake_clean_first' from command line to 'False'
[0.283s] Level 5:colcon.colcon_core.verb:set package 'sb_controller' build argument 'cmake_force_configure' from command line to 'False'
[0.283s] Level 5:colcon.colcon_core.verb:set package 'sb_controller' build argument 'ament_cmake_args' from command line to 'None'
[0.283s] Level 5:colcon.colcon_core.verb:set package 'sb_controller' build argument 'catkin_cmake_args' from command line to 'None'
[0.283s] Level 5:colcon.colcon_core.verb:set package 'sb_controller' build argument 'catkin_skip_building_tests' from command line to 'False'
[0.283s] DEBUG:colcon.colcon_core.verb:Building package 'sb_controller' with the following arguments: {'ament_cmake_args': None, 'build_base': '/home/sarah/sb_ros2_ws/src/build/sb_controller', 'catkin_cmake_args': None, 'catkin_skip_building_tests': False, 'cmake_args': None, 'cmake_clean_cache': False, 'cmake_clean_first': False, 'cmake_force_configure': False, 'cmake_target': None, 'cmake_target_skip_unavailable': False, 'install_base': '/home/sarah/sb_ros2_ws/src/install/sb_controller', 'merge_install': False, 'path': '/home/sarah/sb_ros2_ws/src/sb_controller', 'symlink_install': False, 'test_result_base': None}
[0.283s] Level 5:colcon.colcon_core.verb:set package 'standard_bot_bringup' build argument 'cmake_args' from command line to 'None'
[0.283s] Level 5:colcon.colcon_core.verb:set package 'standard_bot_bringup' build argument 'cmake_target' from command line to 'None'
[0.283s] Level 5:colcon.colcon_core.verb:set package 'standard_bot_bringup' build argument 'cmake_target_skip_unavailable' from command line to 'False'
[0.283s] Level 5:colcon.colcon_core.verb:set package 'standard_bot_bringup' build argument 'cmake_clean_cache' from command line to 'False'
[0.283s] Level 5:colcon.colcon_core.verb:set package 'standard_bot_bringup' build argument 'cmake_clean_first' from command line to 'False'
[0.283s] Level 5:colcon.colcon_core.verb:set package 'standard_bot_bringup' build argument 'cmake_force_configure' from command line to 'False'
[0.283s] Level 5:colcon.colcon_core.verb:set package 'standard_bot_bringup' build argument 'ament_cmake_args' from command line to 'None'
[0.283s] Level 5:colcon.colcon_core.verb:set package 'standard_bot_bringup' build argument 'catkin_cmake_args' from command line to 'None'
[0.283s] Level 5:colcon.colcon_core.verb:set package 'standard_bot_bringup' build argument 'catkin_skip_building_tests' from command line to 'False'
[0.283s] DEBUG:colcon.colcon_core.verb:Building package 'standard_bot_bringup' with the following arguments: {'ament_cmake_args': None, 'build_base': '/home/sarah/sb_ros2_ws/src/build/standard_bot_bringup', 'catkin_cmake_args': None, 'catkin_skip_building_tests': False, 'cmake_args': None, 'cmake_clean_cache': False, 'cmake_clean_first': False, 'cmake_force_configure': False, 'cmake_target': None, 'cmake_target_skip_unavailable': False, 'install_base': '/home/sarah/sb_ros2_ws/src/install/standard_bot_bringup', 'merge_install': False, 'path': '/home/sarah/sb_ros2_ws/src/standard_bot_bringup', 'symlink_install': False, 'test_result_base': None}
[0.283s] INFO:colcon.colcon_core.executor:Executing jobs using 'parallel' executor
[0.283s] DEBUG:colcon.colcon_parallel_executor.executor.parallel:run_until_complete
[0.284s] INFO:colcon.colcon_ros.task.ament_python.build:Building ROS package in '/home/sarah/sb_ros2_ws/src/sb_controller' with build type 'ament_python'
[0.284s] Level 1:colcon.colcon_core.shell:create_environment_hook('sb_controller', 'ament_prefix_path')
[0.301s] INFO:colcon.colcon_core.plugin_system:Skipping extension 'colcon_core.shell.bat': Not used on non-Windows systems
[0.301s] INFO:colcon.colcon_core.shell:Creating environment hook '/home/sarah/sb_ros2_ws/src/install/sb_controller/share/sb_controller/hook/ament_prefix_path.ps1'
[0.304s] INFO:colcon.colcon_core.shell:Creating environment descriptor '/home/sarah/sb_ros2_ws/src/install/sb_controller/share/sb_controller/hook/ament_prefix_path.dsv'
[0.305s] INFO:colcon.colcon_core.shell:Creating environment hook '/home/sarah/sb_ros2_ws/src/install/sb_controller/share/sb_controller/hook/ament_prefix_path.sh'
[0.308s] INFO:colcon.colcon_core.shell:Skip shell extension 'powershell' for command environment: Not usable outside of PowerShell
[0.308s] DEBUG:colcon.colcon_core.shell:Skip shell extension 'dsv' for command environment
[0.313s] INFO:colcon.colcon_ros.task.ament_cmake.build:Building ROS package in '/home/sarah/sb_ros2_ws/src/action_interfaces' with build type 'ament_cmake'
[0.313s] INFO:colcon.colcon_cmake.task.cmake.build:Building CMake package in '/home/sarah/sb_ros2_ws/src/action_interfaces'
[0.314s] INFO:colcon.colcon_core.shell:Skip shell extension 'powershell' for command environment: Not usable outside of PowerShell
[0.314s] DEBUG:colcon.colcon_core.shell:Skip shell extension 'dsv' for command environment
[0.316s] INFO:colcon.colcon_ros.task.ament_cmake.build:Building ROS package in '/home/sarah/sb_ros2_ws/src/my_cpp_py_pkg' with build type 'ament_cmake'
[0.317s] INFO:colcon.colcon_cmake.task.cmake.build:Building CMake package in '/home/sarah/sb_ros2_ws/src/my_cpp_py_pkg'
[0.317s] INFO:colcon.colcon_core.shell:Skip shell extension 'powershell' for command environment: Not usable outside of PowerShell
[0.317s] DEBUG:colcon.colcon_core.shell:Skip shell extension 'dsv' for command environment
[0.460s] INFO:colcon.colcon_core.task.python.build:Building Python package in '/home/sarah/sb_ros2_ws/src/sb_controller'
[0.460s] INFO:colcon.colcon_core.shell:Skip shell extension 'powershell' for command environment: Not usable outside of PowerShell
[0.460s] DEBUG:colcon.colcon_core.shell:Skip shell extension 'dsv' for command environment
[0.465s] DEBUG:colcon.colcon_core.event_handler.log_command:Invoking command in '/home/sarah/sb_ros2_ws/src/build/action_interfaces': CMAKE_PREFIX_PATH=/opt/ros/humble /usr/bin/cmake --build /home/sarah/sb_ros2_ws/src/build/action_interfaces -- -j32 -l32
[0.477s] DEBUG:colcon.colcon_core.event_handler.log_command:Invoking command in '/home/sarah/sb_ros2_ws/src/build/my_cpp_py_pkg': CMAKE_PREFIX_PATH=/opt/ros/humble /usr/bin/cmake --build /home/sarah/sb_ros2_ws/src/build/my_cpp_py_pkg -- -j32 -l32
[0.986s] DEBUG:colcon.colcon_core.event_handler.log_command:Invoked command in '/home/sarah/sb_ros2_ws/src/build/my_cpp_py_pkg' returned '0': CMAKE_PREFIX_PATH=/opt/ros/humble /usr/bin/cmake --build /home/sarah/sb_ros2_ws/src/build/my_cpp_py_pkg -- -j32 -l32
[0.994s] DEBUG:colcon.colcon_core.event_handler.log_command:Invoking command in '/home/sarah/sb_ros2_ws/src/build/my_cpp_py_pkg': CMAKE_PREFIX_PATH=/opt/ros/humble /usr/bin/cmake --install /home/sarah/sb_ros2_ws/src/build/my_cpp_py_pkg
[1.016s] DEBUG:colcon.colcon_core.event_handler.log_command:Invoked command in '/home/sarah/sb_ros2_ws/src/build/action_interfaces' returned '0': CMAKE_PREFIX_PATH=/opt/ros/humble /usr/bin/cmake --build /home/sarah/sb_ros2_ws/src/build/action_interfaces -- -j32 -l32
[1.020s] DEBUG:colcon.colcon_core.event_handler.log_command:Invoking command in '/home/sarah/sb_ros2_ws/src/build/action_interfaces': CMAKE_PREFIX_PATH=/opt/ros/humble /usr/bin/cmake --install /home/sarah/sb_ros2_ws/src/build/action_interfaces
[1.039s] Level 1:colcon.colcon_core.environment:create_environment_scripts_only(my_cpp_py_pkg)
[1.040s] DEBUG:colcon.colcon_core.event_handler.log_command:Invoked command in '/home/sarah/sb_ros2_ws/src/build/my_cpp_py_pkg' returned '0': CMAKE_PREFIX_PATH=/opt/ros/humble /usr/bin/cmake --install /home/sarah/sb_ros2_ws/src/build/my_cpp_py_pkg
[1.058s] Level 1:colcon.colcon_core.environment:checking '/home/sarah/sb_ros2_ws/src/install/my_cpp_py_pkg' for CMake module files
[1.058s] Level 1:colcon.colcon_core.environment:checking '/home/sarah/sb_ros2_ws/src/install/my_cpp_py_pkg' for CMake config files
[1.059s] Level 1:colcon.colcon_core.shell:create_environment_hook('my_cpp_py_pkg', 'cmake_prefix_path')
[1.059s] INFO:colcon.colcon_core.shell:Creating environment hook '/home/sarah/sb_ros2_ws/src/install/my_cpp_py_pkg/share/my_cpp_py_pkg/hook/cmake_prefix_path.ps1'
[1.059s] INFO:colcon.colcon_core.shell:Creating environment descriptor '/home/sarah/sb_ros2_ws/src/install/my_cpp_py_pkg/share/my_cpp_py_pkg/hook/cmake_prefix_path.dsv'
[1.059s] INFO:colcon.colcon_core.shell:Creating environment hook '/home/sarah/sb_ros2_ws/src/install/my_cpp_py_pkg/share/my_cpp_py_pkg/hook/cmake_prefix_path.sh'
[1.060s] Level 1:colcon.colcon_core.environment:checking '/home/sarah/sb_ros2_ws/src/install/my_cpp_py_pkg/lib'
[1.060s] Level 1:colcon.colcon_core.environment:checking '/home/sarah/sb_ros2_ws/src/install/my_cpp_py_pkg/bin'
[1.060s] Level 1:colcon.colcon_core.environment:checking '/home/sarah/sb_ros2_ws/src/install/my_cpp_py_pkg/lib/pkgconfig/my_cpp_py_pkg.pc'
[1.060s] Level 1:colcon.colcon_core.environment:checking '/home/sarah/sb_ros2_ws/src/install/my_cpp_py_pkg/lib/python3.10/site-packages'
[1.060s] Level 1:colcon.colcon_core.environment:checking '/home/sarah/sb_ros2_ws/src/install/my_cpp_py_pkg/bin'
[1.060s] INFO:colcon.colcon_core.shell:Creating package script '/home/sarah/sb_ros2_ws/src/install/my_cpp_py_pkg/share/my_cpp_py_pkg/package.ps1'
[1.062s] INFO:colcon.colcon_core.shell:Creating package descriptor '/home/sarah/sb_ros2_ws/src/install/my_cpp_py_pkg/share/my_cpp_py_pkg/package.dsv'
[1.063s] INFO:colcon.colcon_core.shell:Creating package script '/home/sarah/sb_ros2_ws/src/install/my_cpp_py_pkg/share/my_cpp_py_pkg/package.sh'
[1.065s] INFO:colcon.colcon_core.shell:Creating package script '/home/sarah/sb_ros2_ws/src/install/my_cpp_py_pkg/share/my_cpp_py_pkg/package.bash'
[1.068s] INFO:colcon.colcon_core.shell:Creating package script '/home/sarah/sb_ros2_ws/src/install/my_cpp_py_pkg/share/my_cpp_py_pkg/package.zsh'
[1.071s] Level 1:colcon.colcon_core.environment:create_file_with_runtime_dependencies(/home/sarah/sb_ros2_ws/src/install/my_cpp_py_pkg/share/colcon-core/packages/my_cpp_py_pkg)
[1.072s] Level 1:colcon.colcon_core.environment:create_environment_scripts_only(my_cpp_py_pkg)
[1.072s] Level 1:colcon.colcon_core.environment:checking '/home/sarah/sb_ros2_ws/src/install/my_cpp_py_pkg' for CMake module files
[1.072s] Level 1:colcon.colcon_core.environment:checking '/home/sarah/sb_ros2_ws/src/install/my_cpp_py_pkg' for CMake config files
[1.072s] Level 1:colcon.colcon_core.shell:create_environment_hook('my_cpp_py_pkg', 'cmake_prefix_path')
[1.072s] INFO:colcon.colcon_core.shell:Creating environment hook '/home/sarah/sb_ros2_ws/src/install/my_cpp_py_pkg/share/my_cpp_py_pkg/hook/cmake_prefix_path.ps1'
[1.073s] INFO:colcon.colcon_core.shell:Creating environment descriptor '/home/sarah/sb_ros2_ws/src/install/my_cpp_py_pkg/share/my_cpp_py_pkg/hook/cmake_prefix_path.dsv'
[1.073s] INFO:colcon.colcon_core.shell:Creating environment hook '/home/sarah/sb_ros2_ws/src/install/my_cpp_py_pkg/share/my_cpp_py_pkg/hook/cmake_prefix_path.sh'
[1.073s] Level 1:colcon.colcon_core.environment:checking '/home/sarah/sb_ros2_ws/src/install/my_cpp_py_pkg/lib'
[1.073s] Level 1:colcon.colcon_core.environment:checking '/home/sarah/sb_ros2_ws/src/install/my_cpp_py_pkg/bin'
[1.073s] Level 1:colcon.colcon_core.environment:checking '/home/sarah/sb_ros2_ws/src/install/my_cpp_py_pkg/lib/pkgconfig/my_cpp_py_pkg.pc'
[1.073s] Level 1:colcon.colcon_core.environment:checking '/home/sarah/sb_ros2_ws/src/install/my_cpp_py_pkg/lib/python3.10/site-packages'
[1.073s] Level 1:colcon.colcon_core.environment:checking '/home/sarah/sb_ros2_ws/src/install/my_cpp_py_pkg/bin'
[1.073s] INFO:colcon.colcon_core.shell:Creating package script '/home/sarah/sb_ros2_ws/src/install/my_cpp_py_pkg/share/my_cpp_py_pkg/package.ps1'
[1.074s] INFO:colcon.colcon_core.shell:Creating package descriptor '/home/sarah/sb_ros2_ws/src/install/my_cpp_py_pkg/share/my_cpp_py_pkg/package.dsv'
[1.074s] INFO:colcon.colcon_core.shell:Creating package script '/home/sarah/sb_ros2_ws/src/install/my_cpp_py_pkg/share/my_cpp_py_pkg/package.sh'
[1.074s] INFO:colcon.colcon_core.shell:Creating package script '/home/sarah/sb_ros2_ws/src/install/my_cpp_py_pkg/share/my_cpp_py_pkg/package.bash'
[1.074s] INFO:colcon.colcon_core.shell:Creating package script '/home/sarah/sb_ros2_ws/src/install/my_cpp_py_pkg/share/my_cpp_py_pkg/package.zsh'
[1.074s] Level 1:colcon.colcon_core.environment:create_file_with_runtime_dependencies(/home/sarah/sb_ros2_ws/src/install/my_cpp_py_pkg/share/colcon-core/packages/my_cpp_py_pkg)
[1.158s] Level 1:colcon.colcon_core.environment:create_environment_scripts_only(action_interfaces)
[1.158s] Level 1:colcon.colcon_core.environment:checking '/home/sarah/sb_ros2_ws/src/install/action_interfaces' for CMake module files
[1.159s] DEBUG:colcon.colcon_core.event_handler.log_command:Invoked command in '/home/sarah/sb_ros2_ws/src/build/action_interfaces' returned '0': CMAKE_PREFIX_PATH=/opt/ros/humble /usr/bin/cmake --install /home/sarah/sb_ros2_ws/src/build/action_interfaces
[1.159s] Level 1:colcon.colcon_core.environment:checking '/home/sarah/sb_ros2_ws/src/install/action_interfaces' for CMake config files
[1.160s] Level 1:colcon.colcon_core.shell:create_environment_hook('action_interfaces', 'cmake_prefix_path')
[1.160s] INFO:colcon.colcon_core.shell:Creating environment hook '/home/sarah/sb_ros2_ws/src/install/action_interfaces/share/action_interfaces/hook/cmake_prefix_path.ps1'
[1.161s] INFO:colcon.colcon_core.shell:Creating environment descriptor '/home/sarah/sb_ros2_ws/src/install/action_interfaces/share/action_interfaces/hook/cmake_prefix_path.dsv'
[1.161s] INFO:colcon.colcon_core.shell:Creating environment hook '/home/sarah/sb_ros2_ws/src/install/action_interfaces/share/action_interfaces/hook/cmake_prefix_path.sh'
[1.162s] Level 1:colcon.colcon_core.environment:checking '/home/sarah/sb_ros2_ws/src/install/action_interfaces/lib'
[1.162s] Level 1:colcon.colcon_core.shell:create_environment_hook('action_interfaces', 'ld_library_path_lib')
[1.162s] INFO:colcon.colcon_core.shell:Creating environment hook '/home/sarah/sb_ros2_ws/src/install/action_interfaces/share/action_interfaces/hook/ld_library_path_lib.ps1'
[1.162s] INFO:colcon.colcon_core.shell:Creating environment descriptor '/home/sarah/sb_ros2_ws/src/install/action_interfaces/share/action_interfaces/hook/ld_library_path_lib.dsv'
[1.163s] INFO:colcon.colcon_core.shell:Creating environment hook '/home/sarah/sb_ros2_ws/src/install/action_interfaces/share/action_interfaces/hook/ld_library_path_lib.sh'
[1.163s] Level 1:colcon.colcon_core.environment:checking '/home/sarah/sb_ros2_ws/src/install/action_interfaces/bin'
[1.163s] Level 1:colcon.colcon_core.environment:checking '/home/sarah/sb_ros2_ws/src/install/action_interfaces/lib/pkgconfig/action_interfaces.pc'
[1.163s] Level 1:colcon.colcon_core.environment:checking '/home/sarah/sb_ros2_ws/src/install/action_interfaces/lib/python3.10/site-packages'
[1.164s] Level 1:colcon.colcon_core.environment:checking '/home/sarah/sb_ros2_ws/src/install/action_interfaces/bin'
[1.164s] INFO:colcon.colcon_core.shell:Creating package script '/home/sarah/sb_ros2_ws/src/install/action_interfaces/share/action_interfaces/package.ps1'
[1.165s] INFO:colcon.colcon_core.shell:Creating package descriptor '/home/sarah/sb_ros2_ws/src/install/action_interfaces/share/action_interfaces/package.dsv'
[1.165s] INFO:colcon.colcon_core.shell:Creating package script '/home/sarah/sb_ros2_ws/src/install/action_interfaces/share/action_interfaces/package.sh'
[1.166s] INFO:colcon.colcon_core.shell:Creating package script '/home/sarah/sb_ros2_ws/src/install/action_interfaces/share/action_interfaces/package.bash'
[1.166s] INFO:colcon.colcon_core.shell:Creating package script '/home/sarah/sb_ros2_ws/src/install/action_interfaces/share/action_interfaces/package.zsh'
[1.166s] Level 1:colcon.colcon_core.environment:create_file_with_runtime_dependencies(/home/sarah/sb_ros2_ws/src/install/action_interfaces/share/colcon-core/packages/action_interfaces)
[1.167s] Level 1:colcon.colcon_core.environment:create_environment_scripts_only(action_interfaces)
[1.167s] Level 1:colcon.colcon_core.environment:checking '/home/sarah/sb_ros2_ws/src/install/action_interfaces' for CMake module files
[1.168s] Level 1:colcon.colcon_core.environment:checking '/home/sarah/sb_ros2_ws/src/install/action_interfaces' for CMake config files
[1.169s] Level 1:colcon.colcon_core.shell:create_environment_hook('action_interfaces', 'cmake_prefix_path')
[1.169s] INFO:colcon.colcon_core.shell:Creating environment hook '/home/sarah/sb_ros2_ws/src/install/action_interfaces/share/action_interfaces/hook/cmake_prefix_path.ps1'
[1.170s] INFO:colcon.colcon_core.shell:Creating environment descriptor '/home/sarah/sb_ros2_ws/src/install/action_interfaces/share/action_interfaces/hook/cmake_prefix_path.dsv'
[1.170s] INFO:colcon.colcon_core.shell:Creating environment hook '/home/sarah/sb_ros2_ws/src/install/action_interfaces/share/action_interfaces/hook/cmake_prefix_path.sh'
[1.171s] Level 1:colcon.colcon_core.environment:checking '/home/sarah/sb_ros2_ws/src/install/action_interfaces/lib'
[1.171s] Level 1:colcon.colcon_core.shell:create_environment_hook('action_interfaces', 'ld_library_path_lib')
[1.171s] INFO:colcon.colcon_core.shell:Creating environment hook '/home/sarah/sb_ros2_ws/src/install/action_interfaces/share/action_interfaces/hook/ld_library_path_lib.ps1'
[1.171s] INFO:colcon.colcon_core.shell:Creating environment descriptor '/home/sarah/sb_ros2_ws/src/install/action_interfaces/share/action_interfaces/hook/ld_library_path_lib.dsv'
[1.172s] INFO:colcon.colcon_core.shell:Creating environment hook '/home/sarah/sb_ros2_ws/src/install/action_interfaces/share/action_interfaces/hook/ld_library_path_lib.sh'
[1.172s] Level 1:colcon.colcon_core.environment:checking '/home/sarah/sb_ros2_ws/src/install/action_interfaces/bin'
[1.172s] Level 1:colcon.colcon_core.environment:checking '/home/sarah/sb_ros2_ws/src/install/action_interfaces/lib/pkgconfig/action_interfaces.pc'
[1.173s] Level 1:colcon.colcon_core.environment:checking '/home/sarah/sb_ros2_ws/src/install/action_interfaces/lib/python3.10/site-packages'
[1.173s] Level 1:colcon.colcon_core.environment:checking '/home/sarah/sb_ros2_ws/src/install/action_interfaces/bin'
[1.173s] INFO:colcon.colcon_core.shell:Creating package script '/home/sarah/sb_ros2_ws/src/install/action_interfaces/share/action_interfaces/package.ps1'
[1.174s] INFO:colcon.colcon_core.shell:Creating package descriptor '/home/sarah/sb_ros2_ws/src/install/action_interfaces/share/action_interfaces/package.dsv'
[1.174s] INFO:colcon.colcon_core.shell:Creating package script '/home/sarah/sb_ros2_ws/src/install/action_interfaces/share/action_interfaces/package.sh'
[1.175s] INFO:colcon.colcon_core.shell:Creating package script '/home/sarah/sb_ros2_ws/src/install/action_interfaces/share/action_interfaces/package.bash'
[1.175s] INFO:colcon.colcon_core.shell:Creating package script '/home/sarah/sb_ros2_ws/src/install/action_interfaces/share/action_interfaces/package.zsh'
[1.175s] Level 1:colcon.colcon_core.environment:create_file_with_runtime_dependencies(/home/sarah/sb_ros2_ws/src/install/action_interfaces/share/colcon-core/packages/action_interfaces)
[1.856s] DEBUG:colcon.colcon_core.event_handler.log_command:Invoking command in '/home/sarah/sb_ros2_ws/src/sb_controller': PYTHONPATH=/home/sarah/sb_ros2_ws/src/build/sb_controller/prefix_override:/usr/lib/python3/dist-packages/colcon_core/task/python/colcon_distutils_commands:/home/sarah/sb_ros2_ws/src/install/sb_controller/lib/python3.10/site-packages:${PYTHONPATH} /usr/bin/python3 -W ignore:setup.py install is deprecated -W ignore:easy_install command is deprecated setup.py egg_info --egg-base ../build/sb_controller build --build-base /home/sarah/sb_ros2_ws/src/build/sb_controller/build install --record /home/sarah/sb_ros2_ws/src/build/sb_controller/install.log --single-version-externally-managed install_data
[1.987s] Level 1:colcon.colcon_core.environment:checking '/home/sarah/sb_ros2_ws/src/install/sb_controller' for CMake module files
[1.987s] DEBUG:colcon.colcon_core.event_handler.log_command:Invoked command in '/home/sarah/sb_ros2_ws/src/sb_controller' returned '0': PYTHONPATH=/home/sarah/sb_ros2_ws/src/build/sb_controller/prefix_override:/usr/lib/python3/dist-packages/colcon_core/task/python/colcon_distutils_commands:/home/sarah/sb_ros2_ws/src/install/sb_controller/lib/python3.10/site-packages:${PYTHONPATH} /usr/bin/python3 -W ignore:setup.py install is deprecated -W ignore:easy_install command is deprecated setup.py egg_info --egg-base ../build/sb_controller build --build-base /home/sarah/sb_ros2_ws/src/build/sb_controller/build install --record /home/sarah/sb_ros2_ws/src/build/sb_controller/install.log --single-version-externally-managed install_data
[1.987s] Level 1:colcon.colcon_core.environment:checking '/home/sarah/sb_ros2_ws/src/install/sb_controller' for CMake config files
[1.988s] Level 1:colcon.colcon_core.environment:checking '/home/sarah/sb_ros2_ws/src/install/sb_controller/lib'
[1.988s] Level 1:colcon.colcon_core.environment:checking '/home/sarah/sb_ros2_ws/src/install/sb_controller/bin'
[1.988s] Level 1:colcon.colcon_core.environment:checking '/home/sarah/sb_ros2_ws/src/install/sb_controller/lib/pkgconfig/sb_controller.pc'
[1.988s] Level 1:colcon.colcon_core.environment:checking '/home/sarah/sb_ros2_ws/src/install/sb_controller/lib/python3.10/site-packages'
[1.988s] Level 1:colcon.colcon_core.shell:create_environment_hook('sb_controller', 'pythonpath')
[1.988s] INFO:colcon.colcon_core.shell:Creating environment hook '/home/sarah/sb_ros2_ws/src/install/sb_controller/share/sb_controller/hook/pythonpath.ps1'
[1.988s] INFO:colcon.colcon_core.shell:Creating environment descriptor '/home/sarah/sb_ros2_ws/src/install/sb_controller/share/sb_controller/hook/pythonpath.dsv'
[1.988s] INFO:colcon.colcon_core.shell:Creating environment hook '/home/sarah/sb_ros2_ws/src/install/sb_controller/share/sb_controller/hook/pythonpath.sh'
[1.989s] Level 1:colcon.colcon_core.environment:checking '/home/sarah/sb_ros2_ws/src/install/sb_controller/bin'
[1.989s] Level 1:colcon.colcon_core.environment:create_environment_scripts_only(sb_controller)
[1.989s] INFO:colcon.colcon_core.shell:Creating package script '/home/sarah/sb_ros2_ws/src/install/sb_controller/share/sb_controller/package.ps1'
[1.989s] INFO:colcon.colcon_core.shell:Creating package descriptor '/home/sarah/sb_ros2_ws/src/install/sb_controller/share/sb_controller/package.dsv'
[1.989s] INFO:colcon.colcon_core.shell:Creating package script '/home/sarah/sb_ros2_ws/src/install/sb_controller/share/sb_controller/package.sh'
[1.989s] INFO:colcon.colcon_core.shell:Creating package script '/home/sarah/sb_ros2_ws/src/install/sb_controller/share/sb_controller/package.bash'
[1.989s] INFO:colcon.colcon_core.shell:Creating package script '/home/sarah/sb_ros2_ws/src/install/sb_controller/share/sb_controller/package.zsh'
[1.990s] Level 1:colcon.colcon_core.environment:create_file_with_runtime_dependencies(/home/sarah/sb_ros2_ws/src/install/sb_controller/share/colcon-core/packages/sb_controller)
[1.990s] INFO:colcon.colcon_ros.task.ament_cmake.build:Building ROS package in '/home/sarah/sb_ros2_ws/src/standard_bot_bringup' with build type 'ament_cmake'
[1.990s] INFO:colcon.colcon_cmake.task.cmake.build:Building CMake package in '/home/sarah/sb_ros2_ws/src/standard_bot_bringup'
[1.990s] INFO:colcon.colcon_core.shell:Skip shell extension 'powershell' for command environment: Not usable outside of PowerShell
[1.990s] DEBUG:colcon.colcon_core.shell:Skip shell extension 'dsv' for command environment
[1.998s] DEBUG:colcon.colcon_core.event_handler.log_command:Invoking command in '/home/sarah/sb_ros2_ws/src/build/standard_bot_bringup': AMENT_PREFIX_PATH=/home/sarah/sb_ros2_ws/src/install/sb_controller:${AMENT_PREFIX_PATH} CMAKE_PREFIX_PATH=/opt/ros/humble PYTHONPATH=/home/sarah/sb_ros2_ws/src/install/sb_controller/lib/python3.10/site-packages:${PYTHONPATH} /usr/bin/cmake --build /home/sarah/sb_ros2_ws/src/build/standard_bot_bringup -- -j32 -l32
[2.041s] DEBUG:colcon.colcon_core.event_handler.log_command:Invoked command in '/home/sarah/sb_ros2_ws/src/build/standard_bot_bringup' returned '0': AMENT_PREFIX_PATH=/home/sarah/sb_ros2_ws/src/install/sb_controller:${AMENT_PREFIX_PATH} CMAKE_PREFIX_PATH=/opt/ros/humble PYTHONPATH=/home/sarah/sb_ros2_ws/src/install/sb_controller/lib/python3.10/site-packages:${PYTHONPATH} /usr/bin/cmake --build /home/sarah/sb_ros2_ws/src/build/standard_bot_bringup -- -j32 -l32
[2.049s] DEBUG:colcon.colcon_core.event_handler.log_command:Invoking command in '/home/sarah/sb_ros2_ws/src/build/standard_bot_bringup': AMENT_PREFIX_PATH=/home/sarah/sb_ros2_ws/src/install/sb_controller:${AMENT_PREFIX_PATH} CMAKE_PREFIX_PATH=/opt/ros/humble PYTHONPATH=/home/sarah/sb_ros2_ws/src/install/sb_controller/lib/python3.10/site-packages:${PYTHONPATH} /usr/bin/cmake --install /home/sarah/sb_ros2_ws/src/build/standard_bot_bringup
[2.063s] Level 1:colcon.colcon_core.environment:create_environment_scripts_only(standard_bot_bringup)
[2.063s] DEBUG:colcon.colcon_core.event_handler.log_command:Invoked command in '/home/sarah/sb_ros2_ws/src/build/standard_bot_bringup' returned '0': AMENT_PREFIX_PATH=/home/sarah/sb_ros2_ws/src/install/sb_controller:${AMENT_PREFIX_PATH} CMAKE_PREFIX_PATH=/opt/ros/humble PYTHONPATH=/home/sarah/sb_ros2_ws/src/install/sb_controller/lib/python3.10/site-packages:${PYTHONPATH} /usr/bin/cmake --install /home/sarah/sb_ros2_ws/src/build/standard_bot_bringup
[2.063s] Level 1:colcon.colcon_core.environment:checking '/home/sarah/sb_ros2_ws/src/install/standard_bot_bringup' for CMake module files
[2.064s] Level 1:colcon.colcon_core.environment:checking '/home/sarah/sb_ros2_ws/src/install/standard_bot_bringup' for CMake config files
[2.064s] Level 1:colcon.colcon_core.shell:create_environment_hook('standard_bot_bringup', 'cmake_prefix_path')
[2.064s] INFO:colcon.colcon_core.shell:Creating environment hook '/home/sarah/sb_ros2_ws/src/install/standard_bot_bringup/share/standard_bot_bringup/hook/cmake_prefix_path.ps1'
[2.065s] INFO:colcon.colcon_core.shell:Creating environment descriptor '/home/sarah/sb_ros2_ws/src/install/standard_bot_bringup/share/standard_bot_bringup/hook/cmake_prefix_path.dsv'
[2.065s] INFO:colcon.colcon_core.shell:Creating environment hook '/home/sarah/sb_ros2_ws/src/install/standard_bot_bringup/share/standard_bot_bringup/hook/cmake_prefix_path.sh'
[2.066s] Level 1:colcon.colcon_core.environment:checking '/home/sarah/sb_ros2_ws/src/install/standard_bot_bringup/bin'
[2.066s] Level 1:colcon.colcon_core.environment:checking '/home/sarah/sb_ros2_ws/src/install/standard_bot_bringup/lib/pkgconfig/standard_bot_bringup.pc'
[2.066s] Level 1:colcon.colcon_core.environment:checking '/home/sarah/sb_ros2_ws/src/install/standard_bot_bringup/lib/python3.10/site-packages'
[2.066s] Level 1:colcon.colcon_core.environment:checking '/home/sarah/sb_ros2_ws/src/install/standard_bot_bringup/bin'
[2.067s] INFO:colcon.colcon_core.shell:Creating package script '/home/sarah/sb_ros2_ws/src/install/standard_bot_bringup/share/standard_bot_bringup/package.ps1'
[2.067s] INFO:colcon.colcon_core.shell:Creating package descriptor '/home/sarah/sb_ros2_ws/src/install/standard_bot_bringup/share/standard_bot_bringup/package.dsv'
[2.068s] INFO:colcon.colcon_core.shell:Creating package script '/home/sarah/sb_ros2_ws/src/install/standard_bot_bringup/share/standard_bot_bringup/package.sh'
[2.068s] INFO:colcon.colcon_core.shell:Creating package script '/home/sarah/sb_ros2_ws/src/install/standard_bot_bringup/share/standard_bot_bringup/package.bash'
[2.068s] INFO:colcon.colcon_core.shell:Creating package script '/home/sarah/sb_ros2_ws/src/install/standard_bot_bringup/share/standard_bot_bringup/package.zsh'
[2.069s] Level 1:colcon.colcon_core.environment:create_file_with_runtime_dependencies(/home/sarah/sb_ros2_ws/src/install/standard_bot_bringup/share/colcon-core/packages/standard_bot_bringup)
[2.069s] Level 1:colcon.colcon_core.environment:create_environment_scripts_only(standard_bot_bringup)
[2.069s] Level 1:colcon.colcon_core.environment:checking '/home/sarah/sb_ros2_ws/src/install/standard_bot_bringup' for CMake module files
[2.070s] Level 1:colcon.colcon_core.environment:checking '/home/sarah/sb_ros2_ws/src/install/standard_bot_bringup' for CMake config files
[2.070s] Level 1:colcon.colcon_core.shell:create_environment_hook('standard_bot_bringup', 'cmake_prefix_path')
[2.070s] INFO:colcon.colcon_core.shell:Creating environment hook '/home/sarah/sb_ros2_ws/src/install/standard_bot_bringup/share/standard_bot_bringup/hook/cmake_prefix_path.ps1'
[2.071s] INFO:colcon.colcon_core.shell:Creating environment descriptor '/home/sarah/sb_ros2_ws/src/install/standard_bot_bringup/share/standard_bot_bringup/hook/cmake_prefix_path.dsv'
[2.071s] INFO:colcon.colcon_core.shell:Creating environment hook '/home/sarah/sb_ros2_ws/src/install/standard_bot_bringup/share/standard_bot_bringup/hook/cmake_prefix_path.sh'
[2.072s] Level 1:colcon.colcon_core.environment:checking '/home/sarah/sb_ros2_ws/src/install/standard_bot_bringup/bin'
[2.072s] Level 1:colcon.colcon_core.environment:checking '/home/sarah/sb_ros2_ws/src/install/standard_bot_bringup/lib/pkgconfig/standard_bot_bringup.pc'
[2.072s] Level 1:colcon.colcon_core.environment:checking '/home/sarah/sb_ros2_ws/src/install/standard_bot_bringup/lib/python3.10/site-packages'
[2.072s] Level 1:colcon.colcon_core.environment:checking '/home/sarah/sb_ros2_ws/src/install/standard_bot_bringup/bin'
[2.073s] INFO:colcon.colcon_core.shell:Creating package script '/home/sarah/sb_ros2_ws/src/install/standard_bot_bringup/share/standard_bot_bringup/package.ps1'
[2.073s] INFO:colcon.colcon_core.shell:Creating package descriptor '/home/sarah/sb_ros2_ws/src/install/standard_bot_bringup/share/standard_bot_bringup/package.dsv'
[2.073s] INFO:colcon.colcon_core.shell:Creating package script '/home/sarah/sb_ros2_ws/src/install/standard_bot_bringup/share/standard_bot_bringup/package.sh'
[2.074s] INFO:colcon.colcon_core.shell:Creating package script '/home/sarah/sb_ros2_ws/src/install/standard_bot_bringup/share/standard_bot_bringup/package.bash'
[2.074s] INFO:colcon.colcon_core.shell:Creating package script '/home/sarah/sb_ros2_ws/src/install/standard_bot_bringup/share/standard_bot_bringup/package.zsh'
[2.075s] Level 1:colcon.colcon_core.environment:create_file_with_runtime_dependencies(/home/sarah/sb_ros2_ws/src/install/standard_bot_bringup/share/colcon-core/packages/standard_bot_bringup)
[2.075s] DEBUG:colcon.colcon_parallel_executor.executor.parallel:closing loop
[2.075s] DEBUG:colcon.colcon_parallel_executor.executor.parallel:loop closed
[2.075s] DEBUG:colcon.colcon_parallel_executor.executor.parallel:run_until_complete finished with '0'
[2.075s] DEBUG:colcon.colcon_core.event_reactor:joining thread
[2.091s] INFO:colcon.colcon_core.plugin_system:Skipping extension 'colcon_notification.desktop_notification.terminal_notifier': Not used on non-Darwin systems
[2.091s] INFO:colcon.colcon_core.plugin_system:Skipping extension 'colcon_notification.desktop_notification.win32': Not used on non-Windows systems
[2.091s] INFO:colcon.colcon_notification.desktop_notification:Sending desktop notification using 'notify2'
[2.115s] DEBUG:colcon.colcon_core.event_reactor:joined thread
[2.115s] INFO:colcon.colcon_core.shell:Creating prefix script '/home/sarah/sb_ros2_ws/src/install/local_setup.ps1'
[2.116s] INFO:colcon.colcon_core.shell:Creating prefix util module '/home/sarah/sb_ros2_ws/src/install/_local_setup_util_ps1.py'
[2.118s] INFO:colcon.colcon_core.shell:Creating prefix chain script '/home/sarah/sb_ros2_ws/src/install/setup.ps1'
[2.120s] INFO:colcon.colcon_core.shell:Creating prefix script '/home/sarah/sb_ros2_ws/src/install/local_setup.sh'
[2.121s] INFO:colcon.colcon_core.shell:Creating prefix util module '/home/sarah/sb_ros2_ws/src/install/_local_setup_util_sh.py'
[2.122s] INFO:colcon.colcon_core.shell:Creating prefix chain script '/home/sarah/sb_ros2_ws/src/install/setup.sh'
[2.123s] INFO:colcon.colcon_core.shell:Creating prefix script '/home/sarah/sb_ros2_ws/src/install/local_setup.bash'
[2.125s] INFO:colcon.colcon_core.shell:Creating prefix chain script '/home/sarah/sb_ros2_ws/src/install/setup.bash'
[2.127s] INFO:colcon.colcon_core.shell:Creating prefix script '/home/sarah/sb_ros2_ws/src/install/local_setup.zsh'
[2.129s] INFO:colcon.colcon_core.shell:Creating prefix chain script '/home/sarah/sb_ros2_ws/src/install/setup.zsh'
