[0.483s] Invoking command in '/home/sarah/sb_ros2_ws/src/sb_controller': PYTHONPATH=/home/sarah/sb_ros2_ws/src/build/sb_controller/prefix_override:/usr/lib/python3/dist-packages/colcon_core/task/python/colcon_distutils_commands:/home/sarah/sb_ros2_ws/src/install/sb_controller/lib/python3.10/site-packages:${PYTHONPATH} /usr/bin/python3 -W ignore:setup.py install is deprecated -W ignore:easy_install command is deprecated setup.py egg_info --egg-base ../build/sb_controller build --build-base /home/sarah/sb_ros2_ws/src/build/sb_controller/build install --record /home/sarah/sb_ros2_ws/src/build/sb_controller/install.log --single-version-externally-managed install_data
[0.603s] running egg_info
[0.603s] writing ../build/sb_controller/sb_controller.egg-info/PKG-INFO
[0.603s] writing dependency_links to ../build/sb_controller/sb_controller.egg-info/dependency_links.txt
[0.603s] writing entry points to ../build/sb_controller/sb_controller.egg-info/entry_points.txt
[0.603s] writing requirements to ../build/sb_controller/sb_controller.egg-info/requires.txt
[0.603s] writing top-level names to ../build/sb_controller/sb_controller.egg-info/top_level.txt
[0.604s] reading manifest file '../build/sb_controller/sb_controller.egg-info/SOURCES.txt'
[0.605s] writing manifest file '../build/sb_controller/sb_controller.egg-info/SOURCES.txt'
[0.605s] running build
[0.605s] running build_py
[0.605s] copying sb_controller/standard_bot_set_joint_rot_client_node.py -> /home/sarah/sb_ros2_ws/src/build/sb_controller/build/lib/sb_controller
[0.605s] copying sb_controller/standard_bot_status_node.py -> /home/sarah/sb_ros2_ws/src/build/sb_controller/build/lib/sb_controller
[0.605s] copying sb_controller/standart_bot_on_robot_gripper_server_node.py -> /home/sarah/sb_ros2_ws/src/build/sb_controller/build/lib/sb_controller
[0.605s] copying sb_controller/standard_bot_camera_feed_node.py -> /home/sarah/sb_ros2_ws/src/build/sb_controller/build/lib/sb_controller
[0.606s] copying sb_controller/standart_bot_on_robot_gripper_client_node.py -> /home/sarah/sb_ros2_ws/src/build/sb_controller/build/lib/sb_controller
[0.606s] copying sb_controller/standard_bot_set_cart_pose_server_node.py -> /home/sarah/sb_ros2_ws/src/build/sb_controller/build/lib/sb_controller
[0.606s] copying sb_controller/standard_bot_camera_subscriber.py -> /home/sarah/sb_ros2_ws/src/build/sb_controller/build/lib/sb_controller
[0.606s] copying sb_controller/standard_bot_set_cart_pose_client_node.py -> /home/sarah/sb_ros2_ws/src/build/sb_controller/build/lib/sb_controller
[0.606s] copying sb_controller/standard_bot_set_joint_rot_server_node.py -> /home/sarah/sb_ros2_ws/src/build/sb_controller/build/lib/sb_controller
[0.606s] running install
[0.606s] running install_lib
[0.606s] copying /home/sarah/sb_ros2_ws/src/build/sb_controller/build/lib/sb_controller/standard_bot_set_joint_rot_client_node.py -> /home/sarah/sb_ros2_ws/src/install/sb_controller/lib/python3.10/site-packages/sb_controller
[0.606s] copying /home/sarah/sb_ros2_ws/src/build/sb_controller/build/lib/sb_controller/standard_bot_status_node.py -> /home/sarah/sb_ros2_ws/src/install/sb_controller/lib/python3.10/site-packages/sb_controller
[0.606s] copying /home/sarah/sb_ros2_ws/src/build/sb_controller/build/lib/sb_controller/standart_bot_on_robot_gripper_server_node.py -> /home/sarah/sb_ros2_ws/src/install/sb_controller/lib/python3.10/site-packages/sb_controller
[0.607s] copying /home/sarah/sb_ros2_ws/src/build/sb_controller/build/lib/sb_controller/standard_bot_camera_feed_node.py -> /home/sarah/sb_ros2_ws/src/install/sb_controller/lib/python3.10/site-packages/sb_controller
[0.607s] copying /home/sarah/sb_ros2_ws/src/build/sb_controller/build/lib/sb_controller/standart_bot_on_robot_gripper_client_node.py -> /home/sarah/sb_ros2_ws/src/install/sb_controller/lib/python3.10/site-packages/sb_controller
[0.607s] copying /home/sarah/sb_ros2_ws/src/build/sb_controller/build/lib/sb_controller/standard_bot_set_cart_pose_server_node.py -> /home/sarah/sb_ros2_ws/src/install/sb_controller/lib/python3.10/site-packages/sb_controller
[0.607s] copying /home/sarah/sb_ros2_ws/src/build/sb_controller/build/lib/sb_controller/standard_bot_camera_subscriber.py -> /home/sarah/sb_ros2_ws/src/install/sb_controller/lib/python3.10/site-packages/sb_controller
[0.607s] copying /home/sarah/sb_ros2_ws/src/build/sb_controller/build/lib/sb_controller/standard_bot_set_cart_pose_client_node.py -> /home/sarah/sb_ros2_ws/src/install/sb_controller/lib/python3.10/site-packages/sb_controller
[0.607s] copying /home/sarah/sb_ros2_ws/src/build/sb_controller/build/lib/sb_controller/standard_bot_set_joint_rot_server_node.py -> /home/sarah/sb_ros2_ws/src/install/sb_controller/lib/python3.10/site-packages/sb_controller
[0.607s] byte-compiling /home/sarah/sb_ros2_ws/src/install/sb_controller/lib/python3.10/site-packages/sb_controller/standard_bot_set_joint_rot_client_node.py to standard_bot_set_joint_rot_client_node.cpython-310.pyc
[0.607s] byte-compiling /home/sarah/sb_ros2_ws/src/install/sb_controller/lib/python3.10/site-packages/sb_controller/standard_bot_status_node.py to standard_bot_status_node.cpython-310.pyc
[0.608s] byte-compiling /home/sarah/sb_ros2_ws/src/install/sb_controller/lib/python3.10/site-packages/sb_controller/standart_bot_on_robot_gripper_server_node.py to standart_bot_on_robot_gripper_server_node.cpython-310.pyc
[0.608s] byte-compiling /home/sarah/sb_ros2_ws/src/install/sb_controller/lib/python3.10/site-packages/sb_controller/standard_bot_camera_feed_node.py to standard_bot_camera_feed_node.cpython-310.pyc
[0.608s] byte-compiling /home/sarah/sb_ros2_ws/src/install/sb_controller/lib/python3.10/site-packages/sb_controller/standart_bot_on_robot_gripper_client_node.py to standart_bot_on_robot_gripper_client_node.cpython-310.pyc
[0.609s] byte-compiling /home/sarah/sb_ros2_ws/src/install/sb_controller/lib/python3.10/site-packages/sb_controller/standard_bot_set_cart_pose_server_node.py to standard_bot_set_cart_pose_server_node.cpython-310.pyc
[0.609s] byte-compiling /home/sarah/sb_ros2_ws/src/install/sb_controller/lib/python3.10/site-packages/sb_controller/standard_bot_camera_subscriber.py to standard_bot_camera_subscriber.cpython-310.pyc
[0.609s] byte-compiling /home/sarah/sb_ros2_ws/src/install/sb_controller/lib/python3.10/site-packages/sb_controller/standard_bot_set_cart_pose_client_node.py to standard_bot_set_cart_pose_client_node.cpython-310.pyc
[0.610s] byte-compiling /home/sarah/sb_ros2_ws/src/install/sb_controller/lib/python3.10/site-packages/sb_controller/standard_bot_set_joint_rot_server_node.py to standard_bot_set_joint_rot_server_node.cpython-310.pyc
[0.610s] running install_data
[0.610s] running install_egg_info
[0.612s] removing '/home/sarah/sb_ros2_ws/src/install/sb_controller/lib/python3.10/site-packages/sb_controller-0.0.0-py3.10.egg-info' (and everything under it)
[0.612s] Copying ../build/sb_controller/sb_controller.egg-info to /home/sarah/sb_ros2_ws/src/install/sb_controller/lib/python3.10/site-packages/sb_controller-0.0.0-py3.10.egg-info
[0.613s] running install_scripts
[0.623s] Installing standard_bot_camera_feed_node script to /home/sarah/sb_ros2_ws/src/install/sb_controller/lib/sb_controller
[0.623s] Installing standard_bot_camera_subscriber script to /home/sarah/sb_ros2_ws/src/install/sb_controller/lib/sb_controller
[0.623s] Installing standard_bot_set_cart_pose_client_node script to /home/sarah/sb_ros2_ws/src/install/sb_controller/lib/sb_controller
[0.623s] Installing standard_bot_set_cart_pose_server_node script to /home/sarah/sb_ros2_ws/src/install/sb_controller/lib/sb_controller
[0.623s] Installing standard_bot_set_joint_rot_client_node script to /home/sarah/sb_ros2_ws/src/install/sb_controller/lib/sb_controller
[0.623s] Installing standard_bot_set_joint_rot_server_node script to /home/sarah/sb_ros2_ws/src/install/sb_controller/lib/sb_controller
[0.623s] Installing standard_bot_status_node script to /home/sarah/sb_ros2_ws/src/install/sb_controller/lib/sb_controller
[0.623s] Installing standart_bot_on_robot_gripper_client_node script to /home/sarah/sb_ros2_ws/src/install/sb_controller/lib/sb_controller
[0.623s] Installing standart_bot_on_robot_gripper_server_node script to /home/sarah/sb_ros2_ws/src/install/sb_controller/lib/sb_controller
[0.623s] writing list of installed files to '/home/sarah/sb_ros2_ws/src/build/sb_controller/install.log'
[0.634s] Invoked command in '/home/sarah/sb_ros2_ws/src/sb_controller' returned '0': PYTHONPATH=/home/sarah/sb_ros2_ws/src/build/sb_controller/prefix_override:/usr/lib/python3/dist-packages/colcon_core/task/python/colcon_distutils_commands:/home/sarah/sb_ros2_ws/src/install/sb_controller/lib/python3.10/site-packages:${PYTHONPATH} /usr/bin/python3 -W ignore:setup.py install is deprecated -W ignore:easy_install command is deprecated setup.py egg_info --egg-base ../build/sb_controller build --build-base /home/sarah/sb_ros2_ws/src/build/sb_controller/build install --record /home/sarah/sb_ros2_ws/src/build/sb_controller/install.log --single-version-externally-managed install_data
