[0.133s] Invoking command in '/home/sarah/sb_ros2_ws/build/action_interfaces': CMAKE_PREFIX_PATH=${CMAKE_PREFIX_PATH}:/home/sarah/sb_ros2_ws/install/sb_controller:/opt/ros/humble /usr/bin/cmake --build /home/sarah/sb_ros2_ws/build/action_interfaces -- -j32 -l32
[0.150s] -- Found ament_cmake: 1.3.11 (/opt/ros/humble/share/ament_cmake/cmake)
[0.230s] -- Found ament_lint_auto: 0.12.11 (/opt/ros/humble/share/ament_lint_auto/cmake)
[0.267s] -- Found rosidl_default_generators: 1.2.0 (/opt/ros/humble/share/rosidl_default_generators/cmake)
[0.267s] -- Using all available rosidl_typesupport_c: rosidl_typesupport_fastrtps_c;rosidl_typesupport_introspection_c
[0.269s] -- Found rosidl_adapter: 3.1.6 (/opt/ros/humble/share/rosidl_adapter/cmake)
[0.282s] -- Using all available rosidl_typesupport_cpp: rosidl_typesupport_fastrtps_cpp;rosidl_typesupport_introspection_cpp
[0.424s] -- Found ament_cmake_ros: 0.10.0 (/opt/ros/humble/share/ament_cmake_ros/cmake)
[0.546s] -- Using all available rosidl_typesupport_c: rosidl_typesupport_fastrtps_c;rosidl_typesupport_introspection_c
[0.762s] -- Using all available rosidl_typesupport_cpp: rosidl_typesupport_fastrtps_cpp;rosidl_typesupport_introspection_cpp
[0.781s] -- Found python_cmake_module: 0.10.0 (/opt/ros/humble/share/python_cmake_module/cmake)
[0.797s] -- Using PYTHON_EXECUTABLE: /usr/bin/python3
[0.797s] -- Using PYTHON_INCLUDE_DIRS: /usr/include/python3.10
[0.797s] -- Using PYTHON_LIBRARIES: /usr/lib/x86_64-linux-gnu/libpython3.10.so
[0.808s] -- Added test 'lint_cmake' to check CMake code style
[0.808s] -- Added test 'xmllint' to check XML markup files
[0.809s] -- Configuring done
[0.823s] -- Generating done
[0.829s] -- Build files have been written to: /home/sarah/sb_ros2_ws/build/action_interfaces
[0.845s] [  2%] [34m[1mGenerating C code for ROS interfaces[0m
[0.854s] [  4%] [34m[1mGenerating C++ code for ROS interfaces[0m
[0.859s] [  4%] Built target ament_cmake_python_copy_action_interfaces
[0.982s] running egg_info
[0.982s] writing action_interfaces.egg-info/PKG-INFO
[0.982s] writing dependency_links to action_interfaces.egg-info/dependency_links.txt
[0.982s] writing top-level names to action_interfaces.egg-info/top_level.txt
[0.983s] reading manifest file 'action_interfaces.egg-info/SOURCES.txt'
[0.984s] writing manifest file 'action_interfaces.egg-info/SOURCES.txt'
[0.999s] [  4%] Built target ament_cmake_python_build_action_interfaces_egg
[1.315s] [35m[1mConsolidate compiler generated dependencies of target action_interfaces__rosidl_generator_c[0m
[1.321s] [  8%] [32mBuilding C object CMakeFiles/action_interfaces__rosidl_generator_c.dir/rosidl_generator_c/action_interfaces/action/detail/set_cart_pos__functions.c.o[0m
[1.321s] [  8%] [32mBuilding C object CMakeFiles/action_interfaces__rosidl_generator_c.dir/rosidl_generator_c/action_interfaces/action/detail/set_joint_pos__functions.c.o[0m
[1.323s] [ 10%] [32mBuilding C object CMakeFiles/action_interfaces__rosidl_generator_c.dir/rosidl_generator_c/action_interfaces/action/detail/on_robot_gripper__functions.c.o[0m
[1.329s] [ 10%] Built target action_interfaces__cpp
[1.334s] [ 17%] [34m[1mGenerating C++ introspection for ROS interfaces[0m
[1.334s] [ 17%] [34m[1mGenerating C++ type support dispatch for ROS interfaces[0m
[1.334s] [ 17%] [34m[1mGenerating C++ type support for eProsima Fast-RTPS[0m
[1.393s] [ 19%] [32m[1mLinking C shared library libaction_interfaces__rosidl_generator_c.so[0m
[1.419s] [ 19%] Built target action_interfaces__rosidl_generator_c
[1.426s] [ 21%] [34m[1mGenerating C introspection for ROS interfaces[0m
[1.427s] [ 25%] [34m[1mGenerating C type support dispatch for ROS interfaces[0m
[1.427s] [ 25%] [34m[1mGenerating C type support for eProsima Fast-RTPS[0m
[1.663s] [35m[1mConsolidate compiler generated dependencies of target action_interfaces__rosidl_typesupport_cpp[0m
[1.674s] [ 27%] [32mBuilding CXX object CMakeFiles/action_interfaces__rosidl_typesupport_cpp.dir/rosidl_typesupport_cpp/action_interfaces/action/set_cart_pos__type_support.cpp.o[0m
[1.674s] [ 29%] [32mBuilding CXX object CMakeFiles/action_interfaces__rosidl_typesupport_cpp.dir/rosidl_typesupport_cpp/action_interfaces/action/on_robot_gripper__type_support.cpp.o[0m
[1.674s] [ 31%] [32mBuilding CXX object CMakeFiles/action_interfaces__rosidl_typesupport_cpp.dir/rosidl_typesupport_cpp/action_interfaces/action/set_joint_pos__type_support.cpp.o[0m
[1.696s] [35m[1mConsolidate compiler generated dependencies of target action_interfaces__rosidl_typesupport_introspection_cpp[0m
[1.706s] [ 34%] [32mBuilding CXX object CMakeFiles/action_interfaces__rosidl_typesupport_introspection_cpp.dir/rosidl_typesupport_introspection_cpp/action_interfaces/action/detail/set_joint_pos__type_support.cpp.o[0m
[1.706s] [ 36%] [32mBuilding CXX object CMakeFiles/action_interfaces__rosidl_typesupport_introspection_cpp.dir/rosidl_typesupport_introspection_cpp/action_interfaces/action/detail/set_cart_pos__type_support.cpp.o[0m
[1.707s] [ 38%] [32mBuilding CXX object CMakeFiles/action_interfaces__rosidl_typesupport_introspection_cpp.dir/rosidl_typesupport_introspection_cpp/action_interfaces/action/detail/on_robot_gripper__type_support.cpp.o[0m
[1.721s] [35m[1mConsolidate compiler generated dependencies of target action_interfaces__rosidl_typesupport_c[0m
[1.731s] [ 44%] [32mBuilding CXX object CMakeFiles/action_interfaces__rosidl_typesupport_c.dir/rosidl_typesupport_c/action_interfaces/action/set_joint_pos__type_support.cpp.o[0m
[1.731s] [ 44%] [32mBuilding CXX object CMakeFiles/action_interfaces__rosidl_typesupport_c.dir/rosidl_typesupport_c/action_interfaces/action/set_cart_pos__type_support.cpp.o[0m
[1.731s] [ 44%] [32mBuilding CXX object CMakeFiles/action_interfaces__rosidl_typesupport_c.dir/rosidl_typesupport_c/action_interfaces/action/on_robot_gripper__type_support.cpp.o[0m
[1.771s] [ 46%] [32m[1mLinking CXX shared library libaction_interfaces__rosidl_typesupport_c.so[0m
[1.783s] [35m[1mConsolidate compiler generated dependencies of target action_interfaces__rosidl_typesupport_fastrtps_cpp[0m
[1.796s] [ 53%] [32mBuilding CXX object CMakeFiles/action_interfaces__rosidl_typesupport_fastrtps_cpp.dir/rosidl_typesupport_fastrtps_cpp/action_interfaces/action/detail/dds_fastrtps/set_cart_pos__type_support.cpp.o[0m
[1.797s] [ 53%] [32mBuilding CXX object CMakeFiles/action_interfaces__rosidl_typesupport_fastrtps_cpp.dir/rosidl_typesupport_fastrtps_cpp/action_interfaces/action/detail/dds_fastrtps/on_robot_gripper__type_support.cpp.o[0m
[1.797s] [ 53%] [32mBuilding CXX object CMakeFiles/action_interfaces__rosidl_typesupport_fastrtps_cpp.dir/rosidl_typesupport_fastrtps_cpp/action_interfaces/action/detail/dds_fastrtps/set_joint_pos__type_support.cpp.o[0m
[1.806s] [ 53%] Built target action_interfaces__rosidl_typesupport_c
[1.849s] [35m[1mConsolidate compiler generated dependencies of target action_interfaces__rosidl_typesupport_introspection_c[0m
[1.858s] [ 55%] [32mBuilding C object CMakeFiles/action_interfaces__rosidl_typesupport_introspection_c.dir/rosidl_typesupport_introspection_c/action_interfaces/action/detail/set_joint_pos__type_support.c.o[0m
[1.859s] [ 59%] [32mBuilding C object CMakeFiles/action_interfaces__rosidl_typesupport_introspection_c.dir/rosidl_typesupport_introspection_c/action_interfaces/action/detail/set_cart_pos__type_support.c.o[0m
[1.859s] [ 59%] [32mBuilding C object CMakeFiles/action_interfaces__rosidl_typesupport_introspection_c.dir/rosidl_typesupport_introspection_c/action_interfaces/action/detail/on_robot_gripper__type_support.c.o[0m
[1.860s] [35m[1mConsolidate compiler generated dependencies of target action_interfaces__rosidl_typesupport_fastrtps_c[0m
[1.874s] [ 65%] [32mBuilding CXX object CMakeFiles/action_interfaces__rosidl_typesupport_fastrtps_c.dir/rosidl_typesupport_fastrtps_c/action_interfaces/action/detail/on_robot_gripper__type_support_c.cpp.o[0m
[1.874s] [ 65%] [32mBuilding CXX object CMakeFiles/action_interfaces__rosidl_typesupport_fastrtps_c.dir/rosidl_typesupport_fastrtps_c/action_interfaces/action/detail/set_joint_pos__type_support_c.cpp.o[0m
[1.874s] [ 65%] [32mBuilding CXX object CMakeFiles/action_interfaces__rosidl_typesupport_fastrtps_c.dir/rosidl_typesupport_fastrtps_c/action_interfaces/action/detail/set_cart_pos__type_support_c.cpp.o[0m
[1.901s] [ 68%] [32m[1mLinking C shared library libaction_interfaces__rosidl_typesupport_introspection_c.so[0m
[1.928s] [ 68%] Built target action_interfaces__rosidl_typesupport_introspection_c
[1.942s] [ 70%] [32m[1mLinking CXX shared library libaction_interfaces__rosidl_typesupport_cpp.so[0m
[1.978s] [ 70%] Built target action_interfaces__rosidl_typesupport_cpp
[2.092s] [ 72%] [32m[1mLinking CXX shared library libaction_interfaces__rosidl_typesupport_introspection_cpp.so[0m
[2.119s] [ 74%] [32m[1mLinking CXX shared library libaction_interfaces__rosidl_typesupport_fastrtps_c.so[0m
[2.140s] [ 76%] [32m[1mLinking CXX shared library libaction_interfaces__rosidl_typesupport_fastrtps_cpp.so[0m
[2.140s] [ 76%] Built target action_interfaces__rosidl_typesupport_introspection_cpp
[2.158s] [ 76%] Built target action_interfaces__rosidl_typesupport_fastrtps_c
[2.180s] [ 76%] Built target action_interfaces__rosidl_typesupport_fastrtps_cpp
[2.192s] [ 76%] Built target action_interfaces
[2.207s] [ 78%] [34m[1mGenerating Python code for ROS interfaces[0m
[3.013s] [ 78%] Built target action_interfaces__py
[3.020s] [35m[1mConsolidate compiler generated dependencies of target action_interfaces__rosidl_generator_py[0m
[3.034s] [ 80%] [32mBuilding C object CMakeFiles/action_interfaces__rosidl_generator_py.dir/rosidl_generator_py/action_interfaces/action/_set_joint_pos_s.c.o[0m
[3.035s] [ 82%] [32mBuilding C object CMakeFiles/action_interfaces__rosidl_generator_py.dir/rosidl_generator_py/action_interfaces/action/_set_cart_pos_s.c.o[0m
[3.036s] [ 85%] [32mBuilding C object CMakeFiles/action_interfaces__rosidl_generator_py.dir/rosidl_generator_py/action_interfaces/action/_on_robot_gripper_s.c.o[0m
[3.111s] [ 87%] [32m[1mLinking C shared library rosidl_generator_py/action_interfaces/libaction_interfaces__rosidl_generator_py.so[0m
[3.135s] [ 87%] Built target action_interfaces__rosidl_generator_py
[3.144s] [35m[1mConsolidate compiler generated dependencies of target action_interfaces__rosidl_typesupport_fastrtps_c__pyext[0m
[3.144s] [35m[1mConsolidate compiler generated dependencies of target action_interfaces__rosidl_typesupport_introspection_c__pyext[0m
[3.144s] [35m[1mConsolidate compiler generated dependencies of target action_interfaces__rosidl_typesupport_c__pyext[0m
[3.153s] [ 89%] [32mBuilding C object CMakeFiles/action_interfaces__rosidl_typesupport_introspection_c__pyext.dir/rosidl_generator_py/action_interfaces/_action_interfaces_s.ep.rosidl_typesupport_introspection_c.c.o[0m
[3.155s] [ 91%] [32mBuilding C object CMakeFiles/action_interfaces__rosidl_typesupport_fastrtps_c__pyext.dir/rosidl_generator_py/action_interfaces/_action_interfaces_s.ep.rosidl_typesupport_fastrtps_c.c.o[0m
[3.155s] [ 93%] [32mBuilding C object CMakeFiles/action_interfaces__rosidl_typesupport_c__pyext.dir/rosidl_generator_py/action_interfaces/_action_interfaces_s.ep.rosidl_typesupport_c.c.o[0m
[3.236s] [ 95%] [32m[1mLinking C shared library rosidl_generator_py/action_interfaces/action_interfaces_s__rosidl_typesupport_introspection_c.cpython-310-x86_64-linux-gnu.so[0m
[3.237s] [100%] [32m[1mLinking C shared library rosidl_generator_py/action_interfaces/action_interfaces_s__rosidl_typesupport_fastrtps_c.cpython-310-x86_64-linux-gnu.so[0m
[3.237s] [100%] [32m[1mLinking C shared library rosidl_generator_py/action_interfaces/action_interfaces_s__rosidl_typesupport_c.cpython-310-x86_64-linux-gnu.so[0m
[3.260s] [100%] Built target action_interfaces__rosidl_typesupport_c__pyext
[3.260s] [100%] Built target action_interfaces__rosidl_typesupport_introspection_c__pyext
[3.263s] [100%] Built target action_interfaces__rosidl_typesupport_fastrtps_c__pyext
[3.272s] Invoked command in '/home/sarah/sb_ros2_ws/build/action_interfaces' returned '0': CMAKE_PREFIX_PATH=${CMAKE_PREFIX_PATH}:/home/sarah/sb_ros2_ws/install/sb_controller:/opt/ros/humble /usr/bin/cmake --build /home/sarah/sb_ros2_ws/build/action_interfaces -- -j32 -l32
[3.273s] Invoking command in '/home/sarah/sb_ros2_ws/build/action_interfaces': CMAKE_PREFIX_PATH=${CMAKE_PREFIX_PATH}:/home/sarah/sb_ros2_ws/install/sb_controller:/opt/ros/humble /usr/bin/cmake --install /home/sarah/sb_ros2_ws/build/action_interfaces
[3.279s] -- Install configuration: ""
[3.279s] -- Up-to-date: /home/sarah/sb_ros2_ws/install/action_interfaces/share/ament_index/resource_index/rosidl_interfaces/action_interfaces
[3.279s] -- Up-to-date: /home/sarah/sb_ros2_ws/install/action_interfaces/include/action_interfaces/action_interfaces
[3.280s] -- Up-to-date: /home/sarah/sb_ros2_ws/install/action_interfaces/include/action_interfaces/action_interfaces/msg
[3.280s] -- Up-to-date: /home/sarah/sb_ros2_ws/install/action_interfaces/include/action_interfaces/action_interfaces/msg/rosidl_generator_c__visibility_control.h
[3.280s] -- Up-to-date: /home/sarah/sb_ros2_ws/install/action_interfaces/include/action_interfaces/action_interfaces/action
[3.280s] -- Installing: /home/sarah/sb_ros2_ws/install/action_interfaces/include/action_interfaces/action_interfaces/action/on_robot_gripper.h
[3.280s] -- Installing: /home/sarah/sb_ros2_ws/install/action_interfaces/include/action_interfaces/action_interfaces/action/set_cart_pos.h
[3.280s] -- Up-to-date: /home/sarah/sb_ros2_ws/install/action_interfaces/include/action_interfaces/action_interfaces/action/detail
[3.280s] -- Installing: /home/sarah/sb_ros2_ws/install/action_interfaces/include/action_interfaces/action_interfaces/action/detail/on_robot_gripper__struct.h
[3.281s] -- Installing: /home/sarah/sb_ros2_ws/install/action_interfaces/include/action_interfaces/action_interfaces/action/detail/set_joint_pos__functions.h
[3.281s] -- Installing: /home/sarah/sb_ros2_ws/install/action_interfaces/include/action_interfaces/action_interfaces/action/detail/on_robot_gripper__type_support.h
[3.281s] -- Installing: /home/sarah/sb_ros2_ws/install/action_interfaces/include/action_interfaces/action_interfaces/action/detail/set_joint_pos__functions.c
[3.281s] -- Installing: /home/sarah/sb_ros2_ws/install/action_interfaces/include/action_interfaces/action_interfaces/action/detail/set_cart_pos__functions.h
[3.281s] -- Installing: /home/sarah/sb_ros2_ws/install/action_interfaces/include/action_interfaces/action_interfaces/action/detail/set_cart_pos__functions.c
[3.281s] -- Installing: /home/sarah/sb_ros2_ws/install/action_interfaces/include/action_interfaces/action_interfaces/action/detail/set_joint_pos__struct.h
[3.281s] -- Installing: /home/sarah/sb_ros2_ws/install/action_interfaces/include/action_interfaces/action_interfaces/action/detail/on_robot_gripper__functions.h
[3.281s] -- Installing: /home/sarah/sb_ros2_ws/install/action_interfaces/include/action_interfaces/action_interfaces/action/detail/on_robot_gripper__functions.c
[3.281s] -- Installing: /home/sarah/sb_ros2_ws/install/action_interfaces/include/action_interfaces/action_interfaces/action/detail/set_cart_pos__struct.h
[3.281s] -- Installing: /home/sarah/sb_ros2_ws/install/action_interfaces/include/action_interfaces/action_interfaces/action/detail/set_joint_pos__type_support.h
[3.281s] -- Installing: /home/sarah/sb_ros2_ws/install/action_interfaces/include/action_interfaces/action_interfaces/action/detail/set_cart_pos__type_support.h
[3.282s] -- Installing: /home/sarah/sb_ros2_ws/install/action_interfaces/include/action_interfaces/action_interfaces/action/set_joint_pos.h
[3.282s] -- Up-to-date: /home/sarah/sb_ros2_ws/install/action_interfaces/share/action_interfaces/environment/library_path.sh
[3.282s] -- Installing: /home/sarah/sb_ros2_ws/install/action_interfaces/share/action_interfaces/environment/library_path.dsv
[3.282s] -- Installing: /home/sarah/sb_ros2_ws/install/action_interfaces/lib/libaction_interfaces__rosidl_generator_c.so
[3.282s] -- Set runtime path of "/home/sarah/sb_ros2_ws/install/action_interfaces/lib/libaction_interfaces__rosidl_generator_c.so" to ""
[3.282s] -- Up-to-date: /home/sarah/sb_ros2_ws/install/action_interfaces/include/action_interfaces/action_interfaces
[3.282s] -- Up-to-date: /home/sarah/sb_ros2_ws/install/action_interfaces/include/action_interfaces/action_interfaces/msg
[3.282s] -- Up-to-date: /home/sarah/sb_ros2_ws/install/action_interfaces/include/action_interfaces/action_interfaces/msg/rosidl_typesupport_fastrtps_c__visibility_control.h
[3.282s] -- Up-to-date: /home/sarah/sb_ros2_ws/install/action_interfaces/include/action_interfaces/action_interfaces/action
[3.283s] -- Up-to-date: /home/sarah/sb_ros2_ws/install/action_interfaces/include/action_interfaces/action_interfaces/action/detail
[3.283s] -- Installing: /home/sarah/sb_ros2_ws/install/action_interfaces/include/action_interfaces/action_interfaces/action/detail/on_robot_gripper__rosidl_typesupport_fastrtps_c.h
[3.283s] -- Installing: /home/sarah/sb_ros2_ws/install/action_interfaces/include/action_interfaces/action_interfaces/action/detail/set_cart_pos__rosidl_typesupport_fastrtps_c.h
[3.283s] -- Installing: /home/sarah/sb_ros2_ws/install/action_interfaces/include/action_interfaces/action_interfaces/action/detail/set_joint_pos__rosidl_typesupport_fastrtps_c.h
[3.283s] -- Installing: /home/sarah/sb_ros2_ws/install/action_interfaces/lib/libaction_interfaces__rosidl_typesupport_fastrtps_c.so
[3.283s] -- Set runtime path of "/home/sarah/sb_ros2_ws/install/action_interfaces/lib/libaction_interfaces__rosidl_typesupport_fastrtps_c.so" to ""
[3.283s] -- Up-to-date: /home/sarah/sb_ros2_ws/install/action_interfaces/include/action_interfaces/action_interfaces
[3.283s] -- Up-to-date: /home/sarah/sb_ros2_ws/install/action_interfaces/include/action_interfaces/action_interfaces/msg
[3.284s] -- Up-to-date: /home/sarah/sb_ros2_ws/install/action_interfaces/include/action_interfaces/action_interfaces/msg/rosidl_typesupport_introspection_c__visibility_control.h
[3.284s] -- Up-to-date: /home/sarah/sb_ros2_ws/install/action_interfaces/include/action_interfaces/action_interfaces/action
[3.284s] -- Up-to-date: /home/sarah/sb_ros2_ws/install/action_interfaces/include/action_interfaces/action_interfaces/action/detail
[3.284s] -- Installing: /home/sarah/sb_ros2_ws/install/action_interfaces/include/action_interfaces/action_interfaces/action/detail/set_joint_pos__rosidl_typesupport_introspection_c.h
[3.284s] -- Installing: /home/sarah/sb_ros2_ws/install/action_interfaces/include/action_interfaces/action_interfaces/action/detail/on_robot_gripper__rosidl_typesupport_introspection_c.h
[3.284s] -- Installing: /home/sarah/sb_ros2_ws/install/action_interfaces/include/action_interfaces/action_interfaces/action/detail/on_robot_gripper__type_support.c
[3.284s] -- Installing: /home/sarah/sb_ros2_ws/install/action_interfaces/include/action_interfaces/action_interfaces/action/detail/set_joint_pos__type_support.c
[3.284s] -- Installing: /home/sarah/sb_ros2_ws/install/action_interfaces/include/action_interfaces/action_interfaces/action/detail/set_cart_pos__rosidl_typesupport_introspection_c.h
[3.285s] -- Installing: /home/sarah/sb_ros2_ws/install/action_interfaces/include/action_interfaces/action_interfaces/action/detail/set_cart_pos__type_support.c
[3.285s] -- Installing: /home/sarah/sb_ros2_ws/install/action_interfaces/lib/libaction_interfaces__rosidl_typesupport_introspection_c.so
[3.285s] -- Set runtime path of "/home/sarah/sb_ros2_ws/install/action_interfaces/lib/libaction_interfaces__rosidl_typesupport_introspection_c.so" to ""
[3.285s] -- Installing: /home/sarah/sb_ros2_ws/install/action_interfaces/lib/libaction_interfaces__rosidl_typesupport_c.so
[3.285s] -- Set runtime path of "/home/sarah/sb_ros2_ws/install/action_interfaces/lib/libaction_interfaces__rosidl_typesupport_c.so" to ""
[3.285s] -- Up-to-date: /home/sarah/sb_ros2_ws/install/action_interfaces/include/action_interfaces/action_interfaces
[3.285s] -- Up-to-date: /home/sarah/sb_ros2_ws/install/action_interfaces/include/action_interfaces/action_interfaces/msg
[3.285s] -- Up-to-date: /home/sarah/sb_ros2_ws/install/action_interfaces/include/action_interfaces/action_interfaces/msg/rosidl_generator_cpp__visibility_control.hpp
[3.285s] -- Up-to-date: /home/sarah/sb_ros2_ws/install/action_interfaces/include/action_interfaces/action_interfaces/action
[3.285s] -- Installing: /home/sarah/sb_ros2_ws/install/action_interfaces/include/action_interfaces/action_interfaces/action/on_robot_gripper.hpp
[3.286s] -- Installing: /home/sarah/sb_ros2_ws/install/action_interfaces/include/action_interfaces/action_interfaces/action/set_joint_pos.hpp
[3.286s] -- Installing: /home/sarah/sb_ros2_ws/install/action_interfaces/include/action_interfaces/action_interfaces/action/set_cart_pos.hpp
[3.286s] -- Up-to-date: /home/sarah/sb_ros2_ws/install/action_interfaces/include/action_interfaces/action_interfaces/action/detail
[3.286s] -- Installing: /home/sarah/sb_ros2_ws/install/action_interfaces/include/action_interfaces/action_interfaces/action/detail/set_cart_pos__traits.hpp
[3.286s] -- Installing: /home/sarah/sb_ros2_ws/install/action_interfaces/include/action_interfaces/action_interfaces/action/detail/set_cart_pos__struct.hpp
[3.286s] -- Installing: /home/sarah/sb_ros2_ws/install/action_interfaces/include/action_interfaces/action_interfaces/action/detail/set_joint_pos__type_support.hpp
[3.286s] -- Installing: /home/sarah/sb_ros2_ws/install/action_interfaces/include/action_interfaces/action_interfaces/action/detail/set_joint_pos__builder.hpp
[3.286s] -- Installing: /home/sarah/sb_ros2_ws/install/action_interfaces/include/action_interfaces/action_interfaces/action/detail/set_joint_pos__traits.hpp
[3.286s] -- Installing: /home/sarah/sb_ros2_ws/install/action_interfaces/include/action_interfaces/action_interfaces/action/detail/set_joint_pos__struct.hpp
[3.286s] -- Installing: /home/sarah/sb_ros2_ws/install/action_interfaces/include/action_interfaces/action_interfaces/action/detail/set_cart_pos__builder.hpp
[3.286s] -- Installing: /home/sarah/sb_ros2_ws/install/action_interfaces/include/action_interfaces/action_interfaces/action/detail/on_robot_gripper__traits.hpp
[3.287s] -- Installing: /home/sarah/sb_ros2_ws/install/action_interfaces/include/action_interfaces/action_interfaces/action/detail/on_robot_gripper__builder.hpp
[3.287s] -- Installing: /home/sarah/sb_ros2_ws/install/action_interfaces/include/action_interfaces/action_interfaces/action/detail/on_robot_gripper__struct.hpp
[3.287s] -- Installing: /home/sarah/sb_ros2_ws/install/action_interfaces/include/action_interfaces/action_interfaces/action/detail/on_robot_gripper__type_support.hpp
[3.287s] -- Installing: /home/sarah/sb_ros2_ws/install/action_interfaces/include/action_interfaces/action_interfaces/action/detail/set_cart_pos__type_support.hpp
[3.287s] -- Up-to-date: /home/sarah/sb_ros2_ws/install/action_interfaces/include/action_interfaces/action_interfaces
[3.287s] -- Up-to-date: /home/sarah/sb_ros2_ws/install/action_interfaces/include/action_interfaces/action_interfaces/msg
[3.287s] -- Up-to-date: /home/sarah/sb_ros2_ws/install/action_interfaces/include/action_interfaces/action_interfaces/msg/rosidl_typesupport_fastrtps_cpp__visibility_control.h
[3.287s] -- Up-to-date: /home/sarah/sb_ros2_ws/install/action_interfaces/include/action_interfaces/action_interfaces/action
[3.287s] -- Up-to-date: /home/sarah/sb_ros2_ws/install/action_interfaces/include/action_interfaces/action_interfaces/action/detail
[3.287s] -- Installing: /home/sarah/sb_ros2_ws/install/action_interfaces/include/action_interfaces/action_interfaces/action/detail/on_robot_gripper__rosidl_typesupport_fastrtps_cpp.hpp
[3.287s] -- Up-to-date: /home/sarah/sb_ros2_ws/install/action_interfaces/include/action_interfaces/action_interfaces/action/detail/dds_fastrtps
[3.288s] -- Installing: /home/sarah/sb_ros2_ws/install/action_interfaces/include/action_interfaces/action_interfaces/action/detail/set_joint_pos__rosidl_typesupport_fastrtps_cpp.hpp
[3.288s] -- Installing: /home/sarah/sb_ros2_ws/install/action_interfaces/include/action_interfaces/action_interfaces/action/detail/set_cart_pos__rosidl_typesupport_fastrtps_cpp.hpp
[3.288s] -- Installing: /home/sarah/sb_ros2_ws/install/action_interfaces/lib/libaction_interfaces__rosidl_typesupport_fastrtps_cpp.so
[3.288s] -- Set runtime path of "/home/sarah/sb_ros2_ws/install/action_interfaces/lib/libaction_interfaces__rosidl_typesupport_fastrtps_cpp.so" to ""
[3.288s] -- Up-to-date: /home/sarah/sb_ros2_ws/install/action_interfaces/include/action_interfaces/action_interfaces
[3.288s] -- Up-to-date: /home/sarah/sb_ros2_ws/install/action_interfaces/include/action_interfaces/action_interfaces/action
[3.288s] -- Up-to-date: /home/sarah/sb_ros2_ws/install/action_interfaces/include/action_interfaces/action_interfaces/action/detail
[3.288s] -- Installing: /home/sarah/sb_ros2_ws/install/action_interfaces/include/action_interfaces/action_interfaces/action/detail/set_cart_pos__rosidl_typesupport_introspection_cpp.hpp
[3.288s] -- Installing: /home/sarah/sb_ros2_ws/install/action_interfaces/include/action_interfaces/action_interfaces/action/detail/on_robot_gripper__type_support.cpp
[3.288s] -- Installing: /home/sarah/sb_ros2_ws/install/action_interfaces/include/action_interfaces/action_interfaces/action/detail/set_joint_pos__type_support.cpp
[3.288s] -- Installing: /home/sarah/sb_ros2_ws/install/action_interfaces/include/action_interfaces/action_interfaces/action/detail/on_robot_gripper__rosidl_typesupport_introspection_cpp.hpp
[3.288s] -- Installing: /home/sarah/sb_ros2_ws/install/action_interfaces/include/action_interfaces/action_interfaces/action/detail/set_cart_pos__type_support.cpp
[3.288s] -- Installing: /home/sarah/sb_ros2_ws/install/action_interfaces/include/action_interfaces/action_interfaces/action/detail/set_joint_pos__rosidl_typesupport_introspection_cpp.hpp
[3.288s] -- Installing: /home/sarah/sb_ros2_ws/install/action_interfaces/lib/libaction_interfaces__rosidl_typesupport_introspection_cpp.so
[3.288s] -- Set runtime path of "/home/sarah/sb_ros2_ws/install/action_interfaces/lib/libaction_interfaces__rosidl_typesupport_introspection_cpp.so" to ""
[3.288s] -- Installing: /home/sarah/sb_ros2_ws/install/action_interfaces/lib/libaction_interfaces__rosidl_typesupport_cpp.so
[3.288s] -- Set runtime path of "/home/sarah/sb_ros2_ws/install/action_interfaces/lib/libaction_interfaces__rosidl_typesupport_cpp.so" to ""
[3.288s] -- Up-to-date: /home/sarah/sb_ros2_ws/install/action_interfaces/share/action_interfaces/environment/pythonpath.sh
[3.288s] -- Installing: /home/sarah/sb_ros2_ws/install/action_interfaces/share/action_interfaces/environment/pythonpath.dsv
[3.289s] -- Up-to-date: /home/sarah/sb_ros2_ws/install/action_interfaces/local/lib/python3.10/dist-packages/action_interfaces-0.0.0-py3.10.egg-info
[3.289s] -- Installing: /home/sarah/sb_ros2_ws/install/action_interfaces/local/lib/python3.10/dist-packages/action_interfaces-0.0.0-py3.10.egg-info/SOURCES.txt
[3.289s] -- Installing: /home/sarah/sb_ros2_ws/install/action_interfaces/local/lib/python3.10/dist-packages/action_interfaces-0.0.0-py3.10.egg-info/top_level.txt
[3.289s] -- Installing: /home/sarah/sb_ros2_ws/install/action_interfaces/local/lib/python3.10/dist-packages/action_interfaces-0.0.0-py3.10.egg-info/PKG-INFO
[3.289s] -- Installing: /home/sarah/sb_ros2_ws/install/action_interfaces/local/lib/python3.10/dist-packages/action_interfaces-0.0.0-py3.10.egg-info/dependency_links.txt
[3.289s] -- Up-to-date: /home/sarah/sb_ros2_ws/install/action_interfaces/local/lib/python3.10/dist-packages/action_interfaces
[3.289s] -- Installing: /home/sarah/sb_ros2_ws/install/action_interfaces/local/lib/python3.10/dist-packages/action_interfaces/_action_interfaces_s.ep.rosidl_typesupport_introspection_c.c
[3.289s] -- Installing: /home/sarah/sb_ros2_ws/install/action_interfaces/local/lib/python3.10/dist-packages/action_interfaces/action_interfaces_s__rosidl_typesupport_c.cpython-310-x86_64-linux-gnu.so
[3.289s] -- Installing: /home/sarah/sb_ros2_ws/install/action_interfaces/local/lib/python3.10/dist-packages/action_interfaces/__init__.py
[3.289s] -- Installing: /home/sarah/sb_ros2_ws/install/action_interfaces/local/lib/python3.10/dist-packages/action_interfaces/action_interfaces_s__rosidl_typesupport_introspection_c.cpython-310-x86_64-linux-gnu.so
[3.289s] -- Installing: /home/sarah/sb_ros2_ws/install/action_interfaces/local/lib/python3.10/dist-packages/action_interfaces/_action_interfaces_s.ep.rosidl_typesupport_fastrtps_c.c
[3.289s] -- Up-to-date: /home/sarah/sb_ros2_ws/install/action_interfaces/local/lib/python3.10/dist-packages/action_interfaces/action
[3.289s] -- Installing: /home/sarah/sb_ros2_ws/install/action_interfaces/local/lib/python3.10/dist-packages/action_interfaces/action/_set_joint_pos.py
[3.289s] -- Installing: /home/sarah/sb_ros2_ws/install/action_interfaces/local/lib/python3.10/dist-packages/action_interfaces/action/_on_robot_gripper_s.c
[3.289s] -- Installing: /home/sarah/sb_ros2_ws/install/action_interfaces/local/lib/python3.10/dist-packages/action_interfaces/action/__init__.py
[3.289s] -- Installing: /home/sarah/sb_ros2_ws/install/action_interfaces/local/lib/python3.10/dist-packages/action_interfaces/action/_set_cart_pos_s.c
[3.289s] -- Installing: /home/sarah/sb_ros2_ws/install/action_interfaces/local/lib/python3.10/dist-packages/action_interfaces/action/_set_joint_pos_s.c
[3.289s] -- Installing: /home/sarah/sb_ros2_ws/install/action_interfaces/local/lib/python3.10/dist-packages/action_interfaces/action/_set_cart_pos.py
[3.289s] -- Installing: /home/sarah/sb_ros2_ws/install/action_interfaces/local/lib/python3.10/dist-packages/action_interfaces/action/_on_robot_gripper.py
[3.289s] -- Installing: /home/sarah/sb_ros2_ws/install/action_interfaces/local/lib/python3.10/dist-packages/action_interfaces/_action_interfaces_s.ep.rosidl_typesupport_c.c
[3.289s] -- Installing: /home/sarah/sb_ros2_ws/install/action_interfaces/local/lib/python3.10/dist-packages/action_interfaces/action_interfaces_s__rosidl_typesupport_fastrtps_c.cpython-310-x86_64-linux-gnu.so
[3.290s] -- Installing: /home/sarah/sb_ros2_ws/install/action_interfaces/local/lib/python3.10/dist-packages/action_interfaces/libaction_interfaces__rosidl_generator_py.so
[3.314s] Listing '/home/sarah/sb_ros2_ws/install/action_interfaces/local/lib/python3.10/dist-packages/action_interfaces'...
[3.314s] Compiling '/home/sarah/sb_ros2_ws/install/action_interfaces/local/lib/python3.10/dist-packages/action_interfaces/__init__.py'...
[3.314s] Listing '/home/sarah/sb_ros2_ws/install/action_interfaces/local/lib/python3.10/dist-packages/action_interfaces/action'...
[3.314s] Compiling '/home/sarah/sb_ros2_ws/install/action_interfaces/local/lib/python3.10/dist-packages/action_interfaces/action/__init__.py'...
[3.314s] Compiling '/home/sarah/sb_ros2_ws/install/action_interfaces/local/lib/python3.10/dist-packages/action_interfaces/action/_on_robot_gripper.py'...
[3.314s] Compiling '/home/sarah/sb_ros2_ws/install/action_interfaces/local/lib/python3.10/dist-packages/action_interfaces/action/_set_cart_pos.py'...
[3.314s] Compiling '/home/sarah/sb_ros2_ws/install/action_interfaces/local/lib/python3.10/dist-packages/action_interfaces/action/_set_joint_pos.py'...
[3.316s] -- Installing: /home/sarah/sb_ros2_ws/install/action_interfaces/local/lib/python3.10/dist-packages/action_interfaces/action_interfaces_s__rosidl_typesupport_fastrtps_c.cpython-310-x86_64-linux-gnu.so
[3.317s] -- Set runtime path of "/home/sarah/sb_ros2_ws/install/action_interfaces/local/lib/python3.10/dist-packages/action_interfaces/action_interfaces_s__rosidl_typesupport_fastrtps_c.cpython-310-x86_64-linux-gnu.so" to ""
[3.317s] -- Installing: /home/sarah/sb_ros2_ws/install/action_interfaces/local/lib/python3.10/dist-packages/action_interfaces/action_interfaces_s__rosidl_typesupport_introspection_c.cpython-310-x86_64-linux-gnu.so
[3.317s] -- Set runtime path of "/home/sarah/sb_ros2_ws/install/action_interfaces/local/lib/python3.10/dist-packages/action_interfaces/action_interfaces_s__rosidl_typesupport_introspection_c.cpython-310-x86_64-linux-gnu.so" to ""
[3.317s] -- Installing: /home/sarah/sb_ros2_ws/install/action_interfaces/local/lib/python3.10/dist-packages/action_interfaces/action_interfaces_s__rosidl_typesupport_c.cpython-310-x86_64-linux-gnu.so
[3.317s] -- Set runtime path of "/home/sarah/sb_ros2_ws/install/action_interfaces/local/lib/python3.10/dist-packages/action_interfaces/action_interfaces_s__rosidl_typesupport_c.cpython-310-x86_64-linux-gnu.so" to ""
[3.317s] -- Installing: /home/sarah/sb_ros2_ws/install/action_interfaces/lib/libaction_interfaces__rosidl_generator_py.so
[3.317s] -- Set runtime path of "/home/sarah/sb_ros2_ws/install/action_interfaces/lib/libaction_interfaces__rosidl_generator_py.so" to ""
[3.317s] -- Up-to-date: /home/sarah/sb_ros2_ws/install/action_interfaces/share/action_interfaces/action/SetCartPos.idl
[3.317s] -- Up-to-date: /home/sarah/sb_ros2_ws/install/action_interfaces/share/action_interfaces/action/SetJointPos.idl
[3.317s] -- Installing: /home/sarah/sb_ros2_ws/install/action_interfaces/share/action_interfaces/action/OnRobotGripper.idl
[3.317s] -- Up-to-date: /home/sarah/sb_ros2_ws/install/action_interfaces/share/action_interfaces/action/SetCartPos.action
[3.317s] -- Up-to-date: /home/sarah/sb_ros2_ws/install/action_interfaces/share/action_interfaces/action/SetJointPos.action
[3.317s] -- Installing: /home/sarah/sb_ros2_ws/install/action_interfaces/share/action_interfaces/action/OnRobotGripper.action
[3.317s] -- Up-to-date: /home/sarah/sb_ros2_ws/install/action_interfaces/share/ament_index/resource_index/package_run_dependencies/action_interfaces
[3.317s] -- Installing: /home/sarah/sb_ros2_ws/install/action_interfaces/share/ament_index/resource_index/parent_prefix_path/action_interfaces
[3.317s] -- Up-to-date: /home/sarah/sb_ros2_ws/install/action_interfaces/share/action_interfaces/environment/ament_prefix_path.sh
[3.317s] -- Installing: /home/sarah/sb_ros2_ws/install/action_interfaces/share/action_interfaces/environment/ament_prefix_path.dsv
[3.317s] -- Up-to-date: /home/sarah/sb_ros2_ws/install/action_interfaces/share/action_interfaces/environment/path.sh
[3.317s] -- Installing: /home/sarah/sb_ros2_ws/install/action_interfaces/share/action_interfaces/environment/path.dsv
[3.317s] -- Up-to-date: /home/sarah/sb_ros2_ws/install/action_interfaces/share/action_interfaces/local_setup.bash
[3.317s] -- Up-to-date: /home/sarah/sb_ros2_ws/install/action_interfaces/share/action_interfaces/local_setup.sh
[3.317s] -- Up-to-date: /home/sarah/sb_ros2_ws/install/action_interfaces/share/action_interfaces/local_setup.zsh
[3.317s] -- Installing: /home/sarah/sb_ros2_ws/install/action_interfaces/share/action_interfaces/local_setup.dsv
[3.317s] -- Installing: /home/sarah/sb_ros2_ws/install/action_interfaces/share/action_interfaces/package.dsv
[3.317s] -- Up-to-date: /home/sarah/sb_ros2_ws/install/action_interfaces/share/ament_index/resource_index/packages/action_interfaces
[3.317s] -- Up-to-date: /home/sarah/sb_ros2_ws/install/action_interfaces/share/action_interfaces/cmake/export_action_interfaces__rosidl_generator_cExport.cmake
[3.317s] -- Up-to-date: /home/sarah/sb_ros2_ws/install/action_interfaces/share/action_interfaces/cmake/export_action_interfaces__rosidl_generator_cExport-noconfig.cmake
[3.317s] -- Up-to-date: /home/sarah/sb_ros2_ws/install/action_interfaces/share/action_interfaces/cmake/export_action_interfaces__rosidl_typesupport_fastrtps_cExport.cmake
[3.317s] -- Up-to-date: /home/sarah/sb_ros2_ws/install/action_interfaces/share/action_interfaces/cmake/export_action_interfaces__rosidl_typesupport_fastrtps_cExport-noconfig.cmake
[3.317s] -- Up-to-date: /home/sarah/sb_ros2_ws/install/action_interfaces/share/action_interfaces/cmake/action_interfaces__rosidl_typesupport_introspection_cExport.cmake
[3.317s] -- Up-to-date: /home/sarah/sb_ros2_ws/install/action_interfaces/share/action_interfaces/cmake/action_interfaces__rosidl_typesupport_introspection_cExport-noconfig.cmake
[3.318s] -- Up-to-date: /home/sarah/sb_ros2_ws/install/action_interfaces/share/action_interfaces/cmake/action_interfaces__rosidl_typesupport_cExport.cmake
[3.318s] -- Up-to-date: /home/sarah/sb_ros2_ws/install/action_interfaces/share/action_interfaces/cmake/action_interfaces__rosidl_typesupport_cExport-noconfig.cmake
[3.318s] -- Up-to-date: /home/sarah/sb_ros2_ws/install/action_interfaces/share/action_interfaces/cmake/export_action_interfaces__rosidl_generator_cppExport.cmake
[3.318s] -- Up-to-date: /home/sarah/sb_ros2_ws/install/action_interfaces/share/action_interfaces/cmake/export_action_interfaces__rosidl_typesupport_fastrtps_cppExport.cmake
[3.318s] -- Up-to-date: /home/sarah/sb_ros2_ws/install/action_interfaces/share/action_interfaces/cmake/export_action_interfaces__rosidl_typesupport_fastrtps_cppExport-noconfig.cmake
[3.318s] -- Up-to-date: /home/sarah/sb_ros2_ws/install/action_interfaces/share/action_interfaces/cmake/action_interfaces__rosidl_typesupport_introspection_cppExport.cmake
[3.318s] -- Up-to-date: /home/sarah/sb_ros2_ws/install/action_interfaces/share/action_interfaces/cmake/action_interfaces__rosidl_typesupport_introspection_cppExport-noconfig.cmake
[3.318s] -- Up-to-date: /home/sarah/sb_ros2_ws/install/action_interfaces/share/action_interfaces/cmake/action_interfaces__rosidl_typesupport_cppExport.cmake
[3.318s] -- Up-to-date: /home/sarah/sb_ros2_ws/install/action_interfaces/share/action_interfaces/cmake/action_interfaces__rosidl_typesupport_cppExport-noconfig.cmake
[3.318s] -- Up-to-date: /home/sarah/sb_ros2_ws/install/action_interfaces/share/action_interfaces/cmake/export_action_interfaces__rosidl_generator_pyExport.cmake
[3.318s] -- Up-to-date: /home/sarah/sb_ros2_ws/install/action_interfaces/share/action_interfaces/cmake/export_action_interfaces__rosidl_generator_pyExport-noconfig.cmake
[3.318s] -- Up-to-date: /home/sarah/sb_ros2_ws/install/action_interfaces/share/action_interfaces/cmake/rosidl_cmake-extras.cmake
[3.318s] -- Up-to-date: /home/sarah/sb_ros2_ws/install/action_interfaces/share/action_interfaces/cmake/ament_cmake_export_dependencies-extras.cmake
[3.318s] -- Up-to-date: /home/sarah/sb_ros2_ws/install/action_interfaces/share/action_interfaces/cmake/ament_cmake_export_include_directories-extras.cmake
[3.318s] -- Up-to-date: /home/sarah/sb_ros2_ws/install/action_interfaces/share/action_interfaces/cmake/ament_cmake_export_libraries-extras.cmake
[3.318s] -- Up-to-date: /home/sarah/sb_ros2_ws/install/action_interfaces/share/action_interfaces/cmake/ament_cmake_export_targets-extras.cmake
[3.318s] -- Up-to-date: /home/sarah/sb_ros2_ws/install/action_interfaces/share/action_interfaces/cmake/rosidl_cmake_export_typesupport_targets-extras.cmake
[3.318s] -- Up-to-date: /home/sarah/sb_ros2_ws/install/action_interfaces/share/action_interfaces/cmake/rosidl_cmake_export_typesupport_libraries-extras.cmake
[3.318s] -- Up-to-date: /home/sarah/sb_ros2_ws/install/action_interfaces/share/action_interfaces/cmake/action_interfacesConfig.cmake
[3.318s] -- Up-to-date: /home/sarah/sb_ros2_ws/install/action_interfaces/share/action_interfaces/cmake/action_interfacesConfig-version.cmake
[3.318s] -- Up-to-date: /home/sarah/sb_ros2_ws/install/action_interfaces/share/action_interfaces/package.xml
[3.319s] Invoked command in '/home/sarah/sb_ros2_ws/build/action_interfaces' returned '0': CMAKE_PREFIX_PATH=${CMAKE_PREFIX_PATH}:/home/sarah/sb_ros2_ws/install/sb_controller:/opt/ros/humble /usr/bin/cmake --install /home/sarah/sb_ros2_ws/build/action_interfaces
