[0.006s] Invoking command in '/home/sarah/sb_ros2_ws/src/build/standard_bot_bringup': AMENT_PREFIX_PATH=/home/sarah/sb_ros2_ws/src/install/sb_controller:${AMENT_PREFIX_PATH} CMAKE_PREFIX_PATH=${CMAKE_PREFIX_PATH}:/home/sarah/sb_ros2_ws/install/sb_controller:/opt/ros/humble PYTHONPATH=/home/sarah/sb_ros2_ws/src/install/sb_controller/lib/python3.10/site-packages:${PYTHONPATH} /usr/bin/cmake --build /home/sarah/sb_ros2_ws/src/build/standard_bot_bringup -- -j32 -l32
[0.035s] Invoked command in '/home/sarah/sb_ros2_ws/src/build/standard_bot_bringup' returned '0': AMENT_PREFIX_PATH=/home/sarah/sb_ros2_ws/src/install/sb_controller:${AMENT_PREFIX_PATH} CMAKE_PREFIX_PATH=${CMAKE_PREFIX_PATH}:/home/sarah/sb_ros2_ws/install/sb_controller:/opt/ros/humble PYTHONPATH=/home/sarah/sb_ros2_ws/src/install/sb_controller/lib/python3.10/site-packages:${PYTHONPATH} /usr/bin/cmake --build /home/sarah/sb_ros2_ws/src/build/standard_bot_bringup -- -j32 -l32
[0.035s] Invoking command in '/home/sarah/sb_ros2_ws/src/build/standard_bot_bringup': AMENT_PREFIX_PATH=/home/sarah/sb_ros2_ws/src/install/sb_controller:${AMENT_PREFIX_PATH} CMAKE_PREFIX_PATH=${CMAKE_PREFIX_PATH}:/home/sarah/sb_ros2_ws/install/sb_controller:/opt/ros/humble PYTHONPATH=/home/sarah/sb_ros2_ws/src/install/sb_controller/lib/python3.10/site-packages:${PYTHONPATH} /usr/bin/cmake --install /home/sarah/sb_ros2_ws/src/build/standard_bot_bringup
[0.040s] -- Install configuration: ""
[0.040s] -- Installing: /home/sarah/sb_ros2_ws/src/install/standard_bot_bringup/share/standard_bot_bringup/launch
[0.040s] -- Installing: /home/sarah/sb_ros2_ws/src/install/standard_bot_bringup/share/standard_bot_bringup/launch/demo.launch.py
[0.040s] -- Installing: /home/sarah/sb_ros2_ws/src/install/standard_bot_bringup/share/ament_index/resource_index/package_run_dependencies/standard_bot_bringup
[0.040s] -- Installing: /home/sarah/sb_ros2_ws/src/install/standard_bot_bringup/share/ament_index/resource_index/parent_prefix_path/standard_bot_bringup
[0.040s] -- Installing: /home/sarah/sb_ros2_ws/src/install/standard_bot_bringup/share/standard_bot_bringup/environment/ament_prefix_path.sh
[0.040s] -- Installing: /home/sarah/sb_ros2_ws/src/install/standard_bot_bringup/share/standard_bot_bringup/environment/ament_prefix_path.dsv
[0.040s] -- Installing: /home/sarah/sb_ros2_ws/src/install/standard_bot_bringup/share/standard_bot_bringup/environment/path.sh
[0.040s] -- Installing: /home/sarah/sb_ros2_ws/src/install/standard_bot_bringup/share/standard_bot_bringup/environment/path.dsv
[0.040s] -- Installing: /home/sarah/sb_ros2_ws/src/install/standard_bot_bringup/share/standard_bot_bringup/local_setup.bash
[0.040s] -- Installing: /home/sarah/sb_ros2_ws/src/install/standard_bot_bringup/share/standard_bot_bringup/local_setup.sh
[0.040s] -- Installing: /home/sarah/sb_ros2_ws/src/install/standard_bot_bringup/share/standard_bot_bringup/local_setup.zsh
[0.040s] -- Installing: /home/sarah/sb_ros2_ws/src/install/standard_bot_bringup/share/standard_bot_bringup/local_setup.dsv
[0.040s] -- Installing: /home/sarah/sb_ros2_ws/src/install/standard_bot_bringup/share/standard_bot_bringup/package.dsv
[0.040s] -- Installing: /home/sarah/sb_ros2_ws/src/install/standard_bot_bringup/share/ament_index/resource_index/packages/standard_bot_bringup
[0.040s] -- Installing: /home/sarah/sb_ros2_ws/src/install/standard_bot_bringup/share/standard_bot_bringup/cmake/standard_bot_bringupConfig.cmake
[0.040s] -- Installing: /home/sarah/sb_ros2_ws/src/install/standard_bot_bringup/share/standard_bot_bringup/cmake/standard_bot_bringupConfig-version.cmake
[0.040s] -- Installing: /home/sarah/sb_ros2_ws/src/install/standard_bot_bringup/share/standard_bot_bringup/package.xml
[0.042s] Invoked command in '/home/sarah/sb_ros2_ws/src/build/standard_bot_bringup' returned '0': AMENT_PREFIX_PATH=/home/sarah/sb_ros2_ws/src/install/sb_controller:${AMENT_PREFIX_PATH} CMAKE_PREFIX_PATH=${CMAKE_PREFIX_PATH}:/home/sarah/sb_ros2_ws/install/sb_controller:/opt/ros/humble PYTHONPATH=/home/sarah/sb_ros2_ws/src/install/sb_controller/lib/python3.10/site-packages:${PYTHONPATH} /usr/bin/cmake --install /home/sarah/sb_ros2_ws/src/build/standard_bot_bringup
