[0.144s] Invoking command in '/home/sarah/sb_ros2_ws/src/build/action_interfaces': CMAKE_PREFIX_PATH=${CMAKE_PREFIX_PATH}:/home/sarah/sb_ros2_ws/install/sb_controller:/opt/ros/humble /usr/bin/cmake /home/sarah/sb_ros2_ws/src/action_interfaces -DCMAKE_INSTALL_PREFIX=/home/sarah/sb_ros2_ws/src/install/action_interfaces
[0.153s] -- Found ament_cmake: 1.3.11 (/opt/ros/humble/share/ament_cmake/cmake)
[0.226s] -- Found ament_lint_auto: 0.12.11 (/opt/ros/humble/share/ament_lint_auto/cmake)
[0.267s] -- Found rosidl_default_generators: 1.2.0 (/opt/ros/humble/share/rosidl_default_generators/cmake)
[0.268s] -- Using all available rosidl_typesupport_c: rosidl_typesupport_fastrtps_c;rosidl_typesupport_introspection_c
[0.269s] -- Found rosidl_adapter: 3.1.6 (/opt/ros/humble/share/rosidl_adapter/cmake)
[0.286s] -- Using all available rosidl_typesupport_cpp: rosidl_typesupport_fastrtps_cpp;rosidl_typesupport_introspection_cpp
[0.446s] -- Found ament_cmake_ros: 0.10.0 (/opt/ros/humble/share/ament_cmake_ros/cmake)
[0.596s] -- Using all available rosidl_typesupport_c: rosidl_typesupport_fastrtps_c;rosidl_typesupport_introspection_c
[0.800s] -- Using all available rosidl_typesupport_cpp: rosidl_typesupport_fastrtps_cpp;rosidl_typesupport_introspection_cpp
[0.821s] -- Found PythonInterp: /usr/bin/python3 (found suitable version "3.10.12", minimum required is "3.6") 
[0.823s] -- Found python_cmake_module: 0.10.0 (/opt/ros/humble/share/python_cmake_module/cmake)
[0.848s] -- Found PythonLibs: /usr/lib/x86_64-linux-gnu/libpython3.10.so (found suitable version "3.10.12", minimum required is "3.5") 
[0.848s] -- Using PYTHON_EXECUTABLE: /usr/bin/python3
[0.848s] -- Using PYTHON_INCLUDE_DIRS: /usr/include/python3.10
[0.848s] -- Using PYTHON_LIBRARIES: /usr/lib/x86_64-linux-gnu/libpython3.10.so
[0.864s] -- Found PythonExtra: .so  
[0.888s] -- Added test 'lint_cmake' to check CMake code style
[0.889s] -- Added test 'xmllint' to check XML markup files
[0.893s] -- Configuring done
[0.906s] -- Generating done
[0.910s] -- Build files have been written to: /home/sarah/sb_ros2_ws/src/build/action_interfaces
[0.915s] Invoked command in '/home/sarah/sb_ros2_ws/src/build/action_interfaces' returned '0': CMAKE_PREFIX_PATH=${CMAKE_PREFIX_PATH}:/home/sarah/sb_ros2_ws/install/sb_controller:/opt/ros/humble /usr/bin/cmake /home/sarah/sb_ros2_ws/src/action_interfaces -DCMAKE_INSTALL_PREFIX=/home/sarah/sb_ros2_ws/src/install/action_interfaces
[0.915s] Invoking command in '/home/sarah/sb_ros2_ws/src/build/action_interfaces': CMAKE_PREFIX_PATH=${CMAKE_PREFIX_PATH}:/home/sarah/sb_ros2_ws/install/sb_controller:/opt/ros/humble /usr/bin/cmake --build /home/sarah/sb_ros2_ws/src/build/action_interfaces -- -j32 -l32
[0.949s] [  2%] [34m[1mGenerating C code for ROS interfaces[0m
[0.957s] [  5%] [34m[1mGenerating C++ code for ROS interfaces[0m
[0.962s] [  5%] Built target ament_cmake_python_copy_action_interfaces
[1.084s] running egg_info
[1.084s] creating action_interfaces.egg-info
[1.084s] writing action_interfaces.egg-info/PKG-INFO
[1.084s] writing dependency_links to action_interfaces.egg-info/dependency_links.txt
[1.084s] writing top-level names to action_interfaces.egg-info/top_level.txt
[1.084s] writing manifest file 'action_interfaces.egg-info/SOURCES.txt'
[1.085s] reading manifest file 'action_interfaces.egg-info/SOURCES.txt'
[1.086s] writing manifest file 'action_interfaces.egg-info/SOURCES.txt'
[1.100s] [  5%] Built target ament_cmake_python_build_action_interfaces_egg
[1.297s] [  5%] Built target action_interfaces__cpp
[1.304s] [  7%] [34m[1mGenerating C++ type support dispatch for ROS interfaces[0m
[1.304s] [ 10%] [34m[1mGenerating C++ type support for eProsima Fast-RTPS[0m
[1.304s] [ 12%] [34m[1mGenerating C++ introspection for ROS interfaces[0m
[1.338s] [ 15%] [32mBuilding C object CMakeFiles/action_interfaces__rosidl_generator_c.dir/rosidl_generator_c/action_interfaces/action/detail/set_cart_pos__functions.c.o[0m
[1.339s] [ 17%] [32mBuilding C object CMakeFiles/action_interfaces__rosidl_generator_c.dir/rosidl_generator_c/action_interfaces/action/detail/set_joint_pos__functions.c.o[0m
[1.429s] [ 20%] [32m[1mLinking C shared library libaction_interfaces__rosidl_generator_c.so[0m
[1.456s] [ 20%] Built target action_interfaces__rosidl_generator_c
[1.463s] [ 23%] [34m[1mGenerating C type support dispatch for ROS interfaces[0m
[1.463s] [ 25%] [34m[1mGenerating C introspection for ROS interfaces[0m
[1.463s] [ 28%] [34m[1mGenerating C type support for eProsima Fast-RTPS[0m
[1.536s] [ 33%] [32mBuilding CXX object CMakeFiles/action_interfaces__rosidl_typesupport_cpp.dir/rosidl_typesupport_cpp/action_interfaces/action/set_cart_pos__type_support.cpp.o[0m
[1.536s] [ 33%] [32mBuilding CXX object CMakeFiles/action_interfaces__rosidl_typesupport_cpp.dir/rosidl_typesupport_cpp/action_interfaces/action/set_joint_pos__type_support.cpp.o[0m
[1.575s] [ 35%] [32mBuilding CXX object CMakeFiles/action_interfaces__rosidl_typesupport_introspection_cpp.dir/rosidl_typesupport_introspection_cpp/action_interfaces/action/detail/set_cart_pos__type_support.cpp.o[0m
[1.575s] [ 38%] [32mBuilding CXX object CMakeFiles/action_interfaces__rosidl_typesupport_introspection_cpp.dir/rosidl_typesupport_introspection_cpp/action_interfaces/action/detail/set_joint_pos__type_support.cpp.o[0m
[1.638s] [ 41%] [32mBuilding CXX object CMakeFiles/action_interfaces__rosidl_typesupport_fastrtps_cpp.dir/rosidl_typesupport_fastrtps_cpp/action_interfaces/action/detail/dds_fastrtps/set_cart_pos__type_support.cpp.o[0m
[1.638s] [ 43%] [32mBuilding CXX object CMakeFiles/action_interfaces__rosidl_typesupport_fastrtps_cpp.dir/rosidl_typesupport_fastrtps_cpp/action_interfaces/action/detail/dds_fastrtps/set_joint_pos__type_support.cpp.o[0m
[1.741s] [ 48%] [32mBuilding CXX object CMakeFiles/action_interfaces__rosidl_typesupport_c.dir/rosidl_typesupport_c/action_interfaces/action/set_cart_pos__type_support.cpp.o[0m
[1.741s] [ 48%] [32mBuilding CXX object CMakeFiles/action_interfaces__rosidl_typesupport_c.dir/rosidl_typesupport_c/action_interfaces/action/set_joint_pos__type_support.cpp.o[0m
[1.778s] [ 51%] [32m[1mLinking CXX shared library libaction_interfaces__rosidl_typesupport_c.so[0m
[1.809s] [ 56%] [32mBuilding CXX object CMakeFiles/action_interfaces__rosidl_typesupport_fastrtps_c.dir/rosidl_typesupport_fastrtps_c/action_interfaces/action/detail/set_joint_pos__type_support_c.cpp.o[0m
[1.809s] [ 56%] [32mBuilding CXX object CMakeFiles/action_interfaces__rosidl_typesupport_fastrtps_c.dir/rosidl_typesupport_fastrtps_c/action_interfaces/action/detail/set_cart_pos__type_support_c.cpp.o[0m
[1.812s] [ 56%] Built target action_interfaces__rosidl_typesupport_c
[1.842s] [ 58%] [32mBuilding C object CMakeFiles/action_interfaces__rosidl_typesupport_introspection_c.dir/rosidl_typesupport_introspection_c/action_interfaces/action/detail/set_cart_pos__type_support.c.o[0m
[1.843s] [ 61%] [32mBuilding C object CMakeFiles/action_interfaces__rosidl_typesupport_introspection_c.dir/rosidl_typesupport_introspection_c/action_interfaces/action/detail/set_joint_pos__type_support.c.o[0m
[1.881s] [ 64%] [32m[1mLinking C shared library libaction_interfaces__rosidl_typesupport_introspection_c.so[0m
[1.908s] [ 64%] Built target action_interfaces__rosidl_typesupport_introspection_c
[1.914s] [ 66%] [32m[1mLinking CXX shared library libaction_interfaces__rosidl_typesupport_introspection_cpp.so[0m
[1.916s] [ 69%] [32m[1mLinking CXX shared library libaction_interfaces__rosidl_typesupport_cpp.so[0m
[1.948s] [ 69%] Built target action_interfaces__rosidl_typesupport_cpp
[1.961s] [ 69%] Built target action_interfaces__rosidl_typesupport_introspection_cpp
[1.997s] [ 71%] [32m[1mLinking CXX shared library libaction_interfaces__rosidl_typesupport_fastrtps_c.so[0m
[2.038s] [ 71%] Built target action_interfaces__rosidl_typesupport_fastrtps_c
[2.072s] [ 74%] [32m[1mLinking CXX shared library libaction_interfaces__rosidl_typesupport_fastrtps_cpp.so[0m
[2.122s] [ 74%] Built target action_interfaces__rosidl_typesupport_fastrtps_cpp
[2.140s] [ 74%] Built target action_interfaces
[2.163s] [ 76%] [34m[1mGenerating Python code for ROS interfaces[0m
[2.874s] [ 76%] Built target action_interfaces__py
[2.892s] [ 79%] [32mBuilding C object CMakeFiles/action_interfaces__rosidl_generator_py.dir/rosidl_generator_py/action_interfaces/action/_set_cart_pos_s.c.o[0m
[2.893s] [ 82%] [32mBuilding C object CMakeFiles/action_interfaces__rosidl_generator_py.dir/rosidl_generator_py/action_interfaces/action/_set_joint_pos_s.c.o[0m
[3.027s] [ 84%] [32m[1mLinking C shared library rosidl_generator_py/action_interfaces/libaction_interfaces__rosidl_generator_py.so[0m
[3.061s] [ 84%] Built target action_interfaces__rosidl_generator_py
[3.082s] [ 87%] [32mBuilding C object CMakeFiles/action_interfaces__rosidl_typesupport_introspection_c__pyext.dir/rosidl_generator_py/action_interfaces/_action_interfaces_s.ep.rosidl_typesupport_introspection_c.c.o[0m
[3.082s] [ 89%] [32mBuilding C object CMakeFiles/action_interfaces__rosidl_typesupport_fastrtps_c__pyext.dir/rosidl_generator_py/action_interfaces/_action_interfaces_s.ep.rosidl_typesupport_fastrtps_c.c.o[0m
[3.083s] [ 92%] [32mBuilding C object CMakeFiles/action_interfaces__rosidl_typesupport_c__pyext.dir/rosidl_generator_py/action_interfaces/_action_interfaces_s.ep.rosidl_typesupport_c.c.o[0m
[3.152s] [ 94%] [32m[1mLinking C shared library rosidl_generator_py/action_interfaces/action_interfaces_s__rosidl_typesupport_fastrtps_c.cpython-310-x86_64-linux-gnu.so[0m
[3.158s] [ 97%] [32m[1mLinking C shared library rosidl_generator_py/action_interfaces/action_interfaces_s__rosidl_typesupport_c.cpython-310-x86_64-linux-gnu.so[0m
[3.161s] [100%] [32m[1mLinking C shared library rosidl_generator_py/action_interfaces/action_interfaces_s__rosidl_typesupport_introspection_c.cpython-310-x86_64-linux-gnu.so[0m
[3.180s] [100%] Built target action_interfaces__rosidl_typesupport_fastrtps_c__pyext
[3.182s] [100%] Built target action_interfaces__rosidl_typesupport_c__pyext
[3.185s] [100%] Built target action_interfaces__rosidl_typesupport_introspection_c__pyext
[3.193s] Invoked command in '/home/sarah/sb_ros2_ws/src/build/action_interfaces' returned '0': CMAKE_PREFIX_PATH=${CMAKE_PREFIX_PATH}:/home/sarah/sb_ros2_ws/install/sb_controller:/opt/ros/humble /usr/bin/cmake --build /home/sarah/sb_ros2_ws/src/build/action_interfaces -- -j32 -l32
[3.194s] Invoking command in '/home/sarah/sb_ros2_ws/src/build/action_interfaces': CMAKE_PREFIX_PATH=${CMAKE_PREFIX_PATH}:/home/sarah/sb_ros2_ws/install/sb_controller:/opt/ros/humble /usr/bin/cmake --install /home/sarah/sb_ros2_ws/src/build/action_interfaces
[3.200s] -- Install configuration: ""
[3.200s] -- Installing: /home/sarah/sb_ros2_ws/src/install/action_interfaces/share/ament_index/resource_index/rosidl_interfaces/action_interfaces
[3.200s] -- Installing: /home/sarah/sb_ros2_ws/src/install/action_interfaces/include/action_interfaces/action_interfaces
[3.200s] -- Installing: /home/sarah/sb_ros2_ws/src/install/action_interfaces/include/action_interfaces/action_interfaces/msg
[3.200s] -- Installing: /home/sarah/sb_ros2_ws/src/install/action_interfaces/include/action_interfaces/action_interfaces/msg/rosidl_generator_c__visibility_control.h
[3.201s] -- Installing: /home/sarah/sb_ros2_ws/src/install/action_interfaces/include/action_interfaces/action_interfaces/action
[3.201s] -- Installing: /home/sarah/sb_ros2_ws/src/install/action_interfaces/include/action_interfaces/action_interfaces/action/set_cart_pos.h
[3.201s] -- Installing: /home/sarah/sb_ros2_ws/src/install/action_interfaces/include/action_interfaces/action_interfaces/action/detail
[3.201s] -- Installing: /home/sarah/sb_ros2_ws/src/install/action_interfaces/include/action_interfaces/action_interfaces/action/detail/set_joint_pos__functions.h
[3.201s] -- Installing: /home/sarah/sb_ros2_ws/src/install/action_interfaces/include/action_interfaces/action_interfaces/action/detail/set_joint_pos__functions.c
[3.201s] -- Installing: /home/sarah/sb_ros2_ws/src/install/action_interfaces/include/action_interfaces/action_interfaces/action/detail/set_cart_pos__functions.h
[3.201s] -- Installing: /home/sarah/sb_ros2_ws/src/install/action_interfaces/include/action_interfaces/action_interfaces/action/detail/set_cart_pos__functions.c
[3.201s] -- Installing: /home/sarah/sb_ros2_ws/src/install/action_interfaces/include/action_interfaces/action_interfaces/action/detail/set_joint_pos__struct.h
[3.201s] -- Installing: /home/sarah/sb_ros2_ws/src/install/action_interfaces/include/action_interfaces/action_interfaces/action/detail/set_cart_pos__struct.h
[3.202s] -- Installing: /home/sarah/sb_ros2_ws/src/install/action_interfaces/include/action_interfaces/action_interfaces/action/detail/set_joint_pos__type_support.h
[3.202s] -- Installing: /home/sarah/sb_ros2_ws/src/install/action_interfaces/include/action_interfaces/action_interfaces/action/detail/set_cart_pos__type_support.h
[3.202s] -- Installing: /home/sarah/sb_ros2_ws/src/install/action_interfaces/include/action_interfaces/action_interfaces/action/set_joint_pos.h
[3.202s] -- Installing: /home/sarah/sb_ros2_ws/src/install/action_interfaces/share/action_interfaces/environment/library_path.sh
[3.202s] -- Installing: /home/sarah/sb_ros2_ws/src/install/action_interfaces/share/action_interfaces/environment/library_path.dsv
[3.202s] -- Installing: /home/sarah/sb_ros2_ws/src/install/action_interfaces/lib/libaction_interfaces__rosidl_generator_c.so
[3.202s] -- Set runtime path of "/home/sarah/sb_ros2_ws/src/install/action_interfaces/lib/libaction_interfaces__rosidl_generator_c.so" to ""
[3.202s] -- Up-to-date: /home/sarah/sb_ros2_ws/src/install/action_interfaces/include/action_interfaces/action_interfaces
[3.202s] -- Up-to-date: /home/sarah/sb_ros2_ws/src/install/action_interfaces/include/action_interfaces/action_interfaces/msg
[3.202s] -- Installing: /home/sarah/sb_ros2_ws/src/install/action_interfaces/include/action_interfaces/action_interfaces/msg/rosidl_typesupport_fastrtps_c__visibility_control.h
[3.202s] -- Up-to-date: /home/sarah/sb_ros2_ws/src/install/action_interfaces/include/action_interfaces/action_interfaces/action
[3.203s] -- Up-to-date: /home/sarah/sb_ros2_ws/src/install/action_interfaces/include/action_interfaces/action_interfaces/action/detail
[3.203s] -- Installing: /home/sarah/sb_ros2_ws/src/install/action_interfaces/include/action_interfaces/action_interfaces/action/detail/set_cart_pos__rosidl_typesupport_fastrtps_c.h
[3.203s] -- Installing: /home/sarah/sb_ros2_ws/src/install/action_interfaces/include/action_interfaces/action_interfaces/action/detail/set_joint_pos__rosidl_typesupport_fastrtps_c.h
[3.204s] -- Installing: /home/sarah/sb_ros2_ws/src/install/action_interfaces/lib/libaction_interfaces__rosidl_typesupport_fastrtps_c.so
[3.204s] -- Set runtime path of "/home/sarah/sb_ros2_ws/src/install/action_interfaces/lib/libaction_interfaces__rosidl_typesupport_fastrtps_c.so" to ""
[3.204s] -- Up-to-date: /home/sarah/sb_ros2_ws/src/install/action_interfaces/include/action_interfaces/action_interfaces
[3.204s] -- Up-to-date: /home/sarah/sb_ros2_ws/src/install/action_interfaces/include/action_interfaces/action_interfaces/msg
[3.204s] -- Installing: /home/sarah/sb_ros2_ws/src/install/action_interfaces/include/action_interfaces/action_interfaces/msg/rosidl_typesupport_introspection_c__visibility_control.h
[3.204s] -- Up-to-date: /home/sarah/sb_ros2_ws/src/install/action_interfaces/include/action_interfaces/action_interfaces/action
[3.204s] -- Up-to-date: /home/sarah/sb_ros2_ws/src/install/action_interfaces/include/action_interfaces/action_interfaces/action/detail
[3.204s] -- Installing: /home/sarah/sb_ros2_ws/src/install/action_interfaces/include/action_interfaces/action_interfaces/action/detail/set_joint_pos__rosidl_typesupport_introspection_c.h
[3.204s] -- Installing: /home/sarah/sb_ros2_ws/src/install/action_interfaces/include/action_interfaces/action_interfaces/action/detail/set_joint_pos__type_support.c
[3.204s] -- Installing: /home/sarah/sb_ros2_ws/src/install/action_interfaces/include/action_interfaces/action_interfaces/action/detail/set_cart_pos__rosidl_typesupport_introspection_c.h
[3.204s] -- Installing: /home/sarah/sb_ros2_ws/src/install/action_interfaces/include/action_interfaces/action_interfaces/action/detail/set_cart_pos__type_support.c
[3.204s] -- Installing: /home/sarah/sb_ros2_ws/src/install/action_interfaces/lib/libaction_interfaces__rosidl_typesupport_introspection_c.so
[3.204s] -- Set runtime path of "/home/sarah/sb_ros2_ws/src/install/action_interfaces/lib/libaction_interfaces__rosidl_typesupport_introspection_c.so" to ""
[3.204s] -- Installing: /home/sarah/sb_ros2_ws/src/install/action_interfaces/lib/libaction_interfaces__rosidl_typesupport_c.so
[3.204s] -- Set runtime path of "/home/sarah/sb_ros2_ws/src/install/action_interfaces/lib/libaction_interfaces__rosidl_typesupport_c.so" to ""
[3.204s] -- Up-to-date: /home/sarah/sb_ros2_ws/src/install/action_interfaces/include/action_interfaces/action_interfaces
[3.204s] -- Up-to-date: /home/sarah/sb_ros2_ws/src/install/action_interfaces/include/action_interfaces/action_interfaces/msg
[3.204s] -- Installing: /home/sarah/sb_ros2_ws/src/install/action_interfaces/include/action_interfaces/action_interfaces/msg/rosidl_generator_cpp__visibility_control.hpp
[3.204s] -- Up-to-date: /home/sarah/sb_ros2_ws/src/install/action_interfaces/include/action_interfaces/action_interfaces/action
[3.204s] -- Installing: /home/sarah/sb_ros2_ws/src/install/action_interfaces/include/action_interfaces/action_interfaces/action/set_joint_pos.hpp
[3.205s] -- Installing: /home/sarah/sb_ros2_ws/src/install/action_interfaces/include/action_interfaces/action_interfaces/action/set_cart_pos.hpp
[3.205s] -- Up-to-date: /home/sarah/sb_ros2_ws/src/install/action_interfaces/include/action_interfaces/action_interfaces/action/detail
[3.205s] -- Installing: /home/sarah/sb_ros2_ws/src/install/action_interfaces/include/action_interfaces/action_interfaces/action/detail/set_cart_pos__traits.hpp
[3.205s] -- Installing: /home/sarah/sb_ros2_ws/src/install/action_interfaces/include/action_interfaces/action_interfaces/action/detail/set_cart_pos__struct.hpp
[3.205s] -- Installing: /home/sarah/sb_ros2_ws/src/install/action_interfaces/include/action_interfaces/action_interfaces/action/detail/set_joint_pos__type_support.hpp
[3.205s] -- Installing: /home/sarah/sb_ros2_ws/src/install/action_interfaces/include/action_interfaces/action_interfaces/action/detail/set_joint_pos__builder.hpp
[3.205s] -- Installing: /home/sarah/sb_ros2_ws/src/install/action_interfaces/include/action_interfaces/action_interfaces/action/detail/set_joint_pos__traits.hpp
[3.205s] -- Installing: /home/sarah/sb_ros2_ws/src/install/action_interfaces/include/action_interfaces/action_interfaces/action/detail/set_joint_pos__struct.hpp
[3.205s] -- Installing: /home/sarah/sb_ros2_ws/src/install/action_interfaces/include/action_interfaces/action_interfaces/action/detail/set_cart_pos__builder.hpp
[3.205s] -- Installing: /home/sarah/sb_ros2_ws/src/install/action_interfaces/include/action_interfaces/action_interfaces/action/detail/set_cart_pos__type_support.hpp
[3.205s] -- Up-to-date: /home/sarah/sb_ros2_ws/src/install/action_interfaces/include/action_interfaces/action_interfaces
[3.205s] -- Up-to-date: /home/sarah/sb_ros2_ws/src/install/action_interfaces/include/action_interfaces/action_interfaces/msg
[3.205s] -- Installing: /home/sarah/sb_ros2_ws/src/install/action_interfaces/include/action_interfaces/action_interfaces/msg/rosidl_typesupport_fastrtps_cpp__visibility_control.h
[3.205s] -- Up-to-date: /home/sarah/sb_ros2_ws/src/install/action_interfaces/include/action_interfaces/action_interfaces/action
[3.205s] -- Up-to-date: /home/sarah/sb_ros2_ws/src/install/action_interfaces/include/action_interfaces/action_interfaces/action/detail
[3.205s] -- Installing: /home/sarah/sb_ros2_ws/src/install/action_interfaces/include/action_interfaces/action_interfaces/action/detail/dds_fastrtps
[3.205s] -- Installing: /home/sarah/sb_ros2_ws/src/install/action_interfaces/include/action_interfaces/action_interfaces/action/detail/set_joint_pos__rosidl_typesupport_fastrtps_cpp.hpp
[3.205s] -- Installing: /home/sarah/sb_ros2_ws/src/install/action_interfaces/include/action_interfaces/action_interfaces/action/detail/set_cart_pos__rosidl_typesupport_fastrtps_cpp.hpp
[3.205s] -- Installing: /home/sarah/sb_ros2_ws/src/install/action_interfaces/lib/libaction_interfaces__rosidl_typesupport_fastrtps_cpp.so
[3.205s] -- Set runtime path of "/home/sarah/sb_ros2_ws/src/install/action_interfaces/lib/libaction_interfaces__rosidl_typesupport_fastrtps_cpp.so" to ""
[3.206s] -- Up-to-date: /home/sarah/sb_ros2_ws/src/install/action_interfaces/include/action_interfaces/action_interfaces
[3.206s] -- Up-to-date: /home/sarah/sb_ros2_ws/src/install/action_interfaces/include/action_interfaces/action_interfaces/action
[3.206s] -- Up-to-date: /home/sarah/sb_ros2_ws/src/install/action_interfaces/include/action_interfaces/action_interfaces/action/detail
[3.206s] -- Installing: /home/sarah/sb_ros2_ws/src/install/action_interfaces/include/action_interfaces/action_interfaces/action/detail/set_cart_pos__rosidl_typesupport_introspection_cpp.hpp
[3.206s] -- Installing: /home/sarah/sb_ros2_ws/src/install/action_interfaces/include/action_interfaces/action_interfaces/action/detail/set_joint_pos__type_support.cpp
[3.206s] -- Installing: /home/sarah/sb_ros2_ws/src/install/action_interfaces/include/action_interfaces/action_interfaces/action/detail/set_cart_pos__type_support.cpp
[3.206s] -- Installing: /home/sarah/sb_ros2_ws/src/install/action_interfaces/include/action_interfaces/action_interfaces/action/detail/set_joint_pos__rosidl_typesupport_introspection_cpp.hpp
[3.206s] -- Installing: /home/sarah/sb_ros2_ws/src/install/action_interfaces/lib/libaction_interfaces__rosidl_typesupport_introspection_cpp.so
[3.206s] -- Set runtime path of "/home/sarah/sb_ros2_ws/src/install/action_interfaces/lib/libaction_interfaces__rosidl_typesupport_introspection_cpp.so" to ""
[3.206s] -- Installing: /home/sarah/sb_ros2_ws/src/install/action_interfaces/lib/libaction_interfaces__rosidl_typesupport_cpp.so
[3.206s] -- Set runtime path of "/home/sarah/sb_ros2_ws/src/install/action_interfaces/lib/libaction_interfaces__rosidl_typesupport_cpp.so" to ""
[3.206s] -- Installing: /home/sarah/sb_ros2_ws/src/install/action_interfaces/share/action_interfaces/environment/pythonpath.sh
[3.206s] -- Installing: /home/sarah/sb_ros2_ws/src/install/action_interfaces/share/action_interfaces/environment/pythonpath.dsv
[3.206s] -- Installing: /home/sarah/sb_ros2_ws/src/install/action_interfaces/local/lib/python3.10/dist-packages/action_interfaces-0.0.0-py3.10.egg-info
[3.206s] -- Installing: /home/sarah/sb_ros2_ws/src/install/action_interfaces/local/lib/python3.10/dist-packages/action_interfaces-0.0.0-py3.10.egg-info/SOURCES.txt
[3.206s] -- Installing: /home/sarah/sb_ros2_ws/src/install/action_interfaces/local/lib/python3.10/dist-packages/action_interfaces-0.0.0-py3.10.egg-info/top_level.txt
[3.206s] -- Installing: /home/sarah/sb_ros2_ws/src/install/action_interfaces/local/lib/python3.10/dist-packages/action_interfaces-0.0.0-py3.10.egg-info/PKG-INFO
[3.206s] -- Installing: /home/sarah/sb_ros2_ws/src/install/action_interfaces/local/lib/python3.10/dist-packages/action_interfaces-0.0.0-py3.10.egg-info/dependency_links.txt
[3.206s] -- Installing: /home/sarah/sb_ros2_ws/src/install/action_interfaces/local/lib/python3.10/dist-packages/action_interfaces
[3.206s] -- Installing: /home/sarah/sb_ros2_ws/src/install/action_interfaces/local/lib/python3.10/dist-packages/action_interfaces/_action_interfaces_s.ep.rosidl_typesupport_introspection_c.c
[3.206s] -- Installing: /home/sarah/sb_ros2_ws/src/install/action_interfaces/local/lib/python3.10/dist-packages/action_interfaces/action_interfaces_s__rosidl_typesupport_c.cpython-310-x86_64-linux-gnu.so
[3.206s] -- Installing: /home/sarah/sb_ros2_ws/src/install/action_interfaces/local/lib/python3.10/dist-packages/action_interfaces/__init__.py
[3.206s] -- Installing: /home/sarah/sb_ros2_ws/src/install/action_interfaces/local/lib/python3.10/dist-packages/action_interfaces/action_interfaces_s__rosidl_typesupport_introspection_c.cpython-310-x86_64-linux-gnu.so
[3.206s] -- Installing: /home/sarah/sb_ros2_ws/src/install/action_interfaces/local/lib/python3.10/dist-packages/action_interfaces/_action_interfaces_s.ep.rosidl_typesupport_fastrtps_c.c
[3.206s] -- Installing: /home/sarah/sb_ros2_ws/src/install/action_interfaces/local/lib/python3.10/dist-packages/action_interfaces/action
[3.207s] -- Installing: /home/sarah/sb_ros2_ws/src/install/action_interfaces/local/lib/python3.10/dist-packages/action_interfaces/action/_set_joint_pos.py
[3.207s] -- Installing: /home/sarah/sb_ros2_ws/src/install/action_interfaces/local/lib/python3.10/dist-packages/action_interfaces/action/__init__.py
[3.207s] -- Installing: /home/sarah/sb_ros2_ws/src/install/action_interfaces/local/lib/python3.10/dist-packages/action_interfaces/action/_set_cart_pos_s.c
[3.207s] -- Installing: /home/sarah/sb_ros2_ws/src/install/action_interfaces/local/lib/python3.10/dist-packages/action_interfaces/action/_set_joint_pos_s.c
[3.207s] -- Installing: /home/sarah/sb_ros2_ws/src/install/action_interfaces/local/lib/python3.10/dist-packages/action_interfaces/action/_set_cart_pos.py
[3.207s] -- Installing: /home/sarah/sb_ros2_ws/src/install/action_interfaces/local/lib/python3.10/dist-packages/action_interfaces/_action_interfaces_s.ep.rosidl_typesupport_c.c
[3.207s] -- Installing: /home/sarah/sb_ros2_ws/src/install/action_interfaces/local/lib/python3.10/dist-packages/action_interfaces/action_interfaces_s__rosidl_typesupport_fastrtps_c.cpython-310-x86_64-linux-gnu.so
[3.207s] -- Installing: /home/sarah/sb_ros2_ws/src/install/action_interfaces/local/lib/python3.10/dist-packages/action_interfaces/libaction_interfaces__rosidl_generator_py.so
[3.242s] Listing '/home/sarah/sb_ros2_ws/src/install/action_interfaces/local/lib/python3.10/dist-packages/action_interfaces'...
[3.242s] Compiling '/home/sarah/sb_ros2_ws/src/install/action_interfaces/local/lib/python3.10/dist-packages/action_interfaces/__init__.py'...
[3.242s] Listing '/home/sarah/sb_ros2_ws/src/install/action_interfaces/local/lib/python3.10/dist-packages/action_interfaces/action'...
[3.243s] Compiling '/home/sarah/sb_ros2_ws/src/install/action_interfaces/local/lib/python3.10/dist-packages/action_interfaces/action/__init__.py'...
[3.243s] Compiling '/home/sarah/sb_ros2_ws/src/install/action_interfaces/local/lib/python3.10/dist-packages/action_interfaces/action/_set_cart_pos.py'...
[3.243s] Compiling '/home/sarah/sb_ros2_ws/src/install/action_interfaces/local/lib/python3.10/dist-packages/action_interfaces/action/_set_joint_pos.py'...
[3.245s] -- Installing: /home/sarah/sb_ros2_ws/src/install/action_interfaces/local/lib/python3.10/dist-packages/action_interfaces/action_interfaces_s__rosidl_typesupport_fastrtps_c.cpython-310-x86_64-linux-gnu.so
[3.245s] -- Set runtime path of "/home/sarah/sb_ros2_ws/src/install/action_interfaces/local/lib/python3.10/dist-packages/action_interfaces/action_interfaces_s__rosidl_typesupport_fastrtps_c.cpython-310-x86_64-linux-gnu.so" to ""
[3.245s] -- Installing: /home/sarah/sb_ros2_ws/src/install/action_interfaces/local/lib/python3.10/dist-packages/action_interfaces/action_interfaces_s__rosidl_typesupport_introspection_c.cpython-310-x86_64-linux-gnu.so
[3.245s] -- Set runtime path of "/home/sarah/sb_ros2_ws/src/install/action_interfaces/local/lib/python3.10/dist-packages/action_interfaces/action_interfaces_s__rosidl_typesupport_introspection_c.cpython-310-x86_64-linux-gnu.so" to ""
[3.245s] -- Installing: /home/sarah/sb_ros2_ws/src/install/action_interfaces/local/lib/python3.10/dist-packages/action_interfaces/action_interfaces_s__rosidl_typesupport_c.cpython-310-x86_64-linux-gnu.so
[3.245s] -- Set runtime path of "/home/sarah/sb_ros2_ws/src/install/action_interfaces/local/lib/python3.10/dist-packages/action_interfaces/action_interfaces_s__rosidl_typesupport_c.cpython-310-x86_64-linux-gnu.so" to ""
[3.245s] -- Installing: /home/sarah/sb_ros2_ws/src/install/action_interfaces/lib/libaction_interfaces__rosidl_generator_py.so
[3.245s] -- Set runtime path of "/home/sarah/sb_ros2_ws/src/install/action_interfaces/lib/libaction_interfaces__rosidl_generator_py.so" to ""
[3.245s] -- Installing: /home/sarah/sb_ros2_ws/src/install/action_interfaces/share/action_interfaces/action/SetCartPos.idl
[3.246s] -- Installing: /home/sarah/sb_ros2_ws/src/install/action_interfaces/share/action_interfaces/action/SetJointPos.idl
[3.246s] -- Installing: /home/sarah/sb_ros2_ws/src/install/action_interfaces/share/action_interfaces/action/SetCartPos.action
[3.246s] -- Installing: /home/sarah/sb_ros2_ws/src/install/action_interfaces/share/action_interfaces/action/SetJointPos.action
[3.246s] -- Installing: /home/sarah/sb_ros2_ws/src/install/action_interfaces/share/ament_index/resource_index/package_run_dependencies/action_interfaces
[3.246s] -- Installing: /home/sarah/sb_ros2_ws/src/install/action_interfaces/share/ament_index/resource_index/parent_prefix_path/action_interfaces
[3.246s] -- Installing: /home/sarah/sb_ros2_ws/src/install/action_interfaces/share/action_interfaces/environment/ament_prefix_path.sh
[3.246s] -- Installing: /home/sarah/sb_ros2_ws/src/install/action_interfaces/share/action_interfaces/environment/ament_prefix_path.dsv
[3.246s] -- Installing: /home/sarah/sb_ros2_ws/src/install/action_interfaces/share/action_interfaces/environment/path.sh
[3.246s] -- Installing: /home/sarah/sb_ros2_ws/src/install/action_interfaces/share/action_interfaces/environment/path.dsv
[3.246s] -- Installing: /home/sarah/sb_ros2_ws/src/install/action_interfaces/share/action_interfaces/local_setup.bash
[3.246s] -- Installing: /home/sarah/sb_ros2_ws/src/install/action_interfaces/share/action_interfaces/local_setup.sh
[3.246s] -- Installing: /home/sarah/sb_ros2_ws/src/install/action_interfaces/share/action_interfaces/local_setup.zsh
[3.246s] -- Installing: /home/sarah/sb_ros2_ws/src/install/action_interfaces/share/action_interfaces/local_setup.dsv
[3.246s] -- Installing: /home/sarah/sb_ros2_ws/src/install/action_interfaces/share/action_interfaces/package.dsv
[3.246s] -- Installing: /home/sarah/sb_ros2_ws/src/install/action_interfaces/share/ament_index/resource_index/packages/action_interfaces
[3.246s] -- Installing: /home/sarah/sb_ros2_ws/src/install/action_interfaces/share/action_interfaces/cmake/export_action_interfaces__rosidl_generator_cExport.cmake
[3.246s] -- Installing: /home/sarah/sb_ros2_ws/src/install/action_interfaces/share/action_interfaces/cmake/export_action_interfaces__rosidl_generator_cExport-noconfig.cmake
[3.246s] -- Installing: /home/sarah/sb_ros2_ws/src/install/action_interfaces/share/action_interfaces/cmake/export_action_interfaces__rosidl_typesupport_fastrtps_cExport.cmake
[3.246s] -- Installing: /home/sarah/sb_ros2_ws/src/install/action_interfaces/share/action_interfaces/cmake/export_action_interfaces__rosidl_typesupport_fastrtps_cExport-noconfig.cmake
[3.246s] -- Installing: /home/sarah/sb_ros2_ws/src/install/action_interfaces/share/action_interfaces/cmake/action_interfaces__rosidl_typesupport_introspection_cExport.cmake
[3.246s] -- Installing: /home/sarah/sb_ros2_ws/src/install/action_interfaces/share/action_interfaces/cmake/action_interfaces__rosidl_typesupport_introspection_cExport-noconfig.cmake
[3.246s] -- Installing: /home/sarah/sb_ros2_ws/src/install/action_interfaces/share/action_interfaces/cmake/action_interfaces__rosidl_typesupport_cExport.cmake
[3.247s] -- Installing: /home/sarah/sb_ros2_ws/src/install/action_interfaces/share/action_interfaces/cmake/action_interfaces__rosidl_typesupport_cExport-noconfig.cmake
[3.247s] -- Installing: /home/sarah/sb_ros2_ws/src/install/action_interfaces/share/action_interfaces/cmake/export_action_interfaces__rosidl_generator_cppExport.cmake
[3.247s] -- Installing: /home/sarah/sb_ros2_ws/src/install/action_interfaces/share/action_interfaces/cmake/export_action_interfaces__rosidl_typesupport_fastrtps_cppExport.cmake
[3.247s] -- Installing: /home/sarah/sb_ros2_ws/src/install/action_interfaces/share/action_interfaces/cmake/export_action_interfaces__rosidl_typesupport_fastrtps_cppExport-noconfig.cmake
[3.247s] -- Installing: /home/sarah/sb_ros2_ws/src/install/action_interfaces/share/action_interfaces/cmake/action_interfaces__rosidl_typesupport_introspection_cppExport.cmake
[3.247s] -- Installing: /home/sarah/sb_ros2_ws/src/install/action_interfaces/share/action_interfaces/cmake/action_interfaces__rosidl_typesupport_introspection_cppExport-noconfig.cmake
[3.247s] -- Installing: /home/sarah/sb_ros2_ws/src/install/action_interfaces/share/action_interfaces/cmake/action_interfaces__rosidl_typesupport_cppExport.cmake
[3.247s] -- Installing: /home/sarah/sb_ros2_ws/src/install/action_interfaces/share/action_interfaces/cmake/action_interfaces__rosidl_typesupport_cppExport-noconfig.cmake
[3.247s] -- Installing: /home/sarah/sb_ros2_ws/src/install/action_interfaces/share/action_interfaces/cmake/export_action_interfaces__rosidl_generator_pyExport.cmake
[3.247s] -- Installing: /home/sarah/sb_ros2_ws/src/install/action_interfaces/share/action_interfaces/cmake/export_action_interfaces__rosidl_generator_pyExport-noconfig.cmake
[3.247s] -- Installing: /home/sarah/sb_ros2_ws/src/install/action_interfaces/share/action_interfaces/cmake/rosidl_cmake-extras.cmake
[3.247s] -- Installing: /home/sarah/sb_ros2_ws/src/install/action_interfaces/share/action_interfaces/cmake/ament_cmake_export_dependencies-extras.cmake
[3.247s] -- Installing: /home/sarah/sb_ros2_ws/src/install/action_interfaces/share/action_interfaces/cmake/ament_cmake_export_include_directories-extras.cmake
[3.247s] -- Installing: /home/sarah/sb_ros2_ws/src/install/action_interfaces/share/action_interfaces/cmake/ament_cmake_export_libraries-extras.cmake
[3.247s] -- Installing: /home/sarah/sb_ros2_ws/src/install/action_interfaces/share/action_interfaces/cmake/ament_cmake_export_targets-extras.cmake
[3.247s] -- Installing: /home/sarah/sb_ros2_ws/src/install/action_interfaces/share/action_interfaces/cmake/rosidl_cmake_export_typesupport_targets-extras.cmake
[3.247s] -- Installing: /home/sarah/sb_ros2_ws/src/install/action_interfaces/share/action_interfaces/cmake/rosidl_cmake_export_typesupport_libraries-extras.cmake
[3.247s] -- Installing: /home/sarah/sb_ros2_ws/src/install/action_interfaces/share/action_interfaces/cmake/action_interfacesConfig.cmake
[3.247s] -- Installing: /home/sarah/sb_ros2_ws/src/install/action_interfaces/share/action_interfaces/cmake/action_interfacesConfig-version.cmake
[3.247s] -- Installing: /home/sarah/sb_ros2_ws/src/install/action_interfaces/share/action_interfaces/package.xml
[3.248s] Invoked command in '/home/sarah/sb_ros2_ws/src/build/action_interfaces' returned '0': CMAKE_PREFIX_PATH=${CMAKE_PREFIX_PATH}:/home/sarah/sb_ros2_ws/install/sb_controller:/opt/ros/humble /usr/bin/cmake --install /home/sarah/sb_ros2_ws/src/build/action_interfaces
