[0.045s] DEBUG:colcon:Command line arguments: ['/usr/bin/colcon', 'build']
[0.045s] DEBUG:colcon:Parsed command line arguments: Namespace(log_base=None, log_level=None, verb_name='build', build_base='build', install_base='install', merge_install=False, symlink_install=False, test_result_base=None, continue_on_error=False, executor='parallel', parallel_workers=32, event_handlers=None, ignore_user_meta=False, metas=['./colcon.meta'], base_paths=['.'], packages_ignore=None, packages_ignore_regex=None, paths=None, packages_up_to=None, packages_up_to_regex=None, packages_above=None, packages_above_and_dependencies=None, packages_above_depth=None, packages_select_by_dep=None, packages_skip_by_dep=None, packages_skip_up_to=None, packages_select_build_failed=False, packages_skip_build_finished=False, packages_select_test_failures=False, packages_skip_test_passed=False, packages_select=None, packages_skip=None, packages_select_regex=None, packages_skip_regex=None, packages_start=None, packages_end=None, allow_overriding=[], cmake_args=None, cmake_target=None, cmake_target_skip_unavailable=False, cmake_clean_cache=False, cmake_clean_first=False, cmake_force_configure=False, ament_cmake_args=None, catkin_cmake_args=None, catkin_skip_building_tests=False, mixin_files=None, mixin=None, verb_parser=<colcon_mixin.mixin.mixin_argument.MixinArgumentDecorator object at 0x7eade2d8aaa0>, verb_extension=<colcon_core.verb.build.BuildVerb object at 0x7eade2ecc430>, main=<bound method BuildVerb.main of <colcon_core.verb.build.BuildVerb object at 0x7eade2ecc430>>, mixin_verb=('build',))
[0.116s] Level 1:colcon.colcon_core.package_discovery:discover_packages(colcon_meta) check parameters
[0.116s] Level 1:colcon.colcon_core.package_discovery:discover_packages(recursive) check parameters
[0.116s] Level 1:colcon.colcon_core.package_discovery:discover_packages(ignore) check parameters
[0.116s] Level 1:colcon.colcon_core.package_discovery:discover_packages(path) check parameters
[0.116s] Level 1:colcon.colcon_core.package_discovery:discover_packages(colcon_meta) discover
[0.116s] Level 1:colcon.colcon_core.package_discovery:discover_packages(recursive) discover
[0.116s] INFO:colcon.colcon_core.package_discovery:Crawling recursively for packages in '/home/sarah/sb_ros2_ws'
[0.116s] Level 1:colcon.colcon_core.package_identification:_identify(.) by extensions ['ignore', 'ignore_ament_install']
[0.116s] Level 1:colcon.colcon_core.package_identification:_identify(.) by extension 'ignore'
[0.116s] Level 1:colcon.colcon_core.package_identification:_identify(.) by extension 'ignore_ament_install'
[0.116s] Level 1:colcon.colcon_core.package_identification:_identify(.) by extensions ['colcon_pkg']
[0.116s] Level 1:colcon.colcon_core.package_identification:_identify(.) by extension 'colcon_pkg'
[0.116s] Level 1:colcon.colcon_core.package_identification:_identify(.) by extensions ['colcon_meta']
[0.116s] Level 1:colcon.colcon_core.package_identification:_identify(.) by extension 'colcon_meta'
[0.116s] Level 1:colcon.colcon_core.package_identification:_identify(.) by extensions ['ros']
[0.116s] Level 1:colcon.colcon_core.package_identification:_identify(.) by extension 'ros'
[0.121s] Level 1:colcon.colcon_core.package_identification:_identify(.) by extensions ['cmake', 'python']
[0.121s] Level 1:colcon.colcon_core.package_identification:_identify(.) by extension 'cmake'
[0.121s] Level 1:colcon.colcon_core.package_identification:_identify(.) by extension 'python'
[0.121s] Level 1:colcon.colcon_core.package_identification:_identify(.) by extensions ['python_setup_py']
[0.121s] Level 1:colcon.colcon_core.package_identification:_identify(.) by extension 'python_setup_py'
[0.121s] Level 1:colcon.colcon_core.package_identification:_identify(build) by extensions ['ignore', 'ignore_ament_install']
[0.121s] Level 1:colcon.colcon_core.package_identification:_identify(build) by extension 'ignore'
[0.121s] Level 1:colcon.colcon_core.package_identification:_identify(build) ignored
[0.121s] Level 1:colcon.colcon_core.package_identification:_identify(install) by extensions ['ignore', 'ignore_ament_install']
[0.121s] Level 1:colcon.colcon_core.package_identification:_identify(install) by extension 'ignore'
[0.121s] Level 1:colcon.colcon_core.package_identification:_identify(install) ignored
[0.121s] Level 1:colcon.colcon_core.package_identification:_identify(log) by extensions ['ignore', 'ignore_ament_install']
[0.121s] Level 1:colcon.colcon_core.package_identification:_identify(log) by extension 'ignore'
[0.121s] Level 1:colcon.colcon_core.package_identification:_identify(log) ignored
[0.121s] Level 1:colcon.colcon_core.package_identification:_identify(src) by extensions ['ignore', 'ignore_ament_install']
[0.121s] Level 1:colcon.colcon_core.package_identification:_identify(src) by extension 'ignore'
[0.121s] Level 1:colcon.colcon_core.package_identification:_identify(src) by extension 'ignore_ament_install'
[0.121s] Level 1:colcon.colcon_core.package_identification:_identify(src) by extensions ['colcon_pkg']
[0.121s] Level 1:colcon.colcon_core.package_identification:_identify(src) by extension 'colcon_pkg'
[0.121s] Level 1:colcon.colcon_core.package_identification:_identify(src) by extensions ['colcon_meta']
[0.121s] Level 1:colcon.colcon_core.package_identification:_identify(src) by extension 'colcon_meta'
[0.121s] Level 1:colcon.colcon_core.package_identification:_identify(src) by extensions ['ros']
[0.121s] Level 1:colcon.colcon_core.package_identification:_identify(src) by extension 'ros'
[0.121s] Level 1:colcon.colcon_core.package_identification:_identify(src) by extensions ['cmake', 'python']
[0.121s] Level 1:colcon.colcon_core.package_identification:_identify(src) by extension 'cmake'
[0.121s] Level 1:colcon.colcon_core.package_identification:_identify(src) by extension 'python'
[0.121s] Level 1:colcon.colcon_core.package_identification:_identify(src) by extensions ['python_setup_py']
[0.121s] Level 1:colcon.colcon_core.package_identification:_identify(src) by extension 'python_setup_py'
[0.121s] Level 1:colcon.colcon_core.package_identification:_identify(src/action_interfaces) by extensions ['ignore', 'ignore_ament_install']
[0.121s] Level 1:colcon.colcon_core.package_identification:_identify(src/action_interfaces) by extension 'ignore'
[0.121s] Level 1:colcon.colcon_core.package_identification:_identify(src/action_interfaces) by extension 'ignore_ament_install'
[0.122s] Level 1:colcon.colcon_core.package_identification:_identify(src/action_interfaces) by extensions ['colcon_pkg']
[0.122s] Level 1:colcon.colcon_core.package_identification:_identify(src/action_interfaces) by extension 'colcon_pkg'
[0.122s] Level 1:colcon.colcon_core.package_identification:_identify(src/action_interfaces) by extensions ['colcon_meta']
[0.122s] Level 1:colcon.colcon_core.package_identification:_identify(src/action_interfaces) by extension 'colcon_meta'
[0.122s] Level 1:colcon.colcon_core.package_identification:_identify(src/action_interfaces) by extensions ['ros']
[0.122s] Level 1:colcon.colcon_core.package_identification:_identify(src/action_interfaces) by extension 'ros'
[0.123s] DEBUG:colcon.colcon_core.package_identification:Package 'src/action_interfaces' with type 'ros.ament_cmake' and name 'action_interfaces'
[0.123s] Level 1:colcon.colcon_core.package_identification:_identify(src/build) by extensions ['ignore', 'ignore_ament_install']
[0.123s] Level 1:colcon.colcon_core.package_identification:_identify(src/build) by extension 'ignore'
[0.123s] Level 1:colcon.colcon_core.package_identification:_identify(src/build) ignored
[0.123s] Level 1:colcon.colcon_core.package_identification:_identify(src/install) by extensions ['ignore', 'ignore_ament_install']
[0.123s] Level 1:colcon.colcon_core.package_identification:_identify(src/install) by extension 'ignore'
[0.123s] Level 1:colcon.colcon_core.package_identification:_identify(src/install) ignored
[0.123s] Level 1:colcon.colcon_core.package_identification:_identify(src/log) by extensions ['ignore', 'ignore_ament_install']
[0.123s] Level 1:colcon.colcon_core.package_identification:_identify(src/log) by extension 'ignore'
[0.123s] Level 1:colcon.colcon_core.package_identification:_identify(src/log) ignored
[0.123s] Level 1:colcon.colcon_core.package_identification:_identify(src/sb_controller) by extensions ['ignore', 'ignore_ament_install']
[0.123s] Level 1:colcon.colcon_core.package_identification:_identify(src/sb_controller) by extension 'ignore'
[0.123s] Level 1:colcon.colcon_core.package_identification:_identify(src/sb_controller) by extension 'ignore_ament_install'
[0.123s] Level 1:colcon.colcon_core.package_identification:_identify(src/sb_controller) by extensions ['colcon_pkg']
[0.123s] Level 1:colcon.colcon_core.package_identification:_identify(src/sb_controller) by extension 'colcon_pkg'
[0.123s] Level 1:colcon.colcon_core.package_identification:_identify(src/sb_controller) by extensions ['colcon_meta']
[0.123s] Level 1:colcon.colcon_core.package_identification:_identify(src/sb_controller) by extension 'colcon_meta'
[0.123s] Level 1:colcon.colcon_core.package_identification:_identify(src/sb_controller) by extensions ['ros']
[0.123s] Level 1:colcon.colcon_core.package_identification:_identify(src/sb_controller) by extension 'ros'
[0.124s] DEBUG:colcon.colcon_core.package_identification:Package 'src/sb_controller' with type 'ros.ament_python' and name 'sb_controller'
[0.124s] Level 1:colcon.colcon_core.package_identification:_identify(src/standard_bot_bringup) by extensions ['ignore', 'ignore_ament_install']
[0.124s] Level 1:colcon.colcon_core.package_identification:_identify(src/standard_bot_bringup) by extension 'ignore'
[0.124s] Level 1:colcon.colcon_core.package_identification:_identify(src/standard_bot_bringup) by extension 'ignore_ament_install'
[0.124s] Level 1:colcon.colcon_core.package_identification:_identify(src/standard_bot_bringup) by extensions ['colcon_pkg']
[0.124s] Level 1:colcon.colcon_core.package_identification:_identify(src/standard_bot_bringup) by extension 'colcon_pkg'
[0.124s] Level 1:colcon.colcon_core.package_identification:_identify(src/standard_bot_bringup) by extensions ['colcon_meta']
[0.124s] Level 1:colcon.colcon_core.package_identification:_identify(src/standard_bot_bringup) by extension 'colcon_meta'
[0.124s] Level 1:colcon.colcon_core.package_identification:_identify(src/standard_bot_bringup) by extensions ['ros']
[0.124s] Level 1:colcon.colcon_core.package_identification:_identify(src/standard_bot_bringup) by extension 'ros'
[0.125s] DEBUG:colcon.colcon_core.package_identification:Package 'src/standard_bot_bringup' with type 'ros.ament_cmake' and name 'standard_bot_bringup'
[0.125s] Level 1:colcon.colcon_core.package_discovery:discover_packages(recursive) using defaults
[0.125s] Level 1:colcon.colcon_core.package_discovery:discover_packages(ignore) discover
[0.125s] Level 1:colcon.colcon_core.package_discovery:discover_packages(ignore) using defaults
[0.125s] Level 1:colcon.colcon_core.package_discovery:discover_packages(path) discover
[0.125s] Level 1:colcon.colcon_core.package_discovery:discover_packages(path) using defaults
[0.138s] Level 1:colcon.colcon_core.package_discovery:discover_packages(prefix_path) check parameters
[0.138s] Level 1:colcon.colcon_core.package_discovery:discover_packages(prefix_path) discover
[0.138s] WARNING:colcon.colcon_ros.prefix_path.ament:The path '/home/sarah/sb_ros2_ws/src/install/my_cpp_py_pkg' in the environment variable AMENT_PREFIX_PATH doesn't exist
[0.138s] WARNING:colcon.colcon_ros.prefix_path.ament:The path '/home/sarah/sb_ros2_ws/install/standard_bot_bringup' in the environment variable AMENT_PREFIX_PATH doesn't exist
[0.138s] WARNING:colcon.colcon_ros.prefix_path.ament:The path '/home/sarah/sb_ros2_ws/install/sb_controller' in the environment variable AMENT_PREFIX_PATH doesn't exist
[0.138s] WARNING:colcon.colcon_ros.prefix_path.ament:The path '/home/sarah/sb_ros2_ws/install/my_cpp_py_pkg' in the environment variable AMENT_PREFIX_PATH doesn't exist
[0.138s] WARNING:colcon.colcon_ros.prefix_path.ament:The path '/home/sarah/sb_ros2_ws/install/action_interfaces' in the environment variable AMENT_PREFIX_PATH doesn't exist
[0.138s] WARNING:colcon.colcon_ros.prefix_path.catkin:The path '/home/sarah/sb_ros2_ws/src/install/my_cpp_py_pkg' in the environment variable CMAKE_PREFIX_PATH doesn't exist
[0.138s] WARNING:colcon.colcon_ros.prefix_path.catkin:The path '/home/sarah/sb_ros2_ws/install/standard_bot_bringup' in the environment variable CMAKE_PREFIX_PATH doesn't exist
[0.138s] WARNING:colcon.colcon_ros.prefix_path.catkin:The path '/home/sarah/sb_ros2_ws/install/my_cpp_py_pkg' in the environment variable CMAKE_PREFIX_PATH doesn't exist
[0.138s] WARNING:colcon.colcon_ros.prefix_path.catkin:The path '/home/sarah/sb_ros2_ws/install/action_interfaces' in the environment variable CMAKE_PREFIX_PATH doesn't exist
[0.138s] DEBUG:colcon.colcon_installed_package_information.package_discovery:Found 3 installed packages in /home/sarah/sb_ros2_ws/src/install
[0.138s] DEBUG:colcon.colcon_installed_package_information.package_discovery:Found 0 installed packages in /home/sarah/sb_ros2_ws/install
[0.139s] DEBUG:colcon.colcon_installed_package_information.package_discovery:Found 185 installed packages in /opt/ros/humble
[0.139s] Level 1:colcon.colcon_core.package_discovery:discover_packages(prefix_path) using defaults
[0.149s] Level 5:colcon.colcon_core.verb:set package 'action_interfaces' build argument 'cmake_args' from command line to 'None'
[0.149s] Level 5:colcon.colcon_core.verb:set package 'action_interfaces' build argument 'cmake_target' from command line to 'None'
[0.149s] Level 5:colcon.colcon_core.verb:set package 'action_interfaces' build argument 'cmake_target_skip_unavailable' from command line to 'False'
[0.149s] Level 5:colcon.colcon_core.verb:set package 'action_interfaces' build argument 'cmake_clean_cache' from command line to 'False'
[0.149s] Level 5:colcon.colcon_core.verb:set package 'action_interfaces' build argument 'cmake_clean_first' from command line to 'False'
[0.149s] Level 5:colcon.colcon_core.verb:set package 'action_interfaces' build argument 'cmake_force_configure' from command line to 'False'
[0.149s] Level 5:colcon.colcon_core.verb:set package 'action_interfaces' build argument 'ament_cmake_args' from command line to 'None'
[0.149s] Level 5:colcon.colcon_core.verb:set package 'action_interfaces' build argument 'catkin_cmake_args' from command line to 'None'
[0.149s] Level 5:colcon.colcon_core.verb:set package 'action_interfaces' build argument 'catkin_skip_building_tests' from command line to 'False'
[0.149s] DEBUG:colcon.colcon_core.verb:Building package 'action_interfaces' with the following arguments: {'ament_cmake_args': None, 'build_base': '/home/sarah/sb_ros2_ws/build/action_interfaces', 'catkin_cmake_args': None, 'catkin_skip_building_tests': False, 'cmake_args': None, 'cmake_clean_cache': False, 'cmake_clean_first': False, 'cmake_force_configure': False, 'cmake_target': None, 'cmake_target_skip_unavailable': False, 'install_base': '/home/sarah/sb_ros2_ws/install/action_interfaces', 'merge_install': False, 'path': '/home/sarah/sb_ros2_ws/src/action_interfaces', 'symlink_install': False, 'test_result_base': None}
[0.149s] Level 5:colcon.colcon_core.verb:set package 'sb_controller' build argument 'cmake_args' from command line to 'None'
[0.149s] Level 5:colcon.colcon_core.verb:set package 'sb_controller' build argument 'cmake_target' from command line to 'None'
[0.149s] Level 5:colcon.colcon_core.verb:set package 'sb_controller' build argument 'cmake_target_skip_unavailable' from command line to 'False'
[0.149s] Level 5:colcon.colcon_core.verb:set package 'sb_controller' build argument 'cmake_clean_cache' from command line to 'False'
[0.149s] Level 5:colcon.colcon_core.verb:set package 'sb_controller' build argument 'cmake_clean_first' from command line to 'False'
[0.149s] Level 5:colcon.colcon_core.verb:set package 'sb_controller' build argument 'cmake_force_configure' from command line to 'False'
[0.149s] Level 5:colcon.colcon_core.verb:set package 'sb_controller' build argument 'ament_cmake_args' from command line to 'None'
[0.149s] Level 5:colcon.colcon_core.verb:set package 'sb_controller' build argument 'catkin_cmake_args' from command line to 'None'
[0.149s] Level 5:colcon.colcon_core.verb:set package 'sb_controller' build argument 'catkin_skip_building_tests' from command line to 'False'
[0.149s] DEBUG:colcon.colcon_core.verb:Building package 'sb_controller' with the following arguments: {'ament_cmake_args': None, 'build_base': '/home/sarah/sb_ros2_ws/build/sb_controller', 'catkin_cmake_args': None, 'catkin_skip_building_tests': False, 'cmake_args': None, 'cmake_clean_cache': False, 'cmake_clean_first': False, 'cmake_force_configure': False, 'cmake_target': None, 'cmake_target_skip_unavailable': False, 'install_base': '/home/sarah/sb_ros2_ws/install/sb_controller', 'merge_install': False, 'path': '/home/sarah/sb_ros2_ws/src/sb_controller', 'symlink_install': False, 'test_result_base': None}
[0.149s] Level 5:colcon.colcon_core.verb:set package 'standard_bot_bringup' build argument 'cmake_args' from command line to 'None'
[0.149s] Level 5:colcon.colcon_core.verb:set package 'standard_bot_bringup' build argument 'cmake_target' from command line to 'None'
[0.149s] Level 5:colcon.colcon_core.verb:set package 'standard_bot_bringup' build argument 'cmake_target_skip_unavailable' from command line to 'False'
[0.149s] Level 5:colcon.colcon_core.verb:set package 'standard_bot_bringup' build argument 'cmake_clean_cache' from command line to 'False'
[0.149s] Level 5:colcon.colcon_core.verb:set package 'standard_bot_bringup' build argument 'cmake_clean_first' from command line to 'False'
[0.149s] Level 5:colcon.colcon_core.verb:set package 'standard_bot_bringup' build argument 'cmake_force_configure' from command line to 'False'
[0.149s] Level 5:colcon.colcon_core.verb:set package 'standard_bot_bringup' build argument 'ament_cmake_args' from command line to 'None'
[0.149s] Level 5:colcon.colcon_core.verb:set package 'standard_bot_bringup' build argument 'catkin_cmake_args' from command line to 'None'
[0.149s] Level 5:colcon.colcon_core.verb:set package 'standard_bot_bringup' build argument 'catkin_skip_building_tests' from command line to 'False'
[0.149s] DEBUG:colcon.colcon_core.verb:Building package 'standard_bot_bringup' with the following arguments: {'ament_cmake_args': None, 'build_base': '/home/sarah/sb_ros2_ws/build/standard_bot_bringup', 'catkin_cmake_args': None, 'catkin_skip_building_tests': False, 'cmake_args': None, 'cmake_clean_cache': False, 'cmake_clean_first': False, 'cmake_force_configure': False, 'cmake_target': None, 'cmake_target_skip_unavailable': False, 'install_base': '/home/sarah/sb_ros2_ws/install/standard_bot_bringup', 'merge_install': False, 'path': '/home/sarah/sb_ros2_ws/src/standard_bot_bringup', 'symlink_install': False, 'test_result_base': None}
[0.150s] INFO:colcon.colcon_core.executor:Executing jobs using 'parallel' executor
[0.150s] DEBUG:colcon.colcon_parallel_executor.executor.parallel:run_until_complete
[0.150s] INFO:colcon.colcon_ros.task.ament_python.build:Building ROS package in '/home/sarah/sb_ros2_ws/src/sb_controller' with build type 'ament_python'
[0.150s] Level 1:colcon.colcon_core.shell:create_environment_hook('sb_controller', 'ament_prefix_path')
[0.151s] INFO:colcon.colcon_core.plugin_system:Skipping extension 'colcon_core.shell.bat': Not used on non-Windows systems
[0.151s] INFO:colcon.colcon_core.shell:Creating environment hook '/home/sarah/sb_ros2_ws/install/sb_controller/share/sb_controller/hook/ament_prefix_path.ps1'
[0.152s] INFO:colcon.colcon_core.shell:Creating environment descriptor '/home/sarah/sb_ros2_ws/install/sb_controller/share/sb_controller/hook/ament_prefix_path.dsv'
[0.152s] INFO:colcon.colcon_core.shell:Creating environment hook '/home/sarah/sb_ros2_ws/install/sb_controller/share/sb_controller/hook/ament_prefix_path.sh'
[0.152s] INFO:colcon.colcon_core.shell:Skip shell extension 'powershell' for command environment: Not usable outside of PowerShell
[0.152s] DEBUG:colcon.colcon_core.shell:Skip shell extension 'dsv' for command environment
[0.154s] INFO:colcon.colcon_ros.task.ament_cmake.build:Building ROS package in '/home/sarah/sb_ros2_ws/src/action_interfaces' with build type 'ament_cmake'
[0.154s] INFO:colcon.colcon_cmake.task.cmake.build:Building CMake package in '/home/sarah/sb_ros2_ws/src/action_interfaces'
[0.154s] INFO:colcon.colcon_core.shell:Skip shell extension 'powershell' for command environment: Not usable outside of PowerShell
[0.154s] DEBUG:colcon.colcon_core.shell:Skip shell extension 'dsv' for command environment
[0.274s] INFO:colcon.colcon_core.task.python.build:Building Python package in '/home/sarah/sb_ros2_ws/src/sb_controller'
[0.275s] INFO:colcon.colcon_core.shell:Skip shell extension 'powershell' for command environment: Not usable outside of PowerShell
[0.275s] DEBUG:colcon.colcon_core.shell:Skip shell extension 'dsv' for command environment
[0.278s] DEBUG:colcon.colcon_core.event_handler.log_command:Invoking command in '/home/sarah/sb_ros2_ws/build/action_interfaces': CMAKE_PREFIX_PATH=${CMAKE_PREFIX_PATH}:/home/sarah/sb_ros2_ws/src/install/sb_controller:/home/sarah/sb_ros2_ws/install/sb_controller:/opt/ros/humble /usr/bin/cmake /home/sarah/sb_ros2_ws/src/action_interfaces -DCMAKE_INSTALL_PREFIX=/home/sarah/sb_ros2_ws/install/action_interfaces
[0.453s] DEBUG:colcon.colcon_core.event_handler.log_command:Invoking command in '/home/sarah/sb_ros2_ws/src/sb_controller': PYTHONPATH=/home/sarah/sb_ros2_ws/build/sb_controller/prefix_override:/usr/lib/python3/dist-packages/colcon_core/task/python/colcon_distutils_commands:/home/sarah/sb_ros2_ws/install/sb_controller/lib/python3.10/site-packages:${PYTHONPATH} /usr/bin/python3 -W ignore:setup.py install is deprecated -W ignore:easy_install command is deprecated setup.py egg_info --egg-base ../../build/sb_controller build --build-base /home/sarah/sb_ros2_ws/build/sb_controller/build install --record /home/sarah/sb_ros2_ws/build/sb_controller/install.log --single-version-externally-managed install_data
[0.583s] DEBUG:colcon.colcon_core.event_handler.log_command:Invoked command in '/home/sarah/sb_ros2_ws/src/sb_controller' returned '0': PYTHONPATH=/home/sarah/sb_ros2_ws/build/sb_controller/prefix_override:/usr/lib/python3/dist-packages/colcon_core/task/python/colcon_distutils_commands:/home/sarah/sb_ros2_ws/install/sb_controller/lib/python3.10/site-packages:${PYTHONPATH} /usr/bin/python3 -W ignore:setup.py install is deprecated -W ignore:easy_install command is deprecated setup.py egg_info --egg-base ../../build/sb_controller build --build-base /home/sarah/sb_ros2_ws/build/sb_controller/build install --record /home/sarah/sb_ros2_ws/build/sb_controller/install.log --single-version-externally-managed install_data
[0.584s] Level 1:colcon.colcon_core.environment:checking '/home/sarah/sb_ros2_ws/install/sb_controller' for CMake module files
[0.584s] Level 1:colcon.colcon_core.environment:checking '/home/sarah/sb_ros2_ws/install/sb_controller' for CMake config files
[0.585s] Level 1:colcon.colcon_core.environment:checking '/home/sarah/sb_ros2_ws/install/sb_controller/lib'
[0.585s] Level 1:colcon.colcon_core.environment:checking '/home/sarah/sb_ros2_ws/install/sb_controller/bin'
[0.585s] Level 1:colcon.colcon_core.environment:checking '/home/sarah/sb_ros2_ws/install/sb_controller/lib/pkgconfig/sb_controller.pc'
[0.585s] Level 1:colcon.colcon_core.environment:checking '/home/sarah/sb_ros2_ws/install/sb_controller/lib/python3.10/site-packages'
[0.585s] Level 1:colcon.colcon_core.shell:create_environment_hook('sb_controller', 'pythonpath')
[0.585s] INFO:colcon.colcon_core.shell:Creating environment hook '/home/sarah/sb_ros2_ws/install/sb_controller/share/sb_controller/hook/pythonpath.ps1'
[0.585s] INFO:colcon.colcon_core.shell:Creating environment descriptor '/home/sarah/sb_ros2_ws/install/sb_controller/share/sb_controller/hook/pythonpath.dsv'
[0.585s] INFO:colcon.colcon_core.shell:Creating environment hook '/home/sarah/sb_ros2_ws/install/sb_controller/share/sb_controller/hook/pythonpath.sh'
[0.586s] Level 1:colcon.colcon_core.environment:checking '/home/sarah/sb_ros2_ws/install/sb_controller/bin'
[0.586s] Level 1:colcon.colcon_core.environment:create_environment_scripts_only(sb_controller)
[0.586s] INFO:colcon.colcon_core.shell:Creating package script '/home/sarah/sb_ros2_ws/install/sb_controller/share/sb_controller/package.ps1'
[0.586s] INFO:colcon.colcon_core.shell:Creating package descriptor '/home/sarah/sb_ros2_ws/install/sb_controller/share/sb_controller/package.dsv'
[0.586s] INFO:colcon.colcon_core.shell:Creating package script '/home/sarah/sb_ros2_ws/install/sb_controller/share/sb_controller/package.sh'
[0.586s] INFO:colcon.colcon_core.shell:Creating package script '/home/sarah/sb_ros2_ws/install/sb_controller/share/sb_controller/package.bash'
[0.587s] INFO:colcon.colcon_core.shell:Creating package script '/home/sarah/sb_ros2_ws/install/sb_controller/share/sb_controller/package.zsh'
[0.587s] Level 1:colcon.colcon_core.environment:create_file_with_runtime_dependencies(/home/sarah/sb_ros2_ws/install/sb_controller/share/colcon-core/packages/sb_controller)
[0.587s] INFO:colcon.colcon_ros.task.ament_cmake.build:Building ROS package in '/home/sarah/sb_ros2_ws/src/standard_bot_bringup' with build type 'ament_cmake'
[0.587s] INFO:colcon.colcon_cmake.task.cmake.build:Building CMake package in '/home/sarah/sb_ros2_ws/src/standard_bot_bringup'
[0.587s] INFO:colcon.colcon_core.shell:Skip shell extension 'powershell' for command environment: Not usable outside of PowerShell
[0.587s] DEBUG:colcon.colcon_core.shell:Skip shell extension 'dsv' for command environment
[0.592s] DEBUG:colcon.colcon_core.event_handler.log_command:Invoking command in '/home/sarah/sb_ros2_ws/build/standard_bot_bringup': AMENT_PREFIX_PATH=/home/sarah/sb_ros2_ws/install/sb_controller:/home/sarah/sb_ros2_ws/src/install/standard_bot_bringup:/home/sarah/sb_ros2_ws/src/install/sb_controller:/home/sarah/sb_ros2_ws/src/install/my_cpp_py_pkg:/home/sarah/sb_ros2_ws/src/install/action_interfaces:/home/sarah/sb_ros2_ws/install/standard_bot_bringup:/home/sarah/sb_ros2_ws/install/my_cpp_py_pkg:/home/sarah/sb_ros2_ws/install/action_interfaces:/opt/ros/humble CMAKE_PREFIX_PATH=${CMAKE_PREFIX_PATH}:/home/sarah/sb_ros2_ws/src/install/sb_controller:/home/sarah/sb_ros2_ws/install/sb_controller:/opt/ros/humble PYTHONPATH=/home/sarah/sb_ros2_ws/install/sb_controller/lib/python3.10/site-packages:/home/sarah/sb_ros2_ws/src/install/sb_controller/lib/python3.10/site-packages:/home/sarah/sb_ros2_ws/src/install/my_cpp_py_pkg/local/lib/python3.10/dist-packages:/home/sarah/sb_ros2_ws/src/install/action_interfaces/local/lib/python3.10/dist-packages:/home/sarah/sb_ros2_ws/install/my_cpp_py_pkg/local/lib/python3.10/dist-packages:/home/sarah/sb_ros2_ws/install/action_interfaces/local/lib/python3.10/dist-packages:/opt/ros/humble/lib/python3.10/site-packages:/opt/ros/humble/local/lib/python3.10/dist-packages /usr/bin/cmake /home/sarah/sb_ros2_ws/src/standard_bot_bringup -DCMAKE_INSTALL_PREFIX=/home/sarah/sb_ros2_ws/install/standard_bot_bringup
[0.968s] DEBUG:colcon.colcon_core.event_handler.log_command:Invoked command in '/home/sarah/sb_ros2_ws/build/standard_bot_bringup' returned '0': AMENT_PREFIX_PATH=/home/sarah/sb_ros2_ws/install/sb_controller:/home/sarah/sb_ros2_ws/src/install/standard_bot_bringup:/home/sarah/sb_ros2_ws/src/install/sb_controller:/home/sarah/sb_ros2_ws/src/install/my_cpp_py_pkg:/home/sarah/sb_ros2_ws/src/install/action_interfaces:/home/sarah/sb_ros2_ws/install/standard_bot_bringup:/home/sarah/sb_ros2_ws/install/my_cpp_py_pkg:/home/sarah/sb_ros2_ws/install/action_interfaces:/opt/ros/humble CMAKE_PREFIX_PATH=${CMAKE_PREFIX_PATH}:/home/sarah/sb_ros2_ws/src/install/sb_controller:/home/sarah/sb_ros2_ws/install/sb_controller:/opt/ros/humble PYTHONPATH=/home/sarah/sb_ros2_ws/install/sb_controller/lib/python3.10/site-packages:/home/sarah/sb_ros2_ws/src/install/sb_controller/lib/python3.10/site-packages:/home/sarah/sb_ros2_ws/src/install/my_cpp_py_pkg/local/lib/python3.10/dist-packages:/home/sarah/sb_ros2_ws/src/install/action_interfaces/local/lib/python3.10/dist-packages:/home/sarah/sb_ros2_ws/install/my_cpp_py_pkg/local/lib/python3.10/dist-packages:/home/sarah/sb_ros2_ws/install/action_interfaces/local/lib/python3.10/dist-packages:/opt/ros/humble/lib/python3.10/site-packages:/opt/ros/humble/local/lib/python3.10/dist-packages /usr/bin/cmake /home/sarah/sb_ros2_ws/src/standard_bot_bringup -DCMAKE_INSTALL_PREFIX=/home/sarah/sb_ros2_ws/install/standard_bot_bringup
[0.968s] DEBUG:colcon.colcon_core.event_handler.log_command:Invoking command in '/home/sarah/sb_ros2_ws/build/standard_bot_bringup': AMENT_PREFIX_PATH=/home/sarah/sb_ros2_ws/install/sb_controller:/home/sarah/sb_ros2_ws/src/install/standard_bot_bringup:/home/sarah/sb_ros2_ws/src/install/sb_controller:/home/sarah/sb_ros2_ws/src/install/my_cpp_py_pkg:/home/sarah/sb_ros2_ws/src/install/action_interfaces:/home/sarah/sb_ros2_ws/install/standard_bot_bringup:/home/sarah/sb_ros2_ws/install/my_cpp_py_pkg:/home/sarah/sb_ros2_ws/install/action_interfaces:/opt/ros/humble CMAKE_PREFIX_PATH=${CMAKE_PREFIX_PATH}:/home/sarah/sb_ros2_ws/src/install/sb_controller:/home/sarah/sb_ros2_ws/install/sb_controller:/opt/ros/humble PYTHONPATH=/home/sarah/sb_ros2_ws/install/sb_controller/lib/python3.10/site-packages:/home/sarah/sb_ros2_ws/src/install/sb_controller/lib/python3.10/site-packages:/home/sarah/sb_ros2_ws/src/install/my_cpp_py_pkg/local/lib/python3.10/dist-packages:/home/sarah/sb_ros2_ws/src/install/action_interfaces/local/lib/python3.10/dist-packages:/home/sarah/sb_ros2_ws/install/my_cpp_py_pkg/local/lib/python3.10/dist-packages:/home/sarah/sb_ros2_ws/install/action_interfaces/local/lib/python3.10/dist-packages:/opt/ros/humble/lib/python3.10/site-packages:/opt/ros/humble/local/lib/python3.10/dist-packages /usr/bin/cmake --build /home/sarah/sb_ros2_ws/build/standard_bot_bringup -- -j32 -l32
[0.998s] DEBUG:colcon.colcon_core.event_handler.log_command:Invoked command in '/home/sarah/sb_ros2_ws/build/standard_bot_bringup' returned '0': AMENT_PREFIX_PATH=/home/sarah/sb_ros2_ws/install/sb_controller:/home/sarah/sb_ros2_ws/src/install/standard_bot_bringup:/home/sarah/sb_ros2_ws/src/install/sb_controller:/home/sarah/sb_ros2_ws/src/install/my_cpp_py_pkg:/home/sarah/sb_ros2_ws/src/install/action_interfaces:/home/sarah/sb_ros2_ws/install/standard_bot_bringup:/home/sarah/sb_ros2_ws/install/my_cpp_py_pkg:/home/sarah/sb_ros2_ws/install/action_interfaces:/opt/ros/humble CMAKE_PREFIX_PATH=${CMAKE_PREFIX_PATH}:/home/sarah/sb_ros2_ws/src/install/sb_controller:/home/sarah/sb_ros2_ws/install/sb_controller:/opt/ros/humble PYTHONPATH=/home/sarah/sb_ros2_ws/install/sb_controller/lib/python3.10/site-packages:/home/sarah/sb_ros2_ws/src/install/sb_controller/lib/python3.10/site-packages:/home/sarah/sb_ros2_ws/src/install/my_cpp_py_pkg/local/lib/python3.10/dist-packages:/home/sarah/sb_ros2_ws/src/install/action_interfaces/local/lib/python3.10/dist-packages:/home/sarah/sb_ros2_ws/install/my_cpp_py_pkg/local/lib/python3.10/dist-packages:/home/sarah/sb_ros2_ws/install/action_interfaces/local/lib/python3.10/dist-packages:/opt/ros/humble/lib/python3.10/site-packages:/opt/ros/humble/local/lib/python3.10/dist-packages /usr/bin/cmake --build /home/sarah/sb_ros2_ws/build/standard_bot_bringup -- -j32 -l32
[1.007s] DEBUG:colcon.colcon_core.event_handler.log_command:Invoking command in '/home/sarah/sb_ros2_ws/build/standard_bot_bringup': AMENT_PREFIX_PATH=/home/sarah/sb_ros2_ws/install/sb_controller:/home/sarah/sb_ros2_ws/src/install/standard_bot_bringup:/home/sarah/sb_ros2_ws/src/install/sb_controller:/home/sarah/sb_ros2_ws/src/install/my_cpp_py_pkg:/home/sarah/sb_ros2_ws/src/install/action_interfaces:/home/sarah/sb_ros2_ws/install/standard_bot_bringup:/home/sarah/sb_ros2_ws/install/my_cpp_py_pkg:/home/sarah/sb_ros2_ws/install/action_interfaces:/opt/ros/humble CMAKE_PREFIX_PATH=${CMAKE_PREFIX_PATH}:/home/sarah/sb_ros2_ws/src/install/sb_controller:/home/sarah/sb_ros2_ws/install/sb_controller:/opt/ros/humble PYTHONPATH=/home/sarah/sb_ros2_ws/install/sb_controller/lib/python3.10/site-packages:/home/sarah/sb_ros2_ws/src/install/sb_controller/lib/python3.10/site-packages:/home/sarah/sb_ros2_ws/src/install/my_cpp_py_pkg/local/lib/python3.10/dist-packages:/home/sarah/sb_ros2_ws/src/install/action_interfaces/local/lib/python3.10/dist-packages:/home/sarah/sb_ros2_ws/install/my_cpp_py_pkg/local/lib/python3.10/dist-packages:/home/sarah/sb_ros2_ws/install/action_interfaces/local/lib/python3.10/dist-packages:/opt/ros/humble/lib/python3.10/site-packages:/opt/ros/humble/local/lib/python3.10/dist-packages /usr/bin/cmake --install /home/sarah/sb_ros2_ws/build/standard_bot_bringup
[1.011s] Level 1:colcon.colcon_core.environment:create_environment_scripts_only(standard_bot_bringup)
[1.012s] Level 1:colcon.colcon_core.environment:checking '/home/sarah/sb_ros2_ws/install/standard_bot_bringup' for CMake module files
[1.012s] DEBUG:colcon.colcon_core.event_handler.log_command:Invoked command in '/home/sarah/sb_ros2_ws/build/standard_bot_bringup' returned '0': AMENT_PREFIX_PATH=/home/sarah/sb_ros2_ws/install/sb_controller:/home/sarah/sb_ros2_ws/src/install/standard_bot_bringup:/home/sarah/sb_ros2_ws/src/install/sb_controller:/home/sarah/sb_ros2_ws/src/install/my_cpp_py_pkg:/home/sarah/sb_ros2_ws/src/install/action_interfaces:/home/sarah/sb_ros2_ws/install/standard_bot_bringup:/home/sarah/sb_ros2_ws/install/my_cpp_py_pkg:/home/sarah/sb_ros2_ws/install/action_interfaces:/opt/ros/humble CMAKE_PREFIX_PATH=${CMAKE_PREFIX_PATH}:/home/sarah/sb_ros2_ws/src/install/sb_controller:/home/sarah/sb_ros2_ws/install/sb_controller:/opt/ros/humble PYTHONPATH=/home/sarah/sb_ros2_ws/install/sb_controller/lib/python3.10/site-packages:/home/sarah/sb_ros2_ws/src/install/sb_controller/lib/python3.10/site-packages:/home/sarah/sb_ros2_ws/src/install/my_cpp_py_pkg/local/lib/python3.10/dist-packages:/home/sarah/sb_ros2_ws/src/install/action_interfaces/local/lib/python3.10/dist-packages:/home/sarah/sb_ros2_ws/install/my_cpp_py_pkg/local/lib/python3.10/dist-packages:/home/sarah/sb_ros2_ws/install/action_interfaces/local/lib/python3.10/dist-packages:/opt/ros/humble/lib/python3.10/site-packages:/opt/ros/humble/local/lib/python3.10/dist-packages /usr/bin/cmake --install /home/sarah/sb_ros2_ws/build/standard_bot_bringup
[1.012s] Level 1:colcon.colcon_core.environment:checking '/home/sarah/sb_ros2_ws/install/standard_bot_bringup' for CMake config files
[1.012s] Level 1:colcon.colcon_core.shell:create_environment_hook('standard_bot_bringup', 'cmake_prefix_path')
[1.012s] INFO:colcon.colcon_core.shell:Creating environment hook '/home/sarah/sb_ros2_ws/install/standard_bot_bringup/share/standard_bot_bringup/hook/cmake_prefix_path.ps1'
[1.012s] INFO:colcon.colcon_core.shell:Creating environment descriptor '/home/sarah/sb_ros2_ws/install/standard_bot_bringup/share/standard_bot_bringup/hook/cmake_prefix_path.dsv'
[1.013s] INFO:colcon.colcon_core.shell:Creating environment hook '/home/sarah/sb_ros2_ws/install/standard_bot_bringup/share/standard_bot_bringup/hook/cmake_prefix_path.sh'
[1.013s] Level 1:colcon.colcon_core.environment:checking '/home/sarah/sb_ros2_ws/install/standard_bot_bringup/bin'
[1.013s] Level 1:colcon.colcon_core.environment:checking '/home/sarah/sb_ros2_ws/install/standard_bot_bringup/lib/pkgconfig/standard_bot_bringup.pc'
[1.013s] Level 1:colcon.colcon_core.environment:checking '/home/sarah/sb_ros2_ws/install/standard_bot_bringup/lib/python3.10/site-packages'
[1.013s] Level 1:colcon.colcon_core.environment:checking '/home/sarah/sb_ros2_ws/install/standard_bot_bringup/bin'
[1.013s] INFO:colcon.colcon_core.shell:Creating package script '/home/sarah/sb_ros2_ws/install/standard_bot_bringup/share/standard_bot_bringup/package.ps1'
[1.013s] INFO:colcon.colcon_core.shell:Creating package descriptor '/home/sarah/sb_ros2_ws/install/standard_bot_bringup/share/standard_bot_bringup/package.dsv'
[1.013s] INFO:colcon.colcon_core.shell:Creating package script '/home/sarah/sb_ros2_ws/install/standard_bot_bringup/share/standard_bot_bringup/package.sh'
[1.014s] INFO:colcon.colcon_core.shell:Creating package script '/home/sarah/sb_ros2_ws/install/standard_bot_bringup/share/standard_bot_bringup/package.bash'
[1.014s] INFO:colcon.colcon_core.shell:Creating package script '/home/sarah/sb_ros2_ws/install/standard_bot_bringup/share/standard_bot_bringup/package.zsh'
[1.014s] Level 1:colcon.colcon_core.environment:create_file_with_runtime_dependencies(/home/sarah/sb_ros2_ws/install/standard_bot_bringup/share/colcon-core/packages/standard_bot_bringup)
[1.014s] Level 1:colcon.colcon_core.environment:create_environment_scripts_only(standard_bot_bringup)
[1.014s] Level 1:colcon.colcon_core.environment:checking '/home/sarah/sb_ros2_ws/install/standard_bot_bringup' for CMake module files
[1.014s] Level 1:colcon.colcon_core.environment:checking '/home/sarah/sb_ros2_ws/install/standard_bot_bringup' for CMake config files
[1.014s] Level 1:colcon.colcon_core.shell:create_environment_hook('standard_bot_bringup', 'cmake_prefix_path')
[1.014s] INFO:colcon.colcon_core.shell:Creating environment hook '/home/sarah/sb_ros2_ws/install/standard_bot_bringup/share/standard_bot_bringup/hook/cmake_prefix_path.ps1'
[1.014s] INFO:colcon.colcon_core.shell:Creating environment descriptor '/home/sarah/sb_ros2_ws/install/standard_bot_bringup/share/standard_bot_bringup/hook/cmake_prefix_path.dsv'
[1.015s] INFO:colcon.colcon_core.shell:Creating environment hook '/home/sarah/sb_ros2_ws/install/standard_bot_bringup/share/standard_bot_bringup/hook/cmake_prefix_path.sh'
[1.015s] Level 1:colcon.colcon_core.environment:checking '/home/sarah/sb_ros2_ws/install/standard_bot_bringup/bin'
[1.015s] Level 1:colcon.colcon_core.environment:checking '/home/sarah/sb_ros2_ws/install/standard_bot_bringup/lib/pkgconfig/standard_bot_bringup.pc'
[1.015s] Level 1:colcon.colcon_core.environment:checking '/home/sarah/sb_ros2_ws/install/standard_bot_bringup/lib/python3.10/site-packages'
[1.015s] Level 1:colcon.colcon_core.environment:checking '/home/sarah/sb_ros2_ws/install/standard_bot_bringup/bin'
[1.015s] INFO:colcon.colcon_core.shell:Creating package script '/home/sarah/sb_ros2_ws/install/standard_bot_bringup/share/standard_bot_bringup/package.ps1'
[1.015s] INFO:colcon.colcon_core.shell:Creating package descriptor '/home/sarah/sb_ros2_ws/install/standard_bot_bringup/share/standard_bot_bringup/package.dsv'
[1.015s] INFO:colcon.colcon_core.shell:Creating package script '/home/sarah/sb_ros2_ws/install/standard_bot_bringup/share/standard_bot_bringup/package.sh'
[1.016s] INFO:colcon.colcon_core.shell:Creating package script '/home/sarah/sb_ros2_ws/install/standard_bot_bringup/share/standard_bot_bringup/package.bash'
[1.016s] INFO:colcon.colcon_core.shell:Creating package script '/home/sarah/sb_ros2_ws/install/standard_bot_bringup/share/standard_bot_bringup/package.zsh'
[1.016s] Level 1:colcon.colcon_core.environment:create_file_with_runtime_dependencies(/home/sarah/sb_ros2_ws/install/standard_bot_bringup/share/colcon-core/packages/standard_bot_bringup)
[1.225s] DEBUG:colcon.colcon_core.event_handler.log_command:Invoked command in '/home/sarah/sb_ros2_ws/build/action_interfaces' returned '0': CMAKE_PREFIX_PATH=${CMAKE_PREFIX_PATH}:/home/sarah/sb_ros2_ws/src/install/sb_controller:/home/sarah/sb_ros2_ws/install/sb_controller:/opt/ros/humble /usr/bin/cmake /home/sarah/sb_ros2_ws/src/action_interfaces -DCMAKE_INSTALL_PREFIX=/home/sarah/sb_ros2_ws/install/action_interfaces
[1.227s] DEBUG:colcon.colcon_core.event_handler.log_command:Invoking command in '/home/sarah/sb_ros2_ws/build/action_interfaces': CMAKE_PREFIX_PATH=${CMAKE_PREFIX_PATH}:/home/sarah/sb_ros2_ws/src/install/sb_controller:/home/sarah/sb_ros2_ws/install/sb_controller:/opt/ros/humble /usr/bin/cmake --build /home/sarah/sb_ros2_ws/build/action_interfaces -- -j32 -l32
[3.784s] DEBUG:colcon.colcon_core.event_handler.log_command:Invoked command in '/home/sarah/sb_ros2_ws/build/action_interfaces' returned '0': CMAKE_PREFIX_PATH=${CMAKE_PREFIX_PATH}:/home/sarah/sb_ros2_ws/src/install/sb_controller:/home/sarah/sb_ros2_ws/install/sb_controller:/opt/ros/humble /usr/bin/cmake --build /home/sarah/sb_ros2_ws/build/action_interfaces -- -j32 -l32
[3.787s] DEBUG:colcon.colcon_core.event_handler.log_command:Invoking command in '/home/sarah/sb_ros2_ws/build/action_interfaces': CMAKE_PREFIX_PATH=${CMAKE_PREFIX_PATH}:/home/sarah/sb_ros2_ws/src/install/sb_controller:/home/sarah/sb_ros2_ws/install/sb_controller:/opt/ros/humble /usr/bin/cmake --install /home/sarah/sb_ros2_ws/build/action_interfaces
[3.851s] Level 1:colcon.colcon_core.environment:create_environment_scripts_only(action_interfaces)
[3.851s] Level 1:colcon.colcon_core.environment:checking '/home/sarah/sb_ros2_ws/install/action_interfaces' for CMake module files
[3.851s] Level 1:colcon.colcon_core.environment:checking '/home/sarah/sb_ros2_ws/install/action_interfaces' for CMake config files
[3.851s] DEBUG:colcon.colcon_core.event_handler.log_command:Invoked command in '/home/sarah/sb_ros2_ws/build/action_interfaces' returned '0': CMAKE_PREFIX_PATH=${CMAKE_PREFIX_PATH}:/home/sarah/sb_ros2_ws/src/install/sb_controller:/home/sarah/sb_ros2_ws/install/sb_controller:/opt/ros/humble /usr/bin/cmake --install /home/sarah/sb_ros2_ws/build/action_interfaces
[3.852s] Level 1:colcon.colcon_core.shell:create_environment_hook('action_interfaces', 'cmake_prefix_path')
[3.852s] INFO:colcon.colcon_core.shell:Creating environment hook '/home/sarah/sb_ros2_ws/install/action_interfaces/share/action_interfaces/hook/cmake_prefix_path.ps1'
[3.852s] INFO:colcon.colcon_core.shell:Creating environment descriptor '/home/sarah/sb_ros2_ws/install/action_interfaces/share/action_interfaces/hook/cmake_prefix_path.dsv'
[3.852s] INFO:colcon.colcon_core.shell:Creating environment hook '/home/sarah/sb_ros2_ws/install/action_interfaces/share/action_interfaces/hook/cmake_prefix_path.sh'
[3.853s] Level 1:colcon.colcon_core.environment:checking '/home/sarah/sb_ros2_ws/install/action_interfaces/lib'
[3.853s] Level 1:colcon.colcon_core.shell:create_environment_hook('action_interfaces', 'ld_library_path_lib')
[3.853s] INFO:colcon.colcon_core.shell:Creating environment hook '/home/sarah/sb_ros2_ws/install/action_interfaces/share/action_interfaces/hook/ld_library_path_lib.ps1'
[3.853s] INFO:colcon.colcon_core.shell:Creating environment descriptor '/home/sarah/sb_ros2_ws/install/action_interfaces/share/action_interfaces/hook/ld_library_path_lib.dsv'
[3.853s] INFO:colcon.colcon_core.shell:Creating environment hook '/home/sarah/sb_ros2_ws/install/action_interfaces/share/action_interfaces/hook/ld_library_path_lib.sh'
[3.853s] Level 1:colcon.colcon_core.environment:checking '/home/sarah/sb_ros2_ws/install/action_interfaces/bin'
[3.853s] Level 1:colcon.colcon_core.environment:checking '/home/sarah/sb_ros2_ws/install/action_interfaces/lib/pkgconfig/action_interfaces.pc'
[3.854s] Level 1:colcon.colcon_core.environment:checking '/home/sarah/sb_ros2_ws/install/action_interfaces/lib/python3.10/site-packages'
[3.854s] Level 1:colcon.colcon_core.environment:checking '/home/sarah/sb_ros2_ws/install/action_interfaces/bin'
[3.854s] INFO:colcon.colcon_core.shell:Creating package script '/home/sarah/sb_ros2_ws/install/action_interfaces/share/action_interfaces/package.ps1'
[3.854s] INFO:colcon.colcon_core.shell:Creating package descriptor '/home/sarah/sb_ros2_ws/install/action_interfaces/share/action_interfaces/package.dsv'
[3.854s] INFO:colcon.colcon_core.shell:Creating package script '/home/sarah/sb_ros2_ws/install/action_interfaces/share/action_interfaces/package.sh'
[3.855s] INFO:colcon.colcon_core.shell:Creating package script '/home/sarah/sb_ros2_ws/install/action_interfaces/share/action_interfaces/package.bash'
[3.855s] INFO:colcon.colcon_core.shell:Creating package script '/home/sarah/sb_ros2_ws/install/action_interfaces/share/action_interfaces/package.zsh'
[3.855s] Level 1:colcon.colcon_core.environment:create_file_with_runtime_dependencies(/home/sarah/sb_ros2_ws/install/action_interfaces/share/colcon-core/packages/action_interfaces)
[3.855s] Level 1:colcon.colcon_core.environment:create_environment_scripts_only(action_interfaces)
[3.856s] Level 1:colcon.colcon_core.environment:checking '/home/sarah/sb_ros2_ws/install/action_interfaces' for CMake module files
[3.856s] Level 1:colcon.colcon_core.environment:checking '/home/sarah/sb_ros2_ws/install/action_interfaces' for CMake config files
[3.856s] Level 1:colcon.colcon_core.shell:create_environment_hook('action_interfaces', 'cmake_prefix_path')
[3.857s] INFO:colcon.colcon_core.shell:Creating environment hook '/home/sarah/sb_ros2_ws/install/action_interfaces/share/action_interfaces/hook/cmake_prefix_path.ps1'
[3.857s] INFO:colcon.colcon_core.shell:Creating environment descriptor '/home/sarah/sb_ros2_ws/install/action_interfaces/share/action_interfaces/hook/cmake_prefix_path.dsv'
[3.857s] INFO:colcon.colcon_core.shell:Creating environment hook '/home/sarah/sb_ros2_ws/install/action_interfaces/share/action_interfaces/hook/cmake_prefix_path.sh'
[3.858s] Level 1:colcon.colcon_core.environment:checking '/home/sarah/sb_ros2_ws/install/action_interfaces/lib'
[3.858s] Level 1:colcon.colcon_core.shell:create_environment_hook('action_interfaces', 'ld_library_path_lib')
[3.858s] INFO:colcon.colcon_core.shell:Creating environment hook '/home/sarah/sb_ros2_ws/install/action_interfaces/share/action_interfaces/hook/ld_library_path_lib.ps1'
[3.858s] INFO:colcon.colcon_core.shell:Creating environment descriptor '/home/sarah/sb_ros2_ws/install/action_interfaces/share/action_interfaces/hook/ld_library_path_lib.dsv'
[3.858s] INFO:colcon.colcon_core.shell:Creating environment hook '/home/sarah/sb_ros2_ws/install/action_interfaces/share/action_interfaces/hook/ld_library_path_lib.sh'
[3.859s] Level 1:colcon.colcon_core.environment:checking '/home/sarah/sb_ros2_ws/install/action_interfaces/bin'
[3.859s] Level 1:colcon.colcon_core.environment:checking '/home/sarah/sb_ros2_ws/install/action_interfaces/lib/pkgconfig/action_interfaces.pc'
[3.859s] Level 1:colcon.colcon_core.environment:checking '/home/sarah/sb_ros2_ws/install/action_interfaces/lib/python3.10/site-packages'
[3.859s] Level 1:colcon.colcon_core.environment:checking '/home/sarah/sb_ros2_ws/install/action_interfaces/bin'
[3.860s] INFO:colcon.colcon_core.shell:Creating package script '/home/sarah/sb_ros2_ws/install/action_interfaces/share/action_interfaces/package.ps1'
[3.860s] INFO:colcon.colcon_core.shell:Creating package descriptor '/home/sarah/sb_ros2_ws/install/action_interfaces/share/action_interfaces/package.dsv'
[3.860s] INFO:colcon.colcon_core.shell:Creating package script '/home/sarah/sb_ros2_ws/install/action_interfaces/share/action_interfaces/package.sh'
[3.861s] INFO:colcon.colcon_core.shell:Creating package script '/home/sarah/sb_ros2_ws/install/action_interfaces/share/action_interfaces/package.bash'
[3.861s] INFO:colcon.colcon_core.shell:Creating package script '/home/sarah/sb_ros2_ws/install/action_interfaces/share/action_interfaces/package.zsh'
[3.861s] Level 1:colcon.colcon_core.environment:create_file_with_runtime_dependencies(/home/sarah/sb_ros2_ws/install/action_interfaces/share/colcon-core/packages/action_interfaces)
[3.861s] DEBUG:colcon.colcon_parallel_executor.executor.parallel:closing loop
[3.861s] DEBUG:colcon.colcon_parallel_executor.executor.parallel:loop closed
[3.861s] DEBUG:colcon.colcon_parallel_executor.executor.parallel:run_until_complete finished with '0'
[3.861s] DEBUG:colcon.colcon_core.event_reactor:joining thread
[3.865s] INFO:colcon.colcon_core.plugin_system:Skipping extension 'colcon_notification.desktop_notification.terminal_notifier': Not used on non-Darwin systems
[3.865s] INFO:colcon.colcon_core.plugin_system:Skipping extension 'colcon_notification.desktop_notification.win32': Not used on non-Windows systems
[3.865s] INFO:colcon.colcon_notification.desktop_notification:Sending desktop notification using 'notify2'
[3.881s] DEBUG:colcon.colcon_core.event_reactor:joined thread
[3.881s] INFO:colcon.colcon_core.shell:Creating prefix script '/home/sarah/sb_ros2_ws/install/local_setup.ps1'
[3.882s] INFO:colcon.colcon_core.shell:Creating prefix util module '/home/sarah/sb_ros2_ws/install/_local_setup_util_ps1.py'
[3.883s] INFO:colcon.colcon_core.shell:Creating prefix chain script '/home/sarah/sb_ros2_ws/install/setup.ps1'
[3.884s] INFO:colcon.colcon_core.shell:Creating prefix script '/home/sarah/sb_ros2_ws/install/local_setup.sh'
[3.884s] INFO:colcon.colcon_core.shell:Creating prefix util module '/home/sarah/sb_ros2_ws/install/_local_setup_util_sh.py'
[3.885s] INFO:colcon.colcon_core.shell:Creating prefix chain script '/home/sarah/sb_ros2_ws/install/setup.sh'
[3.886s] INFO:colcon.colcon_core.shell:Creating prefix script '/home/sarah/sb_ros2_ws/install/local_setup.bash'
[3.886s] INFO:colcon.colcon_core.shell:Creating prefix chain script '/home/sarah/sb_ros2_ws/install/setup.bash'
[3.888s] INFO:colcon.colcon_core.shell:Creating prefix script '/home/sarah/sb_ros2_ws/install/local_setup.zsh'
[3.888s] INFO:colcon.colcon_core.shell:Creating prefix chain script '/home/sarah/sb_ros2_ws/install/setup.zsh'
