[0.126s] Invoking command in '/home/sarah/sb_ros2_ws/src/build/action_interfaces': CMAKE_PREFIX_PATH=${CMAKE_PREFIX_PATH}:/home/sarah/sb_ros2_ws/src/install/sb_controller:/opt/ros/humble /usr/bin/cmake --build /home/sarah/sb_ros2_ws/src/build/action_interfaces -- -j32 -l32
[0.157s] [ 10%] Built target action_interfaces__rosidl_generator_c
[0.158s] [ 12%] Built target action_interfaces__cpp
[0.166s] [ 12%] Built target ament_cmake_python_copy_action_interfaces
[0.174s] [ 34%] Built target action_interfaces__rosidl_typesupport_introspection_c
[0.174s] [ 34%] Built target action_interfaces__rosidl_typesupport_c
[0.175s] [ 48%] Built target action_interfaces__rosidl_typesupport_introspection_cpp
[0.175s] [ 55%] Built target action_interfaces__rosidl_typesupport_fastrtps_c
[0.176s] [ 65%] Built target action_interfaces__rosidl_typesupport_fastrtps_cpp
[0.176s] [ 76%] Built target action_interfaces__rosidl_typesupport_cpp
[0.188s] [ 76%] Built target action_interfaces
[0.201s] [ 78%] Built target action_interfaces__py
[0.216s] [ 87%] Built target action_interfaces__rosidl_generator_py
[0.230s] [ 91%] Built target action_interfaces__rosidl_typesupport_c__pyext
[0.232s] [ 95%] Built target action_interfaces__rosidl_typesupport_fastrtps_c__pyext
[0.233s] [100%] Built target action_interfaces__rosidl_typesupport_introspection_c__pyext
[0.284s] running egg_info
[0.284s] writing action_interfaces.egg-info/PKG-INFO
[0.284s] writing dependency_links to action_interfaces.egg-info/dependency_links.txt
[0.284s] writing top-level names to action_interfaces.egg-info/top_level.txt
[0.285s] reading manifest file 'action_interfaces.egg-info/SOURCES.txt'
[0.286s] writing manifest file 'action_interfaces.egg-info/SOURCES.txt'
[0.300s] [100%] Built target ament_cmake_python_build_action_interfaces_egg
[0.307s] Invoked command in '/home/sarah/sb_ros2_ws/src/build/action_interfaces' returned '0': CMAKE_PREFIX_PATH=${CMAKE_PREFIX_PATH}:/home/sarah/sb_ros2_ws/src/install/sb_controller:/opt/ros/humble /usr/bin/cmake --build /home/sarah/sb_ros2_ws/src/build/action_interfaces -- -j32 -l32
[0.311s] Invoking command in '/home/sarah/sb_ros2_ws/src/build/action_interfaces': CMAKE_PREFIX_PATH=${CMAKE_PREFIX_PATH}:/home/sarah/sb_ros2_ws/src/install/sb_controller:/opt/ros/humble /usr/bin/cmake --install /home/sarah/sb_ros2_ws/src/build/action_interfaces
[0.317s] -- Install configuration: ""
[0.317s] -- Up-to-date: /home/sarah/sb_ros2_ws/src/install/action_interfaces/share/ament_index/resource_index/rosidl_interfaces/action_interfaces
[0.317s] -- Up-to-date: /home/sarah/sb_ros2_ws/src/install/action_interfaces/include/action_interfaces/action_interfaces
[0.317s] -- Up-to-date: /home/sarah/sb_ros2_ws/src/install/action_interfaces/include/action_interfaces/action_interfaces/msg
[0.317s] -- Up-to-date: /home/sarah/sb_ros2_ws/src/install/action_interfaces/include/action_interfaces/action_interfaces/msg/rosidl_generator_c__visibility_control.h
[0.317s] -- Up-to-date: /home/sarah/sb_ros2_ws/src/install/action_interfaces/include/action_interfaces/action_interfaces/action
[0.317s] -- Up-to-date: /home/sarah/sb_ros2_ws/src/install/action_interfaces/include/action_interfaces/action_interfaces/action/on_robot_gripper.h
[0.317s] -- Up-to-date: /home/sarah/sb_ros2_ws/src/install/action_interfaces/include/action_interfaces/action_interfaces/action/set_cart_pos.h
[0.317s] -- Up-to-date: /home/sarah/sb_ros2_ws/src/install/action_interfaces/include/action_interfaces/action_interfaces/action/detail
[0.317s] -- Up-to-date: /home/sarah/sb_ros2_ws/src/install/action_interfaces/include/action_interfaces/action_interfaces/action/detail/on_robot_gripper__struct.h
[0.317s] -- Up-to-date: /home/sarah/sb_ros2_ws/src/install/action_interfaces/include/action_interfaces/action_interfaces/action/detail/set_joint_pos__functions.h
[0.317s] -- Up-to-date: /home/sarah/sb_ros2_ws/src/install/action_interfaces/include/action_interfaces/action_interfaces/action/detail/on_robot_gripper__type_support.h
[0.317s] -- Up-to-date: /home/sarah/sb_ros2_ws/src/install/action_interfaces/include/action_interfaces/action_interfaces/action/detail/set_joint_pos__functions.c
[0.317s] -- Up-to-date: /home/sarah/sb_ros2_ws/src/install/action_interfaces/include/action_interfaces/action_interfaces/action/detail/set_cart_pos__functions.h
[0.317s] -- Up-to-date: /home/sarah/sb_ros2_ws/src/install/action_interfaces/include/action_interfaces/action_interfaces/action/detail/set_cart_pos__functions.c
[0.317s] -- Up-to-date: /home/sarah/sb_ros2_ws/src/install/action_interfaces/include/action_interfaces/action_interfaces/action/detail/set_joint_pos__struct.h
[0.317s] -- Up-to-date: /home/sarah/sb_ros2_ws/src/install/action_interfaces/include/action_interfaces/action_interfaces/action/detail/on_robot_gripper__functions.h
[0.317s] -- Up-to-date: /home/sarah/sb_ros2_ws/src/install/action_interfaces/include/action_interfaces/action_interfaces/action/detail/on_robot_gripper__functions.c
[0.317s] -- Up-to-date: /home/sarah/sb_ros2_ws/src/install/action_interfaces/include/action_interfaces/action_interfaces/action/detail/set_cart_pos__struct.h
[0.317s] -- Up-to-date: /home/sarah/sb_ros2_ws/src/install/action_interfaces/include/action_interfaces/action_interfaces/action/detail/set_joint_pos__type_support.h
[0.318s] -- Up-to-date: /home/sarah/sb_ros2_ws/src/install/action_interfaces/include/action_interfaces/action_interfaces/action/detail/set_cart_pos__type_support.h
[0.318s] -- Up-to-date: /home/sarah/sb_ros2_ws/src/install/action_interfaces/include/action_interfaces/action_interfaces/action/set_joint_pos.h
[0.318s] -- Up-to-date: /home/sarah/sb_ros2_ws/src/install/action_interfaces/share/action_interfaces/environment/library_path.sh
[0.318s] -- Up-to-date: /home/sarah/sb_ros2_ws/src/install/action_interfaces/share/action_interfaces/environment/library_path.dsv
[0.318s] -- Up-to-date: /home/sarah/sb_ros2_ws/src/install/action_interfaces/lib/libaction_interfaces__rosidl_generator_c.so
[0.318s] -- Up-to-date: /home/sarah/sb_ros2_ws/src/install/action_interfaces/include/action_interfaces/action_interfaces
[0.318s] -- Up-to-date: /home/sarah/sb_ros2_ws/src/install/action_interfaces/include/action_interfaces/action_interfaces/msg
[0.318s] -- Up-to-date: /home/sarah/sb_ros2_ws/src/install/action_interfaces/include/action_interfaces/action_interfaces/msg/rosidl_typesupport_fastrtps_c__visibility_control.h
[0.318s] -- Up-to-date: /home/sarah/sb_ros2_ws/src/install/action_interfaces/include/action_interfaces/action_interfaces/action
[0.318s] -- Up-to-date: /home/sarah/sb_ros2_ws/src/install/action_interfaces/include/action_interfaces/action_interfaces/action/detail
[0.318s] -- Up-to-date: /home/sarah/sb_ros2_ws/src/install/action_interfaces/include/action_interfaces/action_interfaces/action/detail/on_robot_gripper__rosidl_typesupport_fastrtps_c.h
[0.318s] -- Up-to-date: /home/sarah/sb_ros2_ws/src/install/action_interfaces/include/action_interfaces/action_interfaces/action/detail/set_cart_pos__rosidl_typesupport_fastrtps_c.h
[0.318s] -- Up-to-date: /home/sarah/sb_ros2_ws/src/install/action_interfaces/include/action_interfaces/action_interfaces/action/detail/set_joint_pos__rosidl_typesupport_fastrtps_c.h
[0.318s] -- Up-to-date: /home/sarah/sb_ros2_ws/src/install/action_interfaces/lib/libaction_interfaces__rosidl_typesupport_fastrtps_c.so
[0.318s] -- Up-to-date: /home/sarah/sb_ros2_ws/src/install/action_interfaces/include/action_interfaces/action_interfaces
[0.318s] -- Up-to-date: /home/sarah/sb_ros2_ws/src/install/action_interfaces/include/action_interfaces/action_interfaces/msg
[0.318s] -- Up-to-date: /home/sarah/sb_ros2_ws/src/install/action_interfaces/include/action_interfaces/action_interfaces/msg/rosidl_typesupport_introspection_c__visibility_control.h
[0.318s] -- Up-to-date: /home/sarah/sb_ros2_ws/src/install/action_interfaces/include/action_interfaces/action_interfaces/action
[0.318s] -- Up-to-date: /home/sarah/sb_ros2_ws/src/install/action_interfaces/include/action_interfaces/action_interfaces/action/detail
[0.318s] -- Up-to-date: /home/sarah/sb_ros2_ws/src/install/action_interfaces/include/action_interfaces/action_interfaces/action/detail/set_joint_pos__rosidl_typesupport_introspection_c.h
[0.318s] -- Up-to-date: /home/sarah/sb_ros2_ws/src/install/action_interfaces/include/action_interfaces/action_interfaces/action/detail/on_robot_gripper__rosidl_typesupport_introspection_c.h
[0.318s] -- Up-to-date: /home/sarah/sb_ros2_ws/src/install/action_interfaces/include/action_interfaces/action_interfaces/action/detail/on_robot_gripper__type_support.c
[0.318s] -- Up-to-date: /home/sarah/sb_ros2_ws/src/install/action_interfaces/include/action_interfaces/action_interfaces/action/detail/set_joint_pos__type_support.c
[0.318s] -- Up-to-date: /home/sarah/sb_ros2_ws/src/install/action_interfaces/include/action_interfaces/action_interfaces/action/detail/set_cart_pos__rosidl_typesupport_introspection_c.h
[0.318s] -- Up-to-date: /home/sarah/sb_ros2_ws/src/install/action_interfaces/include/action_interfaces/action_interfaces/action/detail/set_cart_pos__type_support.c
[0.318s] -- Up-to-date: /home/sarah/sb_ros2_ws/src/install/action_interfaces/lib/libaction_interfaces__rosidl_typesupport_introspection_c.so
[0.318s] -- Up-to-date: /home/sarah/sb_ros2_ws/src/install/action_interfaces/lib/libaction_interfaces__rosidl_typesupport_c.so
[0.318s] -- Up-to-date: /home/sarah/sb_ros2_ws/src/install/action_interfaces/include/action_interfaces/action_interfaces
[0.318s] -- Up-to-date: /home/sarah/sb_ros2_ws/src/install/action_interfaces/include/action_interfaces/action_interfaces/msg
[0.318s] -- Up-to-date: /home/sarah/sb_ros2_ws/src/install/action_interfaces/include/action_interfaces/action_interfaces/msg/rosidl_generator_cpp__visibility_control.hpp
[0.318s] -- Up-to-date: /home/sarah/sb_ros2_ws/src/install/action_interfaces/include/action_interfaces/action_interfaces/action
[0.318s] -- Up-to-date: /home/sarah/sb_ros2_ws/src/install/action_interfaces/include/action_interfaces/action_interfaces/action/on_robot_gripper.hpp
[0.319s] -- Up-to-date: /home/sarah/sb_ros2_ws/src/install/action_interfaces/include/action_interfaces/action_interfaces/action/set_joint_pos.hpp
[0.319s] -- Up-to-date: /home/sarah/sb_ros2_ws/src/install/action_interfaces/include/action_interfaces/action_interfaces/action/set_cart_pos.hpp
[0.319s] -- Up-to-date: /home/sarah/sb_ros2_ws/src/install/action_interfaces/include/action_interfaces/action_interfaces/action/detail
[0.319s] -- Up-to-date: /home/sarah/sb_ros2_ws/src/install/action_interfaces/include/action_interfaces/action_interfaces/action/detail/set_cart_pos__traits.hpp
[0.319s] -- Up-to-date: /home/sarah/sb_ros2_ws/src/install/action_interfaces/include/action_interfaces/action_interfaces/action/detail/set_cart_pos__struct.hpp
[0.319s] -- Up-to-date: /home/sarah/sb_ros2_ws/src/install/action_interfaces/include/action_interfaces/action_interfaces/action/detail/set_joint_pos__type_support.hpp
[0.319s] -- Up-to-date: /home/sarah/sb_ros2_ws/src/install/action_interfaces/include/action_interfaces/action_interfaces/action/detail/set_joint_pos__builder.hpp
[0.319s] -- Up-to-date: /home/sarah/sb_ros2_ws/src/install/action_interfaces/include/action_interfaces/action_interfaces/action/detail/set_joint_pos__traits.hpp
[0.319s] -- Up-to-date: /home/sarah/sb_ros2_ws/src/install/action_interfaces/include/action_interfaces/action_interfaces/action/detail/set_joint_pos__struct.hpp
[0.319s] -- Up-to-date: /home/sarah/sb_ros2_ws/src/install/action_interfaces/include/action_interfaces/action_interfaces/action/detail/set_cart_pos__builder.hpp
[0.319s] -- Up-to-date: /home/sarah/sb_ros2_ws/src/install/action_interfaces/include/action_interfaces/action_interfaces/action/detail/on_robot_gripper__traits.hpp
[0.319s] -- Up-to-date: /home/sarah/sb_ros2_ws/src/install/action_interfaces/include/action_interfaces/action_interfaces/action/detail/on_robot_gripper__builder.hpp
[0.319s] -- Up-to-date: /home/sarah/sb_ros2_ws/src/install/action_interfaces/include/action_interfaces/action_interfaces/action/detail/on_robot_gripper__struct.hpp
[0.319s] -- Up-to-date: /home/sarah/sb_ros2_ws/src/install/action_interfaces/include/action_interfaces/action_interfaces/action/detail/on_robot_gripper__type_support.hpp
[0.319s] -- Up-to-date: /home/sarah/sb_ros2_ws/src/install/action_interfaces/include/action_interfaces/action_interfaces/action/detail/set_cart_pos__type_support.hpp
[0.319s] -- Up-to-date: /home/sarah/sb_ros2_ws/src/install/action_interfaces/include/action_interfaces/action_interfaces
[0.319s] -- Up-to-date: /home/sarah/sb_ros2_ws/src/install/action_interfaces/include/action_interfaces/action_interfaces/msg
[0.319s] -- Up-to-date: /home/sarah/sb_ros2_ws/src/install/action_interfaces/include/action_interfaces/action_interfaces/msg/rosidl_typesupport_fastrtps_cpp__visibility_control.h
[0.319s] -- Up-to-date: /home/sarah/sb_ros2_ws/src/install/action_interfaces/include/action_interfaces/action_interfaces/action
[0.319s] -- Up-to-date: /home/sarah/sb_ros2_ws/src/install/action_interfaces/include/action_interfaces/action_interfaces/action/detail
[0.319s] -- Up-to-date: /home/sarah/sb_ros2_ws/src/install/action_interfaces/include/action_interfaces/action_interfaces/action/detail/on_robot_gripper__rosidl_typesupport_fastrtps_cpp.hpp
[0.319s] -- Up-to-date: /home/sarah/sb_ros2_ws/src/install/action_interfaces/include/action_interfaces/action_interfaces/action/detail/dds_fastrtps
[0.319s] -- Up-to-date: /home/sarah/sb_ros2_ws/src/install/action_interfaces/include/action_interfaces/action_interfaces/action/detail/set_joint_pos__rosidl_typesupport_fastrtps_cpp.hpp
[0.319s] -- Up-to-date: /home/sarah/sb_ros2_ws/src/install/action_interfaces/include/action_interfaces/action_interfaces/action/detail/set_cart_pos__rosidl_typesupport_fastrtps_cpp.hpp
[0.319s] -- Up-to-date: /home/sarah/sb_ros2_ws/src/install/action_interfaces/lib/libaction_interfaces__rosidl_typesupport_fastrtps_cpp.so
[0.319s] -- Up-to-date: /home/sarah/sb_ros2_ws/src/install/action_interfaces/include/action_interfaces/action_interfaces
[0.319s] -- Up-to-date: /home/sarah/sb_ros2_ws/src/install/action_interfaces/include/action_interfaces/action_interfaces/action
[0.319s] -- Up-to-date: /home/sarah/sb_ros2_ws/src/install/action_interfaces/include/action_interfaces/action_interfaces/action/detail
[0.319s] -- Up-to-date: /home/sarah/sb_ros2_ws/src/install/action_interfaces/include/action_interfaces/action_interfaces/action/detail/set_cart_pos__rosidl_typesupport_introspection_cpp.hpp
[0.319s] -- Up-to-date: /home/sarah/sb_ros2_ws/src/install/action_interfaces/include/action_interfaces/action_interfaces/action/detail/on_robot_gripper__type_support.cpp
[0.319s] -- Up-to-date: /home/sarah/sb_ros2_ws/src/install/action_interfaces/include/action_interfaces/action_interfaces/action/detail/set_joint_pos__type_support.cpp
[0.319s] -- Up-to-date: /home/sarah/sb_ros2_ws/src/install/action_interfaces/include/action_interfaces/action_interfaces/action/detail/on_robot_gripper__rosidl_typesupport_introspection_cpp.hpp
[0.319s] -- Up-to-date: /home/sarah/sb_ros2_ws/src/install/action_interfaces/include/action_interfaces/action_interfaces/action/detail/set_cart_pos__type_support.cpp
[0.319s] -- Up-to-date: /home/sarah/sb_ros2_ws/src/install/action_interfaces/include/action_interfaces/action_interfaces/action/detail/set_joint_pos__rosidl_typesupport_introspection_cpp.hpp
[0.319s] -- Up-to-date: /home/sarah/sb_ros2_ws/src/install/action_interfaces/lib/libaction_interfaces__rosidl_typesupport_introspection_cpp.so
[0.319s] -- Up-to-date: /home/sarah/sb_ros2_ws/src/install/action_interfaces/lib/libaction_interfaces__rosidl_typesupport_cpp.so
[0.319s] -- Up-to-date: /home/sarah/sb_ros2_ws/src/install/action_interfaces/share/action_interfaces/environment/pythonpath.sh
[0.319s] -- Up-to-date: /home/sarah/sb_ros2_ws/src/install/action_interfaces/share/action_interfaces/environment/pythonpath.dsv
[0.319s] -- Up-to-date: /home/sarah/sb_ros2_ws/src/install/action_interfaces/local/lib/python3.10/dist-packages/action_interfaces-0.0.0-py3.10.egg-info
[0.319s] -- Installing: /home/sarah/sb_ros2_ws/src/install/action_interfaces/local/lib/python3.10/dist-packages/action_interfaces-0.0.0-py3.10.egg-info/SOURCES.txt
[0.319s] -- Installing: /home/sarah/sb_ros2_ws/src/install/action_interfaces/local/lib/python3.10/dist-packages/action_interfaces-0.0.0-py3.10.egg-info/top_level.txt
[0.319s] -- Installing: /home/sarah/sb_ros2_ws/src/install/action_interfaces/local/lib/python3.10/dist-packages/action_interfaces-0.0.0-py3.10.egg-info/PKG-INFO
[0.319s] -- Installing: /home/sarah/sb_ros2_ws/src/install/action_interfaces/local/lib/python3.10/dist-packages/action_interfaces-0.0.0-py3.10.egg-info/dependency_links.txt
[0.319s] -- Up-to-date: /home/sarah/sb_ros2_ws/src/install/action_interfaces/local/lib/python3.10/dist-packages/action_interfaces
[0.320s] -- Up-to-date: /home/sarah/sb_ros2_ws/src/install/action_interfaces/local/lib/python3.10/dist-packages/action_interfaces/_action_interfaces_s.ep.rosidl_typesupport_introspection_c.c
[0.320s] -- Up-to-date: /home/sarah/sb_ros2_ws/src/install/action_interfaces/local/lib/python3.10/dist-packages/action_interfaces/action_interfaces_s__rosidl_typesupport_c.cpython-310-x86_64-linux-gnu.so
[0.320s] -- Up-to-date: /home/sarah/sb_ros2_ws/src/install/action_interfaces/local/lib/python3.10/dist-packages/action_interfaces/__init__.py
[0.320s] -- Up-to-date: /home/sarah/sb_ros2_ws/src/install/action_interfaces/local/lib/python3.10/dist-packages/action_interfaces/action_interfaces_s__rosidl_typesupport_introspection_c.cpython-310-x86_64-linux-gnu.so
[0.320s] -- Up-to-date: /home/sarah/sb_ros2_ws/src/install/action_interfaces/local/lib/python3.10/dist-packages/action_interfaces/_action_interfaces_s.ep.rosidl_typesupport_fastrtps_c.c
[0.320s] -- Up-to-date: /home/sarah/sb_ros2_ws/src/install/action_interfaces/local/lib/python3.10/dist-packages/action_interfaces/action
[0.320s] -- Up-to-date: /home/sarah/sb_ros2_ws/src/install/action_interfaces/local/lib/python3.10/dist-packages/action_interfaces/action/_set_joint_pos.py
[0.320s] -- Up-to-date: /home/sarah/sb_ros2_ws/src/install/action_interfaces/local/lib/python3.10/dist-packages/action_interfaces/action/_on_robot_gripper_s.c
[0.320s] -- Up-to-date: /home/sarah/sb_ros2_ws/src/install/action_interfaces/local/lib/python3.10/dist-packages/action_interfaces/action/__init__.py
[0.320s] -- Up-to-date: /home/sarah/sb_ros2_ws/src/install/action_interfaces/local/lib/python3.10/dist-packages/action_interfaces/action/_set_cart_pos_s.c
[0.320s] -- Up-to-date: /home/sarah/sb_ros2_ws/src/install/action_interfaces/local/lib/python3.10/dist-packages/action_interfaces/action/_set_joint_pos_s.c
[0.320s] -- Up-to-date: /home/sarah/sb_ros2_ws/src/install/action_interfaces/local/lib/python3.10/dist-packages/action_interfaces/action/_set_cart_pos.py
[0.320s] -- Up-to-date: /home/sarah/sb_ros2_ws/src/install/action_interfaces/local/lib/python3.10/dist-packages/action_interfaces/action/_on_robot_gripper.py
[0.320s] -- Up-to-date: /home/sarah/sb_ros2_ws/src/install/action_interfaces/local/lib/python3.10/dist-packages/action_interfaces/_action_interfaces_s.ep.rosidl_typesupport_c.c
[0.320s] -- Up-to-date: /home/sarah/sb_ros2_ws/src/install/action_interfaces/local/lib/python3.10/dist-packages/action_interfaces/action_interfaces_s__rosidl_typesupport_fastrtps_c.cpython-310-x86_64-linux-gnu.so
[0.320s] -- Up-to-date: /home/sarah/sb_ros2_ws/src/install/action_interfaces/local/lib/python3.10/dist-packages/action_interfaces/libaction_interfaces__rosidl_generator_py.so
[0.336s] Listing '/home/sarah/sb_ros2_ws/src/install/action_interfaces/local/lib/python3.10/dist-packages/action_interfaces'...
[0.336s] Listing '/home/sarah/sb_ros2_ws/src/install/action_interfaces/local/lib/python3.10/dist-packages/action_interfaces/action'...
[0.338s] -- Up-to-date: /home/sarah/sb_ros2_ws/src/install/action_interfaces/local/lib/python3.10/dist-packages/action_interfaces/action_interfaces_s__rosidl_typesupport_fastrtps_c.cpython-310-x86_64-linux-gnu.so
[0.338s] -- Up-to-date: /home/sarah/sb_ros2_ws/src/install/action_interfaces/local/lib/python3.10/dist-packages/action_interfaces/action_interfaces_s__rosidl_typesupport_introspection_c.cpython-310-x86_64-linux-gnu.so
[0.338s] -- Up-to-date: /home/sarah/sb_ros2_ws/src/install/action_interfaces/local/lib/python3.10/dist-packages/action_interfaces/action_interfaces_s__rosidl_typesupport_c.cpython-310-x86_64-linux-gnu.so
[0.338s] -- Up-to-date: /home/sarah/sb_ros2_ws/src/install/action_interfaces/lib/libaction_interfaces__rosidl_generator_py.so
[0.338s] -- Up-to-date: /home/sarah/sb_ros2_ws/src/install/action_interfaces/share/action_interfaces/action/SetCartPos.idl
[0.338s] -- Up-to-date: /home/sarah/sb_ros2_ws/src/install/action_interfaces/share/action_interfaces/action/SetJointPos.idl
[0.338s] -- Up-to-date: /home/sarah/sb_ros2_ws/src/install/action_interfaces/share/action_interfaces/action/OnRobotGripper.idl
[0.338s] -- Up-to-date: /home/sarah/sb_ros2_ws/src/install/action_interfaces/share/action_interfaces/action/SetCartPos.action
[0.338s] -- Up-to-date: /home/sarah/sb_ros2_ws/src/install/action_interfaces/share/action_interfaces/action/SetJointPos.action
[0.338s] -- Up-to-date: /home/sarah/sb_ros2_ws/src/install/action_interfaces/share/action_interfaces/action/OnRobotGripper.action
[0.339s] -- Up-to-date: /home/sarah/sb_ros2_ws/src/install/action_interfaces/share/ament_index/resource_index/package_run_dependencies/action_interfaces
[0.339s] -- Up-to-date: /home/sarah/sb_ros2_ws/src/install/action_interfaces/share/ament_index/resource_index/parent_prefix_path/action_interfaces
[0.339s] -- Up-to-date: /home/sarah/sb_ros2_ws/src/install/action_interfaces/share/action_interfaces/environment/ament_prefix_path.sh
[0.339s] -- Up-to-date: /home/sarah/sb_ros2_ws/src/install/action_interfaces/share/action_interfaces/environment/ament_prefix_path.dsv
[0.339s] -- Up-to-date: /home/sarah/sb_ros2_ws/src/install/action_interfaces/share/action_interfaces/environment/path.sh
[0.339s] -- Up-to-date: /home/sarah/sb_ros2_ws/src/install/action_interfaces/share/action_interfaces/environment/path.dsv
[0.339s] -- Up-to-date: /home/sarah/sb_ros2_ws/src/install/action_interfaces/share/action_interfaces/local_setup.bash
[0.339s] -- Up-to-date: /home/sarah/sb_ros2_ws/src/install/action_interfaces/share/action_interfaces/local_setup.sh
[0.339s] -- Up-to-date: /home/sarah/sb_ros2_ws/src/install/action_interfaces/share/action_interfaces/local_setup.zsh
[0.339s] -- Up-to-date: /home/sarah/sb_ros2_ws/src/install/action_interfaces/share/action_interfaces/local_setup.dsv
[0.339s] -- Installing: /home/sarah/sb_ros2_ws/src/install/action_interfaces/share/action_interfaces/package.dsv
[0.339s] -- Up-to-date: /home/sarah/sb_ros2_ws/src/install/action_interfaces/share/ament_index/resource_index/packages/action_interfaces
[0.339s] -- Up-to-date: /home/sarah/sb_ros2_ws/src/install/action_interfaces/share/action_interfaces/cmake/export_action_interfaces__rosidl_generator_cExport.cmake
[0.339s] -- Up-to-date: /home/sarah/sb_ros2_ws/src/install/action_interfaces/share/action_interfaces/cmake/export_action_interfaces__rosidl_generator_cExport-noconfig.cmake
[0.339s] -- Up-to-date: /home/sarah/sb_ros2_ws/src/install/action_interfaces/share/action_interfaces/cmake/export_action_interfaces__rosidl_typesupport_fastrtps_cExport.cmake
[0.339s] -- Up-to-date: /home/sarah/sb_ros2_ws/src/install/action_interfaces/share/action_interfaces/cmake/export_action_interfaces__rosidl_typesupport_fastrtps_cExport-noconfig.cmake
[0.339s] -- Up-to-date: /home/sarah/sb_ros2_ws/src/install/action_interfaces/share/action_interfaces/cmake/action_interfaces__rosidl_typesupport_introspection_cExport.cmake
[0.339s] -- Up-to-date: /home/sarah/sb_ros2_ws/src/install/action_interfaces/share/action_interfaces/cmake/action_interfaces__rosidl_typesupport_introspection_cExport-noconfig.cmake
[0.339s] -- Up-to-date: /home/sarah/sb_ros2_ws/src/install/action_interfaces/share/action_interfaces/cmake/action_interfaces__rosidl_typesupport_cExport.cmake
[0.339s] -- Up-to-date: /home/sarah/sb_ros2_ws/src/install/action_interfaces/share/action_interfaces/cmake/action_interfaces__rosidl_typesupport_cExport-noconfig.cmake
[0.339s] -- Up-to-date: /home/sarah/sb_ros2_ws/src/install/action_interfaces/share/action_interfaces/cmake/export_action_interfaces__rosidl_generator_cppExport.cmake
[0.339s] -- Up-to-date: /home/sarah/sb_ros2_ws/src/install/action_interfaces/share/action_interfaces/cmake/export_action_interfaces__rosidl_typesupport_fastrtps_cppExport.cmake
[0.339s] -- Up-to-date: /home/sarah/sb_ros2_ws/src/install/action_interfaces/share/action_interfaces/cmake/export_action_interfaces__rosidl_typesupport_fastrtps_cppExport-noconfig.cmake
[0.339s] -- Up-to-date: /home/sarah/sb_ros2_ws/src/install/action_interfaces/share/action_interfaces/cmake/action_interfaces__rosidl_typesupport_introspection_cppExport.cmake
[0.340s] -- Up-to-date: /home/sarah/sb_ros2_ws/src/install/action_interfaces/share/action_interfaces/cmake/action_interfaces__rosidl_typesupport_introspection_cppExport-noconfig.cmake
[0.340s] -- Up-to-date: /home/sarah/sb_ros2_ws/src/install/action_interfaces/share/action_interfaces/cmake/action_interfaces__rosidl_typesupport_cppExport.cmake
[0.340s] -- Up-to-date: /home/sarah/sb_ros2_ws/src/install/action_interfaces/share/action_interfaces/cmake/action_interfaces__rosidl_typesupport_cppExport-noconfig.cmake
[0.340s] -- Up-to-date: /home/sarah/sb_ros2_ws/src/install/action_interfaces/share/action_interfaces/cmake/export_action_interfaces__rosidl_generator_pyExport.cmake
[0.340s] -- Up-to-date: /home/sarah/sb_ros2_ws/src/install/action_interfaces/share/action_interfaces/cmake/export_action_interfaces__rosidl_generator_pyExport-noconfig.cmake
[0.340s] -- Up-to-date: /home/sarah/sb_ros2_ws/src/install/action_interfaces/share/action_interfaces/cmake/rosidl_cmake-extras.cmake
[0.340s] -- Up-to-date: /home/sarah/sb_ros2_ws/src/install/action_interfaces/share/action_interfaces/cmake/ament_cmake_export_dependencies-extras.cmake
[0.340s] -- Up-to-date: /home/sarah/sb_ros2_ws/src/install/action_interfaces/share/action_interfaces/cmake/ament_cmake_export_include_directories-extras.cmake
[0.340s] -- Up-to-date: /home/sarah/sb_ros2_ws/src/install/action_interfaces/share/action_interfaces/cmake/ament_cmake_export_libraries-extras.cmake
[0.340s] -- Up-to-date: /home/sarah/sb_ros2_ws/src/install/action_interfaces/share/action_interfaces/cmake/ament_cmake_export_targets-extras.cmake
[0.340s] -- Up-to-date: /home/sarah/sb_ros2_ws/src/install/action_interfaces/share/action_interfaces/cmake/rosidl_cmake_export_typesupport_targets-extras.cmake
[0.340s] -- Up-to-date: /home/sarah/sb_ros2_ws/src/install/action_interfaces/share/action_interfaces/cmake/rosidl_cmake_export_typesupport_libraries-extras.cmake
[0.340s] -- Up-to-date: /home/sarah/sb_ros2_ws/src/install/action_interfaces/share/action_interfaces/cmake/action_interfacesConfig.cmake
[0.340s] -- Up-to-date: /home/sarah/sb_ros2_ws/src/install/action_interfaces/share/action_interfaces/cmake/action_interfacesConfig-version.cmake
[0.340s] -- Up-to-date: /home/sarah/sb_ros2_ws/src/install/action_interfaces/share/action_interfaces/package.xml
[0.341s] Invoked command in '/home/sarah/sb_ros2_ws/src/build/action_interfaces' returned '0': CMAKE_PREFIX_PATH=${CMAKE_PREFIX_PATH}:/home/sarah/sb_ros2_ws/src/install/sb_controller:/opt/ros/humble /usr/bin/cmake --install /home/sarah/sb_ros2_ws/src/build/action_interfaces
