[0.005s] Invoking command in '/home/sarah/sb_ros2_ws/build/my_cpp_py_pkg': CMAKE_PREFIX_PATH=${CMAKE_PREFIX_PATH}:/home/sarah/sb_ros2_ws/install/sb_controller:/opt/ros/humble /usr/bin/cmake --build /home/sarah/sb_ros2_ws/build/my_cpp_py_pkg -- -j32 -l32
[0.040s] [35m[1mConsolidate compiler generated dependencies of target cpp_executable[0m
[0.051s] [100%] Built target cpp_executable
[0.057s] [100%] Built target ament_cmake_python_copy_my_cpp_py_pkg
[0.192s] running egg_info
[0.192s] writing my_cpp_py_pkg.egg-info/PKG-INFO
[0.192s] writing dependency_links to my_cpp_py_pkg.egg-info/dependency_links.txt
[0.192s] writing top-level names to my_cpp_py_pkg.egg-info/top_level.txt
[0.193s] reading manifest file 'my_cpp_py_pkg.egg-info/SOURCES.txt'
[0.193s] writing manifest file 'my_cpp_py_pkg.egg-info/SOURCES.txt'
[0.208s] [100%] Built target ament_cmake_python_build_my_cpp_py_pkg_egg
[0.215s] Invoked command in '/home/sarah/sb_ros2_ws/build/my_cpp_py_pkg' returned '0': CMAKE_PREFIX_PATH=${CMAKE_PREFIX_PATH}:/home/sarah/sb_ros2_ws/install/sb_controller:/opt/ros/humble /usr/bin/cmake --build /home/sarah/sb_ros2_ws/build/my_cpp_py_pkg -- -j32 -l32
[0.222s] Invoking command in '/home/sarah/sb_ros2_ws/build/my_cpp_py_pkg': CMAKE_PREFIX_PATH=${CMAKE_PREFIX_PATH}:/home/sarah/sb_ros2_ws/install/sb_controller:/opt/ros/humble /usr/bin/cmake --install /home/sarah/sb_ros2_ws/build/my_cpp_py_pkg
[0.227s] -- Install configuration: ""
[0.228s] -- Up-to-date: /home/sarah/sb_ros2_ws/install/my_cpp_py_pkg/lib/my_cpp_py_pkg/cpp_executable
[0.228s] -- Up-to-date: /home/sarah/sb_ros2_ws/install/my_cpp_py_pkg/share/my_cpp_py_pkg/environment/pythonpath.sh
[0.228s] -- Up-to-date: /home/sarah/sb_ros2_ws/install/my_cpp_py_pkg/share/my_cpp_py_pkg/environment/pythonpath.dsv
[0.228s] -- Up-to-date: /home/sarah/sb_ros2_ws/install/my_cpp_py_pkg/local/lib/python3.10/dist-packages/my_cpp_py_pkg-0.0.0-py3.10.egg-info
[0.228s] -- Installing: /home/sarah/sb_ros2_ws/install/my_cpp_py_pkg/local/lib/python3.10/dist-packages/my_cpp_py_pkg-0.0.0-py3.10.egg-info/SOURCES.txt
[0.228s] -- Installing: /home/sarah/sb_ros2_ws/install/my_cpp_py_pkg/local/lib/python3.10/dist-packages/my_cpp_py_pkg-0.0.0-py3.10.egg-info/top_level.txt
[0.228s] -- Installing: /home/sarah/sb_ros2_ws/install/my_cpp_py_pkg/local/lib/python3.10/dist-packages/my_cpp_py_pkg-0.0.0-py3.10.egg-info/PKG-INFO
[0.228s] -- Installing: /home/sarah/sb_ros2_ws/install/my_cpp_py_pkg/local/lib/python3.10/dist-packages/my_cpp_py_pkg-0.0.0-py3.10.egg-info/dependency_links.txt
[0.228s] -- Up-to-date: /home/sarah/sb_ros2_ws/install/my_cpp_py_pkg/local/lib/python3.10/dist-packages/my_cpp_py_pkg
[0.228s] -- Up-to-date: /home/sarah/sb_ros2_ws/install/my_cpp_py_pkg/local/lib/python3.10/dist-packages/my_cpp_py_pkg/module_to_import.py
[0.228s] -- Up-to-date: /home/sarah/sb_ros2_ws/install/my_cpp_py_pkg/local/lib/python3.10/dist-packages/my_cpp_py_pkg/__init__.py
[0.261s] Listing '/home/sarah/sb_ros2_ws/install/my_cpp_py_pkg/local/lib/python3.10/dist-packages/my_cpp_py_pkg'...
[0.263s] -- Installing: /home/sarah/sb_ros2_ws/install/my_cpp_py_pkg/lib/my_cpp_py_pkg/py_node.py
[0.263s] -- Up-to-date: /home/sarah/sb_ros2_ws/install/my_cpp_py_pkg/share/ament_index/resource_index/package_run_dependencies/my_cpp_py_pkg
[0.263s] -- Up-to-date: /home/sarah/sb_ros2_ws/install/my_cpp_py_pkg/share/ament_index/resource_index/parent_prefix_path/my_cpp_py_pkg
[0.263s] -- Up-to-date: /home/sarah/sb_ros2_ws/install/my_cpp_py_pkg/share/my_cpp_py_pkg/environment/ament_prefix_path.sh
[0.263s] -- Up-to-date: /home/sarah/sb_ros2_ws/install/my_cpp_py_pkg/share/my_cpp_py_pkg/environment/ament_prefix_path.dsv
[0.263s] -- Up-to-date: /home/sarah/sb_ros2_ws/install/my_cpp_py_pkg/share/my_cpp_py_pkg/environment/path.sh
[0.263s] -- Up-to-date: /home/sarah/sb_ros2_ws/install/my_cpp_py_pkg/share/my_cpp_py_pkg/environment/path.dsv
[0.263s] -- Up-to-date: /home/sarah/sb_ros2_ws/install/my_cpp_py_pkg/share/my_cpp_py_pkg/local_setup.bash
[0.263s] -- Up-to-date: /home/sarah/sb_ros2_ws/install/my_cpp_py_pkg/share/my_cpp_py_pkg/local_setup.sh
[0.263s] -- Up-to-date: /home/sarah/sb_ros2_ws/install/my_cpp_py_pkg/share/my_cpp_py_pkg/local_setup.zsh
[0.263s] -- Up-to-date: /home/sarah/sb_ros2_ws/install/my_cpp_py_pkg/share/my_cpp_py_pkg/local_setup.dsv
[0.263s] -- Installing: /home/sarah/sb_ros2_ws/install/my_cpp_py_pkg/share/my_cpp_py_pkg/package.dsv
[0.263s] -- Up-to-date: /home/sarah/sb_ros2_ws/install/my_cpp_py_pkg/share/ament_index/resource_index/packages/my_cpp_py_pkg
[0.264s] -- Up-to-date: /home/sarah/sb_ros2_ws/install/my_cpp_py_pkg/share/my_cpp_py_pkg/cmake/my_cpp_py_pkgConfig.cmake
[0.264s] -- Up-to-date: /home/sarah/sb_ros2_ws/install/my_cpp_py_pkg/share/my_cpp_py_pkg/cmake/my_cpp_py_pkgConfig-version.cmake
[0.264s] -- Up-to-date: /home/sarah/sb_ros2_ws/install/my_cpp_py_pkg/share/my_cpp_py_pkg/package.xml
[0.265s] Invoked command in '/home/sarah/sb_ros2_ws/build/my_cpp_py_pkg' returned '0': CMAKE_PREFIX_PATH=${CMAKE_PREFIX_PATH}:/home/sarah/sb_ros2_ws/install/sb_controller:/opt/ros/humble /usr/bin/cmake --install /home/sarah/sb_ros2_ws/build/my_cpp_py_pkg
